[0.037s] Invoking command in '/home/aakashraawat/colcon_ws/build/unity_robotics_msgs': CMAKE_PREFIX_PATH=${CMAKE_PREFIX_PATH}:/home/aakashraawat/colcon_ws/install/examples_tf2_py:/home/aakashraawat/colcon_ws/install/simulink_subscriber:/home/aakashraawat/colcon_ws/install/unity_robotics_demo:/home/aakashraawat/colcon_ws/install/ros_tcp_endpoint:/home/aakashraawat/colcon_ws/install/py_pubsub:/opt/ros/foxy /usr/bin/cmake --build /home/aakashraawat/colcon_ws/build/unity_robotics_msgs -- -j20 -l20
[0.616s] [  1%] Built target unity_robotics_msgs__cpp
[0.616s] [ 12%] Built target unity_robotics_msgs__rosidl_generator_c
[0.617s] [ 23%] Built target unity_robotics_msgs__rosidl_typesupport_c
[0.618s] [ 35%] Built target unity_robotics_msgs__rosidl_typesupport_introspection_cpp
[0.620s] [ 46%] Built target unity_robotics_msgs__rosidl_typesupport_cpp
[0.621s] [ 57%] Built target unity_robotics_msgs__rosidl_typesupport_introspection_c
[0.621s] [ 69%] Built target unity_robotics_msgs__rosidl_typesupport_fastrtps_cpp
[0.621s] [ 80%] Built target unity_robotics_msgs__rosidl_typesupport_fastrtps_c
[0.621s] [ 80%] Built target unity_robotics_msgs
[0.622s] [ 81%] Built target unity_robotics_msgs__py
[0.622s] [ 91%] Built target unity_robotics_msgs__python
[0.622s] [100%] Built target unity_robotics_msgs__rosidl_typesupport_introspection_c__pyext
[0.622s] [100%] Built target unity_robotics_msgs__rosidl_typesupport_c__pyext
[0.622s] [100%] Built target unity_robotics_msgs__rosidl_typesupport_fastrtps_c__pyext
[0.623s] Invoked command in '/home/aakashraawat/colcon_ws/build/unity_robotics_msgs' returned '0': CMAKE_PREFIX_PATH=${CMAKE_PREFIX_PATH}:/home/aakashraawat/colcon_ws/install/examples_tf2_py:/home/aakashraawat/colcon_ws/install/simulink_subscriber:/home/aakashraawat/colcon_ws/install/unity_robotics_demo:/home/aakashraawat/colcon_ws/install/ros_tcp_endpoint:/home/aakashraawat/colcon_ws/install/py_pubsub:/opt/ros/foxy /usr/bin/cmake --build /home/aakashraawat/colcon_ws/build/unity_robotics_msgs -- -j20 -l20
[0.760s] Invoking command in '/home/aakashraawat/colcon_ws/build/unity_robotics_msgs': CMAKE_PREFIX_PATH=${CMAKE_PREFIX_PATH}:/home/aakashraawat/colcon_ws/install/examples_tf2_py:/home/aakashraawat/colcon_ws/install/simulink_subscriber:/home/aakashraawat/colcon_ws/install/unity_robotics_demo:/home/aakashraawat/colcon_ws/install/ros_tcp_endpoint:/home/aakashraawat/colcon_ws/install/py_pubsub:/opt/ros/foxy /usr/bin/cmake --install /home/aakashraawat/colcon_ws/build/unity_robotics_msgs
[0.768s] -- Install configuration: ""
[0.768s] -- Up-to-date: /home/aakashraawat/colcon_ws/install/unity_robotics_msgs/share/ament_index/resource_index/rosidl_interfaces/unity_robotics_msgs
[0.768s] -- Up-to-date: /home/aakashraawat/colcon_ws/install/unity_robotics_msgs/include/unity_robotics_msgs
[0.768s] -- Up-to-date: /home/aakashraawat/colcon_ws/install/unity_robotics_msgs/include/unity_robotics_msgs/msg
[0.768s] -- Up-to-date: /home/aakashraawat/colcon_ws/install/unity_robotics_msgs/include/unity_robotics_msgs/msg/unity_color.h
[0.768s] -- Up-to-date: /home/aakashraawat/colcon_ws/install/unity_robotics_msgs/include/unity_robotics_msgs/msg/rosidl_generator_c__visibility_control.h
[0.769s] -- Up-to-date: /home/aakashraawat/colcon_ws/install/unity_robotics_msgs/include/unity_robotics_msgs/msg/detail
[0.769s] -- Up-to-date: /home/aakashraawat/colcon_ws/install/unity_robotics_msgs/include/unity_robotics_msgs/msg/detail/pos_rot__functions.c
[0.769s] -- Up-to-date: /home/aakashraawat/colcon_ws/install/unity_robotics_msgs/include/unity_robotics_msgs/msg/detail/pos_rot__struct.h
[0.770s] -- Up-to-date: /home/aakashraawat/colcon_ws/install/unity_robotics_msgs/include/unity_robotics_msgs/msg/detail/wheel_angular_velocity__functions.c
[0.770s] -- Up-to-date: /home/aakashraawat/colcon_ws/install/unity_robotics_msgs/include/unity_robotics_msgs/msg/detail/pos_rot__type_support.h
[0.770s] -- Up-to-date: /home/aakashraawat/colcon_ws/install/unity_robotics_msgs/include/unity_robotics_msgs/msg/detail/steering_angle__functions.c
[0.770s] -- Up-to-date: /home/aakashraawat/colcon_ws/install/unity_robotics_msgs/include/unity_robotics_msgs/msg/detail/unity_color__functions.c
[0.770s] -- Up-to-date: /home/aakashraawat/colcon_ws/install/unity_robotics_msgs/include/unity_robotics_msgs/msg/detail/unity_color__type_support.h
[0.771s] -- Up-to-date: /home/aakashraawat/colcon_ws/install/unity_robotics_msgs/include/unity_robotics_msgs/msg/detail/wheel_angular_velocity__struct.h
[0.771s] -- Up-to-date: /home/aakashraawat/colcon_ws/install/unity_robotics_msgs/include/unity_robotics_msgs/msg/detail/wheel_angular_velocity__functions.h
[0.771s] -- Up-to-date: /home/aakashraawat/colcon_ws/install/unity_robotics_msgs/include/unity_robotics_msgs/msg/detail/unity_color__struct.h
[0.771s] -- Up-to-date: /home/aakashraawat/colcon_ws/install/unity_robotics_msgs/include/unity_robotics_msgs/msg/detail/steering_angle__functions.h
[0.771s] -- Up-to-date: /home/aakashraawat/colcon_ws/install/unity_robotics_msgs/include/unity_robotics_msgs/msg/detail/steering_angle__type_support.h
[0.771s] -- Up-to-date: /home/aakashraawat/colcon_ws/install/unity_robotics_msgs/include/unity_robotics_msgs/msg/detail/pos_rot__functions.h
[0.771s] -- Up-to-date: /home/aakashraawat/colcon_ws/install/unity_robotics_msgs/include/unity_robotics_msgs/msg/detail/unity_color__functions.h
[0.771s] -- Up-to-date: /home/aakashraawat/colcon_ws/install/unity_robotics_msgs/include/unity_robotics_msgs/msg/detail/steering_angle__struct.h
[0.772s] -- Up-to-date: /home/aakashraawat/colcon_ws/install/unity_robotics_msgs/include/unity_robotics_msgs/msg/detail/wheel_angular_velocity__type_support.h
[0.772s] -- Up-to-date: /home/aakashraawat/colcon_ws/install/unity_robotics_msgs/include/unity_robotics_msgs/msg/wheel_angular_velocity.h
[0.772s] -- Up-to-date: /home/aakashraawat/colcon_ws/install/unity_robotics_msgs/include/unity_robotics_msgs/msg/steering_angle.h
[0.772s] -- Up-to-date: /home/aakashraawat/colcon_ws/install/unity_robotics_msgs/include/unity_robotics_msgs/msg/pos_rot.h
[0.772s] -- Up-to-date: /home/aakashraawat/colcon_ws/install/unity_robotics_msgs/include/unity_robotics_msgs/srv
[0.773s] -- Up-to-date: /home/aakashraawat/colcon_ws/install/unity_robotics_msgs/include/unity_robotics_msgs/srv/position_service.h
[0.774s] -- Up-to-date: /home/aakashraawat/colcon_ws/install/unity_robotics_msgs/include/unity_robotics_msgs/srv/detail
[0.774s] -- Up-to-date: /home/aakashraawat/colcon_ws/install/unity_robotics_msgs/include/unity_robotics_msgs/srv/detail/position_service__struct.h
[0.774s] -- Up-to-date: /home/aakashraawat/colcon_ws/install/unity_robotics_msgs/include/unity_robotics_msgs/srv/detail/position_service__type_support.h
[0.774s] -- Up-to-date: /home/aakashraawat/colcon_ws/install/unity_robotics_msgs/include/unity_robotics_msgs/srv/detail/object_pose_service__type_support.h
[0.774s] -- Up-to-date: /home/aakashraawat/colcon_ws/install/unity_robotics_msgs/include/unity_robotics_msgs/srv/detail/object_pose_service__struct.h
[0.774s] -- Up-to-date: /home/aakashraawat/colcon_ws/install/unity_robotics_msgs/include/unity_robotics_msgs/srv/detail/position_service__functions.h
[0.774s] -- Up-to-date: /home/aakashraawat/colcon_ws/install/unity_robotics_msgs/include/unity_robotics_msgs/srv/detail/position_service__functions.c
[0.774s] -- Up-to-date: /home/aakashraawat/colcon_ws/install/unity_robotics_msgs/include/unity_robotics_msgs/srv/detail/object_pose_service__functions.c
[0.775s] -- Up-to-date: /home/aakashraawat/colcon_ws/install/unity_robotics_msgs/include/unity_robotics_msgs/srv/detail/object_pose_service__functions.h
[0.775s] -- Up-to-date: /home/aakashraawat/colcon_ws/install/unity_robotics_msgs/include/unity_robotics_msgs/srv/object_pose_service.h
[0.775s] -- Up-to-date: /home/aakashraawat/colcon_ws/install/unity_robotics_msgs/share/unity_robotics_msgs/environment/library_path.sh
[0.775s] -- Up-to-date: /home/aakashraawat/colcon_ws/install/unity_robotics_msgs/share/unity_robotics_msgs/environment/library_path.dsv
[0.775s] -- Up-to-date: /home/aakashraawat/colcon_ws/install/unity_robotics_msgs/lib/libunity_robotics_msgs__rosidl_generator_c.so
[0.775s] -- Up-to-date: /home/aakashraawat/colcon_ws/install/unity_robotics_msgs/include/unity_robotics_msgs
[0.775s] -- Up-to-date: /home/aakashraawat/colcon_ws/install/unity_robotics_msgs/include/unity_robotics_msgs/msg
[0.775s] -- Up-to-date: /home/aakashraawat/colcon_ws/install/unity_robotics_msgs/include/unity_robotics_msgs/msg/detail
[0.775s] -- Up-to-date: /home/aakashraawat/colcon_ws/install/unity_robotics_msgs/include/unity_robotics_msgs/msg/detail/wheel_angular_velocity__rosidl_typesupport_fastrtps_c.h
[0.775s] -- Up-to-date: /home/aakashraawat/colcon_ws/install/unity_robotics_msgs/include/unity_robotics_msgs/msg/detail/pos_rot__rosidl_typesupport_fastrtps_c.h
[0.775s] -- Up-to-date: /home/aakashraawat/colcon_ws/install/unity_robotics_msgs/include/unity_robotics_msgs/msg/detail/steering_angle__rosidl_typesupport_fastrtps_c.h
[0.775s] -- Up-to-date: /home/aakashraawat/colcon_ws/install/unity_robotics_msgs/include/unity_robotics_msgs/msg/detail/unity_color__rosidl_typesupport_fastrtps_c.h
[0.775s] -- Up-to-date: /home/aakashraawat/colcon_ws/install/unity_robotics_msgs/include/unity_robotics_msgs/msg/rosidl_typesupport_fastrtps_c__visibility_control.h
[0.775s] -- Up-to-date: /home/aakashraawat/colcon_ws/install/unity_robotics_msgs/include/unity_robotics_msgs/srv
[0.775s] -- Up-to-date: /home/aakashraawat/colcon_ws/install/unity_robotics_msgs/include/unity_robotics_msgs/srv/detail
[0.775s] -- Up-to-date: /home/aakashraawat/colcon_ws/install/unity_robotics_msgs/include/unity_robotics_msgs/srv/detail/position_service__rosidl_typesupport_fastrtps_c.h
[0.775s] -- Up-to-date: /home/aakashraawat/colcon_ws/install/unity_robotics_msgs/include/unity_robotics_msgs/srv/detail/object_pose_service__rosidl_typesupport_fastrtps_c.h
[0.775s] -- Up-to-date: /home/aakashraawat/colcon_ws/install/unity_robotics_msgs/lib/libunity_robotics_msgs__rosidl_typesupport_fastrtps_c.so
[0.775s] -- Up-to-date: /home/aakashraawat/colcon_ws/install/unity_robotics_msgs/include/unity_robotics_msgs
[0.775s] -- Up-to-date: /home/aakashraawat/colcon_ws/install/unity_robotics_msgs/include/unity_robotics_msgs/msg
[0.776s] -- Up-to-date: /home/aakashraawat/colcon_ws/install/unity_robotics_msgs/include/unity_robotics_msgs/msg/rosidl_typesupport_fastrtps_cpp__visibility_control.h
[0.776s] -- Up-to-date: /home/aakashraawat/colcon_ws/install/unity_robotics_msgs/include/unity_robotics_msgs/msg/detail
[0.776s] -- Up-to-date: /home/aakashraawat/colcon_ws/install/unity_robotics_msgs/include/unity_robotics_msgs/msg/detail/pos_rot__rosidl_typesupport_fastrtps_cpp.hpp
[0.776s] -- Up-to-date: /home/aakashraawat/colcon_ws/install/unity_robotics_msgs/include/unity_robotics_msgs/msg/detail/dds_fastrtps
[0.776s] -- Up-to-date: /home/aakashraawat/colcon_ws/install/unity_robotics_msgs/include/unity_robotics_msgs/msg/detail/steering_angle__rosidl_typesupport_fastrtps_cpp.hpp
[0.776s] -- Up-to-date: /home/aakashraawat/colcon_ws/install/unity_robotics_msgs/include/unity_robotics_msgs/msg/detail/wheel_angular_velocity__rosidl_typesupport_fastrtps_cpp.hpp
[0.776s] -- Up-to-date: /home/aakashraawat/colcon_ws/install/unity_robotics_msgs/include/unity_robotics_msgs/msg/detail/unity_color__rosidl_typesupport_fastrtps_cpp.hpp
[0.776s] -- Up-to-date: /home/aakashraawat/colcon_ws/install/unity_robotics_msgs/include/unity_robotics_msgs/srv
[0.776s] -- Up-to-date: /home/aakashraawat/colcon_ws/install/unity_robotics_msgs/include/unity_robotics_msgs/srv/detail
[0.776s] -- Up-to-date: /home/aakashraawat/colcon_ws/install/unity_robotics_msgs/include/unity_robotics_msgs/srv/detail/dds_fastrtps
[0.776s] -- Up-to-date: /home/aakashraawat/colcon_ws/install/unity_robotics_msgs/include/unity_robotics_msgs/srv/detail/position_service__rosidl_typesupport_fastrtps_cpp.hpp
[0.776s] -- Up-to-date: /home/aakashraawat/colcon_ws/install/unity_robotics_msgs/include/unity_robotics_msgs/srv/detail/object_pose_service__rosidl_typesupport_fastrtps_cpp.hpp
[0.776s] -- Up-to-date: /home/aakashraawat/colcon_ws/install/unity_robotics_msgs/lib/libunity_robotics_msgs__rosidl_typesupport_fastrtps_cpp.so
[0.776s] -- Up-to-date: /home/aakashraawat/colcon_ws/install/unity_robotics_msgs/include/unity_robotics_msgs
[0.776s] -- Up-to-date: /home/aakashraawat/colcon_ws/install/unity_robotics_msgs/include/unity_robotics_msgs/msg
[0.776s] -- Up-to-date: /home/aakashraawat/colcon_ws/install/unity_robotics_msgs/include/unity_robotics_msgs/msg/rosidl_typesupport_introspection_c__visibility_control.h
[0.776s] -- Up-to-date: /home/aakashraawat/colcon_ws/install/unity_robotics_msgs/include/unity_robotics_msgs/msg/detail
[0.776s] -- Up-to-date: /home/aakashraawat/colcon_ws/install/unity_robotics_msgs/include/unity_robotics_msgs/msg/detail/unity_color__type_support.c
[0.776s] -- Up-to-date: /home/aakashraawat/colcon_ws/install/unity_robotics_msgs/include/unity_robotics_msgs/msg/detail/steering_angle__rosidl_typesupport_introspection_c.h
[0.776s] -- Up-to-date: /home/aakashraawat/colcon_ws/install/unity_robotics_msgs/include/unity_robotics_msgs/msg/detail/pos_rot__type_support.c
[0.776s] -- Up-to-date: /home/aakashraawat/colcon_ws/install/unity_robotics_msgs/include/unity_robotics_msgs/msg/detail/unity_color__rosidl_typesupport_introspection_c.h
[0.776s] -- Up-to-date: /home/aakashraawat/colcon_ws/install/unity_robotics_msgs/include/unity_robotics_msgs/msg/detail/steering_angle__type_support.c
[0.776s] -- Up-to-date: /home/aakashraawat/colcon_ws/install/unity_robotics_msgs/include/unity_robotics_msgs/msg/detail/pos_rot__rosidl_typesupport_introspection_c.h
[0.776s] -- Up-to-date: /home/aakashraawat/colcon_ws/install/unity_robotics_msgs/include/unity_robotics_msgs/msg/detail/wheel_angular_velocity__rosidl_typesupport_introspection_c.h
[0.777s] -- Up-to-date: /home/aakashraawat/colcon_ws/install/unity_robotics_msgs/include/unity_robotics_msgs/msg/detail/wheel_angular_velocity__type_support.c
[0.777s] -- Up-to-date: /home/aakashraawat/colcon_ws/install/unity_robotics_msgs/include/unity_robotics_msgs/srv
[0.777s] -- Up-to-date: /home/aakashraawat/colcon_ws/install/unity_robotics_msgs/include/unity_robotics_msgs/srv/detail
[0.777s] -- Up-to-date: /home/aakashraawat/colcon_ws/install/unity_robotics_msgs/include/unity_robotics_msgs/srv/detail/position_service__type_support.c
[0.777s] -- Up-to-date: /home/aakashraawat/colcon_ws/install/unity_robotics_msgs/include/unity_robotics_msgs/srv/detail/object_pose_service__rosidl_typesupport_introspection_c.h
[0.777s] -- Up-to-date: /home/aakashraawat/colcon_ws/install/unity_robotics_msgs/include/unity_robotics_msgs/srv/detail/position_service__rosidl_typesupport_introspection_c.h
[0.777s] -- Up-to-date: /home/aakashraawat/colcon_ws/install/unity_robotics_msgs/include/unity_robotics_msgs/srv/detail/object_pose_service__type_support.c
[0.777s] -- Up-to-date: /home/aakashraawat/colcon_ws/install/unity_robotics_msgs/lib/libunity_robotics_msgs__rosidl_typesupport_introspection_c.so
[0.777s] -- Up-to-date: /home/aakashraawat/colcon_ws/install/unity_robotics_msgs/lib/libunity_robotics_msgs__rosidl_typesupport_c.so
[0.777s] -- Up-to-date: /home/aakashraawat/colcon_ws/install/unity_robotics_msgs/include/unity_robotics_msgs
[0.777s] -- Up-to-date: /home/aakashraawat/colcon_ws/install/unity_robotics_msgs/include/unity_robotics_msgs/msg
[0.777s] -- Up-to-date: /home/aakashraawat/colcon_ws/install/unity_robotics_msgs/include/unity_robotics_msgs/msg/steering_angle.hpp
[0.777s] -- Up-to-date: /home/aakashraawat/colcon_ws/install/unity_robotics_msgs/include/unity_robotics_msgs/msg/unity_color.hpp
[0.777s] -- Up-to-date: /home/aakashraawat/colcon_ws/install/unity_robotics_msgs/include/unity_robotics_msgs/msg/pos_rot.hpp
[0.777s] -- Up-to-date: /home/aakashraawat/colcon_ws/install/unity_robotics_msgs/include/unity_robotics_msgs/msg/detail
[0.777s] -- Up-to-date: /home/aakashraawat/colcon_ws/install/unity_robotics_msgs/include/unity_robotics_msgs/msg/detail/wheel_angular_velocity__traits.hpp
[0.777s] -- Up-to-date: /home/aakashraawat/colcon_ws/install/unity_robotics_msgs/include/unity_robotics_msgs/msg/detail/unity_color__type_support.hpp
[0.777s] -- Up-to-date: /home/aakashraawat/colcon_ws/install/unity_robotics_msgs/include/unity_robotics_msgs/msg/detail/pos_rot__traits.hpp
[0.777s] -- Up-to-date: /home/aakashraawat/colcon_ws/install/unity_robotics_msgs/include/unity_robotics_msgs/msg/detail/steering_angle__struct.hpp
[0.777s] -- Up-to-date: /home/aakashraawat/colcon_ws/install/unity_robotics_msgs/include/unity_robotics_msgs/msg/detail/wheel_angular_velocity__type_support.hpp
[0.777s] -- Up-to-date: /home/aakashraawat/colcon_ws/install/unity_robotics_msgs/include/unity_robotics_msgs/msg/detail/unity_color__struct.hpp
[0.777s] -- Up-to-date: /home/aakashraawat/colcon_ws/install/unity_robotics_msgs/include/unity_robotics_msgs/msg/detail/steering_angle__type_support.hpp
[0.778s] -- Up-to-date: /home/aakashraawat/colcon_ws/install/unity_robotics_msgs/include/unity_robotics_msgs/msg/detail/wheel_angular_velocity__struct.hpp
[0.778s] -- Up-to-date: /home/aakashraawat/colcon_ws/install/unity_robotics_msgs/include/unity_robotics_msgs/msg/detail/unity_color__traits.hpp
[0.778s] -- Up-to-date: /home/aakashraawat/colcon_ws/install/unity_robotics_msgs/include/unity_robotics_msgs/msg/detail/steering_angle__traits.hpp
[0.778s] -- Up-to-date: /home/aakashraawat/colcon_ws/install/unity_robotics_msgs/include/unity_robotics_msgs/msg/detail/pos_rot__builder.hpp
[0.778s] -- Up-to-date: /home/aakashraawat/colcon_ws/install/unity_robotics_msgs/include/unity_robotics_msgs/msg/detail/wheel_angular_velocity__builder.hpp
[0.778s] -- Up-to-date: /home/aakashraawat/colcon_ws/install/unity_robotics_msgs/include/unity_robotics_msgs/msg/detail/steering_angle__builder.hpp
[0.778s] -- Up-to-date: /home/aakashraawat/colcon_ws/install/unity_robotics_msgs/include/unity_robotics_msgs/msg/detail/pos_rot__struct.hpp
[0.778s] -- Up-to-date: /home/aakashraawat/colcon_ws/install/unity_robotics_msgs/include/unity_robotics_msgs/msg/detail/unity_color__builder.hpp
[0.778s] -- Up-to-date: /home/aakashraawat/colcon_ws/install/unity_robotics_msgs/include/unity_robotics_msgs/msg/detail/pos_rot__type_support.hpp
[0.778s] -- Up-to-date: /home/aakashraawat/colcon_ws/install/unity_robotics_msgs/include/unity_robotics_msgs/msg/rosidl_generator_cpp__visibility_control.hpp
[0.778s] -- Up-to-date: /home/aakashraawat/colcon_ws/install/unity_robotics_msgs/include/unity_robotics_msgs/msg/wheel_angular_velocity.hpp
[0.778s] -- Up-to-date: /home/aakashraawat/colcon_ws/install/unity_robotics_msgs/include/unity_robotics_msgs/srv
[0.778s] -- Up-to-date: /home/aakashraawat/colcon_ws/install/unity_robotics_msgs/include/unity_robotics_msgs/srv/detail
[0.778s] -- Up-to-date: /home/aakashraawat/colcon_ws/install/unity_robotics_msgs/include/unity_robotics_msgs/srv/detail/position_service__struct.hpp
[0.778s] -- Up-to-date: /home/aakashraawat/colcon_ws/install/unity_robotics_msgs/include/unity_robotics_msgs/srv/detail/object_pose_service__builder.hpp
[0.778s] -- Up-to-date: /home/aakashraawat/colcon_ws/install/unity_robotics_msgs/include/unity_robotics_msgs/srv/detail/object_pose_service__type_support.hpp
[0.778s] -- Up-to-date: /home/aakashraawat/colcon_ws/install/unity_robotics_msgs/include/unity_robotics_msgs/srv/detail/position_service__traits.hpp
[0.778s] -- Up-to-date: /home/aakashraawat/colcon_ws/install/unity_robotics_msgs/include/unity_robotics_msgs/srv/detail/position_service__builder.hpp
[0.778s] -- Up-to-date: /home/aakashraawat/colcon_ws/install/unity_robotics_msgs/include/unity_robotics_msgs/srv/detail/position_service__type_support.hpp
[0.778s] -- Up-to-date: /home/aakashraawat/colcon_ws/install/unity_robotics_msgs/include/unity_robotics_msgs/srv/detail/object_pose_service__traits.hpp
[0.778s] -- Up-to-date: /home/aakashraawat/colcon_ws/install/unity_robotics_msgs/include/unity_robotics_msgs/srv/detail/object_pose_service__struct.hpp
[0.778s] -- Up-to-date: /home/aakashraawat/colcon_ws/install/unity_robotics_msgs/include/unity_robotics_msgs/srv/position_service.hpp
[0.779s] -- Up-to-date: /home/aakashraawat/colcon_ws/install/unity_robotics_msgs/include/unity_robotics_msgs/srv/object_pose_service.hpp
[0.779s] -- Up-to-date: /home/aakashraawat/colcon_ws/install/unity_robotics_msgs/include/unity_robotics_msgs
[0.779s] -- Up-to-date: /home/aakashraawat/colcon_ws/install/unity_robotics_msgs/include/unity_robotics_msgs/msg
[0.779s] -- Up-to-date: /home/aakashraawat/colcon_ws/install/unity_robotics_msgs/include/unity_robotics_msgs/msg/detail
[0.779s] -- Up-to-date: /home/aakashraawat/colcon_ws/install/unity_robotics_msgs/include/unity_robotics_msgs/msg/detail/steering_angle__rosidl_typesupport_introspection_cpp.hpp
[0.779s] -- Up-to-date: /home/aakashraawat/colcon_ws/install/unity_robotics_msgs/include/unity_robotics_msgs/msg/detail/steering_angle__type_support.cpp
[0.779s] -- Up-to-date: /home/aakashraawat/colcon_ws/install/unity_robotics_msgs/include/unity_robotics_msgs/msg/detail/pos_rot__type_support.cpp
[0.779s] -- Up-to-date: /home/aakashraawat/colcon_ws/install/unity_robotics_msgs/include/unity_robotics_msgs/msg/detail/unity_color__rosidl_typesupport_introspection_cpp.hpp
[0.779s] -- Up-to-date: /home/aakashraawat/colcon_ws/install/unity_robotics_msgs/include/unity_robotics_msgs/msg/detail/wheel_angular_velocity__type_support.cpp
[0.779s] -- Up-to-date: /home/aakashraawat/colcon_ws/install/unity_robotics_msgs/include/unity_robotics_msgs/msg/detail/unity_color__type_support.cpp
[0.779s] -- Up-to-date: /home/aakashraawat/colcon_ws/install/unity_robotics_msgs/include/unity_robotics_msgs/msg/detail/wheel_angular_velocity__rosidl_typesupport_introspection_cpp.hpp
[0.779s] -- Up-to-date: /home/aakashraawat/colcon_ws/install/unity_robotics_msgs/include/unity_robotics_msgs/msg/detail/pos_rot__rosidl_typesupport_introspection_cpp.hpp
[0.779s] -- Up-to-date: /home/aakashraawat/colcon_ws/install/unity_robotics_msgs/include/unity_robotics_msgs/srv
[0.779s] -- Up-to-date: /home/aakashraawat/colcon_ws/install/unity_robotics_msgs/include/unity_robotics_msgs/srv/detail
[0.779s] -- Up-to-date: /home/aakashraawat/colcon_ws/install/unity_robotics_msgs/include/unity_robotics_msgs/srv/detail/object_pose_service__type_support.cpp
[0.779s] -- Up-to-date: /home/aakashraawat/colcon_ws/install/unity_robotics_msgs/include/unity_robotics_msgs/srv/detail/object_pose_service__rosidl_typesupport_introspection_cpp.hpp
[0.779s] -- Up-to-date: /home/aakashraawat/colcon_ws/install/unity_robotics_msgs/include/unity_robotics_msgs/srv/detail/position_service__rosidl_typesupport_introspection_cpp.hpp
[0.779s] -- Up-to-date: /home/aakashraawat/colcon_ws/install/unity_robotics_msgs/include/unity_robotics_msgs/srv/detail/position_service__type_support.cpp
[0.779s] -- Up-to-date: /home/aakashraawat/colcon_ws/install/unity_robotics_msgs/lib/libunity_robotics_msgs__rosidl_typesupport_introspection_cpp.so
[0.779s] -- Up-to-date: /home/aakashraawat/colcon_ws/install/unity_robotics_msgs/lib/libunity_robotics_msgs__rosidl_typesupport_cpp.so
[0.779s] -- Up-to-date: /home/aakashraawat/colcon_ws/install/unity_robotics_msgs/share/unity_robotics_msgs/environment/pythonpath.sh
[0.779s] -- Up-to-date: /home/aakashraawat/colcon_ws/install/unity_robotics_msgs/share/unity_robotics_msgs/environment/pythonpath.dsv
[0.779s] -- Up-to-date: /home/aakashraawat/colcon_ws/install/unity_robotics_msgs/lib/python3.8/site-packages/unity_robotics_msgs/__init__.py
[0.806s] -- Up-to-date: /home/aakashraawat/colcon_ws/install/unity_robotics_msgs/lib/python3.8/site-packages/unity_robotics_msgs/msg
[0.807s] -- Up-to-date: /home/aakashraawat/colcon_ws/install/unity_robotics_msgs/lib/python3.8/site-packages/unity_robotics_msgs/msg/_wheel_angular_velocity_s.c
[0.807s] -- Up-to-date: /home/aakashraawat/colcon_ws/install/unity_robotics_msgs/lib/python3.8/site-packages/unity_robotics_msgs/msg/_pos_rot_s.c
[0.807s] -- Up-to-date: /home/aakashraawat/colcon_ws/install/unity_robotics_msgs/lib/python3.8/site-packages/unity_robotics_msgs/msg/_unity_color.py
[0.807s] -- Up-to-date: /home/aakashraawat/colcon_ws/install/unity_robotics_msgs/lib/python3.8/site-packages/unity_robotics_msgs/msg/_steering_angle.py
[0.807s] -- Up-to-date: /home/aakashraawat/colcon_ws/install/unity_robotics_msgs/lib/python3.8/site-packages/unity_robotics_msgs/msg/__init__.py
[0.807s] -- Up-to-date: /home/aakashraawat/colcon_ws/install/unity_robotics_msgs/lib/python3.8/site-packages/unity_robotics_msgs/msg/_unity_color_s.c
[0.807s] -- Up-to-date: /home/aakashraawat/colcon_ws/install/unity_robotics_msgs/lib/python3.8/site-packages/unity_robotics_msgs/msg/_pos_rot.py
[0.807s] -- Up-to-date: /home/aakashraawat/colcon_ws/install/unity_robotics_msgs/lib/python3.8/site-packages/unity_robotics_msgs/msg/_steering_angle_s.c
[0.807s] -- Up-to-date: /home/aakashraawat/colcon_ws/install/unity_robotics_msgs/lib/python3.8/site-packages/unity_robotics_msgs/msg/_wheel_angular_velocity.py
[0.807s] -- Up-to-date: /home/aakashraawat/colcon_ws/install/unity_robotics_msgs/lib/python3.8/site-packages/unity_robotics_msgs/srv
[0.807s] -- Up-to-date: /home/aakashraawat/colcon_ws/install/unity_robotics_msgs/lib/python3.8/site-packages/unity_robotics_msgs/srv/_object_pose_service.py
[0.807s] -- Up-to-date: /home/aakashraawat/colcon_ws/install/unity_robotics_msgs/lib/python3.8/site-packages/unity_robotics_msgs/srv/_object_pose_service_s.c
[0.807s] -- Up-to-date: /home/aakashraawat/colcon_ws/install/unity_robotics_msgs/lib/python3.8/site-packages/unity_robotics_msgs/srv/_position_service_s.c
[0.807s] -- Up-to-date: /home/aakashraawat/colcon_ws/install/unity_robotics_msgs/lib/python3.8/site-packages/unity_robotics_msgs/srv/__init__.py
[0.808s] -- Up-to-date: /home/aakashraawat/colcon_ws/install/unity_robotics_msgs/lib/python3.8/site-packages/unity_robotics_msgs/srv/_position_service.py
[0.808s] -- Up-to-date: /home/aakashraawat/colcon_ws/install/unity_robotics_msgs/lib/python3.8/site-packages/unity_robotics_msgs/unity_robotics_msgs_s__rosidl_typesupport_fastrtps_c.cpython-38-x86_64-linux-gnu.so
[0.808s] -- Up-to-date: /home/aakashraawat/colcon_ws/install/unity_robotics_msgs/lib/python3.8/site-packages/unity_robotics_msgs/unity_robotics_msgs_s__rosidl_typesupport_introspection_c.cpython-38-x86_64-linux-gnu.so
[0.808s] -- Up-to-date: /home/aakashraawat/colcon_ws/install/unity_robotics_msgs/lib/python3.8/site-packages/unity_robotics_msgs/unity_robotics_msgs_s__rosidl_typesupport_c.cpython-38-x86_64-linux-gnu.so
[0.809s] -- Up-to-date: /home/aakashraawat/colcon_ws/install/unity_robotics_msgs/lib/libunity_robotics_msgs__python.so
[0.809s] -- Up-to-date: /home/aakashraawat/colcon_ws/install/unity_robotics_msgs/share/unity_robotics_msgs/msg/WheelAngularVelocity.idl
[0.809s] -- Up-to-date: /home/aakashraawat/colcon_ws/install/unity_robotics_msgs/share/unity_robotics_msgs/msg/SteeringAngle.idl
[0.810s] -- Up-to-date: /home/aakashraawat/colcon_ws/install/unity_robotics_msgs/share/unity_robotics_msgs/msg/PosRot.idl
[0.810s] -- Up-to-date: /home/aakashraawat/colcon_ws/install/unity_robotics_msgs/share/unity_robotics_msgs/msg/UnityColor.idl
[0.810s] -- Up-to-date: /home/aakashraawat/colcon_ws/install/unity_robotics_msgs/share/unity_robotics_msgs/srv/PositionService.idl
[0.810s] -- Up-to-date: /home/aakashraawat/colcon_ws/install/unity_robotics_msgs/share/unity_robotics_msgs/srv/ObjectPoseService.idl
[0.811s] -- Up-to-date: /home/aakashraawat/colcon_ws/install/unity_robotics_msgs/share/unity_robotics_msgs/msg/WheelAngularVelocity.msg
[0.811s] -- Up-to-date: /home/aakashraawat/colcon_ws/install/unity_robotics_msgs/share/unity_robotics_msgs/msg/SteeringAngle.msg
[0.811s] -- Up-to-date: /home/aakashraawat/colcon_ws/install/unity_robotics_msgs/share/unity_robotics_msgs/msg/PosRot.msg
[0.811s] -- Up-to-date: /home/aakashraawat/colcon_ws/install/unity_robotics_msgs/share/unity_robotics_msgs/msg/UnityColor.msg
[0.811s] -- Up-to-date: /home/aakashraawat/colcon_ws/install/unity_robotics_msgs/share/unity_robotics_msgs/srv/PositionService.srv
[0.812s] -- Up-to-date: /home/aakashraawat/colcon_ws/install/unity_robotics_msgs/share/unity_robotics_msgs/srv/PositionService_Request.msg
[0.812s] -- Up-to-date: /home/aakashraawat/colcon_ws/install/unity_robotics_msgs/share/unity_robotics_msgs/srv/PositionService_Response.msg
[0.812s] -- Up-to-date: /home/aakashraawat/colcon_ws/install/unity_robotics_msgs/share/unity_robotics_msgs/srv/ObjectPoseService.srv
[0.812s] -- Up-to-date: /home/aakashraawat/colcon_ws/install/unity_robotics_msgs/share/unity_robotics_msgs/srv/ObjectPoseService_Request.msg
[0.812s] -- Up-to-date: /home/aakashraawat/colcon_ws/install/unity_robotics_msgs/share/unity_robotics_msgs/srv/ObjectPoseService_Response.msg
[0.813s] -- Up-to-date: /home/aakashraawat/colcon_ws/install/unity_robotics_msgs/share/ament_index/resource_index/package_run_dependencies/unity_robotics_msgs
[0.813s] -- Up-to-date: /home/aakashraawat/colcon_ws/install/unity_robotics_msgs/share/ament_index/resource_index/parent_prefix_path/unity_robotics_msgs
[0.813s] -- Up-to-date: /home/aakashraawat/colcon_ws/install/unity_robotics_msgs/share/unity_robotics_msgs/environment/ament_prefix_path.sh
[0.813s] -- Up-to-date: /home/aakashraawat/colcon_ws/install/unity_robotics_msgs/share/unity_robotics_msgs/environment/ament_prefix_path.dsv
[0.813s] -- Up-to-date: /home/aakashraawat/colcon_ws/install/unity_robotics_msgs/share/unity_robotics_msgs/environment/path.sh
[0.813s] -- Up-to-date: /home/aakashraawat/colcon_ws/install/unity_robotics_msgs/share/unity_robotics_msgs/environment/path.dsv
[0.814s] -- Up-to-date: /home/aakashraawat/colcon_ws/install/unity_robotics_msgs/share/unity_robotics_msgs/local_setup.bash
[0.814s] -- Up-to-date: /home/aakashraawat/colcon_ws/install/unity_robotics_msgs/share/unity_robotics_msgs/local_setup.sh
[0.814s] -- Up-to-date: /home/aakashraawat/colcon_ws/install/unity_robotics_msgs/share/unity_robotics_msgs/local_setup.zsh
[0.814s] -- Up-to-date: /home/aakashraawat/colcon_ws/install/unity_robotics_msgs/share/unity_robotics_msgs/local_setup.dsv
[0.814s] -- Installing: /home/aakashraawat/colcon_ws/install/unity_robotics_msgs/share/unity_robotics_msgs/package.dsv
[0.814s] -- Up-to-date: /home/aakashraawat/colcon_ws/install/unity_robotics_msgs/share/ament_index/resource_index/packages/unity_robotics_msgs
[0.814s] -- Up-to-date: /home/aakashraawat/colcon_ws/install/unity_robotics_msgs/share/unity_robotics_msgs/cmake/unity_robotics_msgs__rosidl_generator_cExport.cmake
[0.814s] -- Up-to-date: /home/aakashraawat/colcon_ws/install/unity_robotics_msgs/share/unity_robotics_msgs/cmake/unity_robotics_msgs__rosidl_generator_cExport-noconfig.cmake
[0.815s] -- Up-to-date: /home/aakashraawat/colcon_ws/install/unity_robotics_msgs/share/unity_robotics_msgs/cmake/unity_robotics_msgs__rosidl_typesupport_introspection_cExport.cmake
[0.815s] -- Up-to-date: /home/aakashraawat/colcon_ws/install/unity_robotics_msgs/share/unity_robotics_msgs/cmake/unity_robotics_msgs__rosidl_typesupport_introspection_cExport-noconfig.cmake
[0.816s] -- Up-to-date: /home/aakashraawat/colcon_ws/install/unity_robotics_msgs/share/unity_robotics_msgs/cmake/unity_robotics_msgs__rosidl_typesupport_cExport.cmake
[0.816s] -- Up-to-date: /home/aakashraawat/colcon_ws/install/unity_robotics_msgs/share/unity_robotics_msgs/cmake/unity_robotics_msgs__rosidl_typesupport_cExport-noconfig.cmake
[0.816s] -- Up-to-date: /home/aakashraawat/colcon_ws/install/unity_robotics_msgs/share/unity_robotics_msgs/cmake/unity_robotics_msgs__rosidl_generator_cppExport.cmake
[0.816s] -- Up-to-date: /home/aakashraawat/colcon_ws/install/unity_robotics_msgs/share/unity_robotics_msgs/cmake/unity_robotics_msgs__rosidl_typesupport_introspection_cppExport.cmake
[0.816s] -- Up-to-date: /home/aakashraawat/colcon_ws/install/unity_robotics_msgs/share/unity_robotics_msgs/cmake/unity_robotics_msgs__rosidl_typesupport_introspection_cppExport-noconfig.cmake
[0.816s] -- Up-to-date: /home/aakashraawat/colcon_ws/install/unity_robotics_msgs/share/unity_robotics_msgs/cmake/unity_robotics_msgs__rosidl_typesupport_cppExport.cmake
[0.816s] -- Up-to-date: /home/aakashraawat/colcon_ws/install/unity_robotics_msgs/share/unity_robotics_msgs/cmake/unity_robotics_msgs__rosidl_typesupport_cppExport-noconfig.cmake
[0.816s] -- Up-to-date: /home/aakashraawat/colcon_ws/install/unity_robotics_msgs/share/unity_robotics_msgs/cmake/rosidl_cmake-extras.cmake
[0.817s] -- Up-to-date: /home/aakashraawat/colcon_ws/install/unity_robotics_msgs/share/unity_robotics_msgs/cmake/ament_cmake_export_dependencies-extras.cmake
[0.817s] -- Up-to-date: /home/aakashraawat/colcon_ws/install/unity_robotics_msgs/share/unity_robotics_msgs/cmake/ament_cmake_export_libraries-extras.cmake
[0.818s] -- Up-to-date: /home/aakashraawat/colcon_ws/install/unity_robotics_msgs/share/unity_robotics_msgs/cmake/ament_cmake_export_targets-extras.cmake
[0.818s] -- Up-to-date: /home/aakashraawat/colcon_ws/install/unity_robotics_msgs/share/unity_robotics_msgs/cmake/ament_cmake_export_include_directories-extras.cmake
[0.818s] -- Up-to-date: /home/aakashraawat/colcon_ws/install/unity_robotics_msgs/share/unity_robotics_msgs/cmake/rosidl_cmake_export_typesupport_libraries-extras.cmake
[0.818s] -- Up-to-date: /home/aakashraawat/colcon_ws/install/unity_robotics_msgs/share/unity_robotics_msgs/cmake/rosidl_cmake_export_typesupport_targets-extras.cmake
[0.818s] -- Up-to-date: /home/aakashraawat/colcon_ws/install/unity_robotics_msgs/share/unity_robotics_msgs/cmake/unity_robotics_msgsConfig.cmake
[0.818s] -- Up-to-date: /home/aakashraawat/colcon_ws/install/unity_robotics_msgs/share/unity_robotics_msgs/cmake/unity_robotics_msgsConfig-version.cmake
[0.818s] -- Up-to-date: /home/aakashraawat/colcon_ws/install/unity_robotics_msgs/share/unity_robotics_msgs/package.xml
[0.819s] Invoked command in '/home/aakashraawat/colcon_ws/build/unity_robotics_msgs' returned '0': CMAKE_PREFIX_PATH=${CMAKE_PREFIX_PATH}:/home/aakashraawat/colcon_ws/install/examples_tf2_py:/home/aakashraawat/colcon_ws/install/simulink_subscriber:/home/aakashraawat/colcon_ws/install/unity_robotics_demo:/home/aakashraawat/colcon_ws/install/ros_tcp_endpoint:/home/aakashraawat/colcon_ws/install/py_pubsub:/opt/ros/foxy /usr/bin/cmake --install /home/aakashraawat/colcon_ws/build/unity_robotics_msgs
