[0.713s] Invoking command in '/home/aakashraawat/colcon_ws/build/unity_robotics_msgs': CMAKE_PREFIX_PATH=/opt/ros/foxy /usr/bin/cmake /home/aakashraawat/colcon_ws/src/unity_robotics_msgs -DCMAKE_INSTALL_PREFIX=/home/aakashraawat/colcon_ws/install/unity_robotics_msgs
[0.894s] -- The C compiler identification is GNU 9.4.0
[1.171s] -- The CXX compiler identification is GNU 9.4.0
[1.316s] -- Check for working C compiler: /usr/bin/cc
[1.471s] -- Check for working C compiler: /usr/bin/cc -- works
[1.472s] -- Detecting C compiler ABI info
[1.609s] -- Detecting C compiler ABI info - done
[1.618s] -- Detecting C compile features
[1.618s] -- Detecting C compile features - done
[1.620s] -- Check for working CXX compiler: /usr/bin/c++
[1.767s] -- Check for working CXX compiler: /usr/bin/c++ -- works
[1.767s] -- Detecting CXX compiler ABI info
[1.922s] -- Detecting CXX compiler ABI info - done
[1.932s] -- Detecting CXX compile features
[1.933s] -- Detecting CXX compile features - done
[1.934s] -- Found rosidl_default_generators: 1.0.1 (/opt/ros/foxy/share/rosidl_default_generators/cmake)
[1.935s] -- Found ament_cmake_core: 0.9.12 (/opt/ros/foxy/share/ament_cmake_core/cmake)
[1.952s] -- Found PythonInterp: /usr/bin/python3 (found suitable version "3.8.10", minimum required is "3") 
[1.952s] -- Using PYTHON_EXECUTABLE: /usr/bin/python3
[2.089s] -- Using all available rosidl_typesupport_c: rosidl_typesupport_fastrtps_c;rosidl_typesupport_introspection_c
[2.094s] -- Found rosidl_adapter: 1.3.1 (/opt/ros/foxy/share/rosidl_adapter/cmake)
[3.353s] -- Found OpenSSL: /usr/lib/x86_64-linux-gnu/libcrypto.so (found version "1.1.1f")  
[4.480s] -- Found FastRTPS: /opt/ros/foxy/include  
[6.554s] -- Using all available rosidl_typesupport_cpp: rosidl_typesupport_fastrtps_cpp;rosidl_typesupport_introspection_cpp
[6.575s] -- Found builtin_interfaces: 1.0.0 (/opt/ros/foxy/share/builtin_interfaces/cmake)
[6.585s] -- Found geometry_msgs: 2.0.5 (/opt/ros/foxy/share/geometry_msgs/cmake)
[6.652s] -- Found PythonInterp: /usr/bin/python3 (found version "3.8.10") 
[6.822s] -- Found ament_cmake_ros: 0.9.2 (/opt/ros/foxy/share/ament_cmake_ros/cmake)
[11.063s] -- Using all available rosidl_typesupport_c: rosidl_typesupport_fastrtps_c;rosidl_typesupport_introspection_c
[11.153s] -- Using all available rosidl_typesupport_cpp: rosidl_typesupport_fastrtps_cpp;rosidl_typesupport_introspection_cpp
[11.173s] -- Found PythonInterp: /usr/bin/python3 (found suitable version "3.8.10", minimum required is "3.5") 
[11.174s] -- Found python_cmake_module: 0.8.1 (/opt/ros/foxy/share/python_cmake_module/cmake)
[11.617s] -- Found PythonLibs: /usr/lib/x86_64-linux-gnu/libpython3.8.so (found suitable version "3.8.10", minimum required is "3.5") 
[11.617s] -- Using PYTHON_EXECUTABLE: /usr/bin/python3
[11.617s] -- Using PYTHON_INCLUDE_DIRS: /usr/include/python3.8
[11.617s] -- Using PYTHON_LIBRARIES: /usr/lib/x86_64-linux-gnu/libpython3.8.so
[11.634s] -- Found PythonExtra: .so  
[11.742s] -- Found ament_lint_auto: 0.9.8 (/opt/ros/foxy/share/ament_lint_auto/cmake)
[11.757s] -- Added test 'copyright' to check source files copyright and LICENSE
[11.758s] -- Added test 'lint_cmake' to check CMake code style
[11.759s] -- Added test 'xmllint' to check XML markup files
[11.763s] -- Configuring done
[11.814s] -- Generating done
[11.816s] -- Build files have been written to: /home/aakashraawat/colcon_ws/build/unity_robotics_msgs
[11.830s] Invoked command in '/home/aakashraawat/colcon_ws/build/unity_robotics_msgs' returned '0': CMAKE_PREFIX_PATH=/opt/ros/foxy /usr/bin/cmake /home/aakashraawat/colcon_ws/src/unity_robotics_msgs -DCMAKE_INSTALL_PREFIX=/home/aakashraawat/colcon_ws/install/unity_robotics_msgs
[11.834s] Invoking command in '/home/aakashraawat/colcon_ws/build/unity_robotics_msgs': CMAKE_PREFIX_PATH=/opt/ros/foxy /usr/bin/cmake --build /home/aakashraawat/colcon_ws/build/unity_robotics_msgs -- -j20 -l20
[11.868s] [35m[1mScanning dependencies of target unity_robotics_msgs__cpp[0m
[11.868s] [  1%] [34m[1mGenerating C code for ROS interfaces[0m
[11.877s] [  3%] [34m[1mGenerating C++ code for ROS interfaces[0m
[12.312s] [  3%] Built target unity_robotics_msgs__cpp
[12.323s] [  7%] [34m[1mGenerating C++ introspection for ROS interfaces[0m
[12.323s] [  7%] [34m[1mGenerating C++ type support for eProsima Fast-RTPS[0m
[12.325s] [  9%] [34m[1mGenerating C++ type support dispatch for ROS interfaces[0m
[12.342s] [35m[1mScanning dependencies of target unity_robotics_msgs__rosidl_generator_c[0m
[12.355s] [ 10%] [32mBuilding C object CMakeFiles/unity_robotics_msgs__rosidl_generator_c.dir/rosidl_generator_c/unity_robotics_msgs/msg/detail/unity_color__functions.c.o[0m
[12.356s] [ 16%] [32mBuilding C object CMakeFiles/unity_robotics_msgs__rosidl_generator_c.dir/rosidl_generator_c/unity_robotics_msgs/srv/detail/object_pose_service__functions.c.o[0m
[12.356s] [ 16%] [32mBuilding C object CMakeFiles/unity_robotics_msgs__rosidl_generator_c.dir/rosidl_generator_c/unity_robotics_msgs/srv/detail/position_service__functions.c.o[0m
[12.356s] [ 16%] [32mBuilding C object CMakeFiles/unity_robotics_msgs__rosidl_generator_c.dir/rosidl_generator_c/unity_robotics_msgs/msg/detail/pos_rot__functions.c.o[0m
[12.412s] [ 18%] [32m[1mLinking C shared library libunity_robotics_msgs__rosidl_generator_c.so[0m
[12.539s] [ 18%] Built target unity_robotics_msgs__rosidl_generator_c
[12.549s] [ 21%] [34m[1mGenerating C introspection for ROS interfaces[0m
[12.549s] [ 21%] [34m[1mGenerating C type support dispatch for ROS interfaces[0m
[12.593s] [35m[1mScanning dependencies of target unity_robotics_msgs__rosidl_typesupport_cpp[0m
[12.606s] [ 25%] [32mBuilding CXX object CMakeFiles/unity_robotics_msgs__rosidl_typesupport_cpp.dir/rosidl_typesupport_cpp/unity_robotics_msgs/msg/unity_color__type_support.cpp.o[0m
[12.606s] [ 25%] [32mBuilding CXX object CMakeFiles/unity_robotics_msgs__rosidl_typesupport_cpp.dir/rosidl_typesupport_cpp/unity_robotics_msgs/msg/pos_rot__type_support.cpp.o[0m
[12.606s] [ 27%] [32mBuilding CXX object CMakeFiles/unity_robotics_msgs__rosidl_typesupport_cpp.dir/rosidl_typesupport_cpp/unity_robotics_msgs/srv/position_service__type_support.cpp.o[0m
[12.607s] [ 29%] [32mBuilding CXX object CMakeFiles/unity_robotics_msgs__rosidl_typesupport_cpp.dir/rosidl_typesupport_cpp/unity_robotics_msgs/srv/object_pose_service__type_support.cpp.o[0m
[12.658s] [35m[1mScanning dependencies of target unity_robotics_msgs__rosidl_typesupport_introspection_cpp[0m
[12.672s] [ 36%] [32mBuilding CXX object CMakeFiles/unity_robotics_msgs__rosidl_typesupport_introspection_cpp.dir/rosidl_typesupport_introspection_cpp/unity_robotics_msgs/msg/detail/unity_color__type_support.cpp.o[0m
[12.672s] [ 36%] [32mBuilding CXX object CMakeFiles/unity_robotics_msgs__rosidl_typesupport_introspection_cpp.dir/rosidl_typesupport_introspection_cpp/unity_robotics_msgs/msg/detail/pos_rot__type_support.cpp.o[0m
[12.673s] [ 36%] [32mBuilding CXX object CMakeFiles/unity_robotics_msgs__rosidl_typesupport_introspection_cpp.dir/rosidl_typesupport_introspection_cpp/unity_robotics_msgs/srv/detail/position_service__type_support.cpp.o[0m
[12.673s] [ 36%] [32mBuilding CXX object CMakeFiles/unity_robotics_msgs__rosidl_typesupport_introspection_cpp.dir/rosidl_typesupport_introspection_cpp/unity_robotics_msgs/srv/detail/object_pose_service__type_support.cpp.o[0m
[12.716s] [35m[1mScanning dependencies of target unity_robotics_msgs__rosidl_typesupport_fastrtps_cpp[0m
[12.739s] [ 41%] [32mBuilding CXX object CMakeFiles/unity_robotics_msgs__rosidl_typesupport_fastrtps_cpp.dir/rosidl_typesupport_fastrtps_cpp/unity_robotics_msgs/srv/detail/dds_fastrtps/position_service__type_support.cpp.o[0m
[12.739s] [ 41%] [32mBuilding CXX object CMakeFiles/unity_robotics_msgs__rosidl_typesupport_fastrtps_cpp.dir/rosidl_typesupport_fastrtps_cpp/unity_robotics_msgs/msg/detail/dds_fastrtps/unity_color__type_support.cpp.o[0m
[12.740s] [ 41%] [32mBuilding CXX object CMakeFiles/unity_robotics_msgs__rosidl_typesupport_fastrtps_cpp.dir/rosidl_typesupport_fastrtps_cpp/unity_robotics_msgs/msg/detail/dds_fastrtps/pos_rot__type_support.cpp.o[0m
[12.740s] [ 43%] [32mBuilding CXX object CMakeFiles/unity_robotics_msgs__rosidl_typesupport_fastrtps_cpp.dir/rosidl_typesupport_fastrtps_cpp/unity_robotics_msgs/srv/detail/dds_fastrtps/object_pose_service__type_support.cpp.o[0m
[12.935s] [35m[1mScanning dependencies of target unity_robotics_msgs__rosidl_typesupport_c[0m
[12.952s] [ 49%] [32mBuilding CXX object CMakeFiles/unity_robotics_msgs__rosidl_typesupport_c.dir/rosidl_typesupport_c/unity_robotics_msgs/msg/unity_color__type_support.cpp.o[0m
[12.952s] [ 49%] [32mBuilding CXX object CMakeFiles/unity_robotics_msgs__rosidl_typesupport_c.dir/rosidl_typesupport_c/unity_robotics_msgs/srv/position_service__type_support.cpp.o[0m
[12.952s] [ 49%] [32mBuilding CXX object CMakeFiles/unity_robotics_msgs__rosidl_typesupport_c.dir/rosidl_typesupport_c/unity_robotics_msgs/srv/object_pose_service__type_support.cpp.o[0m
[12.952s] [ 50%] [32mBuilding CXX object CMakeFiles/unity_robotics_msgs__rosidl_typesupport_c.dir/rosidl_typesupport_c/unity_robotics_msgs/msg/pos_rot__type_support.cpp.o[0m
[12.973s] [ 52%] [32m[1mLinking CXX shared library libunity_robotics_msgs__rosidl_typesupport_cpp.so[0m
[12.995s] [ 54%] [32m[1mLinking CXX shared library libunity_robotics_msgs__rosidl_typesupport_c.so[0m
[13.039s] [35m[1mScanning dependencies of target unity_robotics_msgs__rosidl_typesupport_introspection_c[0m
[13.054s] [ 56%] [32m[1mLinking CXX shared library libunity_robotics_msgs__rosidl_typesupport_introspection_cpp.so[0m
[13.056s] [ 58%] [32mBuilding C object CMakeFiles/unity_robotics_msgs__rosidl_typesupport_introspection_c.dir/rosidl_typesupport_introspection_c/unity_robotics_msgs/msg/detail/pos_rot__type_support.c.o[0m
[13.056s] [ 63%] [32mBuilding C object CMakeFiles/unity_robotics_msgs__rosidl_typesupport_introspection_c.dir/rosidl_typesupport_introspection_c/unity_robotics_msgs/srv/detail/object_pose_service__type_support.c.o[0m
[13.056s] [ 63%] [32mBuilding C object CMakeFiles/unity_robotics_msgs__rosidl_typesupport_introspection_c.dir/rosidl_typesupport_introspection_c/unity_robotics_msgs/msg/detail/unity_color__type_support.c.o[0m
[13.057s] [ 63%] [32mBuilding C object CMakeFiles/unity_robotics_msgs__rosidl_typesupport_introspection_c.dir/rosidl_typesupport_introspection_c/unity_robotics_msgs/srv/detail/position_service__type_support.c.o[0m
[13.097s] [ 65%] [32m[1mLinking C shared library libunity_robotics_msgs__rosidl_typesupport_introspection_c.so[0m
[13.132s] [ 65%] Built target unity_robotics_msgs__rosidl_typesupport_cpp
[13.133s] [ 65%] Built target unity_robotics_msgs__rosidl_typesupport_c
[13.201s] [ 65%] Built target unity_robotics_msgs__rosidl_typesupport_introspection_cpp
[13.231s] [ 65%] Built target unity_robotics_msgs__rosidl_typesupport_introspection_c
[13.256s] [ 67%] [32m[1mLinking CXX shared library libunity_robotics_msgs__rosidl_typesupport_fastrtps_cpp.so[0m
[13.413s] [ 67%] Built target unity_robotics_msgs__rosidl_typesupport_fastrtps_cpp
[13.423s] [ 69%] [34m[1mGenerating C type support for eProsima Fast-RTPS[0m
[13.716s] [35m[1mScanning dependencies of target unity_robotics_msgs__rosidl_typesupport_fastrtps_c[0m
[13.733s] [ 72%] [32mBuilding CXX object CMakeFiles/unity_robotics_msgs__rosidl_typesupport_fastrtps_c.dir/rosidl_typesupport_fastrtps_c/unity_robotics_msgs/srv/detail/position_service__type_support_c.cpp.o[0m
[13.733s] [ 72%] [32mBuilding CXX object CMakeFiles/unity_robotics_msgs__rosidl_typesupport_fastrtps_c.dir/rosidl_typesupport_fastrtps_c/unity_robotics_msgs/msg/detail/pos_rot__type_support_c.cpp.o[0m
[13.733s] [ 74%] [32mBuilding CXX object CMakeFiles/unity_robotics_msgs__rosidl_typesupport_fastrtps_c.dir/rosidl_typesupport_fastrtps_c/unity_robotics_msgs/srv/detail/object_pose_service__type_support_c.cpp.o[0m
[13.734s] [ 76%] [32mBuilding CXX object CMakeFiles/unity_robotics_msgs__rosidl_typesupport_fastrtps_c.dir/rosidl_typesupport_fastrtps_c/unity_robotics_msgs/msg/detail/unity_color__type_support_c.cpp.o[0m
[14.164s] [ 78%] [32m[1mLinking CXX shared library libunity_robotics_msgs__rosidl_typesupport_fastrtps_c.so[0m
[14.326s] [ 78%] Built target unity_robotics_msgs__rosidl_typesupport_fastrtps_c
[14.335s] [35m[1mScanning dependencies of target unity_robotics_msgs[0m
[14.344s] [ 78%] Built target unity_robotics_msgs
[14.352s] [35m[1mScanning dependencies of target unity_robotics_msgs__py[0m
[14.363s] [ 80%] [34m[1mGenerating Python code for ROS interfaces[0m
[14.991s] [ 80%] Built target unity_robotics_msgs__py
[14.999s] [35m[1mScanning dependencies of target unity_robotics_msgs__python[0m
[15.016s] [ 85%] [32mBuilding C object CMakeFiles/unity_robotics_msgs__python.dir/rosidl_generator_py/unity_robotics_msgs/msg/_pos_rot_s.c.o[0m
[15.017s] [ 85%] [32mBuilding C object CMakeFiles/unity_robotics_msgs__python.dir/rosidl_generator_py/unity_robotics_msgs/msg/_unity_color_s.c.o[0m
[15.017s] [ 85%] [32mBuilding C object CMakeFiles/unity_robotics_msgs__python.dir/rosidl_generator_py/unity_robotics_msgs/srv/_position_service_s.c.o[0m
[15.017s] [ 87%] [32mBuilding C object CMakeFiles/unity_robotics_msgs__python.dir/rosidl_generator_py/unity_robotics_msgs/srv/_object_pose_service_s.c.o[0m
[15.106s] [ 89%] [32m[1mLinking C shared library rosidl_generator_py/unity_robotics_msgs/libunity_robotics_msgs__python.so[0m
[15.213s] [ 89%] Built target unity_robotics_msgs__python
[15.221s] [35m[1mScanning dependencies of target unity_robotics_msgs__rosidl_typesupport_introspection_c__pyext[0m
[15.222s] [35m[1mScanning dependencies of target unity_robotics_msgs__rosidl_typesupport_c__pyext[0m
[15.222s] [35m[1mScanning dependencies of target unity_robotics_msgs__rosidl_typesupport_fastrtps_c__pyext[0m
[15.236s] [ 92%] [32mBuilding C object CMakeFiles/unity_robotics_msgs__rosidl_typesupport_c__pyext.dir/rosidl_generator_py/unity_robotics_msgs/_unity_robotics_msgs_s.ep.rosidl_typesupport_c.c.o[0m
[15.237s] [ 92%] [32mBuilding C object CMakeFiles/unity_robotics_msgs__rosidl_typesupport_introspection_c__pyext.dir/rosidl_generator_py/unity_robotics_msgs/_unity_robotics_msgs_s.ep.rosidl_typesupport_introspection_c.c.o[0m
[15.237s] [ 94%] [32mBuilding C object CMakeFiles/unity_robotics_msgs__rosidl_typesupport_fastrtps_c__pyext.dir/rosidl_generator_py/unity_robotics_msgs/_unity_robotics_msgs_s.ep.rosidl_typesupport_fastrtps_c.c.o[0m
[15.313s] [ 96%] [32m[1mLinking C shared library rosidl_generator_py/unity_robotics_msgs/unity_robotics_msgs_s__rosidl_typesupport_c.cpython-38-x86_64-linux-gnu.so[0m
[15.314s] [ 98%] [32m[1mLinking CXX shared library rosidl_generator_py/unity_robotics_msgs/unity_robotics_msgs_s__rosidl_typesupport_fastrtps_c.cpython-38-x86_64-linux-gnu.so[0m
[15.322s] [100%] [32m[1mLinking C shared library rosidl_generator_py/unity_robotics_msgs/unity_robotics_msgs_s__rosidl_typesupport_introspection_c.cpython-38-x86_64-linux-gnu.so[0m
[15.408s] [100%] Built target unity_robotics_msgs__rosidl_typesupport_c__pyext
[15.437s] [100%] Built target unity_robotics_msgs__rosidl_typesupport_fastrtps_c__pyext
[15.445s] [100%] Built target unity_robotics_msgs__rosidl_typesupport_introspection_c__pyext
[15.455s] Invoked command in '/home/aakashraawat/colcon_ws/build/unity_robotics_msgs' returned '0': CMAKE_PREFIX_PATH=/opt/ros/foxy /usr/bin/cmake --build /home/aakashraawat/colcon_ws/build/unity_robotics_msgs -- -j20 -l20
[15.539s] Invoking command in '/home/aakashraawat/colcon_ws/build/unity_robotics_msgs': CMAKE_PREFIX_PATH=/opt/ros/foxy /usr/bin/cmake --install /home/aakashraawat/colcon_ws/build/unity_robotics_msgs
[15.545s] -- Install configuration: ""
[15.546s] -- Installing: /home/aakashraawat/colcon_ws/install/unity_robotics_msgs/share/ament_index/resource_index/rosidl_interfaces/unity_robotics_msgs
[15.546s] -- Installing: /home/aakashraawat/colcon_ws/install/unity_robotics_msgs/include/unity_robotics_msgs
[15.546s] -- Installing: /home/aakashraawat/colcon_ws/install/unity_robotics_msgs/include/unity_robotics_msgs/msg
[15.547s] -- Installing: /home/aakashraawat/colcon_ws/install/unity_robotics_msgs/include/unity_robotics_msgs/msg/unity_color.h
[15.547s] -- Installing: /home/aakashraawat/colcon_ws/install/unity_robotics_msgs/include/unity_robotics_msgs/msg/rosidl_generator_c__visibility_control.h
[15.547s] -- Installing: /home/aakashraawat/colcon_ws/install/unity_robotics_msgs/include/unity_robotics_msgs/msg/detail
[15.547s] -- Installing: /home/aakashraawat/colcon_ws/install/unity_robotics_msgs/include/unity_robotics_msgs/msg/detail/pos_rot__functions.c
[15.547s] -- Installing: /home/aakashraawat/colcon_ws/install/unity_robotics_msgs/include/unity_robotics_msgs/msg/detail/pos_rot__struct.h
[15.547s] -- Installing: /home/aakashraawat/colcon_ws/install/unity_robotics_msgs/include/unity_robotics_msgs/msg/detail/pos_rot__type_support.h
[15.547s] -- Installing: /home/aakashraawat/colcon_ws/install/unity_robotics_msgs/include/unity_robotics_msgs/msg/detail/unity_color__functions.c
[15.547s] -- Installing: /home/aakashraawat/colcon_ws/install/unity_robotics_msgs/include/unity_robotics_msgs/msg/detail/unity_color__type_support.h
[15.547s] -- Installing: /home/aakashraawat/colcon_ws/install/unity_robotics_msgs/include/unity_robotics_msgs/msg/detail/unity_color__struct.h
[15.548s] -- Installing: /home/aakashraawat/colcon_ws/install/unity_robotics_msgs/include/unity_robotics_msgs/msg/detail/pos_rot__functions.h
[15.548s] -- Installing: /home/aakashraawat/colcon_ws/install/unity_robotics_msgs/include/unity_robotics_msgs/msg/detail/unity_color__functions.h
[15.548s] -- Installing: /home/aakashraawat/colcon_ws/install/unity_robotics_msgs/include/unity_robotics_msgs/msg/pos_rot.h
[15.548s] -- Installing: /home/aakashraawat/colcon_ws/install/unity_robotics_msgs/include/unity_robotics_msgs/srv
[15.548s] -- Installing: /home/aakashraawat/colcon_ws/install/unity_robotics_msgs/include/unity_robotics_msgs/srv/position_service.h
[15.548s] -- Installing: /home/aakashraawat/colcon_ws/install/unity_robotics_msgs/include/unity_robotics_msgs/srv/detail
[15.548s] -- Installing: /home/aakashraawat/colcon_ws/install/unity_robotics_msgs/include/unity_robotics_msgs/srv/detail/position_service__struct.h
[15.549s] -- Installing: /home/aakashraawat/colcon_ws/install/unity_robotics_msgs/include/unity_robotics_msgs/srv/detail/position_service__type_support.h
[15.549s] -- Installing: /home/aakashraawat/colcon_ws/install/unity_robotics_msgs/include/unity_robotics_msgs/srv/detail/object_pose_service__type_support.h
[15.549s] -- Installing: /home/aakashraawat/colcon_ws/install/unity_robotics_msgs/include/unity_robotics_msgs/srv/detail/object_pose_service__struct.h
[15.549s] -- Installing: /home/aakashraawat/colcon_ws/install/unity_robotics_msgs/include/unity_robotics_msgs/srv/detail/position_service__functions.h
[15.549s] -- Installing: /home/aakashraawat/colcon_ws/install/unity_robotics_msgs/include/unity_robotics_msgs/srv/detail/position_service__functions.c
[15.549s] -- Installing: /home/aakashraawat/colcon_ws/install/unity_robotics_msgs/include/unity_robotics_msgs/srv/detail/object_pose_service__functions.c
[15.549s] -- Installing: /home/aakashraawat/colcon_ws/install/unity_robotics_msgs/include/unity_robotics_msgs/srv/detail/object_pose_service__functions.h
[15.549s] -- Installing: /home/aakashraawat/colcon_ws/install/unity_robotics_msgs/include/unity_robotics_msgs/srv/object_pose_service.h
[15.549s] -- Installing: /home/aakashraawat/colcon_ws/install/unity_robotics_msgs/share/unity_robotics_msgs/environment/library_path.sh
[15.549s] -- Installing: /home/aakashraawat/colcon_ws/install/unity_robotics_msgs/share/unity_robotics_msgs/environment/library_path.dsv
[15.550s] -- Installing: /home/aakashraawat/colcon_ws/install/unity_robotics_msgs/lib/libunity_robotics_msgs__rosidl_generator_c.so
[15.550s] -- Set runtime path of "/home/aakashraawat/colcon_ws/install/unity_robotics_msgs/lib/libunity_robotics_msgs__rosidl_generator_c.so" to ""
[15.550s] -- Up-to-date: /home/aakashraawat/colcon_ws/install/unity_robotics_msgs/include/unity_robotics_msgs
[15.550s] -- Up-to-date: /home/aakashraawat/colcon_ws/install/unity_robotics_msgs/include/unity_robotics_msgs/msg
[15.550s] -- Up-to-date: /home/aakashraawat/colcon_ws/install/unity_robotics_msgs/include/unity_robotics_msgs/msg/detail
[15.551s] -- Installing: /home/aakashraawat/colcon_ws/install/unity_robotics_msgs/include/unity_robotics_msgs/msg/detail/pos_rot__rosidl_typesupport_fastrtps_c.h
[15.551s] -- Installing: /home/aakashraawat/colcon_ws/install/unity_robotics_msgs/include/unity_robotics_msgs/msg/detail/unity_color__rosidl_typesupport_fastrtps_c.h
[15.551s] -- Installing: /home/aakashraawat/colcon_ws/install/unity_robotics_msgs/include/unity_robotics_msgs/msg/rosidl_typesupport_fastrtps_c__visibility_control.h
[15.551s] -- Up-to-date: /home/aakashraawat/colcon_ws/install/unity_robotics_msgs/include/unity_robotics_msgs/srv
[15.551s] -- Up-to-date: /home/aakashraawat/colcon_ws/install/unity_robotics_msgs/include/unity_robotics_msgs/srv/detail
[15.551s] -- Installing: /home/aakashraawat/colcon_ws/install/unity_robotics_msgs/include/unity_robotics_msgs/srv/detail/position_service__rosidl_typesupport_fastrtps_c.h
[15.551s] -- Installing: /home/aakashraawat/colcon_ws/install/unity_robotics_msgs/include/unity_robotics_msgs/srv/detail/object_pose_service__rosidl_typesupport_fastrtps_c.h
[15.552s] -- Installing: /home/aakashraawat/colcon_ws/install/unity_robotics_msgs/lib/libunity_robotics_msgs__rosidl_typesupport_fastrtps_c.so
[15.552s] -- Set runtime path of "/home/aakashraawat/colcon_ws/install/unity_robotics_msgs/lib/libunity_robotics_msgs__rosidl_typesupport_fastrtps_c.so" to ""
[15.552s] -- Up-to-date: /home/aakashraawat/colcon_ws/install/unity_robotics_msgs/include/unity_robotics_msgs
[15.552s] -- Up-to-date: /home/aakashraawat/colcon_ws/install/unity_robotics_msgs/include/unity_robotics_msgs/msg
[15.552s] -- Installing: /home/aakashraawat/colcon_ws/install/unity_robotics_msgs/include/unity_robotics_msgs/msg/rosidl_typesupport_fastrtps_cpp__visibility_control.h
[15.552s] -- Up-to-date: /home/aakashraawat/colcon_ws/install/unity_robotics_msgs/include/unity_robotics_msgs/msg/detail
[15.552s] -- Installing: /home/aakashraawat/colcon_ws/install/unity_robotics_msgs/include/unity_robotics_msgs/msg/detail/pos_rot__rosidl_typesupport_fastrtps_cpp.hpp
[15.552s] -- Installing: /home/aakashraawat/colcon_ws/install/unity_robotics_msgs/include/unity_robotics_msgs/msg/detail/dds_fastrtps
[15.553s] -- Installing: /home/aakashraawat/colcon_ws/install/unity_robotics_msgs/include/unity_robotics_msgs/msg/detail/unity_color__rosidl_typesupport_fastrtps_cpp.hpp
[15.553s] -- Up-to-date: /home/aakashraawat/colcon_ws/install/unity_robotics_msgs/include/unity_robotics_msgs/srv
[15.553s] -- Up-to-date: /home/aakashraawat/colcon_ws/install/unity_robotics_msgs/include/unity_robotics_msgs/srv/detail
[15.553s] -- Installing: /home/aakashraawat/colcon_ws/install/unity_robotics_msgs/include/unity_robotics_msgs/srv/detail/dds_fastrtps
[15.553s] -- Installing: /home/aakashraawat/colcon_ws/install/unity_robotics_msgs/include/unity_robotics_msgs/srv/detail/position_service__rosidl_typesupport_fastrtps_cpp.hpp
[15.553s] -- Installing: /home/aakashraawat/colcon_ws/install/unity_robotics_msgs/include/unity_robotics_msgs/srv/detail/object_pose_service__rosidl_typesupport_fastrtps_cpp.hpp
[15.553s] -- Installing: /home/aakashraawat/colcon_ws/install/unity_robotics_msgs/lib/libunity_robotics_msgs__rosidl_typesupport_fastrtps_cpp.so
[15.553s] -- Set runtime path of "/home/aakashraawat/colcon_ws/install/unity_robotics_msgs/lib/libunity_robotics_msgs__rosidl_typesupport_fastrtps_cpp.so" to ""
[15.554s] -- Up-to-date: /home/aakashraawat/colcon_ws/install/unity_robotics_msgs/include/unity_robotics_msgs
[15.554s] -- Up-to-date: /home/aakashraawat/colcon_ws/install/unity_robotics_msgs/include/unity_robotics_msgs/msg
[15.554s] -- Installing: /home/aakashraawat/colcon_ws/install/unity_robotics_msgs/include/unity_robotics_msgs/msg/rosidl_typesupport_introspection_c__visibility_control.h
[15.554s] -- Up-to-date: /home/aakashraawat/colcon_ws/install/unity_robotics_msgs/include/unity_robotics_msgs/msg/detail
[15.554s] -- Installing: /home/aakashraawat/colcon_ws/install/unity_robotics_msgs/include/unity_robotics_msgs/msg/detail/unity_color__type_support.c
[15.554s] -- Installing: /home/aakashraawat/colcon_ws/install/unity_robotics_msgs/include/unity_robotics_msgs/msg/detail/pos_rot__type_support.c
[15.554s] -- Installing: /home/aakashraawat/colcon_ws/install/unity_robotics_msgs/include/unity_robotics_msgs/msg/detail/unity_color__rosidl_typesupport_introspection_c.h
[15.554s] -- Installing: /home/aakashraawat/colcon_ws/install/unity_robotics_msgs/include/unity_robotics_msgs/msg/detail/pos_rot__rosidl_typesupport_introspection_c.h
[15.555s] -- Up-to-date: /home/aakashraawat/colcon_ws/install/unity_robotics_msgs/include/unity_robotics_msgs/srv
[15.555s] -- Up-to-date: /home/aakashraawat/colcon_ws/install/unity_robotics_msgs/include/unity_robotics_msgs/srv/detail
[15.555s] -- Installing: /home/aakashraawat/colcon_ws/install/unity_robotics_msgs/include/unity_robotics_msgs/srv/detail/position_service__type_support.c
[15.555s] -- Installing: /home/aakashraawat/colcon_ws/install/unity_robotics_msgs/include/unity_robotics_msgs/srv/detail/object_pose_service__rosidl_typesupport_introspection_c.h
[15.555s] -- Installing: /home/aakashraawat/colcon_ws/install/unity_robotics_msgs/include/unity_robotics_msgs/srv/detail/position_service__rosidl_typesupport_introspection_c.h
[15.555s] -- Installing: /home/aakashraawat/colcon_ws/install/unity_robotics_msgs/include/unity_robotics_msgs/srv/detail/object_pose_service__type_support.c
[15.556s] -- Installing: /home/aakashraawat/colcon_ws/install/unity_robotics_msgs/lib/libunity_robotics_msgs__rosidl_typesupport_introspection_c.so
[15.556s] -- Set runtime path of "/home/aakashraawat/colcon_ws/install/unity_robotics_msgs/lib/libunity_robotics_msgs__rosidl_typesupport_introspection_c.so" to ""
[15.556s] -- Installing: /home/aakashraawat/colcon_ws/install/unity_robotics_msgs/lib/libunity_robotics_msgs__rosidl_typesupport_c.so
[15.556s] -- Set runtime path of "/home/aakashraawat/colcon_ws/install/unity_robotics_msgs/lib/libunity_robotics_msgs__rosidl_typesupport_c.so" to ""
[15.556s] -- Up-to-date: /home/aakashraawat/colcon_ws/install/unity_robotics_msgs/include/unity_robotics_msgs
[15.556s] -- Up-to-date: /home/aakashraawat/colcon_ws/install/unity_robotics_msgs/include/unity_robotics_msgs/msg
[15.556s] -- Installing: /home/aakashraawat/colcon_ws/install/unity_robotics_msgs/include/unity_robotics_msgs/msg/unity_color.hpp
[15.556s] -- Installing: /home/aakashraawat/colcon_ws/install/unity_robotics_msgs/include/unity_robotics_msgs/msg/pos_rot.hpp
[15.556s] -- Up-to-date: /home/aakashraawat/colcon_ws/install/unity_robotics_msgs/include/unity_robotics_msgs/msg/detail
[15.557s] -- Installing: /home/aakashraawat/colcon_ws/install/unity_robotics_msgs/include/unity_robotics_msgs/msg/detail/unity_color__type_support.hpp
[15.557s] -- Installing: /home/aakashraawat/colcon_ws/install/unity_robotics_msgs/include/unity_robotics_msgs/msg/detail/pos_rot__traits.hpp
[15.557s] -- Installing: /home/aakashraawat/colcon_ws/install/unity_robotics_msgs/include/unity_robotics_msgs/msg/detail/unity_color__struct.hpp
[15.557s] -- Installing: /home/aakashraawat/colcon_ws/install/unity_robotics_msgs/include/unity_robotics_msgs/msg/detail/unity_color__traits.hpp
[15.557s] -- Installing: /home/aakashraawat/colcon_ws/install/unity_robotics_msgs/include/unity_robotics_msgs/msg/detail/pos_rot__builder.hpp
[15.557s] -- Installing: /home/aakashraawat/colcon_ws/install/unity_robotics_msgs/include/unity_robotics_msgs/msg/detail/pos_rot__struct.hpp
[15.557s] -- Installing: /home/aakashraawat/colcon_ws/install/unity_robotics_msgs/include/unity_robotics_msgs/msg/detail/unity_color__builder.hpp
[15.557s] -- Installing: /home/aakashraawat/colcon_ws/install/unity_robotics_msgs/include/unity_robotics_msgs/msg/detail/pos_rot__type_support.hpp
[15.558s] -- Installing: /home/aakashraawat/colcon_ws/install/unity_robotics_msgs/include/unity_robotics_msgs/msg/rosidl_generator_cpp__visibility_control.hpp
[15.558s] -- Up-to-date: /home/aakashraawat/colcon_ws/install/unity_robotics_msgs/include/unity_robotics_msgs/srv
[15.558s] -- Up-to-date: /home/aakashraawat/colcon_ws/install/unity_robotics_msgs/include/unity_robotics_msgs/srv/detail
[15.558s] -- Installing: /home/aakashraawat/colcon_ws/install/unity_robotics_msgs/include/unity_robotics_msgs/srv/detail/position_service__struct.hpp
[15.558s] -- Installing: /home/aakashraawat/colcon_ws/install/unity_robotics_msgs/include/unity_robotics_msgs/srv/detail/object_pose_service__builder.hpp
[15.558s] -- Installing: /home/aakashraawat/colcon_ws/install/unity_robotics_msgs/include/unity_robotics_msgs/srv/detail/object_pose_service__type_support.hpp
[15.558s] -- Installing: /home/aakashraawat/colcon_ws/install/unity_robotics_msgs/include/unity_robotics_msgs/srv/detail/position_service__traits.hpp
[15.558s] -- Installing: /home/aakashraawat/colcon_ws/install/unity_robotics_msgs/include/unity_robotics_msgs/srv/detail/position_service__builder.hpp
[15.559s] -- Installing: /home/aakashraawat/colcon_ws/install/unity_robotics_msgs/include/unity_robotics_msgs/srv/detail/position_service__type_support.hpp
[15.559s] -- Installing: /home/aakashraawat/colcon_ws/install/unity_robotics_msgs/include/unity_robotics_msgs/srv/detail/object_pose_service__traits.hpp
[15.559s] -- Installing: /home/aakashraawat/colcon_ws/install/unity_robotics_msgs/include/unity_robotics_msgs/srv/detail/object_pose_service__struct.hpp
[15.559s] -- Installing: /home/aakashraawat/colcon_ws/install/unity_robotics_msgs/include/unity_robotics_msgs/srv/position_service.hpp
[15.559s] -- Installing: /home/aakashraawat/colcon_ws/install/unity_robotics_msgs/include/unity_robotics_msgs/srv/object_pose_service.hpp
[15.559s] -- Up-to-date: /home/aakashraawat/colcon_ws/install/unity_robotics_msgs/include/unity_robotics_msgs
[15.559s] -- Up-to-date: /home/aakashraawat/colcon_ws/install/unity_robotics_msgs/include/unity_robotics_msgs/msg
[15.559s] -- Up-to-date: /home/aakashraawat/colcon_ws/install/unity_robotics_msgs/include/unity_robotics_msgs/msg/detail
[15.559s] -- Installing: /home/aakashraawat/colcon_ws/install/unity_robotics_msgs/include/unity_robotics_msgs/msg/detail/pos_rot__type_support.cpp
[15.559s] -- Installing: /home/aakashraawat/colcon_ws/install/unity_robotics_msgs/include/unity_robotics_msgs/msg/detail/unity_color__rosidl_typesupport_introspection_cpp.hpp
[15.559s] -- Installing: /home/aakashraawat/colcon_ws/install/unity_robotics_msgs/include/unity_robotics_msgs/msg/detail/unity_color__type_support.cpp
[15.559s] -- Installing: /home/aakashraawat/colcon_ws/install/unity_robotics_msgs/include/unity_robotics_msgs/msg/detail/pos_rot__rosidl_typesupport_introspection_cpp.hpp
[15.559s] -- Up-to-date: /home/aakashraawat/colcon_ws/install/unity_robotics_msgs/include/unity_robotics_msgs/srv
[15.559s] -- Up-to-date: /home/aakashraawat/colcon_ws/install/unity_robotics_msgs/include/unity_robotics_msgs/srv/detail
[15.560s] -- Installing: /home/aakashraawat/colcon_ws/install/unity_robotics_msgs/include/unity_robotics_msgs/srv/detail/object_pose_service__type_support.cpp
[15.560s] -- Installing: /home/aakashraawat/colcon_ws/install/unity_robotics_msgs/include/unity_robotics_msgs/srv/detail/object_pose_service__rosidl_typesupport_introspection_cpp.hpp
[15.560s] -- Installing: /home/aakashraawat/colcon_ws/install/unity_robotics_msgs/include/unity_robotics_msgs/srv/detail/position_service__rosidl_typesupport_introspection_cpp.hpp
[15.560s] -- Installing: /home/aakashraawat/colcon_ws/install/unity_robotics_msgs/include/unity_robotics_msgs/srv/detail/position_service__type_support.cpp
[15.560s] -- Installing: /home/aakashraawat/colcon_ws/install/unity_robotics_msgs/lib/libunity_robotics_msgs__rosidl_typesupport_introspection_cpp.so
[15.560s] -- Set runtime path of "/home/aakashraawat/colcon_ws/install/unity_robotics_msgs/lib/libunity_robotics_msgs__rosidl_typesupport_introspection_cpp.so" to ""
[15.560s] -- Installing: /home/aakashraawat/colcon_ws/install/unity_robotics_msgs/lib/libunity_robotics_msgs__rosidl_typesupport_cpp.so
[15.560s] -- Set runtime path of "/home/aakashraawat/colcon_ws/install/unity_robotics_msgs/lib/libunity_robotics_msgs__rosidl_typesupport_cpp.so" to ""
[15.560s] -- Installing: /home/aakashraawat/colcon_ws/install/unity_robotics_msgs/share/unity_robotics_msgs/environment/pythonpath.sh
[15.560s] -- Installing: /home/aakashraawat/colcon_ws/install/unity_robotics_msgs/share/unity_robotics_msgs/environment/pythonpath.dsv
[15.560s] -- Installing: /home/aakashraawat/colcon_ws/install/unity_robotics_msgs/lib/python3.8/site-packages/unity_robotics_msgs/__init__.py
[15.581s] Compiling '/home/aakashraawat/colcon_ws/install/unity_robotics_msgs/lib/python3.8/site-packages/unity_robotics_msgs/__init__.py'...
[15.585s] -- Installing: /home/aakashraawat/colcon_ws/install/unity_robotics_msgs/lib/python3.8/site-packages/unity_robotics_msgs/msg
[15.585s] -- Installing: /home/aakashraawat/colcon_ws/install/unity_robotics_msgs/lib/python3.8/site-packages/unity_robotics_msgs/msg/_pos_rot_s.c
[15.585s] -- Installing: /home/aakashraawat/colcon_ws/install/unity_robotics_msgs/lib/python3.8/site-packages/unity_robotics_msgs/msg/_unity_color.py
[15.586s] -- Installing: /home/aakashraawat/colcon_ws/install/unity_robotics_msgs/lib/python3.8/site-packages/unity_robotics_msgs/msg/__init__.py
[15.586s] -- Installing: /home/aakashraawat/colcon_ws/install/unity_robotics_msgs/lib/python3.8/site-packages/unity_robotics_msgs/msg/_unity_color_s.c
[15.586s] -- Installing: /home/aakashraawat/colcon_ws/install/unity_robotics_msgs/lib/python3.8/site-packages/unity_robotics_msgs/msg/_pos_rot.py
[15.586s] -- Installing: /home/aakashraawat/colcon_ws/install/unity_robotics_msgs/lib/python3.8/site-packages/unity_robotics_msgs/srv
[15.586s] -- Installing: /home/aakashraawat/colcon_ws/install/unity_robotics_msgs/lib/python3.8/site-packages/unity_robotics_msgs/srv/_object_pose_service.py
[15.586s] -- Installing: /home/aakashraawat/colcon_ws/install/unity_robotics_msgs/lib/python3.8/site-packages/unity_robotics_msgs/srv/_object_pose_service_s.c
[15.586s] -- Installing: /home/aakashraawat/colcon_ws/install/unity_robotics_msgs/lib/python3.8/site-packages/unity_robotics_msgs/srv/_position_service_s.c
[15.586s] -- Installing: /home/aakashraawat/colcon_ws/install/unity_robotics_msgs/lib/python3.8/site-packages/unity_robotics_msgs/srv/__init__.py
[15.586s] -- Installing: /home/aakashraawat/colcon_ws/install/unity_robotics_msgs/lib/python3.8/site-packages/unity_robotics_msgs/srv/_position_service.py
[15.586s] -- Installing: /home/aakashraawat/colcon_ws/install/unity_robotics_msgs/lib/python3.8/site-packages/unity_robotics_msgs/unity_robotics_msgs_s__rosidl_typesupport_fastrtps_c.cpython-38-x86_64-linux-gnu.so
[15.587s] -- Set runtime path of "/home/aakashraawat/colcon_ws/install/unity_robotics_msgs/lib/python3.8/site-packages/unity_robotics_msgs/unity_robotics_msgs_s__rosidl_typesupport_fastrtps_c.cpython-38-x86_64-linux-gnu.so" to ""
[15.587s] -- Installing: /home/aakashraawat/colcon_ws/install/unity_robotics_msgs/lib/python3.8/site-packages/unity_robotics_msgs/unity_robotics_msgs_s__rosidl_typesupport_introspection_c.cpython-38-x86_64-linux-gnu.so
[15.587s] -- Set runtime path of "/home/aakashraawat/colcon_ws/install/unity_robotics_msgs/lib/python3.8/site-packages/unity_robotics_msgs/unity_robotics_msgs_s__rosidl_typesupport_introspection_c.cpython-38-x86_64-linux-gnu.so" to ""
[15.588s] -- Installing: /home/aakashraawat/colcon_ws/install/unity_robotics_msgs/lib/python3.8/site-packages/unity_robotics_msgs/unity_robotics_msgs_s__rosidl_typesupport_c.cpython-38-x86_64-linux-gnu.so
[15.588s] -- Set runtime path of "/home/aakashraawat/colcon_ws/install/unity_robotics_msgs/lib/python3.8/site-packages/unity_robotics_msgs/unity_robotics_msgs_s__rosidl_typesupport_c.cpython-38-x86_64-linux-gnu.so" to ""
[15.588s] -- Installing: /home/aakashraawat/colcon_ws/install/unity_robotics_msgs/lib/libunity_robotics_msgs__python.so
[15.588s] -- Set runtime path of "/home/aakashraawat/colcon_ws/install/unity_robotics_msgs/lib/libunity_robotics_msgs__python.so" to ""
[15.588s] -- Installing: /home/aakashraawat/colcon_ws/install/unity_robotics_msgs/share/unity_robotics_msgs/msg/PosRot.idl
[15.589s] -- Installing: /home/aakashraawat/colcon_ws/install/unity_robotics_msgs/share/unity_robotics_msgs/msg/UnityColor.idl
[15.589s] -- Installing: /home/aakashraawat/colcon_ws/install/unity_robotics_msgs/share/unity_robotics_msgs/srv/PositionService.idl
[15.589s] -- Installing: /home/aakashraawat/colcon_ws/install/unity_robotics_msgs/share/unity_robotics_msgs/srv/ObjectPoseService.idl
[15.590s] -- Installing: /home/aakashraawat/colcon_ws/install/unity_robotics_msgs/share/unity_robotics_msgs/msg/PosRot.msg
[15.590s] -- Installing: /home/aakashraawat/colcon_ws/install/unity_robotics_msgs/share/unity_robotics_msgs/msg/UnityColor.msg
[15.590s] -- Installing: /home/aakashraawat/colcon_ws/install/unity_robotics_msgs/share/unity_robotics_msgs/srv/PositionService.srv
[15.591s] -- Installing: /home/aakashraawat/colcon_ws/install/unity_robotics_msgs/share/unity_robotics_msgs/srv/PositionService_Request.msg
[15.591s] -- Installing: /home/aakashraawat/colcon_ws/install/unity_robotics_msgs/share/unity_robotics_msgs/srv/PositionService_Response.msg
[15.591s] -- Installing: /home/aakashraawat/colcon_ws/install/unity_robotics_msgs/share/unity_robotics_msgs/srv/ObjectPoseService.srv
[15.591s] -- Installing: /home/aakashraawat/colcon_ws/install/unity_robotics_msgs/share/unity_robotics_msgs/srv/ObjectPoseService_Request.msg
[15.591s] -- Installing: /home/aakashraawat/colcon_ws/install/unity_robotics_msgs/share/unity_robotics_msgs/srv/ObjectPoseService_Response.msg
[15.591s] -- Installing: /home/aakashraawat/colcon_ws/install/unity_robotics_msgs/share/ament_index/resource_index/package_run_dependencies/unity_robotics_msgs
[15.592s] -- Installing: /home/aakashraawat/colcon_ws/install/unity_robotics_msgs/share/ament_index/resource_index/parent_prefix_path/unity_robotics_msgs
[15.592s] -- Installing: /home/aakashraawat/colcon_ws/install/unity_robotics_msgs/share/unity_robotics_msgs/environment/ament_prefix_path.sh
[15.592s] -- Installing: /home/aakashraawat/colcon_ws/install/unity_robotics_msgs/share/unity_robotics_msgs/environment/ament_prefix_path.dsv
[15.592s] -- Installing: /home/aakashraawat/colcon_ws/install/unity_robotics_msgs/share/unity_robotics_msgs/environment/path.sh
[15.592s] -- Installing: /home/aakashraawat/colcon_ws/install/unity_robotics_msgs/share/unity_robotics_msgs/environment/path.dsv
[15.592s] -- Installing: /home/aakashraawat/colcon_ws/install/unity_robotics_msgs/share/unity_robotics_msgs/local_setup.bash
[15.592s] -- Installing: /home/aakashraawat/colcon_ws/install/unity_robotics_msgs/share/unity_robotics_msgs/local_setup.sh
[15.592s] -- Installing: /home/aakashraawat/colcon_ws/install/unity_robotics_msgs/share/unity_robotics_msgs/local_setup.zsh
[15.592s] -- Installing: /home/aakashraawat/colcon_ws/install/unity_robotics_msgs/share/unity_robotics_msgs/local_setup.dsv
[15.592s] -- Installing: /home/aakashraawat/colcon_ws/install/unity_robotics_msgs/share/unity_robotics_msgs/package.dsv
[15.593s] -- Installing: /home/aakashraawat/colcon_ws/install/unity_robotics_msgs/share/ament_index/resource_index/packages/unity_robotics_msgs
[15.593s] -- Installing: /home/aakashraawat/colcon_ws/install/unity_robotics_msgs/share/unity_robotics_msgs/cmake/unity_robotics_msgs__rosidl_generator_cExport.cmake
[15.593s] -- Installing: /home/aakashraawat/colcon_ws/install/unity_robotics_msgs/share/unity_robotics_msgs/cmake/unity_robotics_msgs__rosidl_generator_cExport-noconfig.cmake
[15.593s] -- Installing: /home/aakashraawat/colcon_ws/install/unity_robotics_msgs/share/unity_robotics_msgs/cmake/unity_robotics_msgs__rosidl_typesupport_introspection_cExport.cmake
[15.593s] -- Installing: /home/aakashraawat/colcon_ws/install/unity_robotics_msgs/share/unity_robotics_msgs/cmake/unity_robotics_msgs__rosidl_typesupport_introspection_cExport-noconfig.cmake
[15.593s] -- Installing: /home/aakashraawat/colcon_ws/install/unity_robotics_msgs/share/unity_robotics_msgs/cmake/unity_robotics_msgs__rosidl_typesupport_cExport.cmake
[15.593s] -- Installing: /home/aakashraawat/colcon_ws/install/unity_robotics_msgs/share/unity_robotics_msgs/cmake/unity_robotics_msgs__rosidl_typesupport_cExport-noconfig.cmake
[15.594s] -- Installing: /home/aakashraawat/colcon_ws/install/unity_robotics_msgs/share/unity_robotics_msgs/cmake/unity_robotics_msgs__rosidl_generator_cppExport.cmake
[15.594s] -- Installing: /home/aakashraawat/colcon_ws/install/unity_robotics_msgs/share/unity_robotics_msgs/cmake/unity_robotics_msgs__rosidl_typesupport_introspection_cppExport.cmake
[15.594s] -- Installing: /home/aakashraawat/colcon_ws/install/unity_robotics_msgs/share/unity_robotics_msgs/cmake/unity_robotics_msgs__rosidl_typesupport_introspection_cppExport-noconfig.cmake
[15.594s] -- Installing: /home/aakashraawat/colcon_ws/install/unity_robotics_msgs/share/unity_robotics_msgs/cmake/unity_robotics_msgs__rosidl_typesupport_cppExport.cmake
[15.594s] -- Installing: /home/aakashraawat/colcon_ws/install/unity_robotics_msgs/share/unity_robotics_msgs/cmake/unity_robotics_msgs__rosidl_typesupport_cppExport-noconfig.cmake
[15.594s] -- Installing: /home/aakashraawat/colcon_ws/install/unity_robotics_msgs/share/unity_robotics_msgs/cmake/rosidl_cmake-extras.cmake
[15.594s] -- Installing: /home/aakashraawat/colcon_ws/install/unity_robotics_msgs/share/unity_robotics_msgs/cmake/ament_cmake_export_dependencies-extras.cmake
[15.594s] -- Installing: /home/aakashraawat/colcon_ws/install/unity_robotics_msgs/share/unity_robotics_msgs/cmake/ament_cmake_export_libraries-extras.cmake
[15.595s] -- Installing: /home/aakashraawat/colcon_ws/install/unity_robotics_msgs/share/unity_robotics_msgs/cmake/ament_cmake_export_targets-extras.cmake
[15.595s] -- Installing: /home/aakashraawat/colcon_ws/install/unity_robotics_msgs/share/unity_robotics_msgs/cmake/ament_cmake_export_include_directories-extras.cmake
[15.595s] -- Installing: /home/aakashraawat/colcon_ws/install/unity_robotics_msgs/share/unity_robotics_msgs/cmake/rosidl_cmake_export_typesupport_libraries-extras.cmake
[15.595s] -- Installing: /home/aakashraawat/colcon_ws/install/unity_robotics_msgs/share/unity_robotics_msgs/cmake/rosidl_cmake_export_typesupport_targets-extras.cmake
[15.595s] -- Installing: /home/aakashraawat/colcon_ws/install/unity_robotics_msgs/share/unity_robotics_msgs/cmake/unity_robotics_msgsConfig.cmake
[15.595s] -- Installing: /home/aakashraawat/colcon_ws/install/unity_robotics_msgs/share/unity_robotics_msgs/cmake/unity_robotics_msgsConfig-version.cmake
[15.595s] -- Installing: /home/aakashraawat/colcon_ws/install/unity_robotics_msgs/share/unity_robotics_msgs/package.xml
[15.597s] Invoked command in '/home/aakashraawat/colcon_ws/build/unity_robotics_msgs' returned '0': CMAKE_PREFIX_PATH=/opt/ros/foxy /usr/bin/cmake --install /home/aakashraawat/colcon_ws/build/unity_robotics_msgs
