[ 33%] Built target gtest_main
[ 66%] Built target gtest
[100%] Built target test_bullet
-- Install configuration: ""
-- Up-to-date: /home/aakashraawat/colcon_ws/install/tf2_bullet/include/tf2_bullet
-- Up-to-date: /home/aakashraawat/colcon_ws/install/tf2_bullet/include/tf2_bullet/tf2_bullet
-- Up-to-date: /home/aakashraawat/colcon_ws/install/tf2_bullet/include/tf2_bullet/tf2_bullet/tf2_bullet.h
-- Up-to-date: /home/aakashraawat/colcon_ws/install/tf2_bullet/include/tf2_bullet/tf2_bullet.h
-- Up-to-date: /home/aakashraawat/colcon_ws/install/tf2_bullet/share/tf2_bullet/environment/library_path.sh
-- Up-to-date: /home/aakashraawat/colcon_ws/install/tf2_bullet/share/tf2_bullet/environment/library_path.dsv
-- Up-to-date: /home/aakashraawat/colcon_ws/install/tf2_bullet/share/ament_index/resource_index/package_run_dependencies/tf2_bullet
-- Up-to-date: /home/aakashraawat/colcon_ws/install/tf2_bullet/share/ament_index/resource_index/parent_prefix_path/tf2_bullet
-- Up-to-date: /home/aakashraawat/colcon_ws/install/tf2_bullet/share/tf2_bullet/environment/ament_prefix_path.sh
-- Up-to-date: /home/aakashraawat/colcon_ws/install/tf2_bullet/share/tf2_bullet/environment/ament_prefix_path.dsv
-- Up-to-date: /home/aakashraawat/colcon_ws/install/tf2_bullet/share/tf2_bullet/environment/path.sh
-- Up-to-date: /home/aakashraawat/colcon_ws/install/tf2_bullet/share/tf2_bullet/environment/path.dsv
-- Up-to-date: /home/aakashraawat/colcon_ws/install/tf2_bullet/share/tf2_bullet/local_setup.bash
-- Up-to-date: /home/aakashraawat/colcon_ws/install/tf2_bullet/share/tf2_bullet/local_setup.sh
-- Up-to-date: /home/aakashraawat/colcon_ws/install/tf2_bullet/share/tf2_bullet/local_setup.zsh
-- Up-to-date: /home/aakashraawat/colcon_ws/install/tf2_bullet/share/tf2_bullet/local_setup.dsv
-- Installing: /home/aakashraawat/colcon_ws/install/tf2_bullet/share/tf2_bullet/package.dsv
-- Up-to-date: /home/aakashraawat/colcon_ws/install/tf2_bullet/share/ament_index/resource_index/packages/tf2_bullet
-- Up-to-date: /home/aakashraawat/colcon_ws/install/tf2_bullet/share/tf2_bullet/cmake/ament_cmake_export_include_directories-extras.cmake
-- Up-to-date: /home/aakashraawat/colcon_ws/install/tf2_bullet/share/tf2_bullet/cmake/ament_cmake_export_libraries-extras.cmake
-- Up-to-date: /home/aakashraawat/colcon_ws/install/tf2_bullet/share/tf2_bullet/cmake/tf2_bulletConfig.cmake
-- Up-to-date: /home/aakashraawat/colcon_ws/install/tf2_bullet/share/tf2_bullet/cmake/tf2_bulletConfig-version.cmake
-- Up-to-date: /home/aakashraawat/colcon_ws/install/tf2_bullet/share/tf2_bullet/package.xml
