[0.087s] Invoking command in '/home/aakashraawat/colcon_ws/build/tf2_eigen_kdl': AMENT_PREFIX_PATH=/home/aakashraawat/colcon_ws/install/tf2:${AMENT_PREFIX_PATH} CMAKE_PREFIX_PATH=/home/aakashraawat/colcon_ws/install/tf2:/home/aakashraawat/colcon_ws/install/unity_robotics_msgs:/home/aakashraawat/colcon_ws/install/simulink_subscriber:/home/aakashraawat/colcon_ws/install/unity_robotics_demo:/home/aakashraawat/colcon_ws/install/ros_tcp_endpoint:/home/aakashraawat/colcon_ws/install/py_pubsub:/opt/ros/foxy LD_LIBRARY_PATH=/home/aakashraawat/colcon_ws/install/tf2/lib:${LD_LIBRARY_PATH} /usr/bin/cmake /home/aakashraawat/colcon_ws/src/geometry2/tf2_eigen_kdl -DCMAKE_INSTALL_PREFIX=/home/aakashraawat/colcon_ws/install/tf2_eigen_kdl
[0.218s] -- The C compiler identification is GNU 9.4.0
[0.408s] -- The CXX compiler identification is GNU 9.4.0
[0.500s] -- Check for working C compiler: /usr/bin/cc
[0.617s] -- Check for working C compiler: /usr/bin/cc -- works
[0.617s] -- Detecting C compiler ABI info
[0.723s] -- Detecting C compiler ABI info - done
[0.733s] -- Detecting C compile features
[0.734s] -- Detecting C compile features - done
[0.736s] -- Check for working CXX compiler: /usr/bin/c++
[0.852s] -- Check for working CXX compiler: /usr/bin/c++ -- works
[0.854s] -- Detecting CXX compiler ABI info
[0.981s] -- Detecting CXX compiler ABI info - done
[0.991s] -- Detecting CXX compile features
[0.991s] -- Detecting CXX compile features - done
[0.993s] -- Found ament_cmake: 0.9.12 (/opt/ros/foxy/share/ament_cmake/cmake)
[1.016s] -- Found PythonInterp: /usr/bin/python3 (found suitable version "3.8.10", minimum required is "3") 
[1.016s] -- Using PYTHON_EXECUTABLE: /usr/bin/python3
[1.187s] -- Found eigen3_cmake_module: 0.1.1 (/opt/ros/foxy/share/eigen3_cmake_module/cmake)
[1.191s] -- Found Eigen3: TRUE (found version "3.3.7") 
[1.196s] -- Found tf2: 0.13.14 (/home/aakashraawat/colcon_ws/install/tf2/share/tf2/cmake)
[1.401s] -- Using all available rosidl_typesupport_c: rosidl_typesupport_fastrtps_c;rosidl_typesupport_introspection_c
[1.409s] -- Found rosidl_adapter: 1.3.1 (/opt/ros/foxy/share/rosidl_adapter/cmake)
[2.363s] -- Found OpenSSL: /usr/lib/x86_64-linux-gnu/libcrypto.so (found version "1.1.1f")  
[3.035s] -- Found FastRTPS: /opt/ros/foxy/include  
[4.206s] -- Using all available rosidl_typesupport_cpp: rosidl_typesupport_fastrtps_cpp;rosidl_typesupport_introspection_cpp
[4.307s] -- Found ament_lint_auto: 0.9.8 (/opt/ros/foxy/share/ament_lint_auto/cmake)
[4.374s] -- Found gtest sources under '/opt/ros/foxy/src/gtest_vendor': C++ tests using 'Google Test' will be built
[4.377s] -- Looking for pthread.h
[4.527s] -- Looking for pthread.h - found
[4.527s] -- Performing Test CMAKE_HAVE_LIBC_PTHREAD
[4.675s] -- Performing Test CMAKE_HAVE_LIBC_PTHREAD - Failed
[4.675s] -- Check if compiler accepts -pthread
[4.828s] -- Check if compiler accepts -pthread - yes
[4.829s] -- Found Threads: TRUE  
[4.834s] -- Added test 'copyright' to check source files copyright and LICENSE
[4.836s] -- Added test 'cppcheck' to perform static code analysis on C / C++ code
[4.836s] -- Configured cppcheck include dirs: $<BUILD_INTERFACE:/home/aakashraawat/colcon_ws/src/geometry2/tf2_eigen_kdl/include>
[4.836s] -- Configured cppcheck exclude dirs and/or files: 
[4.837s] -- Added test 'cpplint' to check C / C++ code against the Google style
[4.837s] -- Configured cpplint exclude dirs and/or files: 
[4.837s] -- Added test 'lint_cmake' to check CMake code style
[4.838s] -- Added test 'uncrustify' to check C / C++ code style
[4.838s] -- Configured uncrustify additional arguments: 
[4.839s] -- Added test 'xmllint' to check XML markup files
[4.842s] -- Configuring done
[4.853s] -- Generating done
[4.855s] -- Build files have been written to: /home/aakashraawat/colcon_ws/build/tf2_eigen_kdl
[4.873s] Invoked command in '/home/aakashraawat/colcon_ws/build/tf2_eigen_kdl' returned '0': AMENT_PREFIX_PATH=/home/aakashraawat/colcon_ws/install/tf2:${AMENT_PREFIX_PATH} CMAKE_PREFIX_PATH=/home/aakashraawat/colcon_ws/install/tf2:/home/aakashraawat/colcon_ws/install/unity_robotics_msgs:/home/aakashraawat/colcon_ws/install/simulink_subscriber:/home/aakashraawat/colcon_ws/install/unity_robotics_demo:/home/aakashraawat/colcon_ws/install/ros_tcp_endpoint:/home/aakashraawat/colcon_ws/install/py_pubsub:/opt/ros/foxy LD_LIBRARY_PATH=/home/aakashraawat/colcon_ws/install/tf2/lib:${LD_LIBRARY_PATH} /usr/bin/cmake /home/aakashraawat/colcon_ws/src/geometry2/tf2_eigen_kdl -DCMAKE_INSTALL_PREFIX=/home/aakashraawat/colcon_ws/install/tf2_eigen_kdl
[4.876s] Invoking command in '/home/aakashraawat/colcon_ws/build/tf2_eigen_kdl': AMENT_PREFIX_PATH=/home/aakashraawat/colcon_ws/install/tf2:${AMENT_PREFIX_PATH} CMAKE_PREFIX_PATH=/home/aakashraawat/colcon_ws/install/tf2:/home/aakashraawat/colcon_ws/install/unity_robotics_msgs:/home/aakashraawat/colcon_ws/install/simulink_subscriber:/home/aakashraawat/colcon_ws/install/unity_robotics_demo:/home/aakashraawat/colcon_ws/install/ros_tcp_endpoint:/home/aakashraawat/colcon_ws/install/py_pubsub:/opt/ros/foxy LD_LIBRARY_PATH=/home/aakashraawat/colcon_ws/install/tf2/lib:${LD_LIBRARY_PATH} /usr/bin/cmake --build /home/aakashraawat/colcon_ws/build/tf2_eigen_kdl -- -j20 -l20
[4.915s] [35m[1mScanning dependencies of target gtest[0m
[4.915s] [35m[1mScanning dependencies of target gtest_main[0m
[4.915s] [35m[1mScanning dependencies of target tf2_eigen_kdl[0m
[4.938s] [ 12%] [32mBuilding CXX object gtest/CMakeFiles/gtest_main.dir/src/gtest_main.cc.o[0m
[4.939s] [ 25%] [32mBuilding CXX object gtest/CMakeFiles/gtest.dir/src/gtest-all.cc.o[0m
[5.040s] [ 37%] [32mBuilding CXX object CMakeFiles/tf2_eigen_kdl.dir/src/tf2_eigen_kdl.cpp.o[0m
[5.807s] [ 50%] [32m[1mLinking CXX static library libgtest_main.a[0m
[5.846s] [ 50%] Built target gtest_main
[6.156s] [ 62%] [32m[1mLinking CXX shared library libtf2_eigen_kdl.so[0m
[6.323s] [ 62%] Built target tf2_eigen_kdl
[7.996s] [ 75%] [32m[1mLinking CXX static library libgtest.a[0m
[8.043s] [ 75%] Built target gtest
[8.052s] [35m[1mScanning dependencies of target tf2_eigen_kdl_test[0m
[8.087s] [ 87%] [32mBuilding CXX object CMakeFiles/tf2_eigen_kdl_test.dir/test/tf2_eigen_kdl_test.cpp.o[0m
[11.363s] [100%] [32m[1mLinking CXX executable tf2_eigen_kdl_test[0m
[11.650s] [100%] Built target tf2_eigen_kdl_test
[11.662s] Invoked command in '/home/aakashraawat/colcon_ws/build/tf2_eigen_kdl' returned '0': AMENT_PREFIX_PATH=/home/aakashraawat/colcon_ws/install/tf2:${AMENT_PREFIX_PATH} CMAKE_PREFIX_PATH=/home/aakashraawat/colcon_ws/install/tf2:/home/aakashraawat/colcon_ws/install/unity_robotics_msgs:/home/aakashraawat/colcon_ws/install/simulink_subscriber:/home/aakashraawat/colcon_ws/install/unity_robotics_demo:/home/aakashraawat/colcon_ws/install/ros_tcp_endpoint:/home/aakashraawat/colcon_ws/install/py_pubsub:/opt/ros/foxy LD_LIBRARY_PATH=/home/aakashraawat/colcon_ws/install/tf2/lib:${LD_LIBRARY_PATH} /usr/bin/cmake --build /home/aakashraawat/colcon_ws/build/tf2_eigen_kdl -- -j20 -l20
[11.687s] Invoking command in '/home/aakashraawat/colcon_ws/build/tf2_eigen_kdl': AMENT_PREFIX_PATH=/home/aakashraawat/colcon_ws/install/tf2:${AMENT_PREFIX_PATH} CMAKE_PREFIX_PATH=/home/aakashraawat/colcon_ws/install/tf2:/home/aakashraawat/colcon_ws/install/unity_robotics_msgs:/home/aakashraawat/colcon_ws/install/simulink_subscriber:/home/aakashraawat/colcon_ws/install/unity_robotics_demo:/home/aakashraawat/colcon_ws/install/ros_tcp_endpoint:/home/aakashraawat/colcon_ws/install/py_pubsub:/opt/ros/foxy LD_LIBRARY_PATH=/home/aakashraawat/colcon_ws/install/tf2/lib:${LD_LIBRARY_PATH} /usr/bin/cmake --install /home/aakashraawat/colcon_ws/build/tf2_eigen_kdl
[11.694s] -- Install configuration: ""
[11.694s] -- Installing: /home/aakashraawat/colcon_ws/install/tf2_eigen_kdl/include/tf2_eigen_kdl
[11.694s] -- Installing: /home/aakashraawat/colcon_ws/install/tf2_eigen_kdl/include/tf2_eigen_kdl/visibility_control.h
[11.694s] -- Installing: /home/aakashraawat/colcon_ws/install/tf2_eigen_kdl/include/tf2_eigen_kdl/tf2_eigen_kdl.hpp
[11.695s] -- Installing: /home/aakashraawat/colcon_ws/install/tf2_eigen_kdl/lib/libtf2_eigen_kdl.so
[11.695s] -- Set runtime path of "/home/aakashraawat/colcon_ws/install/tf2_eigen_kdl/lib/libtf2_eigen_kdl.so" to ""
[11.695s] -- Installing: /home/aakashraawat/colcon_ws/install/tf2_eigen_kdl/share/tf2_eigen_kdl/environment/library_path.sh
[11.696s] -- Installing: /home/aakashraawat/colcon_ws/install/tf2_eigen_kdl/share/tf2_eigen_kdl/environment/library_path.dsv
[11.696s] -- Installing: /home/aakashraawat/colcon_ws/install/tf2_eigen_kdl/share/ament_index/resource_index/package_run_dependencies/tf2_eigen_kdl
[11.696s] -- Installing: /home/aakashraawat/colcon_ws/install/tf2_eigen_kdl/share/ament_index/resource_index/parent_prefix_path/tf2_eigen_kdl
[11.696s] -- Installing: /home/aakashraawat/colcon_ws/install/tf2_eigen_kdl/share/tf2_eigen_kdl/environment/ament_prefix_path.sh
[11.697s] -- Installing: /home/aakashraawat/colcon_ws/install/tf2_eigen_kdl/share/tf2_eigen_kdl/environment/ament_prefix_path.dsv
[11.697s] -- Installing: /home/aakashraawat/colcon_ws/install/tf2_eigen_kdl/share/tf2_eigen_kdl/environment/path.sh
[11.697s] -- Installing: /home/aakashraawat/colcon_ws/install/tf2_eigen_kdl/share/tf2_eigen_kdl/environment/path.dsv
[11.697s] -- Installing: /home/aakashraawat/colcon_ws/install/tf2_eigen_kdl/share/tf2_eigen_kdl/local_setup.bash
[11.697s] -- Installing: /home/aakashraawat/colcon_ws/install/tf2_eigen_kdl/share/tf2_eigen_kdl/local_setup.sh
[11.698s] -- Installing: /home/aakashraawat/colcon_ws/install/tf2_eigen_kdl/share/tf2_eigen_kdl/local_setup.zsh
[11.698s] -- Installing: /home/aakashraawat/colcon_ws/install/tf2_eigen_kdl/share/tf2_eigen_kdl/local_setup.dsv
[11.698s] -- Installing: /home/aakashraawat/colcon_ws/install/tf2_eigen_kdl/share/tf2_eigen_kdl/package.dsv
[11.698s] -- Installing: /home/aakashraawat/colcon_ws/install/tf2_eigen_kdl/share/ament_index/resource_index/packages/tf2_eigen_kdl
[11.698s] -- Installing: /home/aakashraawat/colcon_ws/install/tf2_eigen_kdl/share/tf2_eigen_kdl/cmake/tf2_eigen_kdlExport.cmake
[11.698s] -- Installing: /home/aakashraawat/colcon_ws/install/tf2_eigen_kdl/share/tf2_eigen_kdl/cmake/tf2_eigen_kdlExport-noconfig.cmake
[11.698s] -- Installing: /home/aakashraawat/colcon_ws/install/tf2_eigen_kdl/share/tf2_eigen_kdl/cmake/ament_cmake_export_include_directories-extras.cmake
[11.699s] -- Installing: /home/aakashraawat/colcon_ws/install/tf2_eigen_kdl/share/tf2_eigen_kdl/cmake/ament_cmake_export_dependencies-extras.cmake
[11.699s] -- Installing: /home/aakashraawat/colcon_ws/install/tf2_eigen_kdl/share/tf2_eigen_kdl/cmake/ament_cmake_export_libraries-extras.cmake
[11.699s] -- Installing: /home/aakashraawat/colcon_ws/install/tf2_eigen_kdl/share/tf2_eigen_kdl/cmake/ament_cmake_export_targets-extras.cmake
[11.699s] -- Installing: /home/aakashraawat/colcon_ws/install/tf2_eigen_kdl/share/tf2_eigen_kdl/cmake/tf2_eigen_kdlConfig.cmake
[11.699s] -- Installing: /home/aakashraawat/colcon_ws/install/tf2_eigen_kdl/share/tf2_eigen_kdl/cmake/tf2_eigen_kdlConfig-version.cmake
[11.700s] -- Installing: /home/aakashraawat/colcon_ws/install/tf2_eigen_kdl/share/tf2_eigen_kdl/package.xml
[11.702s] Invoked command in '/home/aakashraawat/colcon_ws/build/tf2_eigen_kdl' returned '0': AMENT_PREFIX_PATH=/home/aakashraawat/colcon_ws/install/tf2:${AMENT_PREFIX_PATH} CMAKE_PREFIX_PATH=/home/aakashraawat/colcon_ws/install/tf2:/home/aakashraawat/colcon_ws/install/unity_robotics_msgs:/home/aakashraawat/colcon_ws/install/simulink_subscriber:/home/aakashraawat/colcon_ws/install/unity_robotics_demo:/home/aakashraawat/colcon_ws/install/ros_tcp_endpoint:/home/aakashraawat/colcon_ws/install/py_pubsub:/opt/ros/foxy LD_LIBRARY_PATH=/home/aakashraawat/colcon_ws/install/tf2/lib:${LD_LIBRARY_PATH} /usr/bin/cmake --install /home/aakashraawat/colcon_ws/build/tf2_eigen_kdl
