-- The C compiler identification is GNU 9.4.0
-- The CXX compiler identification is GNU 9.4.0
-- Check for working C compiler: /usr/bin/cc
-- Check for working C compiler: /usr/bin/cc -- works
-- Detecting C compiler ABI info
-- Detecting C compiler ABI info - done
-- Detecting C compile features
-- Detecting C compile features - done
-- Check for working CXX compiler: /usr/bin/c++
-- Check for working CXX compiler: /usr/bin/c++ -- works
-- Detecting CXX compiler ABI info
-- Detecting CXX compiler ABI info - done
-- Detecting CXX compile features
-- Detecting CXX compile features - done
-- Found ament_cmake: 0.9.12 (/opt/ros/foxy/share/ament_cmake/cmake)
-- Found PythonInterp: /usr/bin/python3 (found suitable version "3.8.10", minimum required is "3") 
-- Using PYTHON_EXECUTABLE: /usr/bin/python3
-- Found geometry_msgs: 2.0.5 (/opt/ros/foxy/share/geometry_msgs/cmake)
-- Using all available rosidl_typesupport_c: rosidl_typesupport_fastrtps_c;rosidl_typesupport_introspection_c
-- Found rosidl_adapter: 1.3.1 (/opt/ros/foxy/share/rosidl_adapter/cmake)
-- Found OpenSSL: /usr/lib/x86_64-linux-gnu/libcrypto.so (found version "1.1.1f")  
-- Found FastRTPS: /opt/ros/foxy/include  
-- Using all available rosidl_typesupport_cpp: rosidl_typesupport_fastrtps_cpp;rosidl_typesupport_introspection_cpp
-- Found tf2: 0.13.14 (/home/aakashraawat/colcon_ws/install/tf2/share/tf2/cmake)
-- Found python_cmake_module: 0.8.1 (/opt/ros/foxy/share/python_cmake_module/cmake)
-- Found PythonInterp: /usr/bin/python3 (found suitable version "3.8.10", minimum required is "3.5") 
-- Found PythonLibs: /usr/lib/x86_64-linux-gnu/libpython3.8.so (found suitable version "3.8.10", minimum required is "3.5") 
-- Using PYTHON_EXECUTABLE: /usr/bin/python3
-- Using PYTHON_INCLUDE_DIRS: /usr/include/python3.8
-- Using PYTHON_LIBRARIES: /usr/lib/x86_64-linux-gnu/libpython3.8.so
-- Found PythonExtra: .so  
-- Found ament_lint_auto: 0.9.8 (/opt/ros/foxy/share/ament_lint_auto/cmake)
-- Added test 'cppcheck' to perform static code analysis on C / C++ code
-- Configured cppcheck include dirs: /home/aakashraawat/colcon_ws/src/geometry2/tf2_py/include
-- Configured cppcheck exclude dirs and/or files: 
-- Added test 'flake8' to check Python code syntax and style conventions
-- Added test 'lint_cmake' to check CMake code style
-- Added test 'pep257' to check Python code against some of the style conventions in PEP 257
-- Added test 'uncrustify' to check C / C++ code style
-- Configured uncrustify additional arguments: 
-- Added test 'xmllint' to check XML markup files
-- Configuring done
-- Generating done
-- Build files have been written to: /home/aakashraawat/colcon_ws/build/tf2_py
[35m[1mScanning dependencies of target tf2_py[0m
[ 50%] [32mBuilding CXX object CMakeFiles/tf2_py.dir/src/tf2_py.cpp.o[0m
[100%] [32m[1mLinking CXX shared library test_tf2_py/_tf2_py.cpython-38-x86_64-linux-gnu.so[0m
[100%] Built target tf2_py
-- Install configuration: ""
-- Installing: /home/aakashraawat/colcon_ws/install/tf2_py/share/tf2_py/environment/pythonpath.sh
-- Installing: /home/aakashraawat/colcon_ws/install/tf2_py/share/tf2_py/environment/pythonpath.dsv
-- Installing: /home/aakashraawat/colcon_ws/install/tf2_py/lib/python3.8/site-packages/tf2_py
-- Installing: /home/aakashraawat/colcon_ws/install/tf2_py/lib/python3.8/site-packages/tf2_py/__init__.py
Listing '/home/aakashraawat/colcon_ws/install/tf2_py/lib/python3.8/site-packages/tf2_py'...
Compiling '/home/aakashraawat/colcon_ws/install/tf2_py/lib/python3.8/site-packages/tf2_py/__init__.py'...
-- Installing: /home/aakashraawat/colcon_ws/install/tf2_py/lib/python3.8/site-packages/tf2_py/_tf2_py.cpython-38-x86_64-linux-gnu.so
-- Set runtime path of "/home/aakashraawat/colcon_ws/install/tf2_py/lib/python3.8/site-packages/tf2_py/_tf2_py.cpython-38-x86_64-linux-gnu.so" to ""
-- Installing: /home/aakashraawat/colcon_ws/install/tf2_py/share/ament_index/resource_index/package_run_dependencies/tf2_py
-- Installing: /home/aakashraawat/colcon_ws/install/tf2_py/share/ament_index/resource_index/parent_prefix_path/tf2_py
-- Installing: /home/aakashraawat/colcon_ws/install/tf2_py/share/tf2_py/environment/ament_prefix_path.sh
-- Installing: /home/aakashraawat/colcon_ws/install/tf2_py/share/tf2_py/environment/ament_prefix_path.dsv
-- Installing: /home/aakashraawat/colcon_ws/install/tf2_py/share/tf2_py/environment/path.sh
-- Installing: /home/aakashraawat/colcon_ws/install/tf2_py/share/tf2_py/environment/path.dsv
-- Installing: /home/aakashraawat/colcon_ws/install/tf2_py/share/tf2_py/local_setup.bash
-- Installing: /home/aakashraawat/colcon_ws/install/tf2_py/share/tf2_py/local_setup.sh
-- Installing: /home/aakashraawat/colcon_ws/install/tf2_py/share/tf2_py/local_setup.zsh
-- Installing: /home/aakashraawat/colcon_ws/install/tf2_py/share/tf2_py/local_setup.dsv
-- Installing: /home/aakashraawat/colcon_ws/install/tf2_py/share/tf2_py/package.dsv
-- Installing: /home/aakashraawat/colcon_ws/install/tf2_py/share/ament_index/resource_index/packages/tf2_py
-- Installing: /home/aakashraawat/colcon_ws/install/tf2_py/share/tf2_py/cmake/tf2_pyConfig.cmake
-- Installing: /home/aakashraawat/colcon_ws/install/tf2_py/share/tf2_py/cmake/tf2_pyConfig-version.cmake
-- Installing: /home/aakashraawat/colcon_ws/install/tf2_py/share/tf2_py/package.xml
