[0.355s] Invoking command in '/home/aakashraawat/colcon_ws/build/tf2_geometry_msgs': AMENT_PREFIX_PATH=/home/aakashraawat/colcon_ws/install/tf2_ros:/home/aakashraawat/colcon_ws/install/tf2_py:/home/aakashraawat/colcon_ws/install/tf2_msgs:/home/aakashraawat/colcon_ws/install/tf2:${AMENT_PREFIX_PATH} CMAKE_PREFIX_PATH=/home/aakashraawat/colcon_ws/install/tf2_ros:/home/aakashraawat/colcon_ws/install/tf2_py:/home/aakashraawat/colcon_ws/install/tf2_msgs:/home/aakashraawat/colcon_ws/install/tf2:/home/aakashraawat/colcon_ws/install/unity_robotics_msgs:/home/aakashraawat/colcon_ws/install/simulink_subscriber:/home/aakashraawat/colcon_ws/install/unity_robotics_demo:/home/aakashraawat/colcon_ws/install/ros_tcp_endpoint:/home/aakashraawat/colcon_ws/install/py_pubsub:/opt/ros/foxy LD_LIBRARY_PATH=/home/aakashraawat/colcon_ws/install/tf2_ros/lib:/home/aakashraawat/colcon_ws/install/tf2_msgs/lib:/home/aakashraawat/colcon_ws/install/tf2/lib:${LD_LIBRARY_PATH} PYTHONPATH=/home/aakashraawat/colcon_ws/install/tf2_ros/lib/python3.8/site-packages:/home/aakashraawat/colcon_ws/install/tf2_py/lib/python3.8/site-packages:/home/aakashraawat/colcon_ws/install/tf2_msgs/lib/python3.8/site-packages:${PYTHONPATH} /usr/bin/cmake /home/aakashraawat/colcon_ws/src/geometry2/tf2_geometry_msgs -DCMAKE_INSTALL_PREFIX=/home/aakashraawat/colcon_ws/install/tf2_geometry_msgs
[0.506s] -- The C compiler identification is GNU 9.4.0
[0.730s] -- The CXX compiler identification is GNU 9.4.0
[0.850s] -- Check for working C compiler: /usr/bin/cc
[0.995s] -- Check for working C compiler: /usr/bin/cc -- works
[0.996s] -- Detecting C compiler ABI info
[1.139s] -- Detecting C compiler ABI info - done
[1.150s] -- Detecting C compile features
[1.150s] -- Detecting C compile features - done
[1.152s] -- Check for working CXX compiler: /usr/bin/c++
[1.303s] -- Check for working CXX compiler: /usr/bin/c++ -- works
[1.304s] -- Detecting CXX compiler ABI info
[1.453s] -- Detecting CXX compiler ABI info - done
[1.463s] -- Detecting CXX compile features
[1.464s] -- Detecting CXX compile features - done
[1.466s] -- Found ament_cmake_auto: 0.9.12 (/opt/ros/foxy/share/ament_cmake_auto/cmake)
[1.493s] -- Found PythonInterp: /usr/bin/python3 (found suitable version "3.8.10", minimum required is "3") 
[1.493s] -- Using PYTHON_EXECUTABLE: /usr/bin/python3
[1.996s] -- Using all available rosidl_typesupport_c: rosidl_typesupport_fastrtps_c;rosidl_typesupport_introspection_c
[2.004s] -- Found rosidl_adapter: 1.3.1 (/opt/ros/foxy/share/rosidl_adapter/cmake)
[2.787s] -- Found OpenSSL: /usr/lib/x86_64-linux-gnu/libcrypto.so (found version "1.1.1f")  
[3.560s] -- Found FastRTPS: /opt/ros/foxy/include  
[4.799s] -- Using all available rosidl_typesupport_cpp: rosidl_typesupport_fastrtps_cpp;rosidl_typesupport_introspection_cpp
[4.887s] -- Found eigen3_cmake_module: 0.1.1 (/opt/ros/foxy/share/eigen3_cmake_module/cmake)
[4.889s] -- Found Eigen3: TRUE (found version "3.3.7") 
[4.960s] -- Found rmw_implementation_cmake: 1.0.4 (/opt/ros/foxy/share/rmw_implementation_cmake/cmake)
[4.962s] -- Using RMW implementation 'rmw_fastrtps_cpp' as default
[4.963s] -- Looking for pthread.h
[5.119s] -- Looking for pthread.h - found
[5.119s] -- Performing Test CMAKE_HAVE_LIBC_PTHREAD
[5.254s] -- Performing Test CMAKE_HAVE_LIBC_PTHREAD - Failed
[5.254s] -- Looking for pthread_create in pthreads
[5.380s] -- Looking for pthread_create in pthreads - not found
[5.380s] -- Looking for pthread_create in pthread
[5.516s] -- Looking for pthread_create in pthread - found
[5.517s] -- Found Threads: TRUE  
[6.003s] -- Found ament_cmake_gtest: 0.9.12 (/opt/ros/foxy/share/ament_cmake_gtest/cmake)
[6.005s] -- Found ament_cmake_pytest: 0.9.12 (/opt/ros/foxy/share/ament_cmake_pytest/cmake)
[6.626s] -- Found gtest sources under '/opt/ros/foxy/src/gtest_vendor': C++ tests using 'Google Test' will be built
[6.630s] -- Check if compiler accepts -pthread
[6.811s] -- Check if compiler accepts -pthread - yes
[6.826s] -- Configuring done
[6.841s] -- Generating done
[6.843s] -- Build files have been written to: /home/aakashraawat/colcon_ws/build/tf2_geometry_msgs
[6.862s] Invoked command in '/home/aakashraawat/colcon_ws/build/tf2_geometry_msgs' returned '0': AMENT_PREFIX_PATH=/home/aakashraawat/colcon_ws/install/tf2_ros:/home/aakashraawat/colcon_ws/install/tf2_py:/home/aakashraawat/colcon_ws/install/tf2_msgs:/home/aakashraawat/colcon_ws/install/tf2:${AMENT_PREFIX_PATH} CMAKE_PREFIX_PATH=/home/aakashraawat/colcon_ws/install/tf2_ros:/home/aakashraawat/colcon_ws/install/tf2_py:/home/aakashraawat/colcon_ws/install/tf2_msgs:/home/aakashraawat/colcon_ws/install/tf2:/home/aakashraawat/colcon_ws/install/unity_robotics_msgs:/home/aakashraawat/colcon_ws/install/simulink_subscriber:/home/aakashraawat/colcon_ws/install/unity_robotics_demo:/home/aakashraawat/colcon_ws/install/ros_tcp_endpoint:/home/aakashraawat/colcon_ws/install/py_pubsub:/opt/ros/foxy LD_LIBRARY_PATH=/home/aakashraawat/colcon_ws/install/tf2_ros/lib:/home/aakashraawat/colcon_ws/install/tf2_msgs/lib:/home/aakashraawat/colcon_ws/install/tf2/lib:${LD_LIBRARY_PATH} PYTHONPATH=/home/aakashraawat/colcon_ws/install/tf2_ros/lib/python3.8/site-packages:/home/aakashraawat/colcon_ws/install/tf2_py/lib/python3.8/site-packages:/home/aakashraawat/colcon_ws/install/tf2_msgs/lib/python3.8/site-packages:${PYTHONPATH} /usr/bin/cmake /home/aakashraawat/colcon_ws/src/geometry2/tf2_geometry_msgs -DCMAKE_INSTALL_PREFIX=/home/aakashraawat/colcon_ws/install/tf2_geometry_msgs
[6.866s] Invoking command in '/home/aakashraawat/colcon_ws/build/tf2_geometry_msgs': AMENT_PREFIX_PATH=/home/aakashraawat/colcon_ws/install/tf2_ros:/home/aakashraawat/colcon_ws/install/tf2_py:/home/aakashraawat/colcon_ws/install/tf2_msgs:/home/aakashraawat/colcon_ws/install/tf2:${AMENT_PREFIX_PATH} CMAKE_PREFIX_PATH=/home/aakashraawat/colcon_ws/install/tf2_ros:/home/aakashraawat/colcon_ws/install/tf2_py:/home/aakashraawat/colcon_ws/install/tf2_msgs:/home/aakashraawat/colcon_ws/install/tf2:/home/aakashraawat/colcon_ws/install/unity_robotics_msgs:/home/aakashraawat/colcon_ws/install/simulink_subscriber:/home/aakashraawat/colcon_ws/install/unity_robotics_demo:/home/aakashraawat/colcon_ws/install/ros_tcp_endpoint:/home/aakashraawat/colcon_ws/install/py_pubsub:/opt/ros/foxy LD_LIBRARY_PATH=/home/aakashraawat/colcon_ws/install/tf2_ros/lib:/home/aakashraawat/colcon_ws/install/tf2_msgs/lib:/home/aakashraawat/colcon_ws/install/tf2/lib:${LD_LIBRARY_PATH} PYTHONPATH=/home/aakashraawat/colcon_ws/install/tf2_ros/lib/python3.8/site-packages:/home/aakashraawat/colcon_ws/install/tf2_py/lib/python3.8/site-packages:/home/aakashraawat/colcon_ws/install/tf2_msgs/lib/python3.8/site-packages:${PYTHONPATH} /usr/bin/cmake --build /home/aakashraawat/colcon_ws/build/tf2_geometry_msgs -- -j20 -l20
[6.908s] [35m[1mScanning dependencies of target gtest[0m
[6.915s] [35m[1mScanning dependencies of target gtest_main[0m
[6.927s] [ 16%] [32mBuilding CXX object gtest/CMakeFiles/gtest.dir/src/gtest-all.cc.o[0m
[6.938s] [ 33%] [32mBuilding CXX object gtest/CMakeFiles/gtest_main.dir/src/gtest_main.cc.o[0m
[7.678s] [ 50%] [32m[1mLinking CXX static library libgtest_main.a[0m
[7.718s] [ 50%] Built target gtest_main
[10.398s] [ 66%] [32m[1mLinking CXX static library libgtest.a[0m
[10.451s] [ 66%] Built target gtest
[10.461s] [35m[1mScanning dependencies of target test_tf2_geometry_msgs[0m
[10.506s] [ 83%] [32mBuilding CXX object CMakeFiles/test_tf2_geometry_msgs.dir/test/test_tf2_geometry_msgs.cpp.o[0m
[13.495s] [100%] [32m[1mLinking CXX executable test_tf2_geometry_msgs[0m
[13.983s] [100%] Built target test_tf2_geometry_msgs
[13.995s] Invoked command in '/home/aakashraawat/colcon_ws/build/tf2_geometry_msgs' returned '0': AMENT_PREFIX_PATH=/home/aakashraawat/colcon_ws/install/tf2_ros:/home/aakashraawat/colcon_ws/install/tf2_py:/home/aakashraawat/colcon_ws/install/tf2_msgs:/home/aakashraawat/colcon_ws/install/tf2:${AMENT_PREFIX_PATH} CMAKE_PREFIX_PATH=/home/aakashraawat/colcon_ws/install/tf2_ros:/home/aakashraawat/colcon_ws/install/tf2_py:/home/aakashraawat/colcon_ws/install/tf2_msgs:/home/aakashraawat/colcon_ws/install/tf2:/home/aakashraawat/colcon_ws/install/unity_robotics_msgs:/home/aakashraawat/colcon_ws/install/simulink_subscriber:/home/aakashraawat/colcon_ws/install/unity_robotics_demo:/home/aakashraawat/colcon_ws/install/ros_tcp_endpoint:/home/aakashraawat/colcon_ws/install/py_pubsub:/opt/ros/foxy LD_LIBRARY_PATH=/home/aakashraawat/colcon_ws/install/tf2_ros/lib:/home/aakashraawat/colcon_ws/install/tf2_msgs/lib:/home/aakashraawat/colcon_ws/install/tf2/lib:${LD_LIBRARY_PATH} PYTHONPATH=/home/aakashraawat/colcon_ws/install/tf2_ros/lib/python3.8/site-packages:/home/aakashraawat/colcon_ws/install/tf2_py/lib/python3.8/site-packages:/home/aakashraawat/colcon_ws/install/tf2_msgs/lib/python3.8/site-packages:${PYTHONPATH} /usr/bin/cmake --build /home/aakashraawat/colcon_ws/build/tf2_geometry_msgs -- -j20 -l20
[14.026s] Invoking command in '/home/aakashraawat/colcon_ws/build/tf2_geometry_msgs': AMENT_PREFIX_PATH=/home/aakashraawat/colcon_ws/install/tf2_ros:/home/aakashraawat/colcon_ws/install/tf2_py:/home/aakashraawat/colcon_ws/install/tf2_msgs:/home/aakashraawat/colcon_ws/install/tf2:${AMENT_PREFIX_PATH} CMAKE_PREFIX_PATH=/home/aakashraawat/colcon_ws/install/tf2_ros:/home/aakashraawat/colcon_ws/install/tf2_py:/home/aakashraawat/colcon_ws/install/tf2_msgs:/home/aakashraawat/colcon_ws/install/tf2:/home/aakashraawat/colcon_ws/install/unity_robotics_msgs:/home/aakashraawat/colcon_ws/install/simulink_subscriber:/home/aakashraawat/colcon_ws/install/unity_robotics_demo:/home/aakashraawat/colcon_ws/install/ros_tcp_endpoint:/home/aakashraawat/colcon_ws/install/py_pubsub:/opt/ros/foxy LD_LIBRARY_PATH=/home/aakashraawat/colcon_ws/install/tf2_ros/lib:/home/aakashraawat/colcon_ws/install/tf2_msgs/lib:/home/aakashraawat/colcon_ws/install/tf2/lib:${LD_LIBRARY_PATH} PYTHONPATH=/home/aakashraawat/colcon_ws/install/tf2_ros/lib/python3.8/site-packages:/home/aakashraawat/colcon_ws/install/tf2_py/lib/python3.8/site-packages:/home/aakashraawat/colcon_ws/install/tf2_msgs/lib/python3.8/site-packages:${PYTHONPATH} /usr/bin/cmake --install /home/aakashraawat/colcon_ws/build/tf2_geometry_msgs
[14.033s] -- Install configuration: ""
[14.034s] -- Installing: /home/aakashraawat/colcon_ws/install/tf2_geometry_msgs/share/tf2_geometry_msgs/environment/pythonpath.sh
[14.034s] -- Installing: /home/aakashraawat/colcon_ws/install/tf2_geometry_msgs/share/tf2_geometry_msgs/environment/pythonpath.dsv
[14.034s] -- Installing: /home/aakashraawat/colcon_ws/install/tf2_geometry_msgs/lib/python3.8/site-packages/tf2_geometry_msgs
[14.034s] -- Installing: /home/aakashraawat/colcon_ws/install/tf2_geometry_msgs/lib/python3.8/site-packages/tf2_geometry_msgs/__init__.py
[14.035s] -- Installing: /home/aakashraawat/colcon_ws/install/tf2_geometry_msgs/lib/python3.8/site-packages/tf2_geometry_msgs/tf2_geometry_msgs.py
[14.065s] Listing '/home/aakashraawat/colcon_ws/install/tf2_geometry_msgs/lib/python3.8/site-packages/tf2_geometry_msgs'...
[14.065s] Compiling '/home/aakashraawat/colcon_ws/install/tf2_geometry_msgs/lib/python3.8/site-packages/tf2_geometry_msgs/__init__.py'...
[14.065s] Compiling '/home/aakashraawat/colcon_ws/install/tf2_geometry_msgs/lib/python3.8/site-packages/tf2_geometry_msgs/tf2_geometry_msgs.py'...
[14.070s] -- Installing: /home/aakashraawat/colcon_ws/install/tf2_geometry_msgs/include
[14.070s] -- Installing: /home/aakashraawat/colcon_ws/install/tf2_geometry_msgs/include/tf2_geometry_msgs
[14.070s] -- Installing: /home/aakashraawat/colcon_ws/install/tf2_geometry_msgs/include/tf2_geometry_msgs/tf2_geometry_msgs.h
[14.070s] -- Installing: /home/aakashraawat/colcon_ws/install/tf2_geometry_msgs/share/ament_index/resource_index/package_run_dependencies/tf2_geometry_msgs
[14.071s] -- Installing: /home/aakashraawat/colcon_ws/install/tf2_geometry_msgs/share/ament_index/resource_index/parent_prefix_path/tf2_geometry_msgs
[14.071s] -- Installing: /home/aakashraawat/colcon_ws/install/tf2_geometry_msgs/share/tf2_geometry_msgs/environment/ament_prefix_path.sh
[14.071s] -- Installing: /home/aakashraawat/colcon_ws/install/tf2_geometry_msgs/share/tf2_geometry_msgs/environment/ament_prefix_path.dsv
[14.071s] -- Installing: /home/aakashraawat/colcon_ws/install/tf2_geometry_msgs/share/tf2_geometry_msgs/environment/path.sh
[14.072s] -- Installing: /home/aakashraawat/colcon_ws/install/tf2_geometry_msgs/share/tf2_geometry_msgs/environment/path.dsv
[14.072s] -- Installing: /home/aakashraawat/colcon_ws/install/tf2_geometry_msgs/share/tf2_geometry_msgs/local_setup.bash
[14.072s] -- Installing: /home/aakashraawat/colcon_ws/install/tf2_geometry_msgs/share/tf2_geometry_msgs/local_setup.sh
[14.072s] -- Installing: /home/aakashraawat/colcon_ws/install/tf2_geometry_msgs/share/tf2_geometry_msgs/local_setup.zsh
[14.072s] -- Installing: /home/aakashraawat/colcon_ws/install/tf2_geometry_msgs/share/tf2_geometry_msgs/local_setup.dsv
[14.072s] -- Installing: /home/aakashraawat/colcon_ws/install/tf2_geometry_msgs/share/tf2_geometry_msgs/package.dsv
[14.072s] -- Installing: /home/aakashraawat/colcon_ws/install/tf2_geometry_msgs/share/ament_index/resource_index/packages/tf2_geometry_msgs
[14.072s] -- Installing: /home/aakashraawat/colcon_ws/install/tf2_geometry_msgs/share/tf2_geometry_msgs/cmake/tf2_geometry_msgsExport.cmake
[14.073s] -- Installing: /home/aakashraawat/colcon_ws/install/tf2_geometry_msgs/share/tf2_geometry_msgs/cmake/ament_cmake_export_targets-extras.cmake
[14.073s] -- Installing: /home/aakashraawat/colcon_ws/install/tf2_geometry_msgs/share/tf2_geometry_msgs/cmake/ament_cmake_export_dependencies-extras.cmake
[14.073s] -- Installing: /home/aakashraawat/colcon_ws/install/tf2_geometry_msgs/share/tf2_geometry_msgs/cmake/ament_cmake_export_include_directories-extras.cmake
[14.073s] -- Installing: /home/aakashraawat/colcon_ws/install/tf2_geometry_msgs/share/tf2_geometry_msgs/cmake/tf2_geometry_msgsConfig.cmake
[14.073s] -- Installing: /home/aakashraawat/colcon_ws/install/tf2_geometry_msgs/share/tf2_geometry_msgs/cmake/tf2_geometry_msgsConfig-version.cmake
[14.074s] -- Installing: /home/aakashraawat/colcon_ws/install/tf2_geometry_msgs/share/tf2_geometry_msgs/package.xml
[14.076s] Invoked command in '/home/aakashraawat/colcon_ws/build/tf2_geometry_msgs' returned '0': AMENT_PREFIX_PATH=/home/aakashraawat/colcon_ws/install/tf2_ros:/home/aakashraawat/colcon_ws/install/tf2_py:/home/aakashraawat/colcon_ws/install/tf2_msgs:/home/aakashraawat/colcon_ws/install/tf2:${AMENT_PREFIX_PATH} CMAKE_PREFIX_PATH=/home/aakashraawat/colcon_ws/install/tf2_ros:/home/aakashraawat/colcon_ws/install/tf2_py:/home/aakashraawat/colcon_ws/install/tf2_msgs:/home/aakashraawat/colcon_ws/install/tf2:/home/aakashraawat/colcon_ws/install/unity_robotics_msgs:/home/aakashraawat/colcon_ws/install/simulink_subscriber:/home/aakashraawat/colcon_ws/install/unity_robotics_demo:/home/aakashraawat/colcon_ws/install/ros_tcp_endpoint:/home/aakashraawat/colcon_ws/install/py_pubsub:/opt/ros/foxy LD_LIBRARY_PATH=/home/aakashraawat/colcon_ws/install/tf2_ros/lib:/home/aakashraawat/colcon_ws/install/tf2_msgs/lib:/home/aakashraawat/colcon_ws/install/tf2/lib:${LD_LIBRARY_PATH} PYTHONPATH=/home/aakashraawat/colcon_ws/install/tf2_ros/lib/python3.8/site-packages:/home/aakashraawat/colcon_ws/install/tf2_py/lib/python3.8/site-packages:/home/aakashraawat/colcon_ws/install/tf2_msgs/lib/python3.8/site-packages:${PYTHONPATH} /usr/bin/cmake --install /home/aakashraawat/colcon_ws/build/tf2_geometry_msgs
