[100%] Built target tf2_py
-- Install configuration: ""
-- Up-to-date: /home/aakashraawat/colcon_ws/install/tf2_py/share/tf2_py/environment/pythonpath.sh
-- Up-to-date: /home/aakashraawat/colcon_ws/install/tf2_py/share/tf2_py/environment/pythonpath.dsv
-- Up-to-date: /home/aakashraawat/colcon_ws/install/tf2_py/lib/python3.8/site-packages/tf2_py
-- Up-to-date: /home/aakashraawat/colcon_ws/install/tf2_py/lib/python3.8/site-packages/tf2_py/__init__.py
Listing '/home/aakashraawat/colcon_ws/install/tf2_py/lib/python3.8/site-packages/tf2_py'...
-- Up-to-date: /home/aakashraawat/colcon_ws/install/tf2_py/lib/python3.8/site-packages/tf2_py/_tf2_py.cpython-38-x86_64-linux-gnu.so
-- Up-to-date: /home/aakashraawat/colcon_ws/install/tf2_py/share/ament_index/resource_index/package_run_dependencies/tf2_py
-- Up-to-date: /home/aakashraawat/colcon_ws/install/tf2_py/share/ament_index/resource_index/parent_prefix_path/tf2_py
-- Up-to-date: /home/aakashraawat/colcon_ws/install/tf2_py/share/tf2_py/environment/ament_prefix_path.sh
-- Up-to-date: /home/aakashraawat/colcon_ws/install/tf2_py/share/tf2_py/environment/ament_prefix_path.dsv
-- Up-to-date: /home/aakashraawat/colcon_ws/install/tf2_py/share/tf2_py/environment/path.sh
-- Up-to-date: /home/aakashraawat/colcon_ws/install/tf2_py/share/tf2_py/environment/path.dsv
-- Up-to-date: /home/aakashraawat/colcon_ws/install/tf2_py/share/tf2_py/local_setup.bash
-- Up-to-date: /home/aakashraawat/colcon_ws/install/tf2_py/share/tf2_py/local_setup.sh
-- Up-to-date: /home/aakashraawat/colcon_ws/install/tf2_py/share/tf2_py/local_setup.zsh
-- Up-to-date: /home/aakashraawat/colcon_ws/install/tf2_py/share/tf2_py/local_setup.dsv
-- Installing: /home/aakashraawat/colcon_ws/install/tf2_py/share/tf2_py/package.dsv
-- Up-to-date: /home/aakashraawat/colcon_ws/install/tf2_py/share/ament_index/resource_index/packages/tf2_py
-- Up-to-date: /home/aakashraawat/colcon_ws/install/tf2_py/share/tf2_py/cmake/tf2_pyConfig.cmake
-- Up-to-date: /home/aakashraawat/colcon_ws/install/tf2_py/share/tf2_py/cmake/tf2_pyConfig-version.cmake
-- Up-to-date: /home/aakashraawat/colcon_ws/install/tf2_py/share/tf2_py/package.xml
