[0.585s] Invoking command in '/home/aakashraawat/colcon_ws/build/tf2_tools': AMENT_PREFIX_PATH=/home/aakashraawat/colcon_ws/install/tf2_ros:/home/aakashraawat/colcon_ws/install/tf2_py:/home/aakashraawat/colcon_ws/install/tf2_msgs:/home/aakashraawat/colcon_ws/install/tf2:${AMENT_PREFIX_PATH} CMAKE_PREFIX_PATH=/home/aakashraawat/colcon_ws/install/tf2_ros:/home/aakashraawat/colcon_ws/install/tf2_py:/home/aakashraawat/colcon_ws/install/tf2_msgs:/home/aakashraawat/colcon_ws/install/tf2:/home/aakashraawat/colcon_ws/install/unity_robotics_msgs:/home/aakashraawat/colcon_ws/install/simulink_subscriber:/home/aakashraawat/colcon_ws/install/unity_robotics_demo:/home/aakashraawat/colcon_ws/install/ros_tcp_endpoint:/home/aakashraawat/colcon_ws/install/py_pubsub:/opt/ros/foxy LD_LIBRARY_PATH=/home/aakashraawat/colcon_ws/install/tf2_ros/lib:/home/aakashraawat/colcon_ws/install/tf2_msgs/lib:/home/aakashraawat/colcon_ws/install/tf2/lib:${LD_LIBRARY_PATH} PYTHONPATH=/home/aakashraawat/colcon_ws/install/tf2_ros/lib/python3.8/site-packages:/home/aakashraawat/colcon_ws/install/tf2_py/lib/python3.8/site-packages:/home/aakashraawat/colcon_ws/install/tf2_msgs/lib/python3.8/site-packages:${PYTHONPATH} /usr/bin/cmake /home/aakashraawat/colcon_ws/src/geometry2/tf2_tools -DCMAKE_INSTALL_PREFIX=/home/aakashraawat/colcon_ws/install/tf2_tools
[0.753s] -- The C compiler identification is GNU 9.4.0
[0.998s] -- The CXX compiler identification is GNU 9.4.0
[1.112s] -- Check for working C compiler: /usr/bin/cc
[1.244s] -- Check for working C compiler: /usr/bin/cc -- works
[1.245s] -- Detecting C compiler ABI info
[1.380s] -- Detecting C compiler ABI info - done
[1.394s] -- Detecting C compile features
[1.394s] -- Detecting C compile features - done
[1.396s] -- Check for working CXX compiler: /usr/bin/c++
[1.553s] -- Check for working CXX compiler: /usr/bin/c++ -- works
[1.554s] -- Detecting CXX compiler ABI info
[1.697s] -- Detecting CXX compiler ABI info - done
[1.708s] -- Detecting CXX compile features
[1.708s] -- Detecting CXX compile features - done
[1.710s] -- Found ament_cmake: 0.9.12 (/opt/ros/foxy/share/ament_cmake/cmake)
[1.736s] -- Found PythonInterp: /usr/bin/python3 (found suitable version "3.8.10", minimum required is "3") 
[1.737s] -- Using PYTHON_EXECUTABLE: /usr/bin/python3
[2.026s] -- Configuring done
[2.028s] -- Generating done
[2.029s] -- Build files have been written to: /home/aakashraawat/colcon_ws/build/tf2_tools
[2.035s] Invoked command in '/home/aakashraawat/colcon_ws/build/tf2_tools' returned '0': AMENT_PREFIX_PATH=/home/aakashraawat/colcon_ws/install/tf2_ros:/home/aakashraawat/colcon_ws/install/tf2_py:/home/aakashraawat/colcon_ws/install/tf2_msgs:/home/aakashraawat/colcon_ws/install/tf2:${AMENT_PREFIX_PATH} CMAKE_PREFIX_PATH=/home/aakashraawat/colcon_ws/install/tf2_ros:/home/aakashraawat/colcon_ws/install/tf2_py:/home/aakashraawat/colcon_ws/install/tf2_msgs:/home/aakashraawat/colcon_ws/install/tf2:/home/aakashraawat/colcon_ws/install/unity_robotics_msgs:/home/aakashraawat/colcon_ws/install/simulink_subscriber:/home/aakashraawat/colcon_ws/install/unity_robotics_demo:/home/aakashraawat/colcon_ws/install/ros_tcp_endpoint:/home/aakashraawat/colcon_ws/install/py_pubsub:/opt/ros/foxy LD_LIBRARY_PATH=/home/aakashraawat/colcon_ws/install/tf2_ros/lib:/home/aakashraawat/colcon_ws/install/tf2_msgs/lib:/home/aakashraawat/colcon_ws/install/tf2/lib:${LD_LIBRARY_PATH} PYTHONPATH=/home/aakashraawat/colcon_ws/install/tf2_ros/lib/python3.8/site-packages:/home/aakashraawat/colcon_ws/install/tf2_py/lib/python3.8/site-packages:/home/aakashraawat/colcon_ws/install/tf2_msgs/lib/python3.8/site-packages:${PYTHONPATH} /usr/bin/cmake /home/aakashraawat/colcon_ws/src/geometry2/tf2_tools -DCMAKE_INSTALL_PREFIX=/home/aakashraawat/colcon_ws/install/tf2_tools
[2.039s] Invoking command in '/home/aakashraawat/colcon_ws/build/tf2_tools': AMENT_PREFIX_PATH=/home/aakashraawat/colcon_ws/install/tf2_ros:/home/aakashraawat/colcon_ws/install/tf2_py:/home/aakashraawat/colcon_ws/install/tf2_msgs:/home/aakashraawat/colcon_ws/install/tf2:${AMENT_PREFIX_PATH} CMAKE_PREFIX_PATH=/home/aakashraawat/colcon_ws/install/tf2_ros:/home/aakashraawat/colcon_ws/install/tf2_py:/home/aakashraawat/colcon_ws/install/tf2_msgs:/home/aakashraawat/colcon_ws/install/tf2:/home/aakashraawat/colcon_ws/install/unity_robotics_msgs:/home/aakashraawat/colcon_ws/install/simulink_subscriber:/home/aakashraawat/colcon_ws/install/unity_robotics_demo:/home/aakashraawat/colcon_ws/install/ros_tcp_endpoint:/home/aakashraawat/colcon_ws/install/py_pubsub:/opt/ros/foxy LD_LIBRARY_PATH=/home/aakashraawat/colcon_ws/install/tf2_ros/lib:/home/aakashraawat/colcon_ws/install/tf2_msgs/lib:/home/aakashraawat/colcon_ws/install/tf2/lib:${LD_LIBRARY_PATH} PYTHONPATH=/home/aakashraawat/colcon_ws/install/tf2_ros/lib/python3.8/site-packages:/home/aakashraawat/colcon_ws/install/tf2_py/lib/python3.8/site-packages:/home/aakashraawat/colcon_ws/install/tf2_msgs/lib/python3.8/site-packages:${PYTHONPATH} /usr/bin/cmake --build /home/aakashraawat/colcon_ws/build/tf2_tools -- -j20 -l20
[2.081s] Invoked command in '/home/aakashraawat/colcon_ws/build/tf2_tools' returned '0': AMENT_PREFIX_PATH=/home/aakashraawat/colcon_ws/install/tf2_ros:/home/aakashraawat/colcon_ws/install/tf2_py:/home/aakashraawat/colcon_ws/install/tf2_msgs:/home/aakashraawat/colcon_ws/install/tf2:${AMENT_PREFIX_PATH} CMAKE_PREFIX_PATH=/home/aakashraawat/colcon_ws/install/tf2_ros:/home/aakashraawat/colcon_ws/install/tf2_py:/home/aakashraawat/colcon_ws/install/tf2_msgs:/home/aakashraawat/colcon_ws/install/tf2:/home/aakashraawat/colcon_ws/install/unity_robotics_msgs:/home/aakashraawat/colcon_ws/install/simulink_subscriber:/home/aakashraawat/colcon_ws/install/unity_robotics_demo:/home/aakashraawat/colcon_ws/install/ros_tcp_endpoint:/home/aakashraawat/colcon_ws/install/py_pubsub:/opt/ros/foxy LD_LIBRARY_PATH=/home/aakashraawat/colcon_ws/install/tf2_ros/lib:/home/aakashraawat/colcon_ws/install/tf2_msgs/lib:/home/aakashraawat/colcon_ws/install/tf2/lib:${LD_LIBRARY_PATH} PYTHONPATH=/home/aakashraawat/colcon_ws/install/tf2_ros/lib/python3.8/site-packages:/home/aakashraawat/colcon_ws/install/tf2_py/lib/python3.8/site-packages:/home/aakashraawat/colcon_ws/install/tf2_msgs/lib/python3.8/site-packages:${PYTHONPATH} /usr/bin/cmake --build /home/aakashraawat/colcon_ws/build/tf2_tools -- -j20 -l20
[2.102s] Invoking command in '/home/aakashraawat/colcon_ws/build/tf2_tools': AMENT_PREFIX_PATH=/home/aakashraawat/colcon_ws/install/tf2_ros:/home/aakashraawat/colcon_ws/install/tf2_py:/home/aakashraawat/colcon_ws/install/tf2_msgs:/home/aakashraawat/colcon_ws/install/tf2:${AMENT_PREFIX_PATH} CMAKE_PREFIX_PATH=/home/aakashraawat/colcon_ws/install/tf2_ros:/home/aakashraawat/colcon_ws/install/tf2_py:/home/aakashraawat/colcon_ws/install/tf2_msgs:/home/aakashraawat/colcon_ws/install/tf2:/home/aakashraawat/colcon_ws/install/unity_robotics_msgs:/home/aakashraawat/colcon_ws/install/simulink_subscriber:/home/aakashraawat/colcon_ws/install/unity_robotics_demo:/home/aakashraawat/colcon_ws/install/ros_tcp_endpoint:/home/aakashraawat/colcon_ws/install/py_pubsub:/opt/ros/foxy LD_LIBRARY_PATH=/home/aakashraawat/colcon_ws/install/tf2_ros/lib:/home/aakashraawat/colcon_ws/install/tf2_msgs/lib:/home/aakashraawat/colcon_ws/install/tf2/lib:${LD_LIBRARY_PATH} PYTHONPATH=/home/aakashraawat/colcon_ws/install/tf2_ros/lib/python3.8/site-packages:/home/aakashraawat/colcon_ws/install/tf2_py/lib/python3.8/site-packages:/home/aakashraawat/colcon_ws/install/tf2_msgs/lib/python3.8/site-packages:${PYTHONPATH} /usr/bin/cmake --install /home/aakashraawat/colcon_ws/build/tf2_tools
[2.109s] -- Install configuration: ""
[2.110s] -- Installing: /home/aakashraawat/colcon_ws/install/tf2_tools/lib/tf2_tools/view_frames.py
[2.111s] -- Installing: /home/aakashraawat/colcon_ws/install/tf2_tools/share/ament_index/resource_index/package_run_dependencies/tf2_tools
[2.111s] -- Installing: /home/aakashraawat/colcon_ws/install/tf2_tools/share/ament_index/resource_index/parent_prefix_path/tf2_tools
[2.111s] -- Installing: /home/aakashraawat/colcon_ws/install/tf2_tools/share/tf2_tools/environment/ament_prefix_path.sh
[2.112s] -- Installing: /home/aakashraawat/colcon_ws/install/tf2_tools/share/tf2_tools/environment/ament_prefix_path.dsv
[2.112s] -- Installing: /home/aakashraawat/colcon_ws/install/tf2_tools/share/tf2_tools/environment/path.sh
[2.112s] -- Installing: /home/aakashraawat/colcon_ws/install/tf2_tools/share/tf2_tools/environment/path.dsv
[2.112s] -- Installing: /home/aakashraawat/colcon_ws/install/tf2_tools/share/tf2_tools/local_setup.bash
[2.113s] -- Installing: /home/aakashraawat/colcon_ws/install/tf2_tools/share/tf2_tools/local_setup.sh
[2.113s] -- Installing: /home/aakashraawat/colcon_ws/install/tf2_tools/share/tf2_tools/local_setup.zsh
[2.113s] -- Installing: /home/aakashraawat/colcon_ws/install/tf2_tools/share/tf2_tools/local_setup.dsv
[2.113s] -- Installing: /home/aakashraawat/colcon_ws/install/tf2_tools/share/tf2_tools/package.dsv
[2.113s] -- Installing: /home/aakashraawat/colcon_ws/install/tf2_tools/share/ament_index/resource_index/packages/tf2_tools
[2.113s] -- Installing: /home/aakashraawat/colcon_ws/install/tf2_tools/share/tf2_tools/cmake/tf2_toolsConfig.cmake
[2.113s] -- Installing: /home/aakashraawat/colcon_ws/install/tf2_tools/share/tf2_tools/cmake/tf2_toolsConfig-version.cmake
[2.113s] -- Installing: /home/aakashraawat/colcon_ws/install/tf2_tools/share/tf2_tools/package.xml
[2.115s] Invoked command in '/home/aakashraawat/colcon_ws/build/tf2_tools' returned '0': AMENT_PREFIX_PATH=/home/aakashraawat/colcon_ws/install/tf2_ros:/home/aakashraawat/colcon_ws/install/tf2_py:/home/aakashraawat/colcon_ws/install/tf2_msgs:/home/aakashraawat/colcon_ws/install/tf2:${AMENT_PREFIX_PATH} CMAKE_PREFIX_PATH=/home/aakashraawat/colcon_ws/install/tf2_ros:/home/aakashraawat/colcon_ws/install/tf2_py:/home/aakashraawat/colcon_ws/install/tf2_msgs:/home/aakashraawat/colcon_ws/install/tf2:/home/aakashraawat/colcon_ws/install/unity_robotics_msgs:/home/aakashraawat/colcon_ws/install/simulink_subscriber:/home/aakashraawat/colcon_ws/install/unity_robotics_demo:/home/aakashraawat/colcon_ws/install/ros_tcp_endpoint:/home/aakashraawat/colcon_ws/install/py_pubsub:/opt/ros/foxy LD_LIBRARY_PATH=/home/aakashraawat/colcon_ws/install/tf2_ros/lib:/home/aakashraawat/colcon_ws/install/tf2_msgs/lib:/home/aakashraawat/colcon_ws/install/tf2/lib:${LD_LIBRARY_PATH} PYTHONPATH=/home/aakashraawat/colcon_ws/install/tf2_ros/lib/python3.8/site-packages:/home/aakashraawat/colcon_ws/install/tf2_py/lib/python3.8/site-packages:/home/aakashraawat/colcon_ws/install/tf2_msgs/lib/python3.8/site-packages:${PYTHONPATH} /usr/bin/cmake --install /home/aakashraawat/colcon_ws/build/tf2_tools
