[ 33%] Built target gtest
[ 66%] Built target gtest_main
[100%] Built target tf2_eigen-test
-- Install configuration: ""
-- Up-to-date: /home/aakashraawat/colcon_ws/install/tf2_eigen/include/tf2_eigen
-- Up-to-date: /home/aakashraawat/colcon_ws/install/tf2_eigen/include/tf2_eigen/tf2_eigen.h
-- Up-to-date: /home/aakashraawat/colcon_ws/install/tf2_eigen/share/ament_index/resource_index/package_run_dependencies/tf2_eigen
-- Up-to-date: /home/aakashraawat/colcon_ws/install/tf2_eigen/share/ament_index/resource_index/parent_prefix_path/tf2_eigen
-- Up-to-date: /home/aakashraawat/colcon_ws/install/tf2_eigen/share/tf2_eigen/environment/ament_prefix_path.sh
-- Up-to-date: /home/aakashraawat/colcon_ws/install/tf2_eigen/share/tf2_eigen/environment/ament_prefix_path.dsv
-- Up-to-date: /home/aakashraawat/colcon_ws/install/tf2_eigen/share/tf2_eigen/environment/path.sh
-- Up-to-date: /home/aakashraawat/colcon_ws/install/tf2_eigen/share/tf2_eigen/environment/path.dsv
-- Up-to-date: /home/aakashraawat/colcon_ws/install/tf2_eigen/share/tf2_eigen/local_setup.bash
-- Up-to-date: /home/aakashraawat/colcon_ws/install/tf2_eigen/share/tf2_eigen/local_setup.sh
-- Up-to-date: /home/aakashraawat/colcon_ws/install/tf2_eigen/share/tf2_eigen/local_setup.zsh
-- Up-to-date: /home/aakashraawat/colcon_ws/install/tf2_eigen/share/tf2_eigen/local_setup.dsv
-- Installing: /home/aakashraawat/colcon_ws/install/tf2_eigen/share/tf2_eigen/package.dsv
-- Up-to-date: /home/aakashraawat/colcon_ws/install/tf2_eigen/share/ament_index/resource_index/packages/tf2_eigen
-- Up-to-date: /home/aakashraawat/colcon_ws/install/tf2_eigen/share/tf2_eigen/cmake/ament_cmake_export_include_directories-extras.cmake
-- Up-to-date: /home/aakashraawat/colcon_ws/install/tf2_eigen/share/tf2_eigen/cmake/ament_cmake_export_dependencies-extras.cmake
-- Up-to-date: /home/aakashraawat/colcon_ws/install/tf2_eigen/share/tf2_eigen/cmake/tf2_eigenConfig.cmake
-- Up-to-date: /home/aakashraawat/colcon_ws/install/tf2_eigen/share/tf2_eigen/cmake/tf2_eigenConfig-version.cmake
-- Up-to-date: /home/aakashraawat/colcon_ws/install/tf2_eigen/share/tf2_eigen/package.xml
