[0.033s] Invoking command in '/home/aakashraawat/colcon_ws/build/unity_robotics_msgs': CMAKE_PREFIX_PATH=${CMAKE_PREFIX_PATH}:/home/aakashraawat/colcon_ws/install/unity_robotics_demo:/home/aakashraawat/colcon_ws/install/simulink_subscriber:/home/aakashraawat/colcon_ws/install/ros_tcp_endpoint:/home/aakashraawat/colcon_ws/install/py_pubsub:/opt/ros/foxy /usr/bin/cmake --build /home/aakashraawat/colcon_ws/build/unity_robotics_msgs -- -j20 -l20
[0.594s] -- Found rosidl_default_generators: 1.0.1 (/opt/ros/foxy/share/rosidl_default_generators/cmake)
[0.596s] -- Found ament_cmake_core: 0.9.12 (/opt/ros/foxy/share/ament_cmake_core/cmake)
[0.596s] -- Found PythonInterp: /usr/bin/python3 (found suitable version "3.8.10", minimum required is "3") 
[0.596s] -- Using PYTHON_EXECUTABLE: /usr/bin/python3
[0.596s] -- Using all available rosidl_typesupport_c: rosidl_typesupport_fastrtps_c;rosidl_typesupport_introspection_c
[0.596s] -- Found rosidl_adapter: 1.3.1 (/opt/ros/foxy/share/rosidl_adapter/cmake)
[4.689s] -- Using all available rosidl_typesupport_cpp: rosidl_typesupport_fastrtps_cpp;rosidl_typesupport_introspection_cpp
[4.709s] -- Found builtin_interfaces: 1.0.0 (/opt/ros/foxy/share/builtin_interfaces/cmake)
[4.718s] -- Found geometry_msgs: 2.0.5 (/opt/ros/foxy/share/geometry_msgs/cmake)
[4.785s] -- Found PythonInterp: /usr/bin/python3 (found version "3.8.10") 
[4.962s] -- Found ament_cmake_ros: 0.9.2 (/opt/ros/foxy/share/ament_cmake_ros/cmake)
[9.319s] -- Using all available rosidl_typesupport_c: rosidl_typesupport_fastrtps_c;rosidl_typesupport_introspection_c
[9.409s] -- Using all available rosidl_typesupport_cpp: rosidl_typesupport_fastrtps_cpp;rosidl_typesupport_introspection_cpp
[9.432s] -- Found PythonInterp: /usr/bin/python3 (found suitable version "3.8.10", minimum required is "3.5") 
[9.432s] -- Found python_cmake_module: 0.8.1 (/opt/ros/foxy/share/python_cmake_module/cmake)
[9.452s] -- Using PYTHON_EXECUTABLE: /usr/bin/python3
[9.453s] -- Using PYTHON_INCLUDE_DIRS: /usr/include/python3.8
[9.453s] -- Using PYTHON_LIBRARIES: /usr/lib/x86_64-linux-gnu/libpython3.8.so
[9.498s] -- Found ament_lint_auto: 0.9.8 (/opt/ros/foxy/share/ament_lint_auto/cmake)
[9.506s] -- Added test 'copyright' to check source files copyright and LICENSE
[9.507s] -- Added test 'lint_cmake' to check CMake code style
[9.507s] -- Added test 'xmllint' to check XML markup files
[9.510s] -- Configuring done
[9.560s] -- Generating done
[9.562s] -- Build files have been written to: /home/aakashraawat/colcon_ws/build/unity_robotics_msgs
[9.591s] [35m[1mScanning dependencies of target unity_robotics_msgs__cpp[0m
[9.592s] [  1%] [34m[1mGenerating C code for ROS interfaces[0m
[9.601s] [  3%] [34m[1mGenerating C++ code for ROS interfaces[0m
[9.966s] [  3%] Built target unity_robotics_msgs__cpp
[9.978s] [  4%] [34m[1mGenerating C++ type support for eProsima Fast-RTPS[0m
[9.980s] [  6%] [34m[1mGenerating C++ introspection for ROS interfaces[0m
[9.981s] [  7%] [34m[1mGenerating C++ type support dispatch for ROS interfaces[0m
[9.998s] [35m[1mScanning dependencies of target unity_robotics_msgs__rosidl_generator_c[0m
[10.011s] [  9%] [32mBuilding C object CMakeFiles/unity_robotics_msgs__rosidl_generator_c.dir/rosidl_generator_c/unity_robotics_msgs/msg/detail/pos_rot__functions.c.o[0m
[10.011s] [ 12%] [32mBuilding C object CMakeFiles/unity_robotics_msgs__rosidl_generator_c.dir/rosidl_generator_c/unity_robotics_msgs/msg/detail/unity_color__functions.c.o[0m
[10.011s] [ 12%] [32mBuilding C object CMakeFiles/unity_robotics_msgs__rosidl_generator_c.dir/rosidl_generator_c/unity_robotics_msgs/msg/detail/steering_angle__functions.c.o[0m
[10.011s] [ 14%] [32mBuilding C object CMakeFiles/unity_robotics_msgs__rosidl_generator_c.dir/rosidl_generator_c/unity_robotics_msgs/srv/detail/position_service__functions.c.o[0m
[10.012s] [ 15%] [32mBuilding C object CMakeFiles/unity_robotics_msgs__rosidl_generator_c.dir/rosidl_generator_c/unity_robotics_msgs/srv/detail/object_pose_service__functions.c.o[0m
[10.073s] [ 17%] [32m[1mLinking C shared library libunity_robotics_msgs__rosidl_generator_c.so[0m
[10.192s] [ 17%] Built target unity_robotics_msgs__rosidl_generator_c
[10.202s] [ 19%] [34m[1mGenerating C introspection for ROS interfaces[0m
[10.203s] [ 20%] [34m[1mGenerating C type support dispatch for ROS interfaces[0m
[10.288s] [35m[1mScanning dependencies of target unity_robotics_msgs__rosidl_typesupport_cpp[0m
[10.300s] [ 23%] [32mBuilding CXX object CMakeFiles/unity_robotics_msgs__rosidl_typesupport_cpp.dir/rosidl_typesupport_cpp/unity_robotics_msgs/srv/object_pose_service__type_support.cpp.o[0m
[10.300s] [ 23%] [32mBuilding CXX object CMakeFiles/unity_robotics_msgs__rosidl_typesupport_cpp.dir/rosidl_typesupport_cpp/unity_robotics_msgs/msg/pos_rot__type_support.cpp.o[0m
[10.301s] [ 26%] [32mBuilding CXX object CMakeFiles/unity_robotics_msgs__rosidl_typesupport_cpp.dir/rosidl_typesupport_cpp/unity_robotics_msgs/msg/steering_angle__type_support.cpp.o[0m
[10.301s] [ 26%] [32mBuilding CXX object CMakeFiles/unity_robotics_msgs__rosidl_typesupport_cpp.dir/rosidl_typesupport_cpp/unity_robotics_msgs/srv/position_service__type_support.cpp.o[0m
[10.301s] [ 28%] [32mBuilding CXX object CMakeFiles/unity_robotics_msgs__rosidl_typesupport_cpp.dir/rosidl_typesupport_cpp/unity_robotics_msgs/msg/unity_color__type_support.cpp.o[0m
[10.358s] [35m[1mScanning dependencies of target unity_robotics_msgs__rosidl_typesupport_introspection_cpp[0m
[10.375s] [ 33%] [32mBuilding CXX object CMakeFiles/unity_robotics_msgs__rosidl_typesupport_introspection_cpp.dir/rosidl_typesupport_introspection_cpp/unity_robotics_msgs/msg/detail/pos_rot__type_support.cpp.o[0m
[10.375s] [ 33%] [32mBuilding CXX object CMakeFiles/unity_robotics_msgs__rosidl_typesupport_introspection_cpp.dir/rosidl_typesupport_introspection_cpp/unity_robotics_msgs/msg/detail/steering_angle__type_support.cpp.o[0m
[10.375s] [ 33%] [32mBuilding CXX object CMakeFiles/unity_robotics_msgs__rosidl_typesupport_introspection_cpp.dir/rosidl_typesupport_introspection_cpp/unity_robotics_msgs/msg/detail/unity_color__type_support.cpp.o[0m
[10.375s] [ 36%] [32mBuilding CXX object CMakeFiles/unity_robotics_msgs__rosidl_typesupport_introspection_cpp.dir/rosidl_typesupport_introspection_cpp/unity_robotics_msgs/srv/detail/position_service__type_support.cpp.o[0m
[10.375s] [ 36%] [32mBuilding CXX object CMakeFiles/unity_robotics_msgs__rosidl_typesupport_introspection_cpp.dir/rosidl_typesupport_introspection_cpp/unity_robotics_msgs/srv/detail/object_pose_service__type_support.cpp.o[0m
[10.470s] [35m[1mScanning dependencies of target unity_robotics_msgs__rosidl_typesupport_fastrtps_cpp[0m
[10.493s] [ 42%] [32mBuilding CXX object CMakeFiles/unity_robotics_msgs__rosidl_typesupport_fastrtps_cpp.dir/rosidl_typesupport_fastrtps_cpp/unity_robotics_msgs/srv/detail/dds_fastrtps/position_service__type_support.cpp.o[0m
[10.493s] [ 42%] [32mBuilding CXX object CMakeFiles/unity_robotics_msgs__rosidl_typesupport_fastrtps_cpp.dir/rosidl_typesupport_fastrtps_cpp/unity_robotics_msgs/msg/detail/dds_fastrtps/unity_color__type_support.cpp.o[0m
[10.493s] [ 42%] [32mBuilding CXX object CMakeFiles/unity_robotics_msgs__rosidl_typesupport_fastrtps_cpp.dir/rosidl_typesupport_fastrtps_cpp/unity_robotics_msgs/msg/detail/dds_fastrtps/pos_rot__type_support.cpp.o[0m
[10.493s] [ 42%] [32mBuilding CXX object CMakeFiles/unity_robotics_msgs__rosidl_typesupport_fastrtps_cpp.dir/rosidl_typesupport_fastrtps_cpp/unity_robotics_msgs/msg/detail/dds_fastrtps/steering_angle__type_support.cpp.o[0m
[10.499s] [ 44%] [32mBuilding CXX object CMakeFiles/unity_robotics_msgs__rosidl_typesupport_fastrtps_cpp.dir/rosidl_typesupport_fastrtps_cpp/unity_robotics_msgs/srv/detail/dds_fastrtps/object_pose_service__type_support.cpp.o[0m
[10.642s] [35m[1mScanning dependencies of target unity_robotics_msgs__rosidl_typesupport_c[0m
[10.664s] [ 46%] [32mBuilding CXX object CMakeFiles/unity_robotics_msgs__rosidl_typesupport_c.dir/rosidl_typesupport_c/unity_robotics_msgs/msg/steering_angle__type_support.cpp.o[0m
[10.669s] [ 47%] [32mBuilding CXX object CMakeFiles/unity_robotics_msgs__rosidl_typesupport_c.dir/rosidl_typesupport_c/unity_robotics_msgs/msg/pos_rot__type_support.cpp.o[0m
[10.673s] [ 49%] [32mBuilding CXX object CMakeFiles/unity_robotics_msgs__rosidl_typesupport_c.dir/rosidl_typesupport_c/unity_robotics_msgs/msg/unity_color__type_support.cpp.o[0m
[10.680s] [ 52%] [32mBuilding CXX object CMakeFiles/unity_robotics_msgs__rosidl_typesupport_c.dir/rosidl_typesupport_c/unity_robotics_msgs/srv/object_pose_service__type_support.cpp.o[0m
[10.681s] [ 52%] [32mBuilding CXX object CMakeFiles/unity_robotics_msgs__rosidl_typesupport_c.dir/rosidl_typesupport_c/unity_robotics_msgs/srv/position_service__type_support.cpp.o[0m
[10.696s] [ 53%] [32m[1mLinking CXX shared library libunity_robotics_msgs__rosidl_typesupport_cpp.so[0m
[10.726s] [ 55%] [32m[1mLinking CXX shared library libunity_robotics_msgs__rosidl_typesupport_c.so[0m
[10.757s] [35m[1mScanning dependencies of target unity_robotics_msgs__rosidl_typesupport_introspection_c[0m
[10.775s] [ 61%] [32mBuilding C object CMakeFiles/unity_robotics_msgs__rosidl_typesupport_introspection_c.dir/rosidl_typesupport_introspection_c/unity_robotics_msgs/msg/detail/steering_angle__type_support.c.o[0m
[10.775s] [ 61%] [32mBuilding C object CMakeFiles/unity_robotics_msgs__rosidl_typesupport_introspection_c.dir/rosidl_typesupport_introspection_c/unity_robotics_msgs/srv/detail/position_service__type_support.c.o[0m
[10.775s] [ 61%] [32mBuilding C object CMakeFiles/unity_robotics_msgs__rosidl_typesupport_introspection_c.dir/rosidl_typesupport_introspection_c/unity_robotics_msgs/srv/detail/object_pose_service__type_support.c.o[0m
[10.776s] [ 61%] [32mBuilding C object CMakeFiles/unity_robotics_msgs__rosidl_typesupport_introspection_c.dir/rosidl_typesupport_introspection_c/unity_robotics_msgs/msg/detail/unity_color__type_support.c.o[0m
[10.778s] [ 63%] [32mBuilding C object CMakeFiles/unity_robotics_msgs__rosidl_typesupport_introspection_c.dir/rosidl_typesupport_introspection_c/unity_robotics_msgs/msg/detail/pos_rot__type_support.c.o[0m
[10.793s] [ 65%] [32m[1mLinking CXX shared library libunity_robotics_msgs__rosidl_typesupport_introspection_cpp.so[0m
[10.817s] [ 66%] [32m[1mLinking C shared library libunity_robotics_msgs__rosidl_typesupport_introspection_c.so[0m
[10.862s] [ 66%] Built target unity_robotics_msgs__rosidl_typesupport_cpp
[10.880s] [ 66%] Built target unity_robotics_msgs__rosidl_typesupport_c
[10.955s] [ 66%] Built target unity_robotics_msgs__rosidl_typesupport_introspection_c
[10.973s] [ 66%] Built target unity_robotics_msgs__rosidl_typesupport_introspection_cpp
[11.039s] [ 68%] [32m[1mLinking CXX shared library libunity_robotics_msgs__rosidl_typesupport_fastrtps_cpp.so[0m
[11.198s] [ 68%] Built target unity_robotics_msgs__rosidl_typesupport_fastrtps_cpp
[11.208s] [ 69%] [34m[1mGenerating C type support for eProsima Fast-RTPS[0m
[11.532s] [35m[1mScanning dependencies of target unity_robotics_msgs__rosidl_typesupport_fastrtps_c[0m
[11.548s] [ 71%] [32mBuilding CXX object CMakeFiles/unity_robotics_msgs__rosidl_typesupport_fastrtps_c.dir/rosidl_typesupport_fastrtps_c/unity_robotics_msgs/msg/detail/pos_rot__type_support_c.cpp.o[0m
[11.549s] [ 74%] [32mBuilding CXX object CMakeFiles/unity_robotics_msgs__rosidl_typesupport_fastrtps_c.dir/rosidl_typesupport_fastrtps_c/unity_robotics_msgs/msg/detail/steering_angle__type_support_c.cpp.o[0m
[11.549s] [ 74%] [32mBuilding CXX object CMakeFiles/unity_robotics_msgs__rosidl_typesupport_fastrtps_c.dir/rosidl_typesupport_fastrtps_c/unity_robotics_msgs/msg/detail/unity_color__type_support_c.cpp.o[0m
[11.549s] [ 76%] [32mBuilding CXX object CMakeFiles/unity_robotics_msgs__rosidl_typesupport_fastrtps_c.dir/rosidl_typesupport_fastrtps_c/unity_robotics_msgs/srv/detail/position_service__type_support_c.cpp.o[0m
[11.550s] [ 77%] [32mBuilding CXX object CMakeFiles/unity_robotics_msgs__rosidl_typesupport_fastrtps_c.dir/rosidl_typesupport_fastrtps_c/unity_robotics_msgs/srv/detail/object_pose_service__type_support_c.cpp.o[0m
[11.940s] [ 79%] [32m[1mLinking CXX shared library libunity_robotics_msgs__rosidl_typesupport_fastrtps_c.so[0m
[12.099s] [ 79%] Built target unity_robotics_msgs__rosidl_typesupport_fastrtps_c
[12.116s] [ 79%] Built target unity_robotics_msgs
[12.124s] [35m[1mScanning dependencies of target unity_robotics_msgs__py[0m
[12.133s] [ 80%] [34m[1mGenerating Python code for ROS interfaces[0m
[12.823s] [ 80%] Built target unity_robotics_msgs__py
[12.832s] [35m[1mScanning dependencies of target unity_robotics_msgs__python[0m
[12.849s] [ 82%] [32mBuilding C object CMakeFiles/unity_robotics_msgs__python.dir/rosidl_generator_py/unity_robotics_msgs/msg/_pos_rot_s.c.o[0m
[12.850s] [ 85%] [32mBuilding C object CMakeFiles/unity_robotics_msgs__python.dir/rosidl_generator_py/unity_robotics_msgs/msg/_unity_color_s.c.o[0m
[12.850s] [ 85%] [32mBuilding C object CMakeFiles/unity_robotics_msgs__python.dir/rosidl_generator_py/unity_robotics_msgs/msg/_steering_angle_s.c.o[0m
[12.850s] [ 87%] [32mBuilding C object CMakeFiles/unity_robotics_msgs__python.dir/rosidl_generator_py/unity_robotics_msgs/srv/_position_service_s.c.o[0m
[12.851s] [ 88%] [32mBuilding C object CMakeFiles/unity_robotics_msgs__python.dir/rosidl_generator_py/unity_robotics_msgs/srv/_object_pose_service_s.c.o[0m
[12.950s] [ 90%] [32m[1mLinking C shared library rosidl_generator_py/unity_robotics_msgs/libunity_robotics_msgs__python.so[0m
[13.068s] [ 90%] Built target unity_robotics_msgs__python
[13.077s] [35m[1mScanning dependencies of target unity_robotics_msgs__rosidl_typesupport_introspection_c__pyext[0m
[13.077s] [35m[1mScanning dependencies of target unity_robotics_msgs__rosidl_typesupport_c__pyext[0m
[13.077s] [35m[1mScanning dependencies of target unity_robotics_msgs__rosidl_typesupport_fastrtps_c__pyext[0m
[13.092s] [ 92%] [32mBuilding C object CMakeFiles/unity_robotics_msgs__rosidl_typesupport_fastrtps_c__pyext.dir/rosidl_generator_py/unity_robotics_msgs/_unity_robotics_msgs_s.ep.rosidl_typesupport_fastrtps_c.c.o[0m
[13.093s] [ 93%] [32mBuilding C object CMakeFiles/unity_robotics_msgs__rosidl_typesupport_introspection_c__pyext.dir/rosidl_generator_py/unity_robotics_msgs/_unity_robotics_msgs_s.ep.rosidl_typesupport_introspection_c.c.o[0m
[13.093s] [ 95%] [32mBuilding C object CMakeFiles/unity_robotics_msgs__rosidl_typesupport_c__pyext.dir/rosidl_generator_py/unity_robotics_msgs/_unity_robotics_msgs_s.ep.rosidl_typesupport_c.c.o[0m
[13.172s] [ 98%] [32m[1mLinking CXX shared library rosidl_generator_py/unity_robotics_msgs/unity_robotics_msgs_s__rosidl_typesupport_fastrtps_c.cpython-38-x86_64-linux-gnu.so[0m
[13.172s] [ 98%] [32m[1mLinking C shared library rosidl_generator_py/unity_robotics_msgs/unity_robotics_msgs_s__rosidl_typesupport_introspection_c.cpython-38-x86_64-linux-gnu.so[0m
[13.200s] [100%] [32m[1mLinking C shared library rosidl_generator_py/unity_robotics_msgs/unity_robotics_msgs_s__rosidl_typesupport_c.cpython-38-x86_64-linux-gnu.so[0m
[13.264s] [100%] Built target unity_robotics_msgs__rosidl_typesupport_introspection_c__pyext
[13.290s] [100%] Built target unity_robotics_msgs__rosidl_typesupport_fastrtps_c__pyext
[13.307s] [100%] Built target unity_robotics_msgs__rosidl_typesupport_c__pyext
[13.320s] Invoked command in '/home/aakashraawat/colcon_ws/build/unity_robotics_msgs' returned '0': CMAKE_PREFIX_PATH=${CMAKE_PREFIX_PATH}:/home/aakashraawat/colcon_ws/install/unity_robotics_demo:/home/aakashraawat/colcon_ws/install/simulink_subscriber:/home/aakashraawat/colcon_ws/install/ros_tcp_endpoint:/home/aakashraawat/colcon_ws/install/py_pubsub:/opt/ros/foxy /usr/bin/cmake --build /home/aakashraawat/colcon_ws/build/unity_robotics_msgs -- -j20 -l20
[13.413s] Invoking command in '/home/aakashraawat/colcon_ws/build/unity_robotics_msgs': CMAKE_PREFIX_PATH=${CMAKE_PREFIX_PATH}:/home/aakashraawat/colcon_ws/install/unity_robotics_demo:/home/aakashraawat/colcon_ws/install/simulink_subscriber:/home/aakashraawat/colcon_ws/install/ros_tcp_endpoint:/home/aakashraawat/colcon_ws/install/py_pubsub:/opt/ros/foxy /usr/bin/cmake --install /home/aakashraawat/colcon_ws/build/unity_robotics_msgs
[13.420s] -- Install configuration: ""
[13.420s] -- Installing: /home/aakashraawat/colcon_ws/install/unity_robotics_msgs/share/ament_index/resource_index/rosidl_interfaces/unity_robotics_msgs
[13.420s] -- Up-to-date: /home/aakashraawat/colcon_ws/install/unity_robotics_msgs/include/unity_robotics_msgs
[13.420s] -- Up-to-date: /home/aakashraawat/colcon_ws/install/unity_robotics_msgs/include/unity_robotics_msgs/msg
[13.420s] -- Installing: /home/aakashraawat/colcon_ws/install/unity_robotics_msgs/include/unity_robotics_msgs/msg/unity_color.h
[13.421s] -- Up-to-date: /home/aakashraawat/colcon_ws/install/unity_robotics_msgs/include/unity_robotics_msgs/msg/rosidl_generator_c__visibility_control.h
[13.421s] -- Up-to-date: /home/aakashraawat/colcon_ws/install/unity_robotics_msgs/include/unity_robotics_msgs/msg/detail
[13.421s] -- Installing: /home/aakashraawat/colcon_ws/install/unity_robotics_msgs/include/unity_robotics_msgs/msg/detail/pos_rot__functions.c
[13.421s] -- Installing: /home/aakashraawat/colcon_ws/install/unity_robotics_msgs/include/unity_robotics_msgs/msg/detail/pos_rot__struct.h
[13.421s] -- Installing: /home/aakashraawat/colcon_ws/install/unity_robotics_msgs/include/unity_robotics_msgs/msg/detail/pos_rot__type_support.h
[13.421s] -- Installing: /home/aakashraawat/colcon_ws/install/unity_robotics_msgs/include/unity_robotics_msgs/msg/detail/steering_angle__functions.c
[13.422s] -- Installing: /home/aakashraawat/colcon_ws/install/unity_robotics_msgs/include/unity_robotics_msgs/msg/detail/unity_color__functions.c
[13.422s] -- Installing: /home/aakashraawat/colcon_ws/install/unity_robotics_msgs/include/unity_robotics_msgs/msg/detail/unity_color__type_support.h
[13.422s] -- Installing: /home/aakashraawat/colcon_ws/install/unity_robotics_msgs/include/unity_robotics_msgs/msg/detail/unity_color__struct.h
[13.422s] -- Installing: /home/aakashraawat/colcon_ws/install/unity_robotics_msgs/include/unity_robotics_msgs/msg/detail/steering_angle__functions.h
[13.422s] -- Installing: /home/aakashraawat/colcon_ws/install/unity_robotics_msgs/include/unity_robotics_msgs/msg/detail/steering_angle__type_support.h
[13.422s] -- Installing: /home/aakashraawat/colcon_ws/install/unity_robotics_msgs/include/unity_robotics_msgs/msg/detail/pos_rot__functions.h
[13.422s] -- Installing: /home/aakashraawat/colcon_ws/install/unity_robotics_msgs/include/unity_robotics_msgs/msg/detail/unity_color__functions.h
[13.422s] -- Installing: /home/aakashraawat/colcon_ws/install/unity_robotics_msgs/include/unity_robotics_msgs/msg/detail/steering_angle__struct.h
[13.423s] -- Installing: /home/aakashraawat/colcon_ws/install/unity_robotics_msgs/include/unity_robotics_msgs/msg/steering_angle.h
[13.423s] -- Installing: /home/aakashraawat/colcon_ws/install/unity_robotics_msgs/include/unity_robotics_msgs/msg/pos_rot.h
[13.423s] -- Up-to-date: /home/aakashraawat/colcon_ws/install/unity_robotics_msgs/include/unity_robotics_msgs/srv
[13.423s] -- Installing: /home/aakashraawat/colcon_ws/install/unity_robotics_msgs/include/unity_robotics_msgs/srv/position_service.h
[13.423s] -- Up-to-date: /home/aakashraawat/colcon_ws/install/unity_robotics_msgs/include/unity_robotics_msgs/srv/detail
[13.423s] -- Installing: /home/aakashraawat/colcon_ws/install/unity_robotics_msgs/include/unity_robotics_msgs/srv/detail/position_service__struct.h
[13.423s] -- Installing: /home/aakashraawat/colcon_ws/install/unity_robotics_msgs/include/unity_robotics_msgs/srv/detail/position_service__type_support.h
[13.423s] -- Installing: /home/aakashraawat/colcon_ws/install/unity_robotics_msgs/include/unity_robotics_msgs/srv/detail/object_pose_service__type_support.h
[13.423s] -- Installing: /home/aakashraawat/colcon_ws/install/unity_robotics_msgs/include/unity_robotics_msgs/srv/detail/object_pose_service__struct.h
[13.424s] -- Installing: /home/aakashraawat/colcon_ws/install/unity_robotics_msgs/include/unity_robotics_msgs/srv/detail/position_service__functions.h
[13.424s] -- Installing: /home/aakashraawat/colcon_ws/install/unity_robotics_msgs/include/unity_robotics_msgs/srv/detail/position_service__functions.c
[13.424s] -- Installing: /home/aakashraawat/colcon_ws/install/unity_robotics_msgs/include/unity_robotics_msgs/srv/detail/object_pose_service__functions.c
[13.424s] -- Installing: /home/aakashraawat/colcon_ws/install/unity_robotics_msgs/include/unity_robotics_msgs/srv/detail/object_pose_service__functions.h
[13.424s] -- Installing: /home/aakashraawat/colcon_ws/install/unity_robotics_msgs/include/unity_robotics_msgs/srv/object_pose_service.h
[13.424s] -- Up-to-date: /home/aakashraawat/colcon_ws/install/unity_robotics_msgs/share/unity_robotics_msgs/environment/library_path.sh
[13.424s] -- Installing: /home/aakashraawat/colcon_ws/install/unity_robotics_msgs/share/unity_robotics_msgs/environment/library_path.dsv
[13.425s] -- Installing: /home/aakashraawat/colcon_ws/install/unity_robotics_msgs/lib/libunity_robotics_msgs__rosidl_generator_c.so
[13.425s] -- Set runtime path of "/home/aakashraawat/colcon_ws/install/unity_robotics_msgs/lib/libunity_robotics_msgs__rosidl_generator_c.so" to ""
[13.425s] -- Up-to-date: /home/aakashraawat/colcon_ws/install/unity_robotics_msgs/include/unity_robotics_msgs
[13.425s] -- Up-to-date: /home/aakashraawat/colcon_ws/install/unity_robotics_msgs/include/unity_robotics_msgs/msg
[13.425s] -- Up-to-date: /home/aakashraawat/colcon_ws/install/unity_robotics_msgs/include/unity_robotics_msgs/msg/detail
[13.425s] -- Installing: /home/aakashraawat/colcon_ws/install/unity_robotics_msgs/include/unity_robotics_msgs/msg/detail/pos_rot__rosidl_typesupport_fastrtps_c.h
[13.425s] -- Installing: /home/aakashraawat/colcon_ws/install/unity_robotics_msgs/include/unity_robotics_msgs/msg/detail/steering_angle__rosidl_typesupport_fastrtps_c.h
[13.425s] -- Installing: /home/aakashraawat/colcon_ws/install/unity_robotics_msgs/include/unity_robotics_msgs/msg/detail/unity_color__rosidl_typesupport_fastrtps_c.h
[13.426s] -- Up-to-date: /home/aakashraawat/colcon_ws/install/unity_robotics_msgs/include/unity_robotics_msgs/msg/rosidl_typesupport_fastrtps_c__visibility_control.h
[13.426s] -- Up-to-date: /home/aakashraawat/colcon_ws/install/unity_robotics_msgs/include/unity_robotics_msgs/srv
[13.426s] -- Up-to-date: /home/aakashraawat/colcon_ws/install/unity_robotics_msgs/include/unity_robotics_msgs/srv/detail
[13.426s] -- Installing: /home/aakashraawat/colcon_ws/install/unity_robotics_msgs/include/unity_robotics_msgs/srv/detail/position_service__rosidl_typesupport_fastrtps_c.h
[13.426s] -- Installing: /home/aakashraawat/colcon_ws/install/unity_robotics_msgs/include/unity_robotics_msgs/srv/detail/object_pose_service__rosidl_typesupport_fastrtps_c.h
[13.426s] -- Installing: /home/aakashraawat/colcon_ws/install/unity_robotics_msgs/lib/libunity_robotics_msgs__rosidl_typesupport_fastrtps_c.so
[13.426s] -- Set runtime path of "/home/aakashraawat/colcon_ws/install/unity_robotics_msgs/lib/libunity_robotics_msgs__rosidl_typesupport_fastrtps_c.so" to ""
[13.426s] -- Up-to-date: /home/aakashraawat/colcon_ws/install/unity_robotics_msgs/include/unity_robotics_msgs
[13.426s] -- Up-to-date: /home/aakashraawat/colcon_ws/install/unity_robotics_msgs/include/unity_robotics_msgs/msg
[13.427s] -- Up-to-date: /home/aakashraawat/colcon_ws/install/unity_robotics_msgs/include/unity_robotics_msgs/msg/rosidl_typesupport_fastrtps_cpp__visibility_control.h
[13.427s] -- Up-to-date: /home/aakashraawat/colcon_ws/install/unity_robotics_msgs/include/unity_robotics_msgs/msg/detail
[13.427s] -- Installing: /home/aakashraawat/colcon_ws/install/unity_robotics_msgs/include/unity_robotics_msgs/msg/detail/pos_rot__rosidl_typesupport_fastrtps_cpp.hpp
[13.427s] -- Up-to-date: /home/aakashraawat/colcon_ws/install/unity_robotics_msgs/include/unity_robotics_msgs/msg/detail/dds_fastrtps
[13.427s] -- Installing: /home/aakashraawat/colcon_ws/install/unity_robotics_msgs/include/unity_robotics_msgs/msg/detail/steering_angle__rosidl_typesupport_fastrtps_cpp.hpp
[13.427s] -- Installing: /home/aakashraawat/colcon_ws/install/unity_robotics_msgs/include/unity_robotics_msgs/msg/detail/unity_color__rosidl_typesupport_fastrtps_cpp.hpp
[13.427s] -- Up-to-date: /home/aakashraawat/colcon_ws/install/unity_robotics_msgs/include/unity_robotics_msgs/srv
[13.428s] -- Up-to-date: /home/aakashraawat/colcon_ws/install/unity_robotics_msgs/include/unity_robotics_msgs/srv/detail
[13.428s] -- Up-to-date: /home/aakashraawat/colcon_ws/install/unity_robotics_msgs/include/unity_robotics_msgs/srv/detail/dds_fastrtps
[13.428s] -- Installing: /home/aakashraawat/colcon_ws/install/unity_robotics_msgs/include/unity_robotics_msgs/srv/detail/position_service__rosidl_typesupport_fastrtps_cpp.hpp
[13.428s] -- Installing: /home/aakashraawat/colcon_ws/install/unity_robotics_msgs/include/unity_robotics_msgs/srv/detail/object_pose_service__rosidl_typesupport_fastrtps_cpp.hpp
[13.428s] -- Installing: /home/aakashraawat/colcon_ws/install/unity_robotics_msgs/lib/libunity_robotics_msgs__rosidl_typesupport_fastrtps_cpp.so
[13.428s] -- Set runtime path of "/home/aakashraawat/colcon_ws/install/unity_robotics_msgs/lib/libunity_robotics_msgs__rosidl_typesupport_fastrtps_cpp.so" to ""
[13.428s] -- Up-to-date: /home/aakashraawat/colcon_ws/install/unity_robotics_msgs/include/unity_robotics_msgs
[13.429s] -- Up-to-date: /home/aakashraawat/colcon_ws/install/unity_robotics_msgs/include/unity_robotics_msgs/msg
[13.429s] -- Up-to-date: /home/aakashraawat/colcon_ws/install/unity_robotics_msgs/include/unity_robotics_msgs/msg/rosidl_typesupport_introspection_c__visibility_control.h
[13.429s] -- Up-to-date: /home/aakashraawat/colcon_ws/install/unity_robotics_msgs/include/unity_robotics_msgs/msg/detail
[13.429s] -- Installing: /home/aakashraawat/colcon_ws/install/unity_robotics_msgs/include/unity_robotics_msgs/msg/detail/unity_color__type_support.c
[13.429s] -- Installing: /home/aakashraawat/colcon_ws/install/unity_robotics_msgs/include/unity_robotics_msgs/msg/detail/steering_angle__rosidl_typesupport_introspection_c.h
[13.429s] -- Installing: /home/aakashraawat/colcon_ws/install/unity_robotics_msgs/include/unity_robotics_msgs/msg/detail/pos_rot__type_support.c
[13.429s] -- Installing: /home/aakashraawat/colcon_ws/install/unity_robotics_msgs/include/unity_robotics_msgs/msg/detail/unity_color__rosidl_typesupport_introspection_c.h
[13.430s] -- Installing: /home/aakashraawat/colcon_ws/install/unity_robotics_msgs/include/unity_robotics_msgs/msg/detail/steering_angle__type_support.c
[13.430s] -- Installing: /home/aakashraawat/colcon_ws/install/unity_robotics_msgs/include/unity_robotics_msgs/msg/detail/pos_rot__rosidl_typesupport_introspection_c.h
[13.430s] -- Up-to-date: /home/aakashraawat/colcon_ws/install/unity_robotics_msgs/include/unity_robotics_msgs/srv
[13.430s] -- Up-to-date: /home/aakashraawat/colcon_ws/install/unity_robotics_msgs/include/unity_robotics_msgs/srv/detail
[13.430s] -- Installing: /home/aakashraawat/colcon_ws/install/unity_robotics_msgs/include/unity_robotics_msgs/srv/detail/position_service__type_support.c
[13.430s] -- Installing: /home/aakashraawat/colcon_ws/install/unity_robotics_msgs/include/unity_robotics_msgs/srv/detail/object_pose_service__rosidl_typesupport_introspection_c.h
[13.430s] -- Installing: /home/aakashraawat/colcon_ws/install/unity_robotics_msgs/include/unity_robotics_msgs/srv/detail/position_service__rosidl_typesupport_introspection_c.h
[13.430s] -- Installing: /home/aakashraawat/colcon_ws/install/unity_robotics_msgs/include/unity_robotics_msgs/srv/detail/object_pose_service__type_support.c
[13.431s] -- Installing: /home/aakashraawat/colcon_ws/install/unity_robotics_msgs/lib/libunity_robotics_msgs__rosidl_typesupport_introspection_c.so
[13.431s] -- Set runtime path of "/home/aakashraawat/colcon_ws/install/unity_robotics_msgs/lib/libunity_robotics_msgs__rosidl_typesupport_introspection_c.so" to ""
[13.431s] -- Installing: /home/aakashraawat/colcon_ws/install/unity_robotics_msgs/lib/libunity_robotics_msgs__rosidl_typesupport_c.so
[13.431s] -- Set runtime path of "/home/aakashraawat/colcon_ws/install/unity_robotics_msgs/lib/libunity_robotics_msgs__rosidl_typesupport_c.so" to ""
[13.431s] -- Up-to-date: /home/aakashraawat/colcon_ws/install/unity_robotics_msgs/include/unity_robotics_msgs
[13.431s] -- Up-to-date: /home/aakashraawat/colcon_ws/install/unity_robotics_msgs/include/unity_robotics_msgs/msg
[13.431s] -- Installing: /home/aakashraawat/colcon_ws/install/unity_robotics_msgs/include/unity_robotics_msgs/msg/steering_angle.hpp
[13.432s] -- Installing: /home/aakashraawat/colcon_ws/install/unity_robotics_msgs/include/unity_robotics_msgs/msg/unity_color.hpp
[13.432s] -- Installing: /home/aakashraawat/colcon_ws/install/unity_robotics_msgs/include/unity_robotics_msgs/msg/pos_rot.hpp
[13.432s] -- Up-to-date: /home/aakashraawat/colcon_ws/install/unity_robotics_msgs/include/unity_robotics_msgs/msg/detail
[13.432s] -- Installing: /home/aakashraawat/colcon_ws/install/unity_robotics_msgs/include/unity_robotics_msgs/msg/detail/unity_color__type_support.hpp
[13.432s] -- Installing: /home/aakashraawat/colcon_ws/install/unity_robotics_msgs/include/unity_robotics_msgs/msg/detail/pos_rot__traits.hpp
[13.432s] -- Installing: /home/aakashraawat/colcon_ws/install/unity_robotics_msgs/include/unity_robotics_msgs/msg/detail/steering_angle__struct.hpp
[13.432s] -- Installing: /home/aakashraawat/colcon_ws/install/unity_robotics_msgs/include/unity_robotics_msgs/msg/detail/unity_color__struct.hpp
[13.432s] -- Installing: /home/aakashraawat/colcon_ws/install/unity_robotics_msgs/include/unity_robotics_msgs/msg/detail/steering_angle__type_support.hpp
[13.433s] -- Installing: /home/aakashraawat/colcon_ws/install/unity_robotics_msgs/include/unity_robotics_msgs/msg/detail/unity_color__traits.hpp
[13.433s] -- Installing: /home/aakashraawat/colcon_ws/install/unity_robotics_msgs/include/unity_robotics_msgs/msg/detail/steering_angle__traits.hpp
[13.433s] -- Installing: /home/aakashraawat/colcon_ws/install/unity_robotics_msgs/include/unity_robotics_msgs/msg/detail/pos_rot__builder.hpp
[13.433s] -- Installing: /home/aakashraawat/colcon_ws/install/unity_robotics_msgs/include/unity_robotics_msgs/msg/detail/steering_angle__builder.hpp
[13.433s] -- Installing: /home/aakashraawat/colcon_ws/install/unity_robotics_msgs/include/unity_robotics_msgs/msg/detail/pos_rot__struct.hpp
[13.433s] -- Installing: /home/aakashraawat/colcon_ws/install/unity_robotics_msgs/include/unity_robotics_msgs/msg/detail/unity_color__builder.hpp
[13.433s] -- Installing: /home/aakashraawat/colcon_ws/install/unity_robotics_msgs/include/unity_robotics_msgs/msg/detail/pos_rot__type_support.hpp
[13.433s] -- Up-to-date: /home/aakashraawat/colcon_ws/install/unity_robotics_msgs/include/unity_robotics_msgs/msg/rosidl_generator_cpp__visibility_control.hpp
[13.433s] -- Up-to-date: /home/aakashraawat/colcon_ws/install/unity_robotics_msgs/include/unity_robotics_msgs/srv
[13.433s] -- Up-to-date: /home/aakashraawat/colcon_ws/install/unity_robotics_msgs/include/unity_robotics_msgs/srv/detail
[13.433s] -- Installing: /home/aakashraawat/colcon_ws/install/unity_robotics_msgs/include/unity_robotics_msgs/srv/detail/position_service__struct.hpp
[13.433s] -- Installing: /home/aakashraawat/colcon_ws/install/unity_robotics_msgs/include/unity_robotics_msgs/srv/detail/object_pose_service__builder.hpp
[13.433s] -- Installing: /home/aakashraawat/colcon_ws/install/unity_robotics_msgs/include/unity_robotics_msgs/srv/detail/object_pose_service__type_support.hpp
[13.433s] -- Installing: /home/aakashraawat/colcon_ws/install/unity_robotics_msgs/include/unity_robotics_msgs/srv/detail/position_service__traits.hpp
[13.433s] -- Installing: /home/aakashraawat/colcon_ws/install/unity_robotics_msgs/include/unity_robotics_msgs/srv/detail/position_service__builder.hpp
[13.433s] -- Installing: /home/aakashraawat/colcon_ws/install/unity_robotics_msgs/include/unity_robotics_msgs/srv/detail/position_service__type_support.hpp
[13.433s] -- Installing: /home/aakashraawat/colcon_ws/install/unity_robotics_msgs/include/unity_robotics_msgs/srv/detail/object_pose_service__traits.hpp
[13.433s] -- Installing: /home/aakashraawat/colcon_ws/install/unity_robotics_msgs/include/unity_robotics_msgs/srv/detail/object_pose_service__struct.hpp
[13.433s] -- Installing: /home/aakashraawat/colcon_ws/install/unity_robotics_msgs/include/unity_robotics_msgs/srv/position_service.hpp
[13.433s] -- Installing: /home/aakashraawat/colcon_ws/install/unity_robotics_msgs/include/unity_robotics_msgs/srv/object_pose_service.hpp
[13.433s] -- Up-to-date: /home/aakashraawat/colcon_ws/install/unity_robotics_msgs/include/unity_robotics_msgs
[13.433s] -- Up-to-date: /home/aakashraawat/colcon_ws/install/unity_robotics_msgs/include/unity_robotics_msgs/msg
[13.434s] -- Up-to-date: /home/aakashraawat/colcon_ws/install/unity_robotics_msgs/include/unity_robotics_msgs/msg/detail
[13.434s] -- Installing: /home/aakashraawat/colcon_ws/install/unity_robotics_msgs/include/unity_robotics_msgs/msg/detail/steering_angle__rosidl_typesupport_introspection_cpp.hpp
[13.434s] -- Installing: /home/aakashraawat/colcon_ws/install/unity_robotics_msgs/include/unity_robotics_msgs/msg/detail/steering_angle__type_support.cpp
[13.434s] -- Installing: /home/aakashraawat/colcon_ws/install/unity_robotics_msgs/include/unity_robotics_msgs/msg/detail/pos_rot__type_support.cpp
[13.434s] -- Installing: /home/aakashraawat/colcon_ws/install/unity_robotics_msgs/include/unity_robotics_msgs/msg/detail/unity_color__rosidl_typesupport_introspection_cpp.hpp
[13.434s] -- Installing: /home/aakashraawat/colcon_ws/install/unity_robotics_msgs/include/unity_robotics_msgs/msg/detail/unity_color__type_support.cpp
[13.434s] -- Installing: /home/aakashraawat/colcon_ws/install/unity_robotics_msgs/include/unity_robotics_msgs/msg/detail/pos_rot__rosidl_typesupport_introspection_cpp.hpp
[13.434s] -- Up-to-date: /home/aakashraawat/colcon_ws/install/unity_robotics_msgs/include/unity_robotics_msgs/srv
[13.434s] -- Up-to-date: /home/aakashraawat/colcon_ws/install/unity_robotics_msgs/include/unity_robotics_msgs/srv/detail
[13.434s] -- Installing: /home/aakashraawat/colcon_ws/install/unity_robotics_msgs/include/unity_robotics_msgs/srv/detail/object_pose_service__type_support.cpp
[13.434s] -- Installing: /home/aakashraawat/colcon_ws/install/unity_robotics_msgs/include/unity_robotics_msgs/srv/detail/object_pose_service__rosidl_typesupport_introspection_cpp.hpp
[13.434s] -- Installing: /home/aakashraawat/colcon_ws/install/unity_robotics_msgs/include/unity_robotics_msgs/srv/detail/position_service__rosidl_typesupport_introspection_cpp.hpp
[13.434s] -- Installing: /home/aakashraawat/colcon_ws/install/unity_robotics_msgs/include/unity_robotics_msgs/srv/detail/position_service__type_support.cpp
[13.434s] -- Installing: /home/aakashraawat/colcon_ws/install/unity_robotics_msgs/lib/libunity_robotics_msgs__rosidl_typesupport_introspection_cpp.so
[13.434s] -- Set runtime path of "/home/aakashraawat/colcon_ws/install/unity_robotics_msgs/lib/libunity_robotics_msgs__rosidl_typesupport_introspection_cpp.so" to ""
[13.434s] -- Installing: /home/aakashraawat/colcon_ws/install/unity_robotics_msgs/lib/libunity_robotics_msgs__rosidl_typesupport_cpp.so
[13.434s] -- Set runtime path of "/home/aakashraawat/colcon_ws/install/unity_robotics_msgs/lib/libunity_robotics_msgs__rosidl_typesupport_cpp.so" to ""
[13.434s] -- Up-to-date: /home/aakashraawat/colcon_ws/install/unity_robotics_msgs/share/unity_robotics_msgs/environment/pythonpath.sh
[13.434s] -- Installing: /home/aakashraawat/colcon_ws/install/unity_robotics_msgs/share/unity_robotics_msgs/environment/pythonpath.dsv
[13.434s] -- Installing: /home/aakashraawat/colcon_ws/install/unity_robotics_msgs/lib/python3.8/site-packages/unity_robotics_msgs/__init__.py
[13.457s] Compiling '/home/aakashraawat/colcon_ws/install/unity_robotics_msgs/lib/python3.8/site-packages/unity_robotics_msgs/__init__.py'...
[13.461s] -- Up-to-date: /home/aakashraawat/colcon_ws/install/unity_robotics_msgs/lib/python3.8/site-packages/unity_robotics_msgs/msg
[13.462s] -- Installing: /home/aakashraawat/colcon_ws/install/unity_robotics_msgs/lib/python3.8/site-packages/unity_robotics_msgs/msg/_pos_rot_s.c
[13.462s] -- Installing: /home/aakashraawat/colcon_ws/install/unity_robotics_msgs/lib/python3.8/site-packages/unity_robotics_msgs/msg/_unity_color.py
[13.462s] -- Installing: /home/aakashraawat/colcon_ws/install/unity_robotics_msgs/lib/python3.8/site-packages/unity_robotics_msgs/msg/_steering_angle.py
[13.462s] -- Installing: /home/aakashraawat/colcon_ws/install/unity_robotics_msgs/lib/python3.8/site-packages/unity_robotics_msgs/msg/__init__.py
[13.462s] -- Installing: /home/aakashraawat/colcon_ws/install/unity_robotics_msgs/lib/python3.8/site-packages/unity_robotics_msgs/msg/_unity_color_s.c
[13.462s] -- Installing: /home/aakashraawat/colcon_ws/install/unity_robotics_msgs/lib/python3.8/site-packages/unity_robotics_msgs/msg/_pos_rot.py
[13.462s] -- Installing: /home/aakashraawat/colcon_ws/install/unity_robotics_msgs/lib/python3.8/site-packages/unity_robotics_msgs/msg/_steering_angle_s.c
[13.463s] -- Up-to-date: /home/aakashraawat/colcon_ws/install/unity_robotics_msgs/lib/python3.8/site-packages/unity_robotics_msgs/srv
[13.463s] -- Installing: /home/aakashraawat/colcon_ws/install/unity_robotics_msgs/lib/python3.8/site-packages/unity_robotics_msgs/srv/_object_pose_service.py
[13.463s] -- Installing: /home/aakashraawat/colcon_ws/install/unity_robotics_msgs/lib/python3.8/site-packages/unity_robotics_msgs/srv/_object_pose_service_s.c
[13.463s] -- Installing: /home/aakashraawat/colcon_ws/install/unity_robotics_msgs/lib/python3.8/site-packages/unity_robotics_msgs/srv/_position_service_s.c
[13.463s] -- Installing: /home/aakashraawat/colcon_ws/install/unity_robotics_msgs/lib/python3.8/site-packages/unity_robotics_msgs/srv/__init__.py
[13.463s] -- Installing: /home/aakashraawat/colcon_ws/install/unity_robotics_msgs/lib/python3.8/site-packages/unity_robotics_msgs/srv/_position_service.py
[13.463s] -- Installing: /home/aakashraawat/colcon_ws/install/unity_robotics_msgs/lib/python3.8/site-packages/unity_robotics_msgs/unity_robotics_msgs_s__rosidl_typesupport_fastrtps_c.cpython-38-x86_64-linux-gnu.so
[13.463s] -- Set runtime path of "/home/aakashraawat/colcon_ws/install/unity_robotics_msgs/lib/python3.8/site-packages/unity_robotics_msgs/unity_robotics_msgs_s__rosidl_typesupport_fastrtps_c.cpython-38-x86_64-linux-gnu.so" to ""
[13.464s] -- Installing: /home/aakashraawat/colcon_ws/install/unity_robotics_msgs/lib/python3.8/site-packages/unity_robotics_msgs/unity_robotics_msgs_s__rosidl_typesupport_introspection_c.cpython-38-x86_64-linux-gnu.so
[13.464s] -- Set runtime path of "/home/aakashraawat/colcon_ws/install/unity_robotics_msgs/lib/python3.8/site-packages/unity_robotics_msgs/unity_robotics_msgs_s__rosidl_typesupport_introspection_c.cpython-38-x86_64-linux-gnu.so" to ""
[13.464s] -- Installing: /home/aakashraawat/colcon_ws/install/unity_robotics_msgs/lib/python3.8/site-packages/unity_robotics_msgs/unity_robotics_msgs_s__rosidl_typesupport_c.cpython-38-x86_64-linux-gnu.so
[13.465s] -- Set runtime path of "/home/aakashraawat/colcon_ws/install/unity_robotics_msgs/lib/python3.8/site-packages/unity_robotics_msgs/unity_robotics_msgs_s__rosidl_typesupport_c.cpython-38-x86_64-linux-gnu.so" to ""
[13.465s] -- Installing: /home/aakashraawat/colcon_ws/install/unity_robotics_msgs/lib/libunity_robotics_msgs__python.so
[13.465s] -- Set runtime path of "/home/aakashraawat/colcon_ws/install/unity_robotics_msgs/lib/libunity_robotics_msgs__python.so" to ""
[13.465s] -- Installing: /home/aakashraawat/colcon_ws/install/unity_robotics_msgs/share/unity_robotics_msgs/msg/SteeringAngle.idl
[13.465s] -- Up-to-date: /home/aakashraawat/colcon_ws/install/unity_robotics_msgs/share/unity_robotics_msgs/msg/PosRot.idl
[13.466s] -- Up-to-date: /home/aakashraawat/colcon_ws/install/unity_robotics_msgs/share/unity_robotics_msgs/msg/UnityColor.idl
[13.466s] -- Up-to-date: /home/aakashraawat/colcon_ws/install/unity_robotics_msgs/share/unity_robotics_msgs/srv/PositionService.idl
[13.466s] -- Up-to-date: /home/aakashraawat/colcon_ws/install/unity_robotics_msgs/share/unity_robotics_msgs/srv/ObjectPoseService.idl
[13.466s] -- Installing: /home/aakashraawat/colcon_ws/install/unity_robotics_msgs/share/unity_robotics_msgs/msg/SteeringAngle.msg
[13.466s] -- Up-to-date: /home/aakashraawat/colcon_ws/install/unity_robotics_msgs/share/unity_robotics_msgs/msg/PosRot.msg
[13.466s] -- Up-to-date: /home/aakashraawat/colcon_ws/install/unity_robotics_msgs/share/unity_robotics_msgs/msg/UnityColor.msg
[13.466s] -- Up-to-date: /home/aakashraawat/colcon_ws/install/unity_robotics_msgs/share/unity_robotics_msgs/srv/PositionService.srv
[13.467s] -- Up-to-date: /home/aakashraawat/colcon_ws/install/unity_robotics_msgs/share/unity_robotics_msgs/srv/PositionService_Request.msg
[13.467s] -- Up-to-date: /home/aakashraawat/colcon_ws/install/unity_robotics_msgs/share/unity_robotics_msgs/srv/PositionService_Response.msg
[13.467s] -- Up-to-date: /home/aakashraawat/colcon_ws/install/unity_robotics_msgs/share/unity_robotics_msgs/srv/ObjectPoseService.srv
[13.467s] -- Up-to-date: /home/aakashraawat/colcon_ws/install/unity_robotics_msgs/share/unity_robotics_msgs/srv/ObjectPoseService_Request.msg
[13.467s] -- Up-to-date: /home/aakashraawat/colcon_ws/install/unity_robotics_msgs/share/unity_robotics_msgs/srv/ObjectPoseService_Response.msg
[13.467s] -- Up-to-date: /home/aakashraawat/colcon_ws/install/unity_robotics_msgs/share/ament_index/resource_index/package_run_dependencies/unity_robotics_msgs
[13.467s] -- Installing: /home/aakashraawat/colcon_ws/install/unity_robotics_msgs/share/ament_index/resource_index/parent_prefix_path/unity_robotics_msgs
[13.467s] -- Up-to-date: /home/aakashraawat/colcon_ws/install/unity_robotics_msgs/share/unity_robotics_msgs/environment/ament_prefix_path.sh
[13.467s] -- Installing: /home/aakashraawat/colcon_ws/install/unity_robotics_msgs/share/unity_robotics_msgs/environment/ament_prefix_path.dsv
[13.467s] -- Up-to-date: /home/aakashraawat/colcon_ws/install/unity_robotics_msgs/share/unity_robotics_msgs/environment/path.sh
[13.468s] -- Installing: /home/aakashraawat/colcon_ws/install/unity_robotics_msgs/share/unity_robotics_msgs/environment/path.dsv
[13.468s] -- Up-to-date: /home/aakashraawat/colcon_ws/install/unity_robotics_msgs/share/unity_robotics_msgs/local_setup.bash
[13.468s] -- Up-to-date: /home/aakashraawat/colcon_ws/install/unity_robotics_msgs/share/unity_robotics_msgs/local_setup.sh
[13.468s] -- Up-to-date: /home/aakashraawat/colcon_ws/install/unity_robotics_msgs/share/unity_robotics_msgs/local_setup.zsh
[13.468s] -- Installing: /home/aakashraawat/colcon_ws/install/unity_robotics_msgs/share/unity_robotics_msgs/local_setup.dsv
[13.468s] -- Installing: /home/aakashraawat/colcon_ws/install/unity_robotics_msgs/share/unity_robotics_msgs/package.dsv
[13.468s] -- Up-to-date: /home/aakashraawat/colcon_ws/install/unity_robotics_msgs/share/ament_index/resource_index/packages/unity_robotics_msgs
[13.468s] -- Up-to-date: /home/aakashraawat/colcon_ws/install/unity_robotics_msgs/share/unity_robotics_msgs/cmake/unity_robotics_msgs__rosidl_generator_cExport.cmake
[13.469s] -- Installing: /home/aakashraawat/colcon_ws/install/unity_robotics_msgs/share/unity_robotics_msgs/cmake/unity_robotics_msgs__rosidl_generator_cExport-noconfig.cmake
[13.469s] -- Up-to-date: /home/aakashraawat/colcon_ws/install/unity_robotics_msgs/share/unity_robotics_msgs/cmake/unity_robotics_msgs__rosidl_typesupport_introspection_cExport.cmake
[13.469s] -- Installing: /home/aakashraawat/colcon_ws/install/unity_robotics_msgs/share/unity_robotics_msgs/cmake/unity_robotics_msgs__rosidl_typesupport_introspection_cExport-noconfig.cmake
[13.469s] -- Up-to-date: /home/aakashraawat/colcon_ws/install/unity_robotics_msgs/share/unity_robotics_msgs/cmake/unity_robotics_msgs__rosidl_typesupport_cExport.cmake
[13.469s] -- Installing: /home/aakashraawat/colcon_ws/install/unity_robotics_msgs/share/unity_robotics_msgs/cmake/unity_robotics_msgs__rosidl_typesupport_cExport-noconfig.cmake
[13.469s] -- Up-to-date: /home/aakashraawat/colcon_ws/install/unity_robotics_msgs/share/unity_robotics_msgs/cmake/unity_robotics_msgs__rosidl_generator_cppExport.cmake
[13.469s] -- Up-to-date: /home/aakashraawat/colcon_ws/install/unity_robotics_msgs/share/unity_robotics_msgs/cmake/unity_robotics_msgs__rosidl_typesupport_introspection_cppExport.cmake
[13.469s] -- Installing: /home/aakashraawat/colcon_ws/install/unity_robotics_msgs/share/unity_robotics_msgs/cmake/unity_robotics_msgs__rosidl_typesupport_introspection_cppExport-noconfig.cmake
[13.469s] -- Up-to-date: /home/aakashraawat/colcon_ws/install/unity_robotics_msgs/share/unity_robotics_msgs/cmake/unity_robotics_msgs__rosidl_typesupport_cppExport.cmake
[13.469s] -- Installing: /home/aakashraawat/colcon_ws/install/unity_robotics_msgs/share/unity_robotics_msgs/cmake/unity_robotics_msgs__rosidl_typesupport_cppExport-noconfig.cmake
[13.469s] -- Installing: /home/aakashraawat/colcon_ws/install/unity_robotics_msgs/share/unity_robotics_msgs/cmake/rosidl_cmake-extras.cmake
[13.469s] -- Up-to-date: /home/aakashraawat/colcon_ws/install/unity_robotics_msgs/share/unity_robotics_msgs/cmake/ament_cmake_export_dependencies-extras.cmake
[13.469s] -- Up-to-date: /home/aakashraawat/colcon_ws/install/unity_robotics_msgs/share/unity_robotics_msgs/cmake/ament_cmake_export_libraries-extras.cmake
[13.470s] -- Up-to-date: /home/aakashraawat/colcon_ws/install/unity_robotics_msgs/share/unity_robotics_msgs/cmake/ament_cmake_export_targets-extras.cmake
[13.470s] -- Up-to-date: /home/aakashraawat/colcon_ws/install/unity_robotics_msgs/share/unity_robotics_msgs/cmake/ament_cmake_export_include_directories-extras.cmake
[13.470s] -- Up-to-date: /home/aakashraawat/colcon_ws/install/unity_robotics_msgs/share/unity_robotics_msgs/cmake/rosidl_cmake_export_typesupport_libraries-extras.cmake
[13.470s] -- Up-to-date: /home/aakashraawat/colcon_ws/install/unity_robotics_msgs/share/unity_robotics_msgs/cmake/rosidl_cmake_export_typesupport_targets-extras.cmake
[13.470s] -- Up-to-date: /home/aakashraawat/colcon_ws/install/unity_robotics_msgs/share/unity_robotics_msgs/cmake/unity_robotics_msgsConfig.cmake
[13.470s] -- Up-to-date: /home/aakashraawat/colcon_ws/install/unity_robotics_msgs/share/unity_robotics_msgs/cmake/unity_robotics_msgsConfig-version.cmake
[13.470s] -- Up-to-date: /home/aakashraawat/colcon_ws/install/unity_robotics_msgs/share/unity_robotics_msgs/package.xml
[13.472s] Invoked command in '/home/aakashraawat/colcon_ws/build/unity_robotics_msgs' returned '0': CMAKE_PREFIX_PATH=${CMAKE_PREFIX_PATH}:/home/aakashraawat/colcon_ws/install/unity_robotics_demo:/home/aakashraawat/colcon_ws/install/simulink_subscriber:/home/aakashraawat/colcon_ws/install/ros_tcp_endpoint:/home/aakashraawat/colcon_ws/install/py_pubsub:/opt/ros/foxy /usr/bin/cmake --install /home/aakashraawat/colcon_ws/build/unity_robotics_msgs
