[0.033s] Invoking command in '/home/aakashraawat/colcon_ws/build/unity_robotics_msgs': CMAKE_PREFIX_PATH=${CMAKE_PREFIX_PATH}:/home/aakashraawat/colcon_ws/install/simulink_subscriber:/home/aakashraawat/colcon_ws/install/unity_robotics_demo:/home/aakashraawat/colcon_ws/install/ros_tcp_endpoint:/home/aakashraawat/colcon_ws/install/py_pubsub:/opt/ros/foxy /usr/bin/cmake --build /home/aakashraawat/colcon_ws/build/unity_robotics_msgs -- -j20 -l20
[0.600s] -- Found rosidl_default_generators: 1.0.1 (/opt/ros/foxy/share/rosidl_default_generators/cmake)
[0.601s] -- Found ament_cmake_core: 0.9.12 (/opt/ros/foxy/share/ament_cmake_core/cmake)
[0.601s] -- Found PythonInterp: /usr/bin/python3 (found suitable version "3.8.10", minimum required is "3") 
[0.601s] -- Using PYTHON_EXECUTABLE: /usr/bin/python3
[0.601s] -- Using all available rosidl_typesupport_c: rosidl_typesupport_fastrtps_c;rosidl_typesupport_introspection_c
[0.602s] -- Found rosidl_adapter: 1.3.1 (/opt/ros/foxy/share/rosidl_adapter/cmake)
[4.732s] -- Using all available rosidl_typesupport_cpp: rosidl_typesupport_fastrtps_cpp;rosidl_typesupport_introspection_cpp
[4.751s] -- Found builtin_interfaces: 1.0.0 (/opt/ros/foxy/share/builtin_interfaces/cmake)
[4.760s] -- Found geometry_msgs: 2.0.5 (/opt/ros/foxy/share/geometry_msgs/cmake)
[4.827s] -- Found PythonInterp: /usr/bin/python3 (found version "3.8.10") 
[5.008s] -- Found ament_cmake_ros: 0.9.2 (/opt/ros/foxy/share/ament_cmake_ros/cmake)
[9.410s] -- Using all available rosidl_typesupport_c: rosidl_typesupport_fastrtps_c;rosidl_typesupport_introspection_c
[9.502s] -- Using all available rosidl_typesupport_cpp: rosidl_typesupport_fastrtps_cpp;rosidl_typesupport_introspection_cpp
[9.524s] -- Found PythonInterp: /usr/bin/python3 (found suitable version "3.8.10", minimum required is "3.5") 
[9.524s] -- Found python_cmake_module: 0.8.1 (/opt/ros/foxy/share/python_cmake_module/cmake)
[9.544s] -- Using PYTHON_EXECUTABLE: /usr/bin/python3
[9.544s] -- Using PYTHON_INCLUDE_DIRS: /usr/include/python3.8
[9.544s] -- Using PYTHON_LIBRARIES: /usr/lib/x86_64-linux-gnu/libpython3.8.so
[9.589s] -- Found ament_lint_auto: 0.9.8 (/opt/ros/foxy/share/ament_lint_auto/cmake)
[9.596s] -- Added test 'copyright' to check source files copyright and LICENSE
[9.597s] -- Added test 'lint_cmake' to check CMake code style
[9.598s] -- Added test 'xmllint' to check XML markup files
[9.601s] -- Configuring done
[9.652s] -- Generating done
[9.655s] -- Build files have been written to: /home/aakashraawat/colcon_ws/build/unity_robotics_msgs
[9.693s] [  1%] Built target unity_robotics_msgs__cpp
[9.694s] [ 12%] Built target unity_robotics_msgs__rosidl_generator_c
[9.714s] [ 23%] Built target unity_robotics_msgs__rosidl_typesupport_cpp
[9.714s] [ 35%] Built target unity_robotics_msgs__rosidl_typesupport_introspection_c
[9.715s] [ 46%] Built target unity_robotics_msgs__rosidl_typesupport_introspection_cpp
[9.715s] [ 57%] Built target unity_robotics_msgs__rosidl_typesupport_c
[9.716s] [ 69%] Built target unity_robotics_msgs__rosidl_typesupport_fastrtps_cpp
[9.740s] [ 80%] Built target unity_robotics_msgs__rosidl_typesupport_fastrtps_c
[9.757s] [ 80%] Built target unity_robotics_msgs
[9.774s] [ 81%] Built target unity_robotics_msgs__py
[9.799s] [ 91%] Built target unity_robotics_msgs__python
[9.821s] [100%] Built target unity_robotics_msgs__rosidl_typesupport_fastrtps_c__pyext
[9.821s] [100%] Built target unity_robotics_msgs__rosidl_typesupport_c__pyext
[9.821s] [100%] Built target unity_robotics_msgs__rosidl_typesupport_introspection_c__pyext
[9.833s] Invoked command in '/home/aakashraawat/colcon_ws/build/unity_robotics_msgs' returned '0': CMAKE_PREFIX_PATH=${CMAKE_PREFIX_PATH}:/home/aakashraawat/colcon_ws/install/simulink_subscriber:/home/aakashraawat/colcon_ws/install/unity_robotics_demo:/home/aakashraawat/colcon_ws/install/ros_tcp_endpoint:/home/aakashraawat/colcon_ws/install/py_pubsub:/opt/ros/foxy /usr/bin/cmake --build /home/aakashraawat/colcon_ws/build/unity_robotics_msgs -- -j20 -l20
[9.940s] Invoking command in '/home/aakashraawat/colcon_ws/build/unity_robotics_msgs': CMAKE_PREFIX_PATH=${CMAKE_PREFIX_PATH}:/home/aakashraawat/colcon_ws/install/simulink_subscriber:/home/aakashraawat/colcon_ws/install/unity_robotics_demo:/home/aakashraawat/colcon_ws/install/ros_tcp_endpoint:/home/aakashraawat/colcon_ws/install/py_pubsub:/opt/ros/foxy /usr/bin/cmake --install /home/aakashraawat/colcon_ws/build/unity_robotics_msgs
[9.947s] -- Install configuration: ""
[9.947s] -- Up-to-date: /home/aakashraawat/colcon_ws/install/unity_robotics_msgs/share/ament_index/resource_index/rosidl_interfaces/unity_robotics_msgs
[9.948s] -- Up-to-date: /home/aakashraawat/colcon_ws/install/unity_robotics_msgs/include/unity_robotics_msgs
[9.948s] -- Up-to-date: /home/aakashraawat/colcon_ws/install/unity_robotics_msgs/include/unity_robotics_msgs/msg
[9.948s] -- Up-to-date: /home/aakashraawat/colcon_ws/install/unity_robotics_msgs/include/unity_robotics_msgs/msg/unity_color.h
[9.948s] -- Up-to-date: /home/aakashraawat/colcon_ws/install/unity_robotics_msgs/include/unity_robotics_msgs/msg/rosidl_generator_c__visibility_control.h
[9.948s] -- Up-to-date: /home/aakashraawat/colcon_ws/install/unity_robotics_msgs/include/unity_robotics_msgs/msg/detail
[9.948s] -- Up-to-date: /home/aakashraawat/colcon_ws/install/unity_robotics_msgs/include/unity_robotics_msgs/msg/detail/pos_rot__functions.c
[9.948s] -- Up-to-date: /home/aakashraawat/colcon_ws/install/unity_robotics_msgs/include/unity_robotics_msgs/msg/detail/pos_rot__struct.h
[9.949s] -- Up-to-date: /home/aakashraawat/colcon_ws/install/unity_robotics_msgs/include/unity_robotics_msgs/msg/detail/wheel_angular_velocity__functions.c
[9.949s] -- Up-to-date: /home/aakashraawat/colcon_ws/install/unity_robotics_msgs/include/unity_robotics_msgs/msg/detail/pos_rot__type_support.h
[9.949s] -- Up-to-date: /home/aakashraawat/colcon_ws/install/unity_robotics_msgs/include/unity_robotics_msgs/msg/detail/steering_angle__functions.c
[9.949s] -- Up-to-date: /home/aakashraawat/colcon_ws/install/unity_robotics_msgs/include/unity_robotics_msgs/msg/detail/unity_color__functions.c
[9.949s] -- Up-to-date: /home/aakashraawat/colcon_ws/install/unity_robotics_msgs/include/unity_robotics_msgs/msg/detail/unity_color__type_support.h
[9.949s] -- Up-to-date: /home/aakashraawat/colcon_ws/install/unity_robotics_msgs/include/unity_robotics_msgs/msg/detail/wheel_angular_velocity__struct.h
[9.949s] -- Up-to-date: /home/aakashraawat/colcon_ws/install/unity_robotics_msgs/include/unity_robotics_msgs/msg/detail/wheel_angular_velocity__functions.h
[9.949s] -- Up-to-date: /home/aakashraawat/colcon_ws/install/unity_robotics_msgs/include/unity_robotics_msgs/msg/detail/unity_color__struct.h
[9.950s] -- Up-to-date: /home/aakashraawat/colcon_ws/install/unity_robotics_msgs/include/unity_robotics_msgs/msg/detail/steering_angle__functions.h
[9.950s] -- Up-to-date: /home/aakashraawat/colcon_ws/install/unity_robotics_msgs/include/unity_robotics_msgs/msg/detail/steering_angle__type_support.h
[9.950s] -- Up-to-date: /home/aakashraawat/colcon_ws/install/unity_robotics_msgs/include/unity_robotics_msgs/msg/detail/pos_rot__functions.h
[9.950s] -- Up-to-date: /home/aakashraawat/colcon_ws/install/unity_robotics_msgs/include/unity_robotics_msgs/msg/detail/unity_color__functions.h
[9.950s] -- Up-to-date: /home/aakashraawat/colcon_ws/install/unity_robotics_msgs/include/unity_robotics_msgs/msg/detail/steering_angle__struct.h
[9.950s] -- Up-to-date: /home/aakashraawat/colcon_ws/install/unity_robotics_msgs/include/unity_robotics_msgs/msg/detail/wheel_angular_velocity__type_support.h
[9.950s] -- Up-to-date: /home/aakashraawat/colcon_ws/install/unity_robotics_msgs/include/unity_robotics_msgs/msg/wheel_angular_velocity.h
[9.951s] -- Up-to-date: /home/aakashraawat/colcon_ws/install/unity_robotics_msgs/include/unity_robotics_msgs/msg/steering_angle.h
[9.951s] -- Up-to-date: /home/aakashraawat/colcon_ws/install/unity_robotics_msgs/include/unity_robotics_msgs/msg/pos_rot.h
[9.951s] -- Up-to-date: /home/aakashraawat/colcon_ws/install/unity_robotics_msgs/include/unity_robotics_msgs/srv
[9.951s] -- Up-to-date: /home/aakashraawat/colcon_ws/install/unity_robotics_msgs/include/unity_robotics_msgs/srv/position_service.h
[9.952s] -- Up-to-date: /home/aakashraawat/colcon_ws/install/unity_robotics_msgs/include/unity_robotics_msgs/srv/detail
[9.952s] -- Up-to-date: /home/aakashraawat/colcon_ws/install/unity_robotics_msgs/include/unity_robotics_msgs/srv/detail/position_service__struct.h
[9.953s] -- Up-to-date: /home/aakashraawat/colcon_ws/install/unity_robotics_msgs/include/unity_robotics_msgs/srv/detail/position_service__type_support.h
[9.953s] -- Up-to-date: /home/aakashraawat/colcon_ws/install/unity_robotics_msgs/include/unity_robotics_msgs/srv/detail/object_pose_service__type_support.h
[9.953s] -- Up-to-date: /home/aakashraawat/colcon_ws/install/unity_robotics_msgs/include/unity_robotics_msgs/srv/detail/object_pose_service__struct.h
[9.953s] -- Up-to-date: /home/aakashraawat/colcon_ws/install/unity_robotics_msgs/include/unity_robotics_msgs/srv/detail/position_service__functions.h
[9.953s] -- Up-to-date: /home/aakashraawat/colcon_ws/install/unity_robotics_msgs/include/unity_robotics_msgs/srv/detail/position_service__functions.c
[9.953s] -- Up-to-date: /home/aakashraawat/colcon_ws/install/unity_robotics_msgs/include/unity_robotics_msgs/srv/detail/object_pose_service__functions.c
[9.953s] -- Up-to-date: /home/aakashraawat/colcon_ws/install/unity_robotics_msgs/include/unity_robotics_msgs/srv/detail/object_pose_service__functions.h
[9.954s] -- Up-to-date: /home/aakashraawat/colcon_ws/install/unity_robotics_msgs/include/unity_robotics_msgs/srv/object_pose_service.h
[9.954s] -- Up-to-date: /home/aakashraawat/colcon_ws/install/unity_robotics_msgs/share/unity_robotics_msgs/environment/library_path.sh
[9.954s] -- Installing: /home/aakashraawat/colcon_ws/install/unity_robotics_msgs/share/unity_robotics_msgs/environment/library_path.dsv
[9.954s] -- Up-to-date: /home/aakashraawat/colcon_ws/install/unity_robotics_msgs/lib/libunity_robotics_msgs__rosidl_generator_c.so
[9.954s] -- Up-to-date: /home/aakashraawat/colcon_ws/install/unity_robotics_msgs/include/unity_robotics_msgs
[9.954s] -- Up-to-date: /home/aakashraawat/colcon_ws/install/unity_robotics_msgs/include/unity_robotics_msgs/msg
[9.954s] -- Up-to-date: /home/aakashraawat/colcon_ws/install/unity_robotics_msgs/include/unity_robotics_msgs/msg/detail
[9.954s] -- Up-to-date: /home/aakashraawat/colcon_ws/install/unity_robotics_msgs/include/unity_robotics_msgs/msg/detail/wheel_angular_velocity__rosidl_typesupport_fastrtps_c.h
[9.954s] -- Up-to-date: /home/aakashraawat/colcon_ws/install/unity_robotics_msgs/include/unity_robotics_msgs/msg/detail/pos_rot__rosidl_typesupport_fastrtps_c.h
[9.954s] -- Up-to-date: /home/aakashraawat/colcon_ws/install/unity_robotics_msgs/include/unity_robotics_msgs/msg/detail/steering_angle__rosidl_typesupport_fastrtps_c.h
[9.954s] -- Up-to-date: /home/aakashraawat/colcon_ws/install/unity_robotics_msgs/include/unity_robotics_msgs/msg/detail/unity_color__rosidl_typesupport_fastrtps_c.h
[9.954s] -- Up-to-date: /home/aakashraawat/colcon_ws/install/unity_robotics_msgs/include/unity_robotics_msgs/msg/rosidl_typesupport_fastrtps_c__visibility_control.h
[9.954s] -- Up-to-date: /home/aakashraawat/colcon_ws/install/unity_robotics_msgs/include/unity_robotics_msgs/srv
[9.954s] -- Up-to-date: /home/aakashraawat/colcon_ws/install/unity_robotics_msgs/include/unity_robotics_msgs/srv/detail
[9.954s] -- Up-to-date: /home/aakashraawat/colcon_ws/install/unity_robotics_msgs/include/unity_robotics_msgs/srv/detail/position_service__rosidl_typesupport_fastrtps_c.h
[9.955s] -- Up-to-date: /home/aakashraawat/colcon_ws/install/unity_robotics_msgs/include/unity_robotics_msgs/srv/detail/object_pose_service__rosidl_typesupport_fastrtps_c.h
[9.955s] -- Up-to-date: /home/aakashraawat/colcon_ws/install/unity_robotics_msgs/lib/libunity_robotics_msgs__rosidl_typesupport_fastrtps_c.so
[9.955s] -- Up-to-date: /home/aakashraawat/colcon_ws/install/unity_robotics_msgs/include/unity_robotics_msgs
[9.955s] -- Up-to-date: /home/aakashraawat/colcon_ws/install/unity_robotics_msgs/include/unity_robotics_msgs/msg
[9.955s] -- Up-to-date: /home/aakashraawat/colcon_ws/install/unity_robotics_msgs/include/unity_robotics_msgs/msg/rosidl_typesupport_fastrtps_cpp__visibility_control.h
[9.955s] -- Up-to-date: /home/aakashraawat/colcon_ws/install/unity_robotics_msgs/include/unity_robotics_msgs/msg/detail
[9.955s] -- Up-to-date: /home/aakashraawat/colcon_ws/install/unity_robotics_msgs/include/unity_robotics_msgs/msg/detail/pos_rot__rosidl_typesupport_fastrtps_cpp.hpp
[9.955s] -- Up-to-date: /home/aakashraawat/colcon_ws/install/unity_robotics_msgs/include/unity_robotics_msgs/msg/detail/dds_fastrtps
[9.955s] -- Up-to-date: /home/aakashraawat/colcon_ws/install/unity_robotics_msgs/include/unity_robotics_msgs/msg/detail/steering_angle__rosidl_typesupport_fastrtps_cpp.hpp
[9.955s] -- Up-to-date: /home/aakashraawat/colcon_ws/install/unity_robotics_msgs/include/unity_robotics_msgs/msg/detail/wheel_angular_velocity__rosidl_typesupport_fastrtps_cpp.hpp
[9.955s] -- Up-to-date: /home/aakashraawat/colcon_ws/install/unity_robotics_msgs/include/unity_robotics_msgs/msg/detail/unity_color__rosidl_typesupport_fastrtps_cpp.hpp
[9.955s] -- Up-to-date: /home/aakashraawat/colcon_ws/install/unity_robotics_msgs/include/unity_robotics_msgs/srv
[9.955s] -- Up-to-date: /home/aakashraawat/colcon_ws/install/unity_robotics_msgs/include/unity_robotics_msgs/srv/detail
[9.955s] -- Up-to-date: /home/aakashraawat/colcon_ws/install/unity_robotics_msgs/include/unity_robotics_msgs/srv/detail/dds_fastrtps
[9.955s] -- Up-to-date: /home/aakashraawat/colcon_ws/install/unity_robotics_msgs/include/unity_robotics_msgs/srv/detail/position_service__rosidl_typesupport_fastrtps_cpp.hpp
[9.955s] -- Up-to-date: /home/aakashraawat/colcon_ws/install/unity_robotics_msgs/include/unity_robotics_msgs/srv/detail/object_pose_service__rosidl_typesupport_fastrtps_cpp.hpp
[9.955s] -- Up-to-date: /home/aakashraawat/colcon_ws/install/unity_robotics_msgs/lib/libunity_robotics_msgs__rosidl_typesupport_fastrtps_cpp.so
[9.955s] -- Up-to-date: /home/aakashraawat/colcon_ws/install/unity_robotics_msgs/include/unity_robotics_msgs
[9.955s] -- Up-to-date: /home/aakashraawat/colcon_ws/install/unity_robotics_msgs/include/unity_robotics_msgs/msg
[9.955s] -- Up-to-date: /home/aakashraawat/colcon_ws/install/unity_robotics_msgs/include/unity_robotics_msgs/msg/rosidl_typesupport_introspection_c__visibility_control.h
[9.955s] -- Up-to-date: /home/aakashraawat/colcon_ws/install/unity_robotics_msgs/include/unity_robotics_msgs/msg/detail
[9.955s] -- Up-to-date: /home/aakashraawat/colcon_ws/install/unity_robotics_msgs/include/unity_robotics_msgs/msg/detail/unity_color__type_support.c
[9.955s] -- Up-to-date: /home/aakashraawat/colcon_ws/install/unity_robotics_msgs/include/unity_robotics_msgs/msg/detail/steering_angle__rosidl_typesupport_introspection_c.h
[9.956s] -- Up-to-date: /home/aakashraawat/colcon_ws/install/unity_robotics_msgs/include/unity_robotics_msgs/msg/detail/pos_rot__type_support.c
[9.956s] -- Up-to-date: /home/aakashraawat/colcon_ws/install/unity_robotics_msgs/include/unity_robotics_msgs/msg/detail/unity_color__rosidl_typesupport_introspection_c.h
[9.956s] -- Up-to-date: /home/aakashraawat/colcon_ws/install/unity_robotics_msgs/include/unity_robotics_msgs/msg/detail/steering_angle__type_support.c
[9.956s] -- Up-to-date: /home/aakashraawat/colcon_ws/install/unity_robotics_msgs/include/unity_robotics_msgs/msg/detail/pos_rot__rosidl_typesupport_introspection_c.h
[9.956s] -- Up-to-date: /home/aakashraawat/colcon_ws/install/unity_robotics_msgs/include/unity_robotics_msgs/msg/detail/wheel_angular_velocity__rosidl_typesupport_introspection_c.h
[9.956s] -- Up-to-date: /home/aakashraawat/colcon_ws/install/unity_robotics_msgs/include/unity_robotics_msgs/msg/detail/wheel_angular_velocity__type_support.c
[9.956s] -- Up-to-date: /home/aakashraawat/colcon_ws/install/unity_robotics_msgs/include/unity_robotics_msgs/srv
[9.956s] -- Up-to-date: /home/aakashraawat/colcon_ws/install/unity_robotics_msgs/include/unity_robotics_msgs/srv/detail
[9.956s] -- Up-to-date: /home/aakashraawat/colcon_ws/install/unity_robotics_msgs/include/unity_robotics_msgs/srv/detail/position_service__type_support.c
[9.956s] -- Up-to-date: /home/aakashraawat/colcon_ws/install/unity_robotics_msgs/include/unity_robotics_msgs/srv/detail/object_pose_service__rosidl_typesupport_introspection_c.h
[9.956s] -- Up-to-date: /home/aakashraawat/colcon_ws/install/unity_robotics_msgs/include/unity_robotics_msgs/srv/detail/position_service__rosidl_typesupport_introspection_c.h
[9.956s] -- Up-to-date: /home/aakashraawat/colcon_ws/install/unity_robotics_msgs/include/unity_robotics_msgs/srv/detail/object_pose_service__type_support.c
[9.956s] -- Up-to-date: /home/aakashraawat/colcon_ws/install/unity_robotics_msgs/lib/libunity_robotics_msgs__rosidl_typesupport_introspection_c.so
[9.956s] -- Up-to-date: /home/aakashraawat/colcon_ws/install/unity_robotics_msgs/lib/libunity_robotics_msgs__rosidl_typesupport_c.so
[9.956s] -- Up-to-date: /home/aakashraawat/colcon_ws/install/unity_robotics_msgs/include/unity_robotics_msgs
[9.956s] -- Up-to-date: /home/aakashraawat/colcon_ws/install/unity_robotics_msgs/include/unity_robotics_msgs/msg
[9.956s] -- Up-to-date: /home/aakashraawat/colcon_ws/install/unity_robotics_msgs/include/unity_robotics_msgs/msg/steering_angle.hpp
[9.956s] -- Up-to-date: /home/aakashraawat/colcon_ws/install/unity_robotics_msgs/include/unity_robotics_msgs/msg/unity_color.hpp
[9.956s] -- Up-to-date: /home/aakashraawat/colcon_ws/install/unity_robotics_msgs/include/unity_robotics_msgs/msg/pos_rot.hpp
[9.956s] -- Up-to-date: /home/aakashraawat/colcon_ws/install/unity_robotics_msgs/include/unity_robotics_msgs/msg/detail
[9.956s] -- Up-to-date: /home/aakashraawat/colcon_ws/install/unity_robotics_msgs/include/unity_robotics_msgs/msg/detail/wheel_angular_velocity__traits.hpp
[9.956s] -- Up-to-date: /home/aakashraawat/colcon_ws/install/unity_robotics_msgs/include/unity_robotics_msgs/msg/detail/unity_color__type_support.hpp
[9.956s] -- Up-to-date: /home/aakashraawat/colcon_ws/install/unity_robotics_msgs/include/unity_robotics_msgs/msg/detail/pos_rot__traits.hpp
[9.956s] -- Up-to-date: /home/aakashraawat/colcon_ws/install/unity_robotics_msgs/include/unity_robotics_msgs/msg/detail/steering_angle__struct.hpp
[9.957s] -- Up-to-date: /home/aakashraawat/colcon_ws/install/unity_robotics_msgs/include/unity_robotics_msgs/msg/detail/wheel_angular_velocity__type_support.hpp
[9.957s] -- Up-to-date: /home/aakashraawat/colcon_ws/install/unity_robotics_msgs/include/unity_robotics_msgs/msg/detail/unity_color__struct.hpp
[9.957s] -- Up-to-date: /home/aakashraawat/colcon_ws/install/unity_robotics_msgs/include/unity_robotics_msgs/msg/detail/steering_angle__type_support.hpp
[9.957s] -- Up-to-date: /home/aakashraawat/colcon_ws/install/unity_robotics_msgs/include/unity_robotics_msgs/msg/detail/wheel_angular_velocity__struct.hpp
[9.957s] -- Up-to-date: /home/aakashraawat/colcon_ws/install/unity_robotics_msgs/include/unity_robotics_msgs/msg/detail/unity_color__traits.hpp
[9.957s] -- Up-to-date: /home/aakashraawat/colcon_ws/install/unity_robotics_msgs/include/unity_robotics_msgs/msg/detail/steering_angle__traits.hpp
[9.957s] -- Up-to-date: /home/aakashraawat/colcon_ws/install/unity_robotics_msgs/include/unity_robotics_msgs/msg/detail/pos_rot__builder.hpp
[9.957s] -- Up-to-date: /home/aakashraawat/colcon_ws/install/unity_robotics_msgs/include/unity_robotics_msgs/msg/detail/wheel_angular_velocity__builder.hpp
[9.957s] -- Up-to-date: /home/aakashraawat/colcon_ws/install/unity_robotics_msgs/include/unity_robotics_msgs/msg/detail/steering_angle__builder.hpp
[9.957s] -- Up-to-date: /home/aakashraawat/colcon_ws/install/unity_robotics_msgs/include/unity_robotics_msgs/msg/detail/pos_rot__struct.hpp
[9.957s] -- Up-to-date: /home/aakashraawat/colcon_ws/install/unity_robotics_msgs/include/unity_robotics_msgs/msg/detail/unity_color__builder.hpp
[9.957s] -- Up-to-date: /home/aakashraawat/colcon_ws/install/unity_robotics_msgs/include/unity_robotics_msgs/msg/detail/pos_rot__type_support.hpp
[9.957s] -- Up-to-date: /home/aakashraawat/colcon_ws/install/unity_robotics_msgs/include/unity_robotics_msgs/msg/rosidl_generator_cpp__visibility_control.hpp
[9.957s] -- Up-to-date: /home/aakashraawat/colcon_ws/install/unity_robotics_msgs/include/unity_robotics_msgs/msg/wheel_angular_velocity.hpp
[9.957s] -- Up-to-date: /home/aakashraawat/colcon_ws/install/unity_robotics_msgs/include/unity_robotics_msgs/srv
[9.957s] -- Up-to-date: /home/aakashraawat/colcon_ws/install/unity_robotics_msgs/include/unity_robotics_msgs/srv/detail
[9.957s] -- Up-to-date: /home/aakashraawat/colcon_ws/install/unity_robotics_msgs/include/unity_robotics_msgs/srv/detail/position_service__struct.hpp
[9.957s] -- Up-to-date: /home/aakashraawat/colcon_ws/install/unity_robotics_msgs/include/unity_robotics_msgs/srv/detail/object_pose_service__builder.hpp
[9.957s] -- Up-to-date: /home/aakashraawat/colcon_ws/install/unity_robotics_msgs/include/unity_robotics_msgs/srv/detail/object_pose_service__type_support.hpp
[9.957s] -- Up-to-date: /home/aakashraawat/colcon_ws/install/unity_robotics_msgs/include/unity_robotics_msgs/srv/detail/position_service__traits.hpp
[9.957s] -- Up-to-date: /home/aakashraawat/colcon_ws/install/unity_robotics_msgs/include/unity_robotics_msgs/srv/detail/position_service__builder.hpp
[9.957s] -- Up-to-date: /home/aakashraawat/colcon_ws/install/unity_robotics_msgs/include/unity_robotics_msgs/srv/detail/position_service__type_support.hpp
[9.958s] -- Up-to-date: /home/aakashraawat/colcon_ws/install/unity_robotics_msgs/include/unity_robotics_msgs/srv/detail/object_pose_service__traits.hpp
[9.958s] -- Up-to-date: /home/aakashraawat/colcon_ws/install/unity_robotics_msgs/include/unity_robotics_msgs/srv/detail/object_pose_service__struct.hpp
[9.958s] -- Up-to-date: /home/aakashraawat/colcon_ws/install/unity_robotics_msgs/include/unity_robotics_msgs/srv/position_service.hpp
[9.958s] -- Up-to-date: /home/aakashraawat/colcon_ws/install/unity_robotics_msgs/include/unity_robotics_msgs/srv/object_pose_service.hpp
[9.958s] -- Up-to-date: /home/aakashraawat/colcon_ws/install/unity_robotics_msgs/include/unity_robotics_msgs
[9.958s] -- Up-to-date: /home/aakashraawat/colcon_ws/install/unity_robotics_msgs/include/unity_robotics_msgs/msg
[9.958s] -- Up-to-date: /home/aakashraawat/colcon_ws/install/unity_robotics_msgs/include/unity_robotics_msgs/msg/detail
[9.958s] -- Up-to-date: /home/aakashraawat/colcon_ws/install/unity_robotics_msgs/include/unity_robotics_msgs/msg/detail/steering_angle__rosidl_typesupport_introspection_cpp.hpp
[9.958s] -- Up-to-date: /home/aakashraawat/colcon_ws/install/unity_robotics_msgs/include/unity_robotics_msgs/msg/detail/steering_angle__type_support.cpp
[9.958s] -- Up-to-date: /home/aakashraawat/colcon_ws/install/unity_robotics_msgs/include/unity_robotics_msgs/msg/detail/pos_rot__type_support.cpp
[9.958s] -- Up-to-date: /home/aakashraawat/colcon_ws/install/unity_robotics_msgs/include/unity_robotics_msgs/msg/detail/unity_color__rosidl_typesupport_introspection_cpp.hpp
[9.958s] -- Up-to-date: /home/aakashraawat/colcon_ws/install/unity_robotics_msgs/include/unity_robotics_msgs/msg/detail/wheel_angular_velocity__type_support.cpp
[9.958s] -- Up-to-date: /home/aakashraawat/colcon_ws/install/unity_robotics_msgs/include/unity_robotics_msgs/msg/detail/unity_color__type_support.cpp
[9.958s] -- Up-to-date: /home/aakashraawat/colcon_ws/install/unity_robotics_msgs/include/unity_robotics_msgs/msg/detail/wheel_angular_velocity__rosidl_typesupport_introspection_cpp.hpp
[9.958s] -- Up-to-date: /home/aakashraawat/colcon_ws/install/unity_robotics_msgs/include/unity_robotics_msgs/msg/detail/pos_rot__rosidl_typesupport_introspection_cpp.hpp
[9.958s] -- Up-to-date: /home/aakashraawat/colcon_ws/install/unity_robotics_msgs/include/unity_robotics_msgs/srv
[9.958s] -- Up-to-date: /home/aakashraawat/colcon_ws/install/unity_robotics_msgs/include/unity_robotics_msgs/srv/detail
[9.958s] -- Up-to-date: /home/aakashraawat/colcon_ws/install/unity_robotics_msgs/include/unity_robotics_msgs/srv/detail/object_pose_service__type_support.cpp
[9.958s] -- Up-to-date: /home/aakashraawat/colcon_ws/install/unity_robotics_msgs/include/unity_robotics_msgs/srv/detail/object_pose_service__rosidl_typesupport_introspection_cpp.hpp
[9.958s] -- Up-to-date: /home/aakashraawat/colcon_ws/install/unity_robotics_msgs/include/unity_robotics_msgs/srv/detail/position_service__rosidl_typesupport_introspection_cpp.hpp
[9.958s] -- Up-to-date: /home/aakashraawat/colcon_ws/install/unity_robotics_msgs/include/unity_robotics_msgs/srv/detail/position_service__type_support.cpp
[9.958s] -- Up-to-date: /home/aakashraawat/colcon_ws/install/unity_robotics_msgs/lib/libunity_robotics_msgs__rosidl_typesupport_introspection_cpp.so
[9.958s] -- Up-to-date: /home/aakashraawat/colcon_ws/install/unity_robotics_msgs/lib/libunity_robotics_msgs__rosidl_typesupport_cpp.so
[9.958s] -- Up-to-date: /home/aakashraawat/colcon_ws/install/unity_robotics_msgs/share/unity_robotics_msgs/environment/pythonpath.sh
[9.959s] -- Installing: /home/aakashraawat/colcon_ws/install/unity_robotics_msgs/share/unity_robotics_msgs/environment/pythonpath.dsv
[9.959s] -- Installing: /home/aakashraawat/colcon_ws/install/unity_robotics_msgs/lib/python3.8/site-packages/unity_robotics_msgs/__init__.py
[9.980s] Compiling '/home/aakashraawat/colcon_ws/install/unity_robotics_msgs/lib/python3.8/site-packages/unity_robotics_msgs/__init__.py'...
[9.984s] -- Up-to-date: /home/aakashraawat/colcon_ws/install/unity_robotics_msgs/lib/python3.8/site-packages/unity_robotics_msgs/msg
[9.984s] -- Up-to-date: /home/aakashraawat/colcon_ws/install/unity_robotics_msgs/lib/python3.8/site-packages/unity_robotics_msgs/msg/_wheel_angular_velocity_s.c
[9.984s] -- Up-to-date: /home/aakashraawat/colcon_ws/install/unity_robotics_msgs/lib/python3.8/site-packages/unity_robotics_msgs/msg/_pos_rot_s.c
[9.985s] -- Up-to-date: /home/aakashraawat/colcon_ws/install/unity_robotics_msgs/lib/python3.8/site-packages/unity_robotics_msgs/msg/_unity_color.py
[9.985s] -- Up-to-date: /home/aakashraawat/colcon_ws/install/unity_robotics_msgs/lib/python3.8/site-packages/unity_robotics_msgs/msg/_steering_angle.py
[9.985s] -- Up-to-date: /home/aakashraawat/colcon_ws/install/unity_robotics_msgs/lib/python3.8/site-packages/unity_robotics_msgs/msg/__init__.py
[9.985s] -- Up-to-date: /home/aakashraawat/colcon_ws/install/unity_robotics_msgs/lib/python3.8/site-packages/unity_robotics_msgs/msg/_unity_color_s.c
[9.985s] -- Up-to-date: /home/aakashraawat/colcon_ws/install/unity_robotics_msgs/lib/python3.8/site-packages/unity_robotics_msgs/msg/_pos_rot.py
[9.985s] -- Up-to-date: /home/aakashraawat/colcon_ws/install/unity_robotics_msgs/lib/python3.8/site-packages/unity_robotics_msgs/msg/_steering_angle_s.c
[9.985s] -- Up-to-date: /home/aakashraawat/colcon_ws/install/unity_robotics_msgs/lib/python3.8/site-packages/unity_robotics_msgs/msg/_wheel_angular_velocity.py
[9.985s] -- Up-to-date: /home/aakashraawat/colcon_ws/install/unity_robotics_msgs/lib/python3.8/site-packages/unity_robotics_msgs/srv
[9.985s] -- Up-to-date: /home/aakashraawat/colcon_ws/install/unity_robotics_msgs/lib/python3.8/site-packages/unity_robotics_msgs/srv/_object_pose_service.py
[9.985s] -- Up-to-date: /home/aakashraawat/colcon_ws/install/unity_robotics_msgs/lib/python3.8/site-packages/unity_robotics_msgs/srv/_object_pose_service_s.c
[9.985s] -- Up-to-date: /home/aakashraawat/colcon_ws/install/unity_robotics_msgs/lib/python3.8/site-packages/unity_robotics_msgs/srv/_position_service_s.c
[9.985s] -- Up-to-date: /home/aakashraawat/colcon_ws/install/unity_robotics_msgs/lib/python3.8/site-packages/unity_robotics_msgs/srv/__init__.py
[9.985s] -- Up-to-date: /home/aakashraawat/colcon_ws/install/unity_robotics_msgs/lib/python3.8/site-packages/unity_robotics_msgs/srv/_position_service.py
[9.985s] -- Up-to-date: /home/aakashraawat/colcon_ws/install/unity_robotics_msgs/lib/python3.8/site-packages/unity_robotics_msgs/unity_robotics_msgs_s__rosidl_typesupport_fastrtps_c.cpython-38-x86_64-linux-gnu.so
[9.985s] -- Up-to-date: /home/aakashraawat/colcon_ws/install/unity_robotics_msgs/lib/python3.8/site-packages/unity_robotics_msgs/unity_robotics_msgs_s__rosidl_typesupport_introspection_c.cpython-38-x86_64-linux-gnu.so
[9.986s] -- Up-to-date: /home/aakashraawat/colcon_ws/install/unity_robotics_msgs/lib/python3.8/site-packages/unity_robotics_msgs/unity_robotics_msgs_s__rosidl_typesupport_c.cpython-38-x86_64-linux-gnu.so
[9.986s] -- Up-to-date: /home/aakashraawat/colcon_ws/install/unity_robotics_msgs/lib/libunity_robotics_msgs__python.so
[9.986s] -- Up-to-date: /home/aakashraawat/colcon_ws/install/unity_robotics_msgs/share/unity_robotics_msgs/msg/WheelAngularVelocity.idl
[9.986s] -- Up-to-date: /home/aakashraawat/colcon_ws/install/unity_robotics_msgs/share/unity_robotics_msgs/msg/SteeringAngle.idl
[9.987s] -- Up-to-date: /home/aakashraawat/colcon_ws/install/unity_robotics_msgs/share/unity_robotics_msgs/msg/PosRot.idl
[9.987s] -- Up-to-date: /home/aakashraawat/colcon_ws/install/unity_robotics_msgs/share/unity_robotics_msgs/msg/UnityColor.idl
[9.987s] -- Up-to-date: /home/aakashraawat/colcon_ws/install/unity_robotics_msgs/share/unity_robotics_msgs/srv/PositionService.idl
[9.987s] -- Up-to-date: /home/aakashraawat/colcon_ws/install/unity_robotics_msgs/share/unity_robotics_msgs/srv/ObjectPoseService.idl
[9.987s] -- Installing: /home/aakashraawat/colcon_ws/install/unity_robotics_msgs/share/unity_robotics_msgs/msg/WheelAngularVelocity.msg
[9.988s] -- Up-to-date: /home/aakashraawat/colcon_ws/install/unity_robotics_msgs/share/unity_robotics_msgs/msg/SteeringAngle.msg
[9.988s] -- Up-to-date: /home/aakashraawat/colcon_ws/install/unity_robotics_msgs/share/unity_robotics_msgs/msg/PosRot.msg
[9.988s] -- Up-to-date: /home/aakashraawat/colcon_ws/install/unity_robotics_msgs/share/unity_robotics_msgs/msg/UnityColor.msg
[9.988s] -- Up-to-date: /home/aakashraawat/colcon_ws/install/unity_robotics_msgs/share/unity_robotics_msgs/srv/PositionService.srv
[9.988s] -- Up-to-date: /home/aakashraawat/colcon_ws/install/unity_robotics_msgs/share/unity_robotics_msgs/srv/PositionService_Request.msg
[9.988s] -- Up-to-date: /home/aakashraawat/colcon_ws/install/unity_robotics_msgs/share/unity_robotics_msgs/srv/PositionService_Response.msg
[9.988s] -- Up-to-date: /home/aakashraawat/colcon_ws/install/unity_robotics_msgs/share/unity_robotics_msgs/srv/ObjectPoseService.srv
[9.988s] -- Up-to-date: /home/aakashraawat/colcon_ws/install/unity_robotics_msgs/share/unity_robotics_msgs/srv/ObjectPoseService_Request.msg
[9.989s] -- Up-to-date: /home/aakashraawat/colcon_ws/install/unity_robotics_msgs/share/unity_robotics_msgs/srv/ObjectPoseService_Response.msg
[9.989s] -- Up-to-date: /home/aakashraawat/colcon_ws/install/unity_robotics_msgs/share/ament_index/resource_index/package_run_dependencies/unity_robotics_msgs
[9.989s] -- Up-to-date: /home/aakashraawat/colcon_ws/install/unity_robotics_msgs/share/ament_index/resource_index/parent_prefix_path/unity_robotics_msgs
[9.989s] -- Up-to-date: /home/aakashraawat/colcon_ws/install/unity_robotics_msgs/share/unity_robotics_msgs/environment/ament_prefix_path.sh
[9.989s] -- Installing: /home/aakashraawat/colcon_ws/install/unity_robotics_msgs/share/unity_robotics_msgs/environment/ament_prefix_path.dsv
[9.989s] -- Up-to-date: /home/aakashraawat/colcon_ws/install/unity_robotics_msgs/share/unity_robotics_msgs/environment/path.sh
[9.989s] -- Installing: /home/aakashraawat/colcon_ws/install/unity_robotics_msgs/share/unity_robotics_msgs/environment/path.dsv
[9.990s] -- Up-to-date: /home/aakashraawat/colcon_ws/install/unity_robotics_msgs/share/unity_robotics_msgs/local_setup.bash
[9.990s] -- Up-to-date: /home/aakashraawat/colcon_ws/install/unity_robotics_msgs/share/unity_robotics_msgs/local_setup.sh
[9.990s] -- Up-to-date: /home/aakashraawat/colcon_ws/install/unity_robotics_msgs/share/unity_robotics_msgs/local_setup.zsh
[9.990s] -- Installing: /home/aakashraawat/colcon_ws/install/unity_robotics_msgs/share/unity_robotics_msgs/local_setup.dsv
[9.990s] -- Installing: /home/aakashraawat/colcon_ws/install/unity_robotics_msgs/share/unity_robotics_msgs/package.dsv
[9.990s] -- Up-to-date: /home/aakashraawat/colcon_ws/install/unity_robotics_msgs/share/ament_index/resource_index/packages/unity_robotics_msgs
[9.990s] -- Up-to-date: /home/aakashraawat/colcon_ws/install/unity_robotics_msgs/share/unity_robotics_msgs/cmake/unity_robotics_msgs__rosidl_generator_cExport.cmake
[9.990s] -- Installing: /home/aakashraawat/colcon_ws/install/unity_robotics_msgs/share/unity_robotics_msgs/cmake/unity_robotics_msgs__rosidl_generator_cExport-noconfig.cmake
[9.990s] -- Up-to-date: /home/aakashraawat/colcon_ws/install/unity_robotics_msgs/share/unity_robotics_msgs/cmake/unity_robotics_msgs__rosidl_typesupport_introspection_cExport.cmake
[9.991s] -- Installing: /home/aakashraawat/colcon_ws/install/unity_robotics_msgs/share/unity_robotics_msgs/cmake/unity_robotics_msgs__rosidl_typesupport_introspection_cExport-noconfig.cmake
[9.991s] -- Up-to-date: /home/aakashraawat/colcon_ws/install/unity_robotics_msgs/share/unity_robotics_msgs/cmake/unity_robotics_msgs__rosidl_typesupport_cExport.cmake
[9.991s] -- Installing: /home/aakashraawat/colcon_ws/install/unity_robotics_msgs/share/unity_robotics_msgs/cmake/unity_robotics_msgs__rosidl_typesupport_cExport-noconfig.cmake
[9.991s] -- Up-to-date: /home/aakashraawat/colcon_ws/install/unity_robotics_msgs/share/unity_robotics_msgs/cmake/unity_robotics_msgs__rosidl_generator_cppExport.cmake
[9.991s] -- Up-to-date: /home/aakashraawat/colcon_ws/install/unity_robotics_msgs/share/unity_robotics_msgs/cmake/unity_robotics_msgs__rosidl_typesupport_introspection_cppExport.cmake
[9.991s] -- Installing: /home/aakashraawat/colcon_ws/install/unity_robotics_msgs/share/unity_robotics_msgs/cmake/unity_robotics_msgs__rosidl_typesupport_introspection_cppExport-noconfig.cmake
[9.991s] -- Up-to-date: /home/aakashraawat/colcon_ws/install/unity_robotics_msgs/share/unity_robotics_msgs/cmake/unity_robotics_msgs__rosidl_typesupport_cppExport.cmake
[9.991s] -- Installing: /home/aakashraawat/colcon_ws/install/unity_robotics_msgs/share/unity_robotics_msgs/cmake/unity_robotics_msgs__rosidl_typesupport_cppExport-noconfig.cmake
[9.991s] -- Up-to-date: /home/aakashraawat/colcon_ws/install/unity_robotics_msgs/share/unity_robotics_msgs/cmake/rosidl_cmake-extras.cmake
[9.991s] -- Up-to-date: /home/aakashraawat/colcon_ws/install/unity_robotics_msgs/share/unity_robotics_msgs/cmake/ament_cmake_export_dependencies-extras.cmake
[9.991s] -- Up-to-date: /home/aakashraawat/colcon_ws/install/unity_robotics_msgs/share/unity_robotics_msgs/cmake/ament_cmake_export_libraries-extras.cmake
[9.991s] -- Up-to-date: /home/aakashraawat/colcon_ws/install/unity_robotics_msgs/share/unity_robotics_msgs/cmake/ament_cmake_export_targets-extras.cmake
[9.991s] -- Up-to-date: /home/aakashraawat/colcon_ws/install/unity_robotics_msgs/share/unity_robotics_msgs/cmake/ament_cmake_export_include_directories-extras.cmake
[9.991s] -- Up-to-date: /home/aakashraawat/colcon_ws/install/unity_robotics_msgs/share/unity_robotics_msgs/cmake/rosidl_cmake_export_typesupport_libraries-extras.cmake
[9.992s] -- Up-to-date: /home/aakashraawat/colcon_ws/install/unity_robotics_msgs/share/unity_robotics_msgs/cmake/rosidl_cmake_export_typesupport_targets-extras.cmake
[9.992s] -- Up-to-date: /home/aakashraawat/colcon_ws/install/unity_robotics_msgs/share/unity_robotics_msgs/cmake/unity_robotics_msgsConfig.cmake
[9.992s] -- Up-to-date: /home/aakashraawat/colcon_ws/install/unity_robotics_msgs/share/unity_robotics_msgs/cmake/unity_robotics_msgsConfig-version.cmake
[9.992s] -- Up-to-date: /home/aakashraawat/colcon_ws/install/unity_robotics_msgs/share/unity_robotics_msgs/package.xml
[9.993s] Invoked command in '/home/aakashraawat/colcon_ws/build/unity_robotics_msgs' returned '0': CMAKE_PREFIX_PATH=${CMAKE_PREFIX_PATH}:/home/aakashraawat/colcon_ws/install/simulink_subscriber:/home/aakashraawat/colcon_ws/install/unity_robotics_demo:/home/aakashraawat/colcon_ws/install/ros_tcp_endpoint:/home/aakashraawat/colcon_ws/install/py_pubsub:/opt/ros/foxy /usr/bin/cmake --install /home/aakashraawat/colcon_ws/build/unity_robotics_msgs
