[0.043s] Invoking command in '/home/aakashraawat/colcon_ws/build/tf2': CMAKE_PREFIX_PATH=${CMAKE_PREFIX_PATH}:/home/aakashraawat/colcon_ws/install/simulink_subscriber:/home/aakashraawat/colcon_ws/install/unity_robotics_demo:/home/aakashraawat/colcon_ws/install/ros_tcp_endpoint:/home/aakashraawat/colcon_ws/install/py_pubsub:/opt/ros/foxy /usr/bin/cmake /home/aakashraawat/colcon_ws/src/geometry2/tf2 -DCMAKE_INSTALL_PREFIX=/home/aakashraawat/colcon_ws/install/tf2
[0.650s] -- The C compiler identification is GNU 9.4.0
[0.650s] -- The CXX compiler identification is GNU 9.4.0
[0.650s] -- Check for working C compiler: /usr/bin/cc
[0.650s] -- Check for working C compiler: /usr/bin/cc -- works
[0.650s] -- Detecting C compiler ABI info
[0.704s] -- Detecting C compiler ABI info - done
[0.718s] -- Detecting C compile features
[0.718s] -- Detecting C compile features - done
[0.720s] -- Check for working CXX compiler: /usr/bin/c++
[0.894s] -- Check for working CXX compiler: /usr/bin/c++ -- works
[0.895s] -- Detecting CXX compiler ABI info
[1.036s] -- Detecting CXX compiler ABI info - done
[1.049s] -- Detecting CXX compile features
[1.049s] -- Detecting CXX compile features - done
[1.051s] -- Found ament_cmake: 0.9.12 (/opt/ros/foxy/share/ament_cmake/cmake)
[1.077s] -- Found PythonInterp: /usr/bin/python3 (found suitable version "3.8.10", minimum required is "3") 
[1.077s] -- Using PYTHON_EXECUTABLE: /usr/bin/python3
[1.289s] -- Found console_bridge_vendor: 1.2.4 (/opt/ros/foxy/share/console_bridge_vendor/cmake)
[1.293s] -- Found geometry_msgs: 2.0.5 (/opt/ros/foxy/share/geometry_msgs/cmake)
[1.475s] -- Using all available rosidl_typesupport_c: rosidl_typesupport_fastrtps_c;rosidl_typesupport_introspection_c
[1.479s] -- Found rosidl_adapter: 1.3.1 (/opt/ros/foxy/share/rosidl_adapter/cmake)
[2.126s] -- Found OpenSSL: /usr/lib/x86_64-linux-gnu/libcrypto.so (found version "1.1.1f")  
[2.740s] -- Found FastRTPS: /opt/ros/foxy/include  
[3.800s] -- Using all available rosidl_typesupport_cpp: rosidl_typesupport_fastrtps_cpp;rosidl_typesupport_introspection_cpp
[3.871s] -- Found ament_cmake_gtest: 0.9.12 (/opt/ros/foxy/share/ament_cmake_gtest/cmake)
[3.875s] -- Found gtest sources under '/opt/ros/foxy/src/gtest_vendor': C++ tests using 'Google Test' will be built
[3.878s] -- Looking for pthread.h
[4.023s] -- Looking for pthread.h - found
[4.023s] -- Performing Test CMAKE_HAVE_LIBC_PTHREAD
[4.167s] -- Performing Test CMAKE_HAVE_LIBC_PTHREAD - Failed
[4.167s] -- Check if compiler accepts -pthread
[4.307s] -- Check if compiler accepts -pthread - yes
[4.308s] -- Found Threads: TRUE  
[4.376s] -- Configuring done
[4.406s] -- Generating done
[4.408s] -- Build files have been written to: /home/aakashraawat/colcon_ws/build/tf2
[4.421s] Invoked command in '/home/aakashraawat/colcon_ws/build/tf2' returned '0': CMAKE_PREFIX_PATH=${CMAKE_PREFIX_PATH}:/home/aakashraawat/colcon_ws/install/simulink_subscriber:/home/aakashraawat/colcon_ws/install/unity_robotics_demo:/home/aakashraawat/colcon_ws/install/ros_tcp_endpoint:/home/aakashraawat/colcon_ws/install/py_pubsub:/opt/ros/foxy /usr/bin/cmake /home/aakashraawat/colcon_ws/src/geometry2/tf2 -DCMAKE_INSTALL_PREFIX=/home/aakashraawat/colcon_ws/install/tf2
[4.423s] Invoking command in '/home/aakashraawat/colcon_ws/build/tf2': CMAKE_PREFIX_PATH=${CMAKE_PREFIX_PATH}:/home/aakashraawat/colcon_ws/install/simulink_subscriber:/home/aakashraawat/colcon_ws/install/unity_robotics_demo:/home/aakashraawat/colcon_ws/install/ros_tcp_endpoint:/home/aakashraawat/colcon_ws/install/py_pubsub:/opt/ros/foxy /usr/bin/cmake --build /home/aakashraawat/colcon_ws/build/tf2 -- -j20 -l20
[4.458s] [35m[1mScanning dependencies of target gtest[0m
[4.458s] [35m[1mScanning dependencies of target gtest_main[0m
[4.458s] [35m[1mScanning dependencies of target tf2[0m
[4.478s] [ 17%] [32mBuilding CXX object CMakeFiles/tf2.dir/src/static_cache.cpp.o[0m
[4.478s] [ 17%] [32mBuilding CXX object CMakeFiles/tf2.dir/src/cache.cpp.o[0m
[4.478s] [ 17%] [32mBuilding CXX object gtest/CMakeFiles/gtest.dir/src/gtest-all.cc.o[0m
[4.479s] [ 23%] [32mBuilding CXX object gtest/CMakeFiles/gtest_main.dir/src/gtest_main.cc.o[0m
[4.479s] [ 35%] [32mBuilding CXX object CMakeFiles/tf2.dir/src/buffer_core.cpp.o[0m
[4.479s] [ 35%] [32mBuilding CXX object CMakeFiles/tf2.dir/src/time.cpp.o[0m
[5.237s] [ 41%] [32m[1mLinking CXX static library libgtest_main.a[0m
[5.271s] [ 41%] Built target gtest_main
[6.055s] [ 47%] [32m[1mLinking CXX shared library libtf2.so[0m
[6.237s] [ 47%] Built target tf2
[7.380s] [ 52%] [32m[1mLinking CXX static library libgtest.a[0m
[7.427s] [ 52%] Built target gtest
[7.436s] [35m[1mScanning dependencies of target test_simple[0m
[7.436s] [35m[1mScanning dependencies of target test_static_cache_unittest[0m
[7.436s] [35m[1mScanning dependencies of target test_time[0m
[7.436s] [35m[1mScanning dependencies of target test_cache_unittest[0m
[7.453s] [ 70%] [32mBuilding CXX object CMakeFiles/test_simple.dir/test/simple_tf2_core.cpp.o[0m
[7.453s] [ 70%] [32mBuilding CXX object CMakeFiles/test_cache_unittest.dir/test/cache_unittest.cpp.o[0m
[7.453s] [ 70%] [32mBuilding CXX object CMakeFiles/test_static_cache_unittest.dir/test/static_cache_test.cpp.o[0m
[7.454s] [ 76%] [32mBuilding CXX object CMakeFiles/test_time.dir/test/test_time.cpp.o[0m
[8.346s] [ 82%] [32m[1mLinking CXX executable test_static_cache_unittest[0m
[8.441s] [ 88%] [32m[1mLinking CXX executable test_time[0m
[8.575s] [ 94%] [32m[1mLinking CXX executable test_cache_unittest[0m
[8.656s] [100%] [32m[1mLinking CXX executable test_simple[0m
[8.691s] [100%] Built target test_static_cache_unittest
[8.722s] [100%] Built target test_time
[8.833s] [100%] Built target test_cache_unittest
[8.885s] [100%] Built target test_simple
[8.897s] Invoked command in '/home/aakashraawat/colcon_ws/build/tf2' returned '0': CMAKE_PREFIX_PATH=${CMAKE_PREFIX_PATH}:/home/aakashraawat/colcon_ws/install/simulink_subscriber:/home/aakashraawat/colcon_ws/install/unity_robotics_demo:/home/aakashraawat/colcon_ws/install/ros_tcp_endpoint:/home/aakashraawat/colcon_ws/install/py_pubsub:/opt/ros/foxy /usr/bin/cmake --build /home/aakashraawat/colcon_ws/build/tf2 -- -j20 -l20
[8.933s] Invoking command in '/home/aakashraawat/colcon_ws/build/tf2': CMAKE_PREFIX_PATH=${CMAKE_PREFIX_PATH}:/home/aakashraawat/colcon_ws/install/simulink_subscriber:/home/aakashraawat/colcon_ws/install/unity_robotics_demo:/home/aakashraawat/colcon_ws/install/ros_tcp_endpoint:/home/aakashraawat/colcon_ws/install/py_pubsub:/opt/ros/foxy /usr/bin/cmake --install /home/aakashraawat/colcon_ws/build/tf2
[8.939s] -- Install configuration: ""
[8.939s] -- Installing: /home/aakashraawat/colcon_ws/install/tf2/lib/libtf2.so
[8.940s] -- Set runtime path of "/home/aakashraawat/colcon_ws/install/tf2/lib/libtf2.so" to ""
[8.940s] -- Installing: /home/aakashraawat/colcon_ws/install/tf2/include/tf2
[8.940s] -- Installing: /home/aakashraawat/colcon_ws/install/tf2/include/tf2/transform_datatypes.h
[8.941s] -- Installing: /home/aakashraawat/colcon_ws/install/tf2/include/tf2/time_cache.h
[8.941s] -- Installing: /home/aakashraawat/colcon_ws/install/tf2/include/tf2/exceptions.h
[8.941s] -- Installing: /home/aakashraawat/colcon_ws/install/tf2/include/tf2/visibility_control.h
[8.941s] -- Installing: /home/aakashraawat/colcon_ws/install/tf2/include/tf2/utils.h
[8.941s] -- Installing: /home/aakashraawat/colcon_ws/install/tf2/include/tf2/LinearMath
[8.941s] -- Installing: /home/aakashraawat/colcon_ws/install/tf2/include/tf2/LinearMath/Quaternion.h
[8.942s] -- Installing: /home/aakashraawat/colcon_ws/install/tf2/include/tf2/LinearMath/Matrix3x3.h
[8.942s] -- Installing: /home/aakashraawat/colcon_ws/install/tf2/include/tf2/LinearMath/QuadWord.h
[8.942s] -- Installing: /home/aakashraawat/colcon_ws/install/tf2/include/tf2/LinearMath/Vector3.h
[8.942s] -- Installing: /home/aakashraawat/colcon_ws/install/tf2/include/tf2/LinearMath/MinMax.h
[8.942s] -- Installing: /home/aakashraawat/colcon_ws/install/tf2/include/tf2/LinearMath/Transform.h
[8.942s] -- Installing: /home/aakashraawat/colcon_ws/install/tf2/include/tf2/LinearMath/Scalar.h
[8.943s] -- Installing: /home/aakashraawat/colcon_ws/install/tf2/include/tf2/buffer_core_interface.h
[8.943s] -- Installing: /home/aakashraawat/colcon_ws/install/tf2/include/tf2/transform_storage.h
[8.943s] -- Installing: /home/aakashraawat/colcon_ws/install/tf2/include/tf2/impl
[8.943s] -- Installing: /home/aakashraawat/colcon_ws/install/tf2/include/tf2/impl/utils.h
[8.943s] -- Installing: /home/aakashraawat/colcon_ws/install/tf2/include/tf2/impl/convert.h
[8.943s] -- Installing: /home/aakashraawat/colcon_ws/install/tf2/include/tf2/buffer_core.h
[8.943s] -- Installing: /home/aakashraawat/colcon_ws/install/tf2/include/tf2/time.h
[8.944s] -- Installing: /home/aakashraawat/colcon_ws/install/tf2/include/tf2/convert.h
[8.944s] -- Installing: /home/aakashraawat/colcon_ws/install/tf2/share/tf2/environment/library_path.sh
[8.944s] -- Installing: /home/aakashraawat/colcon_ws/install/tf2/share/tf2/environment/library_path.dsv
[8.944s] -- Installing: /home/aakashraawat/colcon_ws/install/tf2/share/ament_index/resource_index/package_run_dependencies/tf2
[8.944s] -- Installing: /home/aakashraawat/colcon_ws/install/tf2/share/ament_index/resource_index/parent_prefix_path/tf2
[8.944s] -- Installing: /home/aakashraawat/colcon_ws/install/tf2/share/tf2/environment/ament_prefix_path.sh
[8.944s] -- Installing: /home/aakashraawat/colcon_ws/install/tf2/share/tf2/environment/ament_prefix_path.dsv
[8.944s] -- Installing: /home/aakashraawat/colcon_ws/install/tf2/share/tf2/environment/path.sh
[8.944s] -- Installing: /home/aakashraawat/colcon_ws/install/tf2/share/tf2/environment/path.dsv
[8.944s] -- Installing: /home/aakashraawat/colcon_ws/install/tf2/share/tf2/local_setup.bash
[8.945s] -- Installing: /home/aakashraawat/colcon_ws/install/tf2/share/tf2/local_setup.sh
[8.945s] -- Installing: /home/aakashraawat/colcon_ws/install/tf2/share/tf2/local_setup.zsh
[8.945s] -- Installing: /home/aakashraawat/colcon_ws/install/tf2/share/tf2/local_setup.dsv
[8.945s] -- Installing: /home/aakashraawat/colcon_ws/install/tf2/share/tf2/package.dsv
[8.945s] -- Installing: /home/aakashraawat/colcon_ws/install/tf2/share/ament_index/resource_index/packages/tf2
[8.946s] -- Installing: /home/aakashraawat/colcon_ws/install/tf2/share/tf2/cmake/tf2Export.cmake
[8.946s] -- Installing: /home/aakashraawat/colcon_ws/install/tf2/share/tf2/cmake/tf2Export-noconfig.cmake
[8.946s] -- Installing: /home/aakashraawat/colcon_ws/install/tf2/share/tf2/cmake/ament_cmake_export_dependencies-extras.cmake
[8.946s] -- Installing: /home/aakashraawat/colcon_ws/install/tf2/share/tf2/cmake/ament_cmake_export_include_directories-extras.cmake
[8.946s] -- Installing: /home/aakashraawat/colcon_ws/install/tf2/share/tf2/cmake/ament_cmake_export_libraries-extras.cmake
[8.946s] -- Installing: /home/aakashraawat/colcon_ws/install/tf2/share/tf2/cmake/ament_cmake_export_targets-extras.cmake
[8.946s] -- Installing: /home/aakashraawat/colcon_ws/install/tf2/share/tf2/cmake/tf2Config.cmake
[8.946s] -- Installing: /home/aakashraawat/colcon_ws/install/tf2/share/tf2/cmake/tf2Config-version.cmake
[8.947s] -- Installing: /home/aakashraawat/colcon_ws/install/tf2/share/tf2/package.xml
[8.948s] Invoked command in '/home/aakashraawat/colcon_ws/build/tf2' returned '0': CMAKE_PREFIX_PATH=${CMAKE_PREFIX_PATH}:/home/aakashraawat/colcon_ws/install/simulink_subscriber:/home/aakashraawat/colcon_ws/install/unity_robotics_demo:/home/aakashraawat/colcon_ws/install/ros_tcp_endpoint:/home/aakashraawat/colcon_ws/install/py_pubsub:/opt/ros/foxy /usr/bin/cmake --install /home/aakashraawat/colcon_ws/build/tf2
