[1.159s] Invoking command in '/home/aakashraawat/colcon_ws/src/py_pubsub': PYTHONPATH=/home/aakashraawat/colcon_ws/build/py_pubsub/prefix_override:/home/aakashraawat/colcon_ws/install/py_pubsub/lib/python3.8/site-packages:${PYTHONPATH} /usr/bin/python3 -W ignore:setup.py install is deprecated setup.py egg_info --egg-base ../../build/py_pubsub build --build-base /home/aakashraawat/colcon_ws/build/py_pubsub/build install --record /home/aakashraawat/colcon_ws/build/py_pubsub/install.log --install-scripts $base/lib/py_pubsub --single-version-externally-managed install_data
[1.335s] running egg_info
[1.336s] creating ../../build/py_pubsub/py_pubsub.egg-info
[1.337s] writing ../../build/py_pubsub/py_pubsub.egg-info/PKG-INFO
[1.337s] writing dependency_links to ../../build/py_pubsub/py_pubsub.egg-info/dependency_links.txt
[1.337s] writing entry points to ../../build/py_pubsub/py_pubsub.egg-info/entry_points.txt
[1.337s] writing requirements to ../../build/py_pubsub/py_pubsub.egg-info/requires.txt
[1.338s] writing top-level names to ../../build/py_pubsub/py_pubsub.egg-info/top_level.txt
[1.339s] writing manifest file '../../build/py_pubsub/py_pubsub.egg-info/SOURCES.txt'
[1.385s] reading manifest file '../../build/py_pubsub/py_pubsub.egg-info/SOURCES.txt'
[1.387s] writing manifest file '../../build/py_pubsub/py_pubsub.egg-info/SOURCES.txt'
[1.387s] running build
[1.387s] running build_py
[1.387s] creating /home/aakashraawat/colcon_ws/build/py_pubsub/build
[1.387s] creating /home/aakashraawat/colcon_ws/build/py_pubsub/build/lib
[1.388s] creating /home/aakashraawat/colcon_ws/build/py_pubsub/build/lib/py_pubsub
[1.388s] copying py_pubsub/subscriber_member_function.py -> /home/aakashraawat/colcon_ws/build/py_pubsub/build/lib/py_pubsub
[1.388s] copying py_pubsub/__init__.py -> /home/aakashraawat/colcon_ws/build/py_pubsub/build/lib/py_pubsub
[1.388s] copying py_pubsub/publisher_member_function.py -> /home/aakashraawat/colcon_ws/build/py_pubsub/build/lib/py_pubsub
[1.389s] running install
[1.390s] running install_lib
[1.391s] creating /home/aakashraawat/colcon_ws/install/py_pubsub/lib/python3.8/site-packages/py_pubsub
[1.392s] copying /home/aakashraawat/colcon_ws/build/py_pubsub/build/lib/py_pubsub/subscriber_member_function.py -> /home/aakashraawat/colcon_ws/install/py_pubsub/lib/python3.8/site-packages/py_pubsub
[1.393s] copying /home/aakashraawat/colcon_ws/build/py_pubsub/build/lib/py_pubsub/__init__.py -> /home/aakashraawat/colcon_ws/install/py_pubsub/lib/python3.8/site-packages/py_pubsub
[1.393s] copying /home/aakashraawat/colcon_ws/build/py_pubsub/build/lib/py_pubsub/publisher_member_function.py -> /home/aakashraawat/colcon_ws/install/py_pubsub/lib/python3.8/site-packages/py_pubsub
[1.393s] byte-compiling /home/aakashraawat/colcon_ws/install/py_pubsub/lib/python3.8/site-packages/py_pubsub/subscriber_member_function.py to subscriber_member_function.cpython-38.pyc
[1.394s] byte-compiling /home/aakashraawat/colcon_ws/install/py_pubsub/lib/python3.8/site-packages/py_pubsub/__init__.py to __init__.cpython-38.pyc
[1.394s] byte-compiling /home/aakashraawat/colcon_ws/install/py_pubsub/lib/python3.8/site-packages/py_pubsub/publisher_member_function.py to publisher_member_function.cpython-38.pyc
[1.395s] running install_data
[1.395s] creating /home/aakashraawat/colcon_ws/install/py_pubsub/share/ament_index
[1.395s] creating /home/aakashraawat/colcon_ws/install/py_pubsub/share/ament_index/resource_index
[1.396s] creating /home/aakashraawat/colcon_ws/install/py_pubsub/share/ament_index/resource_index/packages
[1.397s] copying resource/py_pubsub -> /home/aakashraawat/colcon_ws/install/py_pubsub/share/ament_index/resource_index/packages
[1.397s] copying package.xml -> /home/aakashraawat/colcon_ws/install/py_pubsub/share/py_pubsub
[1.397s] running install_egg_info
[1.399s] Copying ../../build/py_pubsub/py_pubsub.egg-info to /home/aakashraawat/colcon_ws/install/py_pubsub/lib/python3.8/site-packages/py_pubsub-0.0.0-py3.8.egg-info
[1.401s] running install_scripts
[1.420s] Installing listener script to /home/aakashraawat/colcon_ws/install/py_pubsub/lib/py_pubsub
[1.421s] Installing talker script to /home/aakashraawat/colcon_ws/install/py_pubsub/lib/py_pubsub
[1.422s] writing list of installed files to '/home/aakashraawat/colcon_ws/build/py_pubsub/install.log'
[1.471s] Invoked command in '/home/aakashraawat/colcon_ws/src/py_pubsub' returned '0': PYTHONPATH=/home/aakashraawat/colcon_ws/build/py_pubsub/prefix_override:/home/aakashraawat/colcon_ws/install/py_pubsub/lib/python3.8/site-packages:${PYTHONPATH} /usr/bin/python3 -W ignore:setup.py install is deprecated setup.py egg_info --egg-base ../../build/py_pubsub build --build-base /home/aakashraawat/colcon_ws/build/py_pubsub/build install --record /home/aakashraawat/colcon_ws/build/py_pubsub/install.log --install-scripts $base/lib/py_pubsub --single-version-externally-managed install_data
