[0.033s] Invoking command in '/home/aakashraawat/colcon_ws/build/unity_robotics_msgs': CMAKE_PREFIX_PATH=${CMAKE_PREFIX_PATH}:/home/aakashraawat/colcon_ws/install/simulink_subscriber:/home/aakashraawat/colcon_ws/install/unity_robotics_demo:/home/aakashraawat/colcon_ws/install/ros_tcp_endpoint:/home/aakashraawat/colcon_ws/install/py_pubsub:/opt/ros/foxy /usr/bin/cmake --build /home/aakashraawat/colcon_ws/build/unity_robotics_msgs -- -j20 -l20
[0.595s] -- Found rosidl_default_generators: 1.0.1 (/opt/ros/foxy/share/rosidl_default_generators/cmake)
[0.596s] -- Found ament_cmake_core: 0.9.12 (/opt/ros/foxy/share/ament_cmake_core/cmake)
[0.596s] -- Found PythonInterp: /usr/bin/python3 (found suitable version "3.8.10", minimum required is "3") 
[0.597s] -- Using PYTHON_EXECUTABLE: /usr/bin/python3
[0.597s] -- Using all available rosidl_typesupport_c: rosidl_typesupport_fastrtps_c;rosidl_typesupport_introspection_c
[0.597s] -- Found rosidl_adapter: 1.3.1 (/opt/ros/foxy/share/rosidl_adapter/cmake)
[4.614s] -- Using all available rosidl_typesupport_cpp: rosidl_typesupport_fastrtps_cpp;rosidl_typesupport_introspection_cpp
[4.633s] -- Found builtin_interfaces: 1.0.0 (/opt/ros/foxy/share/builtin_interfaces/cmake)
[4.642s] -- Found geometry_msgs: 2.0.5 (/opt/ros/foxy/share/geometry_msgs/cmake)
[4.709s] -- Found PythonInterp: /usr/bin/python3 (found version "3.8.10") 
[4.897s] -- Found ament_cmake_ros: 0.9.2 (/opt/ros/foxy/share/ament_cmake_ros/cmake)
[9.200s] -- Using all available rosidl_typesupport_c: rosidl_typesupport_fastrtps_c;rosidl_typesupport_introspection_c
[9.292s] -- Using all available rosidl_typesupport_cpp: rosidl_typesupport_fastrtps_cpp;rosidl_typesupport_introspection_cpp
[9.314s] -- Found PythonInterp: /usr/bin/python3 (found suitable version "3.8.10", minimum required is "3.5") 
[9.314s] -- Found python_cmake_module: 0.8.1 (/opt/ros/foxy/share/python_cmake_module/cmake)
[9.333s] -- Using PYTHON_EXECUTABLE: /usr/bin/python3
[9.333s] -- Using PYTHON_INCLUDE_DIRS: /usr/include/python3.8
[9.333s] -- Using PYTHON_LIBRARIES: /usr/lib/x86_64-linux-gnu/libpython3.8.so
[9.380s] -- Found ament_lint_auto: 0.9.8 (/opt/ros/foxy/share/ament_lint_auto/cmake)
[9.390s] -- Added test 'copyright' to check source files copyright and LICENSE
[9.391s] -- Added test 'lint_cmake' to check CMake code style
[9.391s] -- Added test 'xmllint' to check XML markup files
[9.396s] -- Configuring done
[9.451s] -- Generating done
[9.454s] -- Build files have been written to: /home/aakashraawat/colcon_ws/build/unity_robotics_msgs
[9.483s] [35m[1mScanning dependencies of target unity_robotics_msgs__cpp[0m
[9.483s] [  1%] [34m[1mGenerating C code for ROS interfaces[0m
[9.493s] [  2%] [34m[1mGenerating C++ code for ROS interfaces[0m
[9.906s] [  2%] Built target unity_robotics_msgs__cpp
[9.916s] [  7%] [34m[1mGenerating C++ introspection for ROS interfaces[0m
[9.916s] [  7%] [34m[1mGenerating C++ type support for eProsima Fast-RTPS[0m
[9.917s] [  7%] [34m[1mGenerating C++ type support dispatch for ROS interfaces[0m
[9.953s] [35m[1mScanning dependencies of target unity_robotics_msgs__rosidl_generator_c[0m
[9.970s] [ 12%] [32mBuilding C object CMakeFiles/unity_robotics_msgs__rosidl_generator_c.dir/rosidl_generator_c/unity_robotics_msgs/msg/detail/steering_angle__functions.c.o[0m
[9.970s] [ 12%] [32mBuilding C object CMakeFiles/unity_robotics_msgs__rosidl_generator_c.dir/rosidl_generator_c/unity_robotics_msgs/srv/detail/position_service__functions.c.o[0m
[9.970s] [ 12%] [32mBuilding C object CMakeFiles/unity_robotics_msgs__rosidl_generator_c.dir/rosidl_generator_c/unity_robotics_msgs/msg/detail/wheel_angular_velocity__functions.c.o[0m
[9.970s] [ 12%] [32mBuilding C object CMakeFiles/unity_robotics_msgs__rosidl_generator_c.dir/rosidl_generator_c/unity_robotics_msgs/msg/detail/unity_color__functions.c.o[0m
[9.970s] [ 15%] [32mBuilding C object CMakeFiles/unity_robotics_msgs__rosidl_generator_c.dir/rosidl_generator_c/unity_robotics_msgs/msg/detail/pos_rot__functions.c.o[0m
[9.970s] [ 15%] [32mBuilding C object CMakeFiles/unity_robotics_msgs__rosidl_generator_c.dir/rosidl_generator_c/unity_robotics_msgs/srv/detail/object_pose_service__functions.c.o[0m
[10.047s] [ 16%] [32m[1mLinking C shared library libunity_robotics_msgs__rosidl_generator_c.so[0m
[10.175s] [ 16%] Built target unity_robotics_msgs__rosidl_generator_c
[10.185s] [ 18%] [34m[1mGenerating C type support dispatch for ROS interfaces[0m
[10.187s] [ 19%] [34m[1mGenerating C introspection for ROS interfaces[0m
[10.239s] [35m[1mScanning dependencies of target unity_robotics_msgs__rosidl_typesupport_cpp[0m
[10.255s] [ 22%] [32mBuilding CXX object CMakeFiles/unity_robotics_msgs__rosidl_typesupport_cpp.dir/rosidl_typesupport_cpp/unity_robotics_msgs/msg/steering_angle__type_support.cpp.o[0m
[10.255s] [ 22%] [32mBuilding CXX object CMakeFiles/unity_robotics_msgs__rosidl_typesupport_cpp.dir/rosidl_typesupport_cpp/unity_robotics_msgs/srv/position_service__type_support.cpp.o[0m
[10.256s] [ 23%] [32mBuilding CXX object CMakeFiles/unity_robotics_msgs__rosidl_typesupport_cpp.dir/rosidl_typesupport_cpp/unity_robotics_msgs/msg/pos_rot__type_support.cpp.o[0m
[10.256s] [ 25%] [32mBuilding CXX object CMakeFiles/unity_robotics_msgs__rosidl_typesupport_cpp.dir/rosidl_typesupport_cpp/unity_robotics_msgs/msg/wheel_angular_velocity__type_support.cpp.o[0m
[10.256s] [ 26%] [32mBuilding CXX object CMakeFiles/unity_robotics_msgs__rosidl_typesupport_cpp.dir/rosidl_typesupport_cpp/unity_robotics_msgs/msg/unity_color__type_support.cpp.o[0m
[10.256s] [ 28%] [32mBuilding CXX object CMakeFiles/unity_robotics_msgs__rosidl_typesupport_cpp.dir/rosidl_typesupport_cpp/unity_robotics_msgs/srv/object_pose_service__type_support.cpp.o[0m
[10.295s] [35m[1mScanning dependencies of target unity_robotics_msgs__rosidl_typesupport_introspection_cpp[0m
[10.314s] [ 29%] [32mBuilding CXX object CMakeFiles/unity_robotics_msgs__rosidl_typesupport_introspection_cpp.dir/rosidl_typesupport_introspection_cpp/unity_robotics_msgs/srv/detail/position_service__type_support.cpp.o[0m
[10.314s] [ 35%] [32mBuilding CXX object CMakeFiles/unity_robotics_msgs__rosidl_typesupport_introspection_cpp.dir/rosidl_typesupport_introspection_cpp/unity_robotics_msgs/msg/detail/steering_angle__type_support.cpp.o[0m
[10.314s] [ 35%] [32mBuilding CXX object CMakeFiles/unity_robotics_msgs__rosidl_typesupport_introspection_cpp.dir/rosidl_typesupport_introspection_cpp/unity_robotics_msgs/srv/detail/object_pose_service__type_support.cpp.o[0m
[10.314s] [ 35%] [32mBuilding CXX object CMakeFiles/unity_robotics_msgs__rosidl_typesupport_introspection_cpp.dir/rosidl_typesupport_introspection_cpp/unity_robotics_msgs/msg/detail/pos_rot__type_support.cpp.o[0m
[10.314s] [ 35%] [32mBuilding CXX object CMakeFiles/unity_robotics_msgs__rosidl_typesupport_introspection_cpp.dir/rosidl_typesupport_introspection_cpp/unity_robotics_msgs/msg/detail/wheel_angular_velocity__type_support.cpp.o[0m
[10.314s] [ 36%] [32mBuilding CXX object CMakeFiles/unity_robotics_msgs__rosidl_typesupport_introspection_cpp.dir/rosidl_typesupport_introspection_cpp/unity_robotics_msgs/msg/detail/unity_color__type_support.cpp.o[0m
[10.408s] [35m[1mScanning dependencies of target unity_robotics_msgs__rosidl_typesupport_fastrtps_cpp[0m
[10.434s] [ 38%] [32mBuilding CXX object CMakeFiles/unity_robotics_msgs__rosidl_typesupport_fastrtps_cpp.dir/rosidl_typesupport_fastrtps_cpp/unity_robotics_msgs/msg/detail/dds_fastrtps/pos_rot__type_support.cpp.o[0m
[10.438s] [ 39%] [32mBuilding CXX object CMakeFiles/unity_robotics_msgs__rosidl_typesupport_fastrtps_cpp.dir/rosidl_typesupport_fastrtps_cpp/unity_robotics_msgs/msg/detail/dds_fastrtps/steering_angle__type_support.cpp.o[0m
[10.440s] [ 40%] [32mBuilding CXX object CMakeFiles/unity_robotics_msgs__rosidl_typesupport_fastrtps_cpp.dir/rosidl_typesupport_fastrtps_cpp/unity_robotics_msgs/srv/detail/dds_fastrtps/position_service__type_support.cpp.o[0m
[10.440s] [ 42%] [32mBuilding CXX object CMakeFiles/unity_robotics_msgs__rosidl_typesupport_fastrtps_cpp.dir/rosidl_typesupport_fastrtps_cpp/unity_robotics_msgs/msg/detail/dds_fastrtps/wheel_angular_velocity__type_support.cpp.o[0m
[10.442s] [ 43%] [32mBuilding CXX object CMakeFiles/unity_robotics_msgs__rosidl_typesupport_fastrtps_cpp.dir/rosidl_typesupport_fastrtps_cpp/unity_robotics_msgs/srv/detail/dds_fastrtps/object_pose_service__type_support.cpp.o[0m
[10.449s] [ 45%] [32mBuilding CXX object CMakeFiles/unity_robotics_msgs__rosidl_typesupport_fastrtps_cpp.dir/rosidl_typesupport_fastrtps_cpp/unity_robotics_msgs/msg/detail/dds_fastrtps/unity_color__type_support.cpp.o[0m
[10.726s] [35m[1mScanning dependencies of target unity_robotics_msgs__rosidl_typesupport_c[0m
[10.754s] [ 46%] [32mBuilding CXX object CMakeFiles/unity_robotics_msgs__rosidl_typesupport_c.dir/rosidl_typesupport_c/unity_robotics_msgs/msg/pos_rot__type_support.cpp.o[0m
[10.755s] [ 47%] [32mBuilding CXX object CMakeFiles/unity_robotics_msgs__rosidl_typesupport_c.dir/rosidl_typesupport_c/unity_robotics_msgs/msg/wheel_angular_velocity__type_support.cpp.o[0m
[10.755s] [ 49%] [32mBuilding CXX object CMakeFiles/unity_robotics_msgs__rosidl_typesupport_c.dir/rosidl_typesupport_c/unity_robotics_msgs/msg/steering_angle__type_support.cpp.o[0m
[10.764s] [ 50%] [32mBuilding CXX object CMakeFiles/unity_robotics_msgs__rosidl_typesupport_c.dir/rosidl_typesupport_c/unity_robotics_msgs/msg/unity_color__type_support.cpp.o[0m
[10.766s] [ 52%] [32mBuilding CXX object CMakeFiles/unity_robotics_msgs__rosidl_typesupport_c.dir/rosidl_typesupport_c/unity_robotics_msgs/srv/position_service__type_support.cpp.o[0m
[10.767s] [ 53%] [32mBuilding CXX object CMakeFiles/unity_robotics_msgs__rosidl_typesupport_c.dir/rosidl_typesupport_c/unity_robotics_msgs/srv/object_pose_service__type_support.cpp.o[0m
[10.787s] [ 54%] [32m[1mLinking CXX shared library libunity_robotics_msgs__rosidl_typesupport_cpp.so[0m
[10.824s] [ 56%] [32m[1mLinking CXX shared library libunity_robotics_msgs__rosidl_typesupport_c.so[0m
[10.824s] [ 57%] [32m[1mLinking CXX shared library libunity_robotics_msgs__rosidl_typesupport_introspection_cpp.so[0m
[10.858s] [35m[1mScanning dependencies of target unity_robotics_msgs__rosidl_typesupport_introspection_c[0m
[10.880s] [ 59%] [32mBuilding C object CMakeFiles/unity_robotics_msgs__rosidl_typesupport_introspection_c.dir/rosidl_typesupport_introspection_c/unity_robotics_msgs/msg/detail/steering_angle__type_support.c.o[0m
[10.880s] [ 61%] [32mBuilding C object CMakeFiles/unity_robotics_msgs__rosidl_typesupport_introspection_c.dir/rosidl_typesupport_introspection_c/unity_robotics_msgs/msg/detail/pos_rot__type_support.c.o[0m
[10.880s] [ 61%] [32mBuilding C object CMakeFiles/unity_robotics_msgs__rosidl_typesupport_introspection_c.dir/rosidl_typesupport_introspection_c/unity_robotics_msgs/msg/detail/unity_color__type_support.c.o[0m
[10.882s] [ 63%] [32mBuilding C object CMakeFiles/unity_robotics_msgs__rosidl_typesupport_introspection_c.dir/rosidl_typesupport_introspection_c/unity_robotics_msgs/srv/detail/object_pose_service__type_support.c.o[0m
[10.882s] [ 64%] [32mBuilding C object CMakeFiles/unity_robotics_msgs__rosidl_typesupport_introspection_c.dir/rosidl_typesupport_introspection_c/unity_robotics_msgs/msg/detail/wheel_angular_velocity__type_support.c.o[0m
[10.882s] [ 66%] [32mBuilding C object CMakeFiles/unity_robotics_msgs__rosidl_typesupport_introspection_c.dir/rosidl_typesupport_introspection_c/unity_robotics_msgs/srv/detail/position_service__type_support.c.o[0m
[10.926s] [ 67%] [32m[1mLinking C shared library libunity_robotics_msgs__rosidl_typesupport_introspection_c.so[0m
[10.966s] [ 67%] Built target unity_robotics_msgs__rosidl_typesupport_cpp
[10.975s] [ 67%] Built target unity_robotics_msgs__rosidl_typesupport_c
[11.015s] [ 67%] Built target unity_robotics_msgs__rosidl_typesupport_introspection_cpp
[11.070s] [ 67%] Built target unity_robotics_msgs__rosidl_typesupport_introspection_c
[11.089s] [ 69%] [32m[1mLinking CXX shared library libunity_robotics_msgs__rosidl_typesupport_fastrtps_cpp.so[0m
[11.251s] [ 69%] Built target unity_robotics_msgs__rosidl_typesupport_fastrtps_cpp
[11.262s] [ 70%] [34m[1mGenerating C type support for eProsima Fast-RTPS[0m
[11.618s] [35m[1mScanning dependencies of target unity_robotics_msgs__rosidl_typesupport_fastrtps_c[0m
[11.636s] [ 71%] [32mBuilding CXX object CMakeFiles/unity_robotics_msgs__rosidl_typesupport_fastrtps_c.dir/rosidl_typesupport_fastrtps_c/unity_robotics_msgs/msg/detail/steering_angle__type_support_c.cpp.o[0m
[11.636s] [ 73%] [32mBuilding CXX object CMakeFiles/unity_robotics_msgs__rosidl_typesupport_fastrtps_c.dir/rosidl_typesupport_fastrtps_c/unity_robotics_msgs/srv/detail/object_pose_service__type_support_c.cpp.o[0m
[11.636s] [ 74%] [32mBuilding CXX object CMakeFiles/unity_robotics_msgs__rosidl_typesupport_fastrtps_c.dir/rosidl_typesupport_fastrtps_c/unity_robotics_msgs/srv/detail/position_service__type_support_c.cpp.o[0m
[11.637s] [ 77%] [32mBuilding CXX object CMakeFiles/unity_robotics_msgs__rosidl_typesupport_fastrtps_c.dir/rosidl_typesupport_fastrtps_c/unity_robotics_msgs/msg/detail/pos_rot__type_support_c.cpp.o[0m
[11.637s] [ 77%] [32mBuilding CXX object CMakeFiles/unity_robotics_msgs__rosidl_typesupport_fastrtps_c.dir/rosidl_typesupport_fastrtps_c/unity_robotics_msgs/msg/detail/wheel_angular_velocity__type_support_c.cpp.o[0m
[11.637s] [ 78%] [32mBuilding CXX object CMakeFiles/unity_robotics_msgs__rosidl_typesupport_fastrtps_c.dir/rosidl_typesupport_fastrtps_c/unity_robotics_msgs/msg/detail/unity_color__type_support_c.cpp.o[0m
[12.013s] [ 80%] [32m[1mLinking CXX shared library libunity_robotics_msgs__rosidl_typesupport_fastrtps_c.so[0m
[12.165s] [ 80%] Built target unity_robotics_msgs__rosidl_typesupport_fastrtps_c
[12.183s] [ 80%] Built target unity_robotics_msgs
[12.192s] [35m[1mScanning dependencies of target unity_robotics_msgs__py[0m
[12.202s] [ 81%] [34m[1mGenerating Python code for ROS interfaces[0m
[12.970s] [ 81%] Built target unity_robotics_msgs__py
[12.982s] [35m[1mScanning dependencies of target unity_robotics_msgs__python[0m
[13.004s] [ 83%] [32mBuilding C object CMakeFiles/unity_robotics_msgs__python.dir/rosidl_generator_py/unity_robotics_msgs/msg/_wheel_angular_velocity_s.c.o[0m
[13.004s] [ 88%] [32mBuilding C object CMakeFiles/unity_robotics_msgs__python.dir/rosidl_generator_py/unity_robotics_msgs/msg/_unity_color_s.c.o[0m
[13.004s] [ 88%] [32mBuilding C object CMakeFiles/unity_robotics_msgs__python.dir/rosidl_generator_py/unity_robotics_msgs/msg/_pos_rot_s.c.o[0m
[13.005s] [ 88%] [32mBuilding C object CMakeFiles/unity_robotics_msgs__python.dir/rosidl_generator_py/unity_robotics_msgs/msg/_steering_angle_s.c.o[0m
[13.005s] [ 88%] [32mBuilding C object CMakeFiles/unity_robotics_msgs__python.dir/rosidl_generator_py/unity_robotics_msgs/srv/_position_service_s.c.o[0m
[13.005s] [ 90%] [32mBuilding C object CMakeFiles/unity_robotics_msgs__python.dir/rosidl_generator_py/unity_robotics_msgs/srv/_object_pose_service_s.c.o[0m
[13.130s] [ 91%] [32m[1mLinking C shared library rosidl_generator_py/unity_robotics_msgs/libunity_robotics_msgs__python.so[0m
[13.251s] [ 91%] Built target unity_robotics_msgs__python
[13.260s] [35m[1mScanning dependencies of target unity_robotics_msgs__rosidl_typesupport_fastrtps_c__pyext[0m
[13.261s] [35m[1mScanning dependencies of target unity_robotics_msgs__rosidl_typesupport_c__pyext[0m
[13.261s] [35m[1mScanning dependencies of target unity_robotics_msgs__rosidl_typesupport_introspection_c__pyext[0m
[13.274s] [ 92%] [32mBuilding C object CMakeFiles/unity_robotics_msgs__rosidl_typesupport_c__pyext.dir/rosidl_generator_py/unity_robotics_msgs/_unity_robotics_msgs_s.ep.rosidl_typesupport_c.c.o[0m
[13.275s] [ 94%] [32mBuilding C object CMakeFiles/unity_robotics_msgs__rosidl_typesupport_fastrtps_c__pyext.dir/rosidl_generator_py/unity_robotics_msgs/_unity_robotics_msgs_s.ep.rosidl_typesupport_fastrtps_c.c.o[0m
[13.276s] [ 95%] [32mBuilding C object CMakeFiles/unity_robotics_msgs__rosidl_typesupport_introspection_c__pyext.dir/rosidl_generator_py/unity_robotics_msgs/_unity_robotics_msgs_s.ep.rosidl_typesupport_introspection_c.c.o[0m
[13.357s] [ 98%] [32m[1mLinking C shared library rosidl_generator_py/unity_robotics_msgs/unity_robotics_msgs_s__rosidl_typesupport_introspection_c.cpython-38-x86_64-linux-gnu.so[0m
[13.357s] [ 98%] [32m[1mLinking C shared library rosidl_generator_py/unity_robotics_msgs/unity_robotics_msgs_s__rosidl_typesupport_c.cpython-38-x86_64-linux-gnu.so[0m
[13.366s] [100%] [32m[1mLinking CXX shared library rosidl_generator_py/unity_robotics_msgs/unity_robotics_msgs_s__rosidl_typesupport_fastrtps_c.cpython-38-x86_64-linux-gnu.so[0m
[13.455s] [100%] Built target unity_robotics_msgs__rosidl_typesupport_introspection_c__pyext
[13.461s] [100%] Built target unity_robotics_msgs__rosidl_typesupport_c__pyext
[13.522s] [100%] Built target unity_robotics_msgs__rosidl_typesupport_fastrtps_c__pyext
[13.536s] Invoked command in '/home/aakashraawat/colcon_ws/build/unity_robotics_msgs' returned '0': CMAKE_PREFIX_PATH=${CMAKE_PREFIX_PATH}:/home/aakashraawat/colcon_ws/install/simulink_subscriber:/home/aakashraawat/colcon_ws/install/unity_robotics_demo:/home/aakashraawat/colcon_ws/install/ros_tcp_endpoint:/home/aakashraawat/colcon_ws/install/py_pubsub:/opt/ros/foxy /usr/bin/cmake --build /home/aakashraawat/colcon_ws/build/unity_robotics_msgs -- -j20 -l20
[13.651s] Invoking command in '/home/aakashraawat/colcon_ws/build/unity_robotics_msgs': CMAKE_PREFIX_PATH=${CMAKE_PREFIX_PATH}:/home/aakashraawat/colcon_ws/install/simulink_subscriber:/home/aakashraawat/colcon_ws/install/unity_robotics_demo:/home/aakashraawat/colcon_ws/install/ros_tcp_endpoint:/home/aakashraawat/colcon_ws/install/py_pubsub:/opt/ros/foxy /usr/bin/cmake --install /home/aakashraawat/colcon_ws/build/unity_robotics_msgs
[13.659s] -- Install configuration: ""
[13.659s] -- Installing: /home/aakashraawat/colcon_ws/install/unity_robotics_msgs/share/ament_index/resource_index/rosidl_interfaces/unity_robotics_msgs
[13.659s] -- Up-to-date: /home/aakashraawat/colcon_ws/install/unity_robotics_msgs/include/unity_robotics_msgs
[13.659s] -- Up-to-date: /home/aakashraawat/colcon_ws/install/unity_robotics_msgs/include/unity_robotics_msgs/msg
[13.660s] -- Installing: /home/aakashraawat/colcon_ws/install/unity_robotics_msgs/include/unity_robotics_msgs/msg/unity_color.h
[13.660s] -- Up-to-date: /home/aakashraawat/colcon_ws/install/unity_robotics_msgs/include/unity_robotics_msgs/msg/rosidl_generator_c__visibility_control.h
[13.660s] -- Up-to-date: /home/aakashraawat/colcon_ws/install/unity_robotics_msgs/include/unity_robotics_msgs/msg/detail
[13.660s] -- Installing: /home/aakashraawat/colcon_ws/install/unity_robotics_msgs/include/unity_robotics_msgs/msg/detail/pos_rot__functions.c
[13.660s] -- Installing: /home/aakashraawat/colcon_ws/install/unity_robotics_msgs/include/unity_robotics_msgs/msg/detail/pos_rot__struct.h
[13.660s] -- Installing: /home/aakashraawat/colcon_ws/install/unity_robotics_msgs/include/unity_robotics_msgs/msg/detail/wheel_angular_velocity__functions.c
[13.660s] -- Installing: /home/aakashraawat/colcon_ws/install/unity_robotics_msgs/include/unity_robotics_msgs/msg/detail/pos_rot__type_support.h
[13.661s] -- Installing: /home/aakashraawat/colcon_ws/install/unity_robotics_msgs/include/unity_robotics_msgs/msg/detail/steering_angle__functions.c
[13.661s] -- Installing: /home/aakashraawat/colcon_ws/install/unity_robotics_msgs/include/unity_robotics_msgs/msg/detail/unity_color__functions.c
[13.661s] -- Installing: /home/aakashraawat/colcon_ws/install/unity_robotics_msgs/include/unity_robotics_msgs/msg/detail/unity_color__type_support.h
[13.661s] -- Installing: /home/aakashraawat/colcon_ws/install/unity_robotics_msgs/include/unity_robotics_msgs/msg/detail/wheel_angular_velocity__struct.h
[13.661s] -- Installing: /home/aakashraawat/colcon_ws/install/unity_robotics_msgs/include/unity_robotics_msgs/msg/detail/wheel_angular_velocity__functions.h
[13.661s] -- Installing: /home/aakashraawat/colcon_ws/install/unity_robotics_msgs/include/unity_robotics_msgs/msg/detail/unity_color__struct.h
[13.661s] -- Installing: /home/aakashraawat/colcon_ws/install/unity_robotics_msgs/include/unity_robotics_msgs/msg/detail/steering_angle__functions.h
[13.661s] -- Installing: /home/aakashraawat/colcon_ws/install/unity_robotics_msgs/include/unity_robotics_msgs/msg/detail/steering_angle__type_support.h
[13.662s] -- Installing: /home/aakashraawat/colcon_ws/install/unity_robotics_msgs/include/unity_robotics_msgs/msg/detail/pos_rot__functions.h
[13.662s] -- Installing: /home/aakashraawat/colcon_ws/install/unity_robotics_msgs/include/unity_robotics_msgs/msg/detail/unity_color__functions.h
[13.662s] -- Installing: /home/aakashraawat/colcon_ws/install/unity_robotics_msgs/include/unity_robotics_msgs/msg/detail/steering_angle__struct.h
[13.662s] -- Installing: /home/aakashraawat/colcon_ws/install/unity_robotics_msgs/include/unity_robotics_msgs/msg/detail/wheel_angular_velocity__type_support.h
[13.662s] -- Installing: /home/aakashraawat/colcon_ws/install/unity_robotics_msgs/include/unity_robotics_msgs/msg/wheel_angular_velocity.h
[13.662s] -- Installing: /home/aakashraawat/colcon_ws/install/unity_robotics_msgs/include/unity_robotics_msgs/msg/steering_angle.h
[13.662s] -- Installing: /home/aakashraawat/colcon_ws/install/unity_robotics_msgs/include/unity_robotics_msgs/msg/pos_rot.h
[13.663s] -- Up-to-date: /home/aakashraawat/colcon_ws/install/unity_robotics_msgs/include/unity_robotics_msgs/srv
[13.663s] -- Installing: /home/aakashraawat/colcon_ws/install/unity_robotics_msgs/include/unity_robotics_msgs/srv/position_service.h
[13.663s] -- Up-to-date: /home/aakashraawat/colcon_ws/install/unity_robotics_msgs/include/unity_robotics_msgs/srv/detail
[13.663s] -- Installing: /home/aakashraawat/colcon_ws/install/unity_robotics_msgs/include/unity_robotics_msgs/srv/detail/position_service__struct.h
[13.663s] -- Installing: /home/aakashraawat/colcon_ws/install/unity_robotics_msgs/include/unity_robotics_msgs/srv/detail/position_service__type_support.h
[13.663s] -- Installing: /home/aakashraawat/colcon_ws/install/unity_robotics_msgs/include/unity_robotics_msgs/srv/detail/object_pose_service__type_support.h
[13.663s] -- Installing: /home/aakashraawat/colcon_ws/install/unity_robotics_msgs/include/unity_robotics_msgs/srv/detail/object_pose_service__struct.h
[13.663s] -- Installing: /home/aakashraawat/colcon_ws/install/unity_robotics_msgs/include/unity_robotics_msgs/srv/detail/position_service__functions.h
[13.663s] -- Installing: /home/aakashraawat/colcon_ws/install/unity_robotics_msgs/include/unity_robotics_msgs/srv/detail/position_service__functions.c
[13.663s] -- Installing: /home/aakashraawat/colcon_ws/install/unity_robotics_msgs/include/unity_robotics_msgs/srv/detail/object_pose_service__functions.c
[13.664s] -- Installing: /home/aakashraawat/colcon_ws/install/unity_robotics_msgs/include/unity_robotics_msgs/srv/detail/object_pose_service__functions.h
[13.664s] -- Installing: /home/aakashraawat/colcon_ws/install/unity_robotics_msgs/include/unity_robotics_msgs/srv/object_pose_service.h
[13.664s] -- Up-to-date: /home/aakashraawat/colcon_ws/install/unity_robotics_msgs/share/unity_robotics_msgs/environment/library_path.sh
[13.664s] -- Installing: /home/aakashraawat/colcon_ws/install/unity_robotics_msgs/share/unity_robotics_msgs/environment/library_path.dsv
[13.664s] -- Installing: /home/aakashraawat/colcon_ws/install/unity_robotics_msgs/lib/libunity_robotics_msgs__rosidl_generator_c.so
[13.664s] -- Set runtime path of "/home/aakashraawat/colcon_ws/install/unity_robotics_msgs/lib/libunity_robotics_msgs__rosidl_generator_c.so" to ""
[13.664s] -- Up-to-date: /home/aakashraawat/colcon_ws/install/unity_robotics_msgs/include/unity_robotics_msgs
[13.665s] -- Up-to-date: /home/aakashraawat/colcon_ws/install/unity_robotics_msgs/include/unity_robotics_msgs/msg
[13.665s] -- Up-to-date: /home/aakashraawat/colcon_ws/install/unity_robotics_msgs/include/unity_robotics_msgs/msg/detail
[13.665s] -- Installing: /home/aakashraawat/colcon_ws/install/unity_robotics_msgs/include/unity_robotics_msgs/msg/detail/wheel_angular_velocity__rosidl_typesupport_fastrtps_c.h
[13.665s] -- Installing: /home/aakashraawat/colcon_ws/install/unity_robotics_msgs/include/unity_robotics_msgs/msg/detail/pos_rot__rosidl_typesupport_fastrtps_c.h
[13.665s] -- Installing: /home/aakashraawat/colcon_ws/install/unity_robotics_msgs/include/unity_robotics_msgs/msg/detail/steering_angle__rosidl_typesupport_fastrtps_c.h
[13.665s] -- Installing: /home/aakashraawat/colcon_ws/install/unity_robotics_msgs/include/unity_robotics_msgs/msg/detail/unity_color__rosidl_typesupport_fastrtps_c.h
[13.666s] -- Up-to-date: /home/aakashraawat/colcon_ws/install/unity_robotics_msgs/include/unity_robotics_msgs/msg/rosidl_typesupport_fastrtps_c__visibility_control.h
[13.666s] -- Up-to-date: /home/aakashraawat/colcon_ws/install/unity_robotics_msgs/include/unity_robotics_msgs/srv
[13.666s] -- Up-to-date: /home/aakashraawat/colcon_ws/install/unity_robotics_msgs/include/unity_robotics_msgs/srv/detail
[13.666s] -- Installing: /home/aakashraawat/colcon_ws/install/unity_robotics_msgs/include/unity_robotics_msgs/srv/detail/position_service__rosidl_typesupport_fastrtps_c.h
[13.666s] -- Installing: /home/aakashraawat/colcon_ws/install/unity_robotics_msgs/include/unity_robotics_msgs/srv/detail/object_pose_service__rosidl_typesupport_fastrtps_c.h
[13.666s] -- Installing: /home/aakashraawat/colcon_ws/install/unity_robotics_msgs/lib/libunity_robotics_msgs__rosidl_typesupport_fastrtps_c.so
[13.666s] -- Set runtime path of "/home/aakashraawat/colcon_ws/install/unity_robotics_msgs/lib/libunity_robotics_msgs__rosidl_typesupport_fastrtps_c.so" to ""
[13.667s] -- Up-to-date: /home/aakashraawat/colcon_ws/install/unity_robotics_msgs/include/unity_robotics_msgs
[13.667s] -- Up-to-date: /home/aakashraawat/colcon_ws/install/unity_robotics_msgs/include/unity_robotics_msgs/msg
[13.667s] -- Up-to-date: /home/aakashraawat/colcon_ws/install/unity_robotics_msgs/include/unity_robotics_msgs/msg/rosidl_typesupport_fastrtps_cpp__visibility_control.h
[13.667s] -- Up-to-date: /home/aakashraawat/colcon_ws/install/unity_robotics_msgs/include/unity_robotics_msgs/msg/detail
[13.667s] -- Installing: /home/aakashraawat/colcon_ws/install/unity_robotics_msgs/include/unity_robotics_msgs/msg/detail/pos_rot__rosidl_typesupport_fastrtps_cpp.hpp
[13.667s] -- Up-to-date: /home/aakashraawat/colcon_ws/install/unity_robotics_msgs/include/unity_robotics_msgs/msg/detail/dds_fastrtps
[13.667s] -- Installing: /home/aakashraawat/colcon_ws/install/unity_robotics_msgs/include/unity_robotics_msgs/msg/detail/steering_angle__rosidl_typesupport_fastrtps_cpp.hpp
[13.667s] -- Installing: /home/aakashraawat/colcon_ws/install/unity_robotics_msgs/include/unity_robotics_msgs/msg/detail/wheel_angular_velocity__rosidl_typesupport_fastrtps_cpp.hpp
[13.667s] -- Installing: /home/aakashraawat/colcon_ws/install/unity_robotics_msgs/include/unity_robotics_msgs/msg/detail/unity_color__rosidl_typesupport_fastrtps_cpp.hpp
[13.668s] -- Up-to-date: /home/aakashraawat/colcon_ws/install/unity_robotics_msgs/include/unity_robotics_msgs/srv
[13.668s] -- Up-to-date: /home/aakashraawat/colcon_ws/install/unity_robotics_msgs/include/unity_robotics_msgs/srv/detail
[13.668s] -- Up-to-date: /home/aakashraawat/colcon_ws/install/unity_robotics_msgs/include/unity_robotics_msgs/srv/detail/dds_fastrtps
[13.668s] -- Installing: /home/aakashraawat/colcon_ws/install/unity_robotics_msgs/include/unity_robotics_msgs/srv/detail/position_service__rosidl_typesupport_fastrtps_cpp.hpp
[13.668s] -- Installing: /home/aakashraawat/colcon_ws/install/unity_robotics_msgs/include/unity_robotics_msgs/srv/detail/object_pose_service__rosidl_typesupport_fastrtps_cpp.hpp
[13.668s] -- Installing: /home/aakashraawat/colcon_ws/install/unity_robotics_msgs/lib/libunity_robotics_msgs__rosidl_typesupport_fastrtps_cpp.so
[13.669s] -- Set runtime path of "/home/aakashraawat/colcon_ws/install/unity_robotics_msgs/lib/libunity_robotics_msgs__rosidl_typesupport_fastrtps_cpp.so" to ""
[13.669s] -- Up-to-date: /home/aakashraawat/colcon_ws/install/unity_robotics_msgs/include/unity_robotics_msgs
[13.669s] -- Up-to-date: /home/aakashraawat/colcon_ws/install/unity_robotics_msgs/include/unity_robotics_msgs/msg
[13.669s] -- Up-to-date: /home/aakashraawat/colcon_ws/install/unity_robotics_msgs/include/unity_robotics_msgs/msg/rosidl_typesupport_introspection_c__visibility_control.h
[13.669s] -- Up-to-date: /home/aakashraawat/colcon_ws/install/unity_robotics_msgs/include/unity_robotics_msgs/msg/detail
[13.669s] -- Installing: /home/aakashraawat/colcon_ws/install/unity_robotics_msgs/include/unity_robotics_msgs/msg/detail/unity_color__type_support.c
[13.670s] -- Installing: /home/aakashraawat/colcon_ws/install/unity_robotics_msgs/include/unity_robotics_msgs/msg/detail/steering_angle__rosidl_typesupport_introspection_c.h
[13.670s] -- Installing: /home/aakashraawat/colcon_ws/install/unity_robotics_msgs/include/unity_robotics_msgs/msg/detail/pos_rot__type_support.c
[13.670s] -- Installing: /home/aakashraawat/colcon_ws/install/unity_robotics_msgs/include/unity_robotics_msgs/msg/detail/unity_color__rosidl_typesupport_introspection_c.h
[13.670s] -- Installing: /home/aakashraawat/colcon_ws/install/unity_robotics_msgs/include/unity_robotics_msgs/msg/detail/steering_angle__type_support.c
[13.670s] -- Installing: /home/aakashraawat/colcon_ws/install/unity_robotics_msgs/include/unity_robotics_msgs/msg/detail/pos_rot__rosidl_typesupport_introspection_c.h
[13.670s] -- Installing: /home/aakashraawat/colcon_ws/install/unity_robotics_msgs/include/unity_robotics_msgs/msg/detail/wheel_angular_velocity__rosidl_typesupport_introspection_c.h
[13.670s] -- Installing: /home/aakashraawat/colcon_ws/install/unity_robotics_msgs/include/unity_robotics_msgs/msg/detail/wheel_angular_velocity__type_support.c
[13.671s] -- Up-to-date: /home/aakashraawat/colcon_ws/install/unity_robotics_msgs/include/unity_robotics_msgs/srv
[13.671s] -- Up-to-date: /home/aakashraawat/colcon_ws/install/unity_robotics_msgs/include/unity_robotics_msgs/srv/detail
[13.671s] -- Installing: /home/aakashraawat/colcon_ws/install/unity_robotics_msgs/include/unity_robotics_msgs/srv/detail/position_service__type_support.c
[13.671s] -- Installing: /home/aakashraawat/colcon_ws/install/unity_robotics_msgs/include/unity_robotics_msgs/srv/detail/object_pose_service__rosidl_typesupport_introspection_c.h
[13.671s] -- Installing: /home/aakashraawat/colcon_ws/install/unity_robotics_msgs/include/unity_robotics_msgs/srv/detail/position_service__rosidl_typesupport_introspection_c.h
[13.671s] -- Installing: /home/aakashraawat/colcon_ws/install/unity_robotics_msgs/include/unity_robotics_msgs/srv/detail/object_pose_service__type_support.c
[13.671s] -- Installing: /home/aakashraawat/colcon_ws/install/unity_robotics_msgs/lib/libunity_robotics_msgs__rosidl_typesupport_introspection_c.so
[13.671s] -- Set runtime path of "/home/aakashraawat/colcon_ws/install/unity_robotics_msgs/lib/libunity_robotics_msgs__rosidl_typesupport_introspection_c.so" to ""
[13.672s] -- Installing: /home/aakashraawat/colcon_ws/install/unity_robotics_msgs/lib/libunity_robotics_msgs__rosidl_typesupport_c.so
[13.672s] -- Set runtime path of "/home/aakashraawat/colcon_ws/install/unity_robotics_msgs/lib/libunity_robotics_msgs__rosidl_typesupport_c.so" to ""
[13.672s] -- Up-to-date: /home/aakashraawat/colcon_ws/install/unity_robotics_msgs/include/unity_robotics_msgs
[13.672s] -- Up-to-date: /home/aakashraawat/colcon_ws/install/unity_robotics_msgs/include/unity_robotics_msgs/msg
[13.672s] -- Installing: /home/aakashraawat/colcon_ws/install/unity_robotics_msgs/include/unity_robotics_msgs/msg/steering_angle.hpp
[13.672s] -- Installing: /home/aakashraawat/colcon_ws/install/unity_robotics_msgs/include/unity_robotics_msgs/msg/unity_color.hpp
[13.672s] -- Installing: /home/aakashraawat/colcon_ws/install/unity_robotics_msgs/include/unity_robotics_msgs/msg/pos_rot.hpp
[13.672s] -- Up-to-date: /home/aakashraawat/colcon_ws/install/unity_robotics_msgs/include/unity_robotics_msgs/msg/detail
[13.673s] -- Installing: /home/aakashraawat/colcon_ws/install/unity_robotics_msgs/include/unity_robotics_msgs/msg/detail/wheel_angular_velocity__traits.hpp
[13.673s] -- Installing: /home/aakashraawat/colcon_ws/install/unity_robotics_msgs/include/unity_robotics_msgs/msg/detail/unity_color__type_support.hpp
[13.673s] -- Installing: /home/aakashraawat/colcon_ws/install/unity_robotics_msgs/include/unity_robotics_msgs/msg/detail/pos_rot__traits.hpp
[13.673s] -- Installing: /home/aakashraawat/colcon_ws/install/unity_robotics_msgs/include/unity_robotics_msgs/msg/detail/steering_angle__struct.hpp
[13.673s] -- Installing: /home/aakashraawat/colcon_ws/install/unity_robotics_msgs/include/unity_robotics_msgs/msg/detail/wheel_angular_velocity__type_support.hpp
[13.673s] -- Installing: /home/aakashraawat/colcon_ws/install/unity_robotics_msgs/include/unity_robotics_msgs/msg/detail/unity_color__struct.hpp
[13.673s] -- Installing: /home/aakashraawat/colcon_ws/install/unity_robotics_msgs/include/unity_robotics_msgs/msg/detail/steering_angle__type_support.hpp
[13.673s] -- Installing: /home/aakashraawat/colcon_ws/install/unity_robotics_msgs/include/unity_robotics_msgs/msg/detail/wheel_angular_velocity__struct.hpp
[13.673s] -- Installing: /home/aakashraawat/colcon_ws/install/unity_robotics_msgs/include/unity_robotics_msgs/msg/detail/unity_color__traits.hpp
[13.673s] -- Installing: /home/aakashraawat/colcon_ws/install/unity_robotics_msgs/include/unity_robotics_msgs/msg/detail/steering_angle__traits.hpp
[13.673s] -- Installing: /home/aakashraawat/colcon_ws/install/unity_robotics_msgs/include/unity_robotics_msgs/msg/detail/pos_rot__builder.hpp
[13.673s] -- Installing: /home/aakashraawat/colcon_ws/install/unity_robotics_msgs/include/unity_robotics_msgs/msg/detail/wheel_angular_velocity__builder.hpp
[13.674s] -- Installing: /home/aakashraawat/colcon_ws/install/unity_robotics_msgs/include/unity_robotics_msgs/msg/detail/steering_angle__builder.hpp
[13.674s] -- Installing: /home/aakashraawat/colcon_ws/install/unity_robotics_msgs/include/unity_robotics_msgs/msg/detail/pos_rot__struct.hpp
[13.674s] -- Installing: /home/aakashraawat/colcon_ws/install/unity_robotics_msgs/include/unity_robotics_msgs/msg/detail/unity_color__builder.hpp
[13.674s] -- Installing: /home/aakashraawat/colcon_ws/install/unity_robotics_msgs/include/unity_robotics_msgs/msg/detail/pos_rot__type_support.hpp
[13.674s] -- Up-to-date: /home/aakashraawat/colcon_ws/install/unity_robotics_msgs/include/unity_robotics_msgs/msg/rosidl_generator_cpp__visibility_control.hpp
[13.674s] -- Installing: /home/aakashraawat/colcon_ws/install/unity_robotics_msgs/include/unity_robotics_msgs/msg/wheel_angular_velocity.hpp
[13.674s] -- Up-to-date: /home/aakashraawat/colcon_ws/install/unity_robotics_msgs/include/unity_robotics_msgs/srv
[13.674s] -- Up-to-date: /home/aakashraawat/colcon_ws/install/unity_robotics_msgs/include/unity_robotics_msgs/srv/detail
[13.674s] -- Installing: /home/aakashraawat/colcon_ws/install/unity_robotics_msgs/include/unity_robotics_msgs/srv/detail/position_service__struct.hpp
[13.674s] -- Installing: /home/aakashraawat/colcon_ws/install/unity_robotics_msgs/include/unity_robotics_msgs/srv/detail/object_pose_service__builder.hpp
[13.674s] -- Installing: /home/aakashraawat/colcon_ws/install/unity_robotics_msgs/include/unity_robotics_msgs/srv/detail/object_pose_service__type_support.hpp
[13.674s] -- Installing: /home/aakashraawat/colcon_ws/install/unity_robotics_msgs/include/unity_robotics_msgs/srv/detail/position_service__traits.hpp
[13.674s] -- Installing: /home/aakashraawat/colcon_ws/install/unity_robotics_msgs/include/unity_robotics_msgs/srv/detail/position_service__builder.hpp
[13.674s] -- Installing: /home/aakashraawat/colcon_ws/install/unity_robotics_msgs/include/unity_robotics_msgs/srv/detail/position_service__type_support.hpp
[13.674s] -- Installing: /home/aakashraawat/colcon_ws/install/unity_robotics_msgs/include/unity_robotics_msgs/srv/detail/object_pose_service__traits.hpp
[13.674s] -- Installing: /home/aakashraawat/colcon_ws/install/unity_robotics_msgs/include/unity_robotics_msgs/srv/detail/object_pose_service__struct.hpp
[13.674s] -- Installing: /home/aakashraawat/colcon_ws/install/unity_robotics_msgs/include/unity_robotics_msgs/srv/position_service.hpp
[13.674s] -- Installing: /home/aakashraawat/colcon_ws/install/unity_robotics_msgs/include/unity_robotics_msgs/srv/object_pose_service.hpp
[13.674s] -- Up-to-date: /home/aakashraawat/colcon_ws/install/unity_robotics_msgs/include/unity_robotics_msgs
[13.674s] -- Up-to-date: /home/aakashraawat/colcon_ws/install/unity_robotics_msgs/include/unity_robotics_msgs/msg
[13.674s] -- Up-to-date: /home/aakashraawat/colcon_ws/install/unity_robotics_msgs/include/unity_robotics_msgs/msg/detail
[13.674s] -- Installing: /home/aakashraawat/colcon_ws/install/unity_robotics_msgs/include/unity_robotics_msgs/msg/detail/steering_angle__rosidl_typesupport_introspection_cpp.hpp
[13.674s] -- Installing: /home/aakashraawat/colcon_ws/install/unity_robotics_msgs/include/unity_robotics_msgs/msg/detail/steering_angle__type_support.cpp
[13.675s] -- Installing: /home/aakashraawat/colcon_ws/install/unity_robotics_msgs/include/unity_robotics_msgs/msg/detail/pos_rot__type_support.cpp
[13.675s] -- Installing: /home/aakashraawat/colcon_ws/install/unity_robotics_msgs/include/unity_robotics_msgs/msg/detail/unity_color__rosidl_typesupport_introspection_cpp.hpp
[13.675s] -- Installing: /home/aakashraawat/colcon_ws/install/unity_robotics_msgs/include/unity_robotics_msgs/msg/detail/wheel_angular_velocity__type_support.cpp
[13.675s] -- Installing: /home/aakashraawat/colcon_ws/install/unity_robotics_msgs/include/unity_robotics_msgs/msg/detail/unity_color__type_support.cpp
[13.675s] -- Installing: /home/aakashraawat/colcon_ws/install/unity_robotics_msgs/include/unity_robotics_msgs/msg/detail/wheel_angular_velocity__rosidl_typesupport_introspection_cpp.hpp
[13.675s] -- Installing: /home/aakashraawat/colcon_ws/install/unity_robotics_msgs/include/unity_robotics_msgs/msg/detail/pos_rot__rosidl_typesupport_introspection_cpp.hpp
[13.675s] -- Up-to-date: /home/aakashraawat/colcon_ws/install/unity_robotics_msgs/include/unity_robotics_msgs/srv
[13.675s] -- Up-to-date: /home/aakashraawat/colcon_ws/install/unity_robotics_msgs/include/unity_robotics_msgs/srv/detail
[13.675s] -- Installing: /home/aakashraawat/colcon_ws/install/unity_robotics_msgs/include/unity_robotics_msgs/srv/detail/object_pose_service__type_support.cpp
[13.675s] -- Installing: /home/aakashraawat/colcon_ws/install/unity_robotics_msgs/include/unity_robotics_msgs/srv/detail/object_pose_service__rosidl_typesupport_introspection_cpp.hpp
[13.675s] -- Installing: /home/aakashraawat/colcon_ws/install/unity_robotics_msgs/include/unity_robotics_msgs/srv/detail/position_service__rosidl_typesupport_introspection_cpp.hpp
[13.675s] -- Installing: /home/aakashraawat/colcon_ws/install/unity_robotics_msgs/include/unity_robotics_msgs/srv/detail/position_service__type_support.cpp
[13.675s] -- Installing: /home/aakashraawat/colcon_ws/install/unity_robotics_msgs/lib/libunity_robotics_msgs__rosidl_typesupport_introspection_cpp.so
[13.675s] -- Set runtime path of "/home/aakashraawat/colcon_ws/install/unity_robotics_msgs/lib/libunity_robotics_msgs__rosidl_typesupport_introspection_cpp.so" to ""
[13.675s] -- Installing: /home/aakashraawat/colcon_ws/install/unity_robotics_msgs/lib/libunity_robotics_msgs__rosidl_typesupport_cpp.so
[13.675s] -- Set runtime path of "/home/aakashraawat/colcon_ws/install/unity_robotics_msgs/lib/libunity_robotics_msgs__rosidl_typesupport_cpp.so" to ""
[13.675s] -- Up-to-date: /home/aakashraawat/colcon_ws/install/unity_robotics_msgs/share/unity_robotics_msgs/environment/pythonpath.sh
[13.675s] -- Installing: /home/aakashraawat/colcon_ws/install/unity_robotics_msgs/share/unity_robotics_msgs/environment/pythonpath.dsv
[13.675s] -- Installing: /home/aakashraawat/colcon_ws/install/unity_robotics_msgs/lib/python3.8/site-packages/unity_robotics_msgs/__init__.py
[13.702s] Compiling '/home/aakashraawat/colcon_ws/install/unity_robotics_msgs/lib/python3.8/site-packages/unity_robotics_msgs/__init__.py'...
[13.706s] -- Up-to-date: /home/aakashraawat/colcon_ws/install/unity_robotics_msgs/lib/python3.8/site-packages/unity_robotics_msgs/msg
[13.706s] -- Installing: /home/aakashraawat/colcon_ws/install/unity_robotics_msgs/lib/python3.8/site-packages/unity_robotics_msgs/msg/_wheel_angular_velocity_s.c
[13.706s] -- Installing: /home/aakashraawat/colcon_ws/install/unity_robotics_msgs/lib/python3.8/site-packages/unity_robotics_msgs/msg/_pos_rot_s.c
[13.707s] -- Installing: /home/aakashraawat/colcon_ws/install/unity_robotics_msgs/lib/python3.8/site-packages/unity_robotics_msgs/msg/_unity_color.py
[13.707s] -- Installing: /home/aakashraawat/colcon_ws/install/unity_robotics_msgs/lib/python3.8/site-packages/unity_robotics_msgs/msg/_steering_angle.py
[13.707s] -- Installing: /home/aakashraawat/colcon_ws/install/unity_robotics_msgs/lib/python3.8/site-packages/unity_robotics_msgs/msg/__init__.py
[13.707s] -- Installing: /home/aakashraawat/colcon_ws/install/unity_robotics_msgs/lib/python3.8/site-packages/unity_robotics_msgs/msg/_unity_color_s.c
[13.707s] -- Installing: /home/aakashraawat/colcon_ws/install/unity_robotics_msgs/lib/python3.8/site-packages/unity_robotics_msgs/msg/_pos_rot.py
[13.707s] -- Installing: /home/aakashraawat/colcon_ws/install/unity_robotics_msgs/lib/python3.8/site-packages/unity_robotics_msgs/msg/_steering_angle_s.c
[13.707s] -- Installing: /home/aakashraawat/colcon_ws/install/unity_robotics_msgs/lib/python3.8/site-packages/unity_robotics_msgs/msg/_wheel_angular_velocity.py
[13.707s] -- Up-to-date: /home/aakashraawat/colcon_ws/install/unity_robotics_msgs/lib/python3.8/site-packages/unity_robotics_msgs/srv
[13.707s] -- Installing: /home/aakashraawat/colcon_ws/install/unity_robotics_msgs/lib/python3.8/site-packages/unity_robotics_msgs/srv/_object_pose_service.py
[13.708s] -- Installing: /home/aakashraawat/colcon_ws/install/unity_robotics_msgs/lib/python3.8/site-packages/unity_robotics_msgs/srv/_object_pose_service_s.c
[13.708s] -- Installing: /home/aakashraawat/colcon_ws/install/unity_robotics_msgs/lib/python3.8/site-packages/unity_robotics_msgs/srv/_position_service_s.c
[13.708s] -- Installing: /home/aakashraawat/colcon_ws/install/unity_robotics_msgs/lib/python3.8/site-packages/unity_robotics_msgs/srv/__init__.py
[13.708s] -- Installing: /home/aakashraawat/colcon_ws/install/unity_robotics_msgs/lib/python3.8/site-packages/unity_robotics_msgs/srv/_position_service.py
[13.708s] -- Installing: /home/aakashraawat/colcon_ws/install/unity_robotics_msgs/lib/python3.8/site-packages/unity_robotics_msgs/unity_robotics_msgs_s__rosidl_typesupport_fastrtps_c.cpython-38-x86_64-linux-gnu.so
[13.708s] -- Set runtime path of "/home/aakashraawat/colcon_ws/install/unity_robotics_msgs/lib/python3.8/site-packages/unity_robotics_msgs/unity_robotics_msgs_s__rosidl_typesupport_fastrtps_c.cpython-38-x86_64-linux-gnu.so" to ""
[13.709s] -- Installing: /home/aakashraawat/colcon_ws/install/unity_robotics_msgs/lib/python3.8/site-packages/unity_robotics_msgs/unity_robotics_msgs_s__rosidl_typesupport_introspection_c.cpython-38-x86_64-linux-gnu.so
[13.709s] -- Set runtime path of "/home/aakashraawat/colcon_ws/install/unity_robotics_msgs/lib/python3.8/site-packages/unity_robotics_msgs/unity_robotics_msgs_s__rosidl_typesupport_introspection_c.cpython-38-x86_64-linux-gnu.so" to ""
[13.709s] -- Installing: /home/aakashraawat/colcon_ws/install/unity_robotics_msgs/lib/python3.8/site-packages/unity_robotics_msgs/unity_robotics_msgs_s__rosidl_typesupport_c.cpython-38-x86_64-linux-gnu.so
[13.709s] -- Set runtime path of "/home/aakashraawat/colcon_ws/install/unity_robotics_msgs/lib/python3.8/site-packages/unity_robotics_msgs/unity_robotics_msgs_s__rosidl_typesupport_c.cpython-38-x86_64-linux-gnu.so" to ""
[13.709s] -- Installing: /home/aakashraawat/colcon_ws/install/unity_robotics_msgs/lib/libunity_robotics_msgs__python.so
[13.709s] -- Set runtime path of "/home/aakashraawat/colcon_ws/install/unity_robotics_msgs/lib/libunity_robotics_msgs__python.so" to ""
[13.710s] -- Installing: /home/aakashraawat/colcon_ws/install/unity_robotics_msgs/share/unity_robotics_msgs/msg/WheelAngularVelocity.idl
[13.710s] -- Up-to-date: /home/aakashraawat/colcon_ws/install/unity_robotics_msgs/share/unity_robotics_msgs/msg/SteeringAngle.idl
[13.710s] -- Up-to-date: /home/aakashraawat/colcon_ws/install/unity_robotics_msgs/share/unity_robotics_msgs/msg/PosRot.idl
[13.710s] -- Up-to-date: /home/aakashraawat/colcon_ws/install/unity_robotics_msgs/share/unity_robotics_msgs/msg/UnityColor.idl
[13.710s] -- Up-to-date: /home/aakashraawat/colcon_ws/install/unity_robotics_msgs/share/unity_robotics_msgs/srv/PositionService.idl
[13.711s] -- Up-to-date: /home/aakashraawat/colcon_ws/install/unity_robotics_msgs/share/unity_robotics_msgs/srv/ObjectPoseService.idl
[13.711s] -- Installing: /home/aakashraawat/colcon_ws/install/unity_robotics_msgs/share/unity_robotics_msgs/msg/WheelAngularVelocity.msg
[13.711s] -- Up-to-date: /home/aakashraawat/colcon_ws/install/unity_robotics_msgs/share/unity_robotics_msgs/msg/SteeringAngle.msg
[13.711s] -- Up-to-date: /home/aakashraawat/colcon_ws/install/unity_robotics_msgs/share/unity_robotics_msgs/msg/PosRot.msg
[13.711s] -- Up-to-date: /home/aakashraawat/colcon_ws/install/unity_robotics_msgs/share/unity_robotics_msgs/msg/UnityColor.msg
[13.711s] -- Up-to-date: /home/aakashraawat/colcon_ws/install/unity_robotics_msgs/share/unity_robotics_msgs/srv/PositionService.srv
[13.711s] -- Up-to-date: /home/aakashraawat/colcon_ws/install/unity_robotics_msgs/share/unity_robotics_msgs/srv/PositionService_Request.msg
[13.712s] -- Up-to-date: /home/aakashraawat/colcon_ws/install/unity_robotics_msgs/share/unity_robotics_msgs/srv/PositionService_Response.msg
[13.712s] -- Up-to-date: /home/aakashraawat/colcon_ws/install/unity_robotics_msgs/share/unity_robotics_msgs/srv/ObjectPoseService.srv
[13.712s] -- Up-to-date: /home/aakashraawat/colcon_ws/install/unity_robotics_msgs/share/unity_robotics_msgs/srv/ObjectPoseService_Request.msg
[13.712s] -- Up-to-date: /home/aakashraawat/colcon_ws/install/unity_robotics_msgs/share/unity_robotics_msgs/srv/ObjectPoseService_Response.msg
[13.712s] -- Up-to-date: /home/aakashraawat/colcon_ws/install/unity_robotics_msgs/share/ament_index/resource_index/package_run_dependencies/unity_robotics_msgs
[13.712s] -- Installing: /home/aakashraawat/colcon_ws/install/unity_robotics_msgs/share/ament_index/resource_index/parent_prefix_path/unity_robotics_msgs
[13.712s] -- Up-to-date: /home/aakashraawat/colcon_ws/install/unity_robotics_msgs/share/unity_robotics_msgs/environment/ament_prefix_path.sh
[13.713s] -- Installing: /home/aakashraawat/colcon_ws/install/unity_robotics_msgs/share/unity_robotics_msgs/environment/ament_prefix_path.dsv
[13.713s] -- Up-to-date: /home/aakashraawat/colcon_ws/install/unity_robotics_msgs/share/unity_robotics_msgs/environment/path.sh
[13.713s] -- Installing: /home/aakashraawat/colcon_ws/install/unity_robotics_msgs/share/unity_robotics_msgs/environment/path.dsv
[13.713s] -- Up-to-date: /home/aakashraawat/colcon_ws/install/unity_robotics_msgs/share/unity_robotics_msgs/local_setup.bash
[13.713s] -- Up-to-date: /home/aakashraawat/colcon_ws/install/unity_robotics_msgs/share/unity_robotics_msgs/local_setup.sh
[13.713s] -- Up-to-date: /home/aakashraawat/colcon_ws/install/unity_robotics_msgs/share/unity_robotics_msgs/local_setup.zsh
[13.714s] -- Installing: /home/aakashraawat/colcon_ws/install/unity_robotics_msgs/share/unity_robotics_msgs/local_setup.dsv
[13.714s] -- Installing: /home/aakashraawat/colcon_ws/install/unity_robotics_msgs/share/unity_robotics_msgs/package.dsv
[13.714s] -- Up-to-date: /home/aakashraawat/colcon_ws/install/unity_robotics_msgs/share/ament_index/resource_index/packages/unity_robotics_msgs
[13.714s] -- Up-to-date: /home/aakashraawat/colcon_ws/install/unity_robotics_msgs/share/unity_robotics_msgs/cmake/unity_robotics_msgs__rosidl_generator_cExport.cmake
[13.714s] -- Installing: /home/aakashraawat/colcon_ws/install/unity_robotics_msgs/share/unity_robotics_msgs/cmake/unity_robotics_msgs__rosidl_generator_cExport-noconfig.cmake
[13.714s] -- Up-to-date: /home/aakashraawat/colcon_ws/install/unity_robotics_msgs/share/unity_robotics_msgs/cmake/unity_robotics_msgs__rosidl_typesupport_introspection_cExport.cmake
[13.714s] -- Installing: /home/aakashraawat/colcon_ws/install/unity_robotics_msgs/share/unity_robotics_msgs/cmake/unity_robotics_msgs__rosidl_typesupport_introspection_cExport-noconfig.cmake
[13.714s] -- Up-to-date: /home/aakashraawat/colcon_ws/install/unity_robotics_msgs/share/unity_robotics_msgs/cmake/unity_robotics_msgs__rosidl_typesupport_cExport.cmake
[13.715s] -- Installing: /home/aakashraawat/colcon_ws/install/unity_robotics_msgs/share/unity_robotics_msgs/cmake/unity_robotics_msgs__rosidl_typesupport_cExport-noconfig.cmake
[13.715s] -- Up-to-date: /home/aakashraawat/colcon_ws/install/unity_robotics_msgs/share/unity_robotics_msgs/cmake/unity_robotics_msgs__rosidl_generator_cppExport.cmake
[13.715s] -- Up-to-date: /home/aakashraawat/colcon_ws/install/unity_robotics_msgs/share/unity_robotics_msgs/cmake/unity_robotics_msgs__rosidl_typesupport_introspection_cppExport.cmake
[13.715s] -- Installing: /home/aakashraawat/colcon_ws/install/unity_robotics_msgs/share/unity_robotics_msgs/cmake/unity_robotics_msgs__rosidl_typesupport_introspection_cppExport-noconfig.cmake
[13.715s] -- Up-to-date: /home/aakashraawat/colcon_ws/install/unity_robotics_msgs/share/unity_robotics_msgs/cmake/unity_robotics_msgs__rosidl_typesupport_cppExport.cmake
[13.715s] -- Installing: /home/aakashraawat/colcon_ws/install/unity_robotics_msgs/share/unity_robotics_msgs/cmake/unity_robotics_msgs__rosidl_typesupport_cppExport-noconfig.cmake
[13.715s] -- Installing: /home/aakashraawat/colcon_ws/install/unity_robotics_msgs/share/unity_robotics_msgs/cmake/rosidl_cmake-extras.cmake
[13.715s] -- Up-to-date: /home/aakashraawat/colcon_ws/install/unity_robotics_msgs/share/unity_robotics_msgs/cmake/ament_cmake_export_dependencies-extras.cmake
[13.715s] -- Up-to-date: /home/aakashraawat/colcon_ws/install/unity_robotics_msgs/share/unity_robotics_msgs/cmake/ament_cmake_export_libraries-extras.cmake
[13.715s] -- Up-to-date: /home/aakashraawat/colcon_ws/install/unity_robotics_msgs/share/unity_robotics_msgs/cmake/ament_cmake_export_targets-extras.cmake
[13.715s] -- Up-to-date: /home/aakashraawat/colcon_ws/install/unity_robotics_msgs/share/unity_robotics_msgs/cmake/ament_cmake_export_include_directories-extras.cmake
[13.715s] -- Up-to-date: /home/aakashraawat/colcon_ws/install/unity_robotics_msgs/share/unity_robotics_msgs/cmake/rosidl_cmake_export_typesupport_libraries-extras.cmake
[13.715s] -- Up-to-date: /home/aakashraawat/colcon_ws/install/unity_robotics_msgs/share/unity_robotics_msgs/cmake/rosidl_cmake_export_typesupport_targets-extras.cmake
[13.715s] -- Up-to-date: /home/aakashraawat/colcon_ws/install/unity_robotics_msgs/share/unity_robotics_msgs/cmake/unity_robotics_msgsConfig.cmake
[13.715s] -- Up-to-date: /home/aakashraawat/colcon_ws/install/unity_robotics_msgs/share/unity_robotics_msgs/cmake/unity_robotics_msgsConfig-version.cmake
[13.715s] -- Up-to-date: /home/aakashraawat/colcon_ws/install/unity_robotics_msgs/share/unity_robotics_msgs/package.xml
[13.716s] Invoked command in '/home/aakashraawat/colcon_ws/build/unity_robotics_msgs' returned '0': CMAKE_PREFIX_PATH=${CMAKE_PREFIX_PATH}:/home/aakashraawat/colcon_ws/install/simulink_subscriber:/home/aakashraawat/colcon_ws/install/unity_robotics_demo:/home/aakashraawat/colcon_ws/install/ros_tcp_endpoint:/home/aakashraawat/colcon_ws/install/py_pubsub:/opt/ros/foxy /usr/bin/cmake --install /home/aakashraawat/colcon_ws/build/unity_robotics_msgs
