[0.334s] Invoking command in '/home/aakashraawat/colcon_ws/build/tf2_ros': CMAKE_PREFIX_PATH=/home/aakashraawat/colcon_ws/install/tf2_py:/home/aakashraawat/colcon_ws/install/tf2_msgs:/home/aakashraawat/colcon_ws/install/tf2:/home/aakashraawat/colcon_ws/install/geometry2:/home/aakashraawat/colcon_ws/install/tf2_tools:/home/aakashraawat/colcon_ws/install/tf2_sensor_msgs:/home/aakashraawat/colcon_ws/install/test_tf2:/home/aakashraawat/colcon_ws/install/tf2_kdl:/home/aakashraawat/colcon_ws/install/tf2_geometry_msgs:/home/aakashraawat/colcon_ws/install/tf2_eigen:/home/aakashraawat/colcon_ws/install/tf2_bullet:/home/aakashraawat/colcon_ws/install/tf2_ros:/home/aakashraawat/colcon_ws/install/tf2_eigen_kdl:/home/aakashraawat/colcon_ws/install/unity_robotics_msgs:/home/aakashraawat/colcon_ws/install/examples_tf2_py:/home/aakashraawat/colcon_ws/install/simulink_subscriber:/home/aakashraawat/colcon_ws/install/unity_robotics_demo:/home/aakashraawat/colcon_ws/install/ros_tcp_endpoint:/home/aakashraawat/colcon_ws/install/py_pubsub:/opt/ros/foxy LD_LIBRARY_PATH=/home/aakashraawat/colcon_ws/install/tf2_msgs/lib:/home/aakashraawat/colcon_ws/install/tf2/lib:/home/aakashraawat/colcon_ws/install/tf2_bullet/lib:/home/aakashraawat/colcon_ws/install/tf2_ros/lib:/home/aakashraawat/colcon_ws/install/tf2_eigen_kdl/lib:/home/aakashraawat/colcon_ws/install/unity_robotics_msgs/lib:/opt/ros/foxy/opt/yaml_cpp_vendor/lib:/opt/ros/foxy/opt/rviz_ogre_vendor/lib:/opt/ros/foxy/lib/x86_64-linux-gnu:/opt/ros/foxy/lib PYTHONPATH=/home/aakashraawat/colcon_ws/install/tf2_py/lib/python3.8/site-packages:/home/aakashraawat/colcon_ws/install/tf2_msgs/lib/python3.8/site-packages:/home/aakashraawat/colcon_ws/install/tf2_kdl/lib/python3.8/site-packages:/home/aakashraawat/colcon_ws/install/tf2_geometry_msgs/lib/python3.8/site-packages:/home/aakashraawat/colcon_ws/install/examples_tf2_py/lib/python3.8/site-packages:/home/aakashraawat/colcon_ws/install/tf2_ros/lib/python3.8/site-packages:/home/aakashraawat/colcon_ws/install/simulink_subscriber/lib/python3.8/site-packages:/home/aakashraawat/colcon_ws/install/unity_robotics_msgs/lib/python3.8/site-packages:/home/aakashraawat/colcon_ws/install/unity_robotics_demo/lib/python3.8/site-packages:/home/aakashraawat/colcon_ws/install/ros_tcp_endpoint/lib/python3.8/site-packages:/home/aakashraawat/colcon_ws/install/py_pubsub/lib/python3.8/site-packages:/opt/ros/foxy/lib/python3.8/site-packages /usr/bin/cmake --build /home/aakashraawat/colcon_ws/build/tf2_ros -- -j20 -l20
[0.386s] [  5%] Built target gtest_main
[0.386s] [ 10%] Built target gtest
[0.402s] [ 30%] Built target tf2_ros
[0.441s] [ 45%] Built target tf2_monitor
[0.441s] [ 45%] Built target buffer_server
[0.441s] [ 45%] Built target tf2_ros_test_static_transform_broadcaster
[0.442s] [ 62%] Built target tf2_ros_test_time_reset
[0.442s] [ 62%] Built target test_buffer
[0.442s] [ 72%] Built target tf2_ros_test_transform_listener
[0.442s] [ 72%] Built target tf2_ros_test_message_filter
[0.442s] [ 72%] Built target tf2_ros_test_listener
[0.442s] [ 77%] Built target tf2_echo
[0.442s] [ 80%] Built target static_transform_broadcaster_node
[0.442s] [ 85%] Built target tf2_ros_test_transform_broadcaster
[0.443s] [ 90%] Built target test_buffer_client
[0.443s] [ 95%] Built target test_buffer_server
[0.470s] [100%] Built target static_transform_publisher
[0.483s] Invoked command in '/home/aakashraawat/colcon_ws/build/tf2_ros' returned '0': CMAKE_PREFIX_PATH=/home/aakashraawat/colcon_ws/install/tf2_py:/home/aakashraawat/colcon_ws/install/tf2_msgs:/home/aakashraawat/colcon_ws/install/tf2:/home/aakashraawat/colcon_ws/install/geometry2:/home/aakashraawat/colcon_ws/install/tf2_tools:/home/aakashraawat/colcon_ws/install/tf2_sensor_msgs:/home/aakashraawat/colcon_ws/install/test_tf2:/home/aakashraawat/colcon_ws/install/tf2_kdl:/home/aakashraawat/colcon_ws/install/tf2_geometry_msgs:/home/aakashraawat/colcon_ws/install/tf2_eigen:/home/aakashraawat/colcon_ws/install/tf2_bullet:/home/aakashraawat/colcon_ws/install/tf2_ros:/home/aakashraawat/colcon_ws/install/tf2_eigen_kdl:/home/aakashraawat/colcon_ws/install/unity_robotics_msgs:/home/aakashraawat/colcon_ws/install/examples_tf2_py:/home/aakashraawat/colcon_ws/install/simulink_subscriber:/home/aakashraawat/colcon_ws/install/unity_robotics_demo:/home/aakashraawat/colcon_ws/install/ros_tcp_endpoint:/home/aakashraawat/colcon_ws/install/py_pubsub:/opt/ros/foxy LD_LIBRARY_PATH=/home/aakashraawat/colcon_ws/install/tf2_msgs/lib:/home/aakashraawat/colcon_ws/install/tf2/lib:/home/aakashraawat/colcon_ws/install/tf2_bullet/lib:/home/aakashraawat/colcon_ws/install/tf2_ros/lib:/home/aakashraawat/colcon_ws/install/tf2_eigen_kdl/lib:/home/aakashraawat/colcon_ws/install/unity_robotics_msgs/lib:/opt/ros/foxy/opt/yaml_cpp_vendor/lib:/opt/ros/foxy/opt/rviz_ogre_vendor/lib:/opt/ros/foxy/lib/x86_64-linux-gnu:/opt/ros/foxy/lib PYTHONPATH=/home/aakashraawat/colcon_ws/install/tf2_py/lib/python3.8/site-packages:/home/aakashraawat/colcon_ws/install/tf2_msgs/lib/python3.8/site-packages:/home/aakashraawat/colcon_ws/install/tf2_kdl/lib/python3.8/site-packages:/home/aakashraawat/colcon_ws/install/tf2_geometry_msgs/lib/python3.8/site-packages:/home/aakashraawat/colcon_ws/install/examples_tf2_py/lib/python3.8/site-packages:/home/aakashraawat/colcon_ws/install/tf2_ros/lib/python3.8/site-packages:/home/aakashraawat/colcon_ws/install/simulink_subscriber/lib/python3.8/site-packages:/home/aakashraawat/colcon_ws/install/unity_robotics_msgs/lib/python3.8/site-packages:/home/aakashraawat/colcon_ws/install/unity_robotics_demo/lib/python3.8/site-packages:/home/aakashraawat/colcon_ws/install/ros_tcp_endpoint/lib/python3.8/site-packages:/home/aakashraawat/colcon_ws/install/py_pubsub/lib/python3.8/site-packages:/opt/ros/foxy/lib/python3.8/site-packages /usr/bin/cmake --build /home/aakashraawat/colcon_ws/build/tf2_ros -- -j20 -l20
[0.551s] Invoking command in '/home/aakashraawat/colcon_ws/build/tf2_ros': CMAKE_PREFIX_PATH=/home/aakashraawat/colcon_ws/install/tf2_py:/home/aakashraawat/colcon_ws/install/tf2_msgs:/home/aakashraawat/colcon_ws/install/tf2:/home/aakashraawat/colcon_ws/install/geometry2:/home/aakashraawat/colcon_ws/install/tf2_tools:/home/aakashraawat/colcon_ws/install/tf2_sensor_msgs:/home/aakashraawat/colcon_ws/install/test_tf2:/home/aakashraawat/colcon_ws/install/tf2_kdl:/home/aakashraawat/colcon_ws/install/tf2_geometry_msgs:/home/aakashraawat/colcon_ws/install/tf2_eigen:/home/aakashraawat/colcon_ws/install/tf2_bullet:/home/aakashraawat/colcon_ws/install/tf2_ros:/home/aakashraawat/colcon_ws/install/tf2_eigen_kdl:/home/aakashraawat/colcon_ws/install/unity_robotics_msgs:/home/aakashraawat/colcon_ws/install/examples_tf2_py:/home/aakashraawat/colcon_ws/install/simulink_subscriber:/home/aakashraawat/colcon_ws/install/unity_robotics_demo:/home/aakashraawat/colcon_ws/install/ros_tcp_endpoint:/home/aakashraawat/colcon_ws/install/py_pubsub:/opt/ros/foxy LD_LIBRARY_PATH=/home/aakashraawat/colcon_ws/install/tf2_msgs/lib:/home/aakashraawat/colcon_ws/install/tf2/lib:/home/aakashraawat/colcon_ws/install/tf2_bullet/lib:/home/aakashraawat/colcon_ws/install/tf2_ros/lib:/home/aakashraawat/colcon_ws/install/tf2_eigen_kdl/lib:/home/aakashraawat/colcon_ws/install/unity_robotics_msgs/lib:/opt/ros/foxy/opt/yaml_cpp_vendor/lib:/opt/ros/foxy/opt/rviz_ogre_vendor/lib:/opt/ros/foxy/lib/x86_64-linux-gnu:/opt/ros/foxy/lib PYTHONPATH=/home/aakashraawat/colcon_ws/install/tf2_py/lib/python3.8/site-packages:/home/aakashraawat/colcon_ws/install/tf2_msgs/lib/python3.8/site-packages:/home/aakashraawat/colcon_ws/install/tf2_kdl/lib/python3.8/site-packages:/home/aakashraawat/colcon_ws/install/tf2_geometry_msgs/lib/python3.8/site-packages:/home/aakashraawat/colcon_ws/install/examples_tf2_py/lib/python3.8/site-packages:/home/aakashraawat/colcon_ws/install/tf2_ros/lib/python3.8/site-packages:/home/aakashraawat/colcon_ws/install/simulink_subscriber/lib/python3.8/site-packages:/home/aakashraawat/colcon_ws/install/unity_robotics_msgs/lib/python3.8/site-packages:/home/aakashraawat/colcon_ws/install/unity_robotics_demo/lib/python3.8/site-packages:/home/aakashraawat/colcon_ws/install/ros_tcp_endpoint/lib/python3.8/site-packages:/home/aakashraawat/colcon_ws/install/py_pubsub/lib/python3.8/site-packages:/opt/ros/foxy/lib/python3.8/site-packages /usr/bin/cmake --install /home/aakashraawat/colcon_ws/build/tf2_ros
[0.559s] -- Install configuration: ""
[0.559s] -- Up-to-date: /home/aakashraawat/colcon_ws/install/tf2_ros/share/tf2_ros/environment/pythonpath.sh
[0.559s] -- Up-to-date: /home/aakashraawat/colcon_ws/install/tf2_ros/share/tf2_ros/environment/pythonpath.dsv
[0.559s] -- Up-to-date: /home/aakashraawat/colcon_ws/install/tf2_ros/lib/python3.8/site-packages/tf2_ros
[0.559s] -- Up-to-date: /home/aakashraawat/colcon_ws/install/tf2_ros/lib/python3.8/site-packages/tf2_ros/transform_broadcaster.py
[0.559s] -- Up-to-date: /home/aakashraawat/colcon_ws/install/tf2_ros/lib/python3.8/site-packages/tf2_ros/__init__.py
[0.559s] -- Up-to-date: /home/aakashraawat/colcon_ws/install/tf2_ros/lib/python3.8/site-packages/tf2_ros/transform_listener.py
[0.559s] -- Up-to-date: /home/aakashraawat/colcon_ws/install/tf2_ros/lib/python3.8/site-packages/tf2_ros/buffer_client.py
[0.560s] -- Up-to-date: /home/aakashraawat/colcon_ws/install/tf2_ros/lib/python3.8/site-packages/tf2_ros/buffer_interface.py
[0.560s] -- Up-to-date: /home/aakashraawat/colcon_ws/install/tf2_ros/lib/python3.8/site-packages/tf2_ros/buffer.py
[0.560s] -- Up-to-date: /home/aakashraawat/colcon_ws/install/tf2_ros/lib/python3.8/site-packages/tf2_ros/static_transform_broadcaster.py
[0.588s] Listing '/home/aakashraawat/colcon_ws/install/tf2_ros/lib/python3.8/site-packages/tf2_ros'...
[0.592s] -- Up-to-date: /home/aakashraawat/colcon_ws/install/tf2_ros/lib/libtf2_ros.so
[0.592s] -- Up-to-date: /home/aakashraawat/colcon_ws/install/tf2_ros/lib/libstatic_transform_broadcaster_node.so
[0.592s] -- Up-to-date: /home/aakashraawat/colcon_ws/install/tf2_ros/lib/tf2_ros/buffer_server
[0.592s] -- Up-to-date: /home/aakashraawat/colcon_ws/install/tf2_ros/lib/tf2_ros/static_transform_publisher
[0.592s] -- Up-to-date: /home/aakashraawat/colcon_ws/install/tf2_ros/lib/tf2_ros/tf2_echo
[0.593s] -- Up-to-date: /home/aakashraawat/colcon_ws/install/tf2_ros/lib/tf2_ros/tf2_monitor
[0.593s] -- Up-to-date: /home/aakashraawat/colcon_ws/install/tf2_ros/include/tf2_ros
[0.593s] -- Up-to-date: /home/aakashraawat/colcon_ws/install/tf2_ros/include/tf2_ros/static_transform_broadcaster_node.hpp
[0.593s] -- Up-to-date: /home/aakashraawat/colcon_ws/install/tf2_ros/include/tf2_ros/transform_broadcaster.h
[0.594s] -- Up-to-date: /home/aakashraawat/colcon_ws/install/tf2_ros/include/tf2_ros/static_transform_broadcaster_visibility_control.h
[0.594s] -- Up-to-date: /home/aakashraawat/colcon_ws/install/tf2_ros/include/tf2_ros/visibility_control.h
[0.594s] -- Up-to-date: /home/aakashraawat/colcon_ws/install/tf2_ros/include/tf2_ros/buffer_interface.h
[0.594s] -- Up-to-date: /home/aakashraawat/colcon_ws/install/tf2_ros/include/tf2_ros/buffer_server.h
[0.594s] -- Up-to-date: /home/aakashraawat/colcon_ws/install/tf2_ros/include/tf2_ros/buffer_client.h
[0.594s] -- Up-to-date: /home/aakashraawat/colcon_ws/install/tf2_ros/include/tf2_ros/transform_listener.h
[0.594s] -- Up-to-date: /home/aakashraawat/colcon_ws/install/tf2_ros/include/tf2_ros/async_buffer_interface.h
[0.594s] -- Up-to-date: /home/aakashraawat/colcon_ws/install/tf2_ros/include/tf2_ros/message_filter.h
[0.595s] -- Up-to-date: /home/aakashraawat/colcon_ws/install/tf2_ros/include/tf2_ros/static_transform_broadcaster.h
[0.595s] -- Up-to-date: /home/aakashraawat/colcon_ws/install/tf2_ros/include/tf2_ros/buffer.h
[0.595s] -- Up-to-date: /home/aakashraawat/colcon_ws/install/tf2_ros/include/tf2_ros/create_timer_interface.h
[0.595s] -- Up-to-date: /home/aakashraawat/colcon_ws/install/tf2_ros/include/tf2_ros/create_timer_ros.h
[0.595s] -- Up-to-date: /home/aakashraawat/colcon_ws/install/tf2_ros/include/tf2_ros/qos.hpp
[0.595s] -- Up-to-date: /home/aakashraawat/colcon_ws/install/tf2_ros/share/tf2_ros/environment/library_path.sh
[0.595s] -- Up-to-date: /home/aakashraawat/colcon_ws/install/tf2_ros/share/tf2_ros/environment/library_path.dsv
[0.595s] -- Up-to-date: /home/aakashraawat/colcon_ws/install/tf2_ros/share/ament_index/resource_index/package_run_dependencies/tf2_ros
[0.595s] -- Up-to-date: /home/aakashraawat/colcon_ws/install/tf2_ros/share/ament_index/resource_index/parent_prefix_path/tf2_ros
[0.595s] -- Up-to-date: /home/aakashraawat/colcon_ws/install/tf2_ros/share/tf2_ros/environment/ament_prefix_path.sh
[0.595s] -- Up-to-date: /home/aakashraawat/colcon_ws/install/tf2_ros/share/tf2_ros/environment/ament_prefix_path.dsv
[0.595s] -- Up-to-date: /home/aakashraawat/colcon_ws/install/tf2_ros/share/tf2_ros/environment/path.sh
[0.595s] -- Up-to-date: /home/aakashraawat/colcon_ws/install/tf2_ros/share/tf2_ros/environment/path.dsv
[0.595s] -- Up-to-date: /home/aakashraawat/colcon_ws/install/tf2_ros/share/tf2_ros/local_setup.bash
[0.595s] -- Up-to-date: /home/aakashraawat/colcon_ws/install/tf2_ros/share/tf2_ros/local_setup.sh
[0.596s] -- Up-to-date: /home/aakashraawat/colcon_ws/install/tf2_ros/share/tf2_ros/local_setup.zsh
[0.596s] -- Up-to-date: /home/aakashraawat/colcon_ws/install/tf2_ros/share/tf2_ros/local_setup.dsv
[0.596s] -- Installing: /home/aakashraawat/colcon_ws/install/tf2_ros/share/tf2_ros/package.dsv
[0.596s] -- Up-to-date: /home/aakashraawat/colcon_ws/install/tf2_ros/share/ament_index/resource_index/packages/tf2_ros
[0.596s] -- Up-to-date: /home/aakashraawat/colcon_ws/install/tf2_ros/share/ament_index/resource_index/rclcpp_components/tf2_ros
[0.596s] -- Up-to-date: /home/aakashraawat/colcon_ws/install/tf2_ros/share/tf2_ros/cmake/tf2_rosExport.cmake
[0.596s] -- Up-to-date: /home/aakashraawat/colcon_ws/install/tf2_ros/share/tf2_ros/cmake/tf2_rosExport-noconfig.cmake
[0.596s] -- Up-to-date: /home/aakashraawat/colcon_ws/install/tf2_ros/share/tf2_ros/cmake/static_transform_broadcaster_nodeExport.cmake
[0.596s] -- Up-to-date: /home/aakashraawat/colcon_ws/install/tf2_ros/share/tf2_ros/cmake/static_transform_broadcaster_nodeExport-noconfig.cmake
[0.596s] -- Up-to-date: /home/aakashraawat/colcon_ws/install/tf2_ros/share/tf2_ros/cmake/ament_cmake_export_include_directories-extras.cmake
[0.596s] -- Up-to-date: /home/aakashraawat/colcon_ws/install/tf2_ros/share/tf2_ros/cmake/ament_cmake_export_libraries-extras.cmake
[0.596s] -- Up-to-date: /home/aakashraawat/colcon_ws/install/tf2_ros/share/tf2_ros/cmake/ament_cmake_export_targets-extras.cmake
[0.597s] -- Up-to-date: /home/aakashraawat/colcon_ws/install/tf2_ros/share/tf2_ros/cmake/ament_cmake_export_dependencies-extras.cmake
[0.597s] -- Up-to-date: /home/aakashraawat/colcon_ws/install/tf2_ros/share/tf2_ros/cmake/tf2_rosConfig.cmake
[0.597s] -- Up-to-date: /home/aakashraawat/colcon_ws/install/tf2_ros/share/tf2_ros/cmake/tf2_rosConfig-version.cmake
[0.597s] -- Up-to-date: /home/aakashraawat/colcon_ws/install/tf2_ros/share/tf2_ros/package.xml
[0.599s] Invoked command in '/home/aakashraawat/colcon_ws/build/tf2_ros' returned '0': CMAKE_PREFIX_PATH=/home/aakashraawat/colcon_ws/install/tf2_py:/home/aakashraawat/colcon_ws/install/tf2_msgs:/home/aakashraawat/colcon_ws/install/tf2:/home/aakashraawat/colcon_ws/install/geometry2:/home/aakashraawat/colcon_ws/install/tf2_tools:/home/aakashraawat/colcon_ws/install/tf2_sensor_msgs:/home/aakashraawat/colcon_ws/install/test_tf2:/home/aakashraawat/colcon_ws/install/tf2_kdl:/home/aakashraawat/colcon_ws/install/tf2_geometry_msgs:/home/aakashraawat/colcon_ws/install/tf2_eigen:/home/aakashraawat/colcon_ws/install/tf2_bullet:/home/aakashraawat/colcon_ws/install/tf2_ros:/home/aakashraawat/colcon_ws/install/tf2_eigen_kdl:/home/aakashraawat/colcon_ws/install/unity_robotics_msgs:/home/aakashraawat/colcon_ws/install/examples_tf2_py:/home/aakashraawat/colcon_ws/install/simulink_subscriber:/home/aakashraawat/colcon_ws/install/unity_robotics_demo:/home/aakashraawat/colcon_ws/install/ros_tcp_endpoint:/home/aakashraawat/colcon_ws/install/py_pubsub:/opt/ros/foxy LD_LIBRARY_PATH=/home/aakashraawat/colcon_ws/install/tf2_msgs/lib:/home/aakashraawat/colcon_ws/install/tf2/lib:/home/aakashraawat/colcon_ws/install/tf2_bullet/lib:/home/aakashraawat/colcon_ws/install/tf2_ros/lib:/home/aakashraawat/colcon_ws/install/tf2_eigen_kdl/lib:/home/aakashraawat/colcon_ws/install/unity_robotics_msgs/lib:/opt/ros/foxy/opt/yaml_cpp_vendor/lib:/opt/ros/foxy/opt/rviz_ogre_vendor/lib:/opt/ros/foxy/lib/x86_64-linux-gnu:/opt/ros/foxy/lib PYTHONPATH=/home/aakashraawat/colcon_ws/install/tf2_py/lib/python3.8/site-packages:/home/aakashraawat/colcon_ws/install/tf2_msgs/lib/python3.8/site-packages:/home/aakashraawat/colcon_ws/install/tf2_kdl/lib/python3.8/site-packages:/home/aakashraawat/colcon_ws/install/tf2_geometry_msgs/lib/python3.8/site-packages:/home/aakashraawat/colcon_ws/install/examples_tf2_py/lib/python3.8/site-packages:/home/aakashraawat/colcon_ws/install/tf2_ros/lib/python3.8/site-packages:/home/aakashraawat/colcon_ws/install/simulink_subscriber/lib/python3.8/site-packages:/home/aakashraawat/colcon_ws/install/unity_robotics_msgs/lib/python3.8/site-packages:/home/aakashraawat/colcon_ws/install/unity_robotics_demo/lib/python3.8/site-packages:/home/aakashraawat/colcon_ws/install/ros_tcp_endpoint/lib/python3.8/site-packages:/home/aakashraawat/colcon_ws/install/py_pubsub/lib/python3.8/site-packages:/opt/ros/foxy/lib/python3.8/site-packages /usr/bin/cmake --install /home/aakashraawat/colcon_ws/build/tf2_ros
