[0.257s] DEBUG:colcon:Command line arguments: ['/usr/bin/colcon', 'build']
[0.258s] DEBUG:colcon:Parsed command line arguments: Namespace(allow_overriding=[], ament_cmake_args=None, base_paths=['.'], build_base='build', catkin_cmake_args=None, catkin_skip_building_tests=False, cmake_args=None, cmake_clean_cache=False, cmake_clean_first=False, cmake_force_configure=False, cmake_target=None, cmake_target_skip_unavailable=False, continue_on_error=False, event_handlers=None, executor='parallel', ignore_user_meta=False, install_base='install', log_base=None, log_level=None, main=<bound method BuildVerb.main of <colcon_core.verb.build.BuildVerb object at 0x7f260867eb80>>, merge_install=False, metas=['./colcon.meta'], mixin=None, mixin_files=None, mixin_verb=('build',), packages_above=None, packages_above_and_dependencies=None, packages_above_depth=None, packages_end=None, packages_ignore=None, packages_ignore_regex=None, packages_select=None, packages_select_build_failed=False, packages_select_by_dep=None, packages_select_regex=None, packages_select_test_failures=False, packages_skip=None, packages_skip_build_finished=False, packages_skip_by_dep=None, packages_skip_regex=None, packages_skip_test_passed=False, packages_skip_up_to=None, packages_start=None, packages_up_to=None, packages_up_to_regex=None, parallel_workers=20, paths=None, symlink_install=False, test_result_base=None, verb_extension=<colcon_core.verb.build.BuildVerb object at 0x7f260867eb80>, verb_name='build', verb_parser=<colcon_mixin.mixin.mixin_argument.MixinArgumentDecorator object at 0x7f260868c9a0>)
[0.382s] Level 1:colcon.colcon_core.package_discovery:discover_packages(colcon_meta) check parameters
[0.382s] Level 1:colcon.colcon_core.package_discovery:discover_packages(recursive) check parameters
[0.382s] Level 1:colcon.colcon_core.package_discovery:discover_packages(ignore) check parameters
[0.382s] Level 1:colcon.colcon_core.package_discovery:discover_packages(path) check parameters
[0.382s] Level 1:colcon.colcon_core.package_discovery:discover_packages(colcon_meta) discover
[0.382s] Level 1:colcon.colcon_core.package_discovery:discover_packages(recursive) discover
[0.382s] INFO:colcon.colcon_core.package_discovery:Crawling recursively for packages in '/home/aakashraawat/colcon_ws'
[0.382s] Level 1:colcon.colcon_core.package_identification:_identify(.) by extensions ['ignore', 'ignore_ament_install']
[0.382s] Level 1:colcon.colcon_core.package_identification:_identify(.) by extension 'ignore'
[0.383s] Level 1:colcon.colcon_core.package_identification:_identify(.) by extension 'ignore_ament_install'
[0.383s] Level 1:colcon.colcon_core.package_identification:_identify(.) by extensions ['colcon_pkg']
[0.383s] Level 1:colcon.colcon_core.package_identification:_identify(.) by extension 'colcon_pkg'
[0.383s] Level 1:colcon.colcon_core.package_identification:_identify(.) by extensions ['colcon_meta']
[0.383s] Level 1:colcon.colcon_core.package_identification:_identify(.) by extension 'colcon_meta'
[0.383s] Level 1:colcon.colcon_core.package_identification:_identify(.) by extensions ['ros']
[0.383s] Level 1:colcon.colcon_core.package_identification:_identify(.) by extension 'ros'
[0.393s] Level 1:colcon.colcon_core.package_identification:_identify(.) by extensions ['cmake', 'python']
[0.393s] Level 1:colcon.colcon_core.package_identification:_identify(.) by extension 'cmake'
[0.393s] Level 1:colcon.colcon_core.package_identification:_identify(.) by extension 'python'
[0.393s] Level 1:colcon.colcon_core.package_identification:_identify(.) by extensions ['python_setup_py']
[0.393s] Level 1:colcon.colcon_core.package_identification:_identify(.) by extension 'python_setup_py'
[0.393s] Level 1:colcon.colcon_core.package_identification:_identify(build) by extensions ['ignore', 'ignore_ament_install']
[0.394s] Level 1:colcon.colcon_core.package_identification:_identify(build) by extension 'ignore'
[0.394s] Level 1:colcon.colcon_core.package_identification:_identify(build) ignored
[0.394s] Level 1:colcon.colcon_core.package_identification:_identify(install) by extensions ['ignore', 'ignore_ament_install']
[0.394s] Level 1:colcon.colcon_core.package_identification:_identify(install) by extension 'ignore'
[0.394s] Level 1:colcon.colcon_core.package_identification:_identify(install) ignored
[0.394s] Level 1:colcon.colcon_core.package_identification:_identify(log) by extensions ['ignore', 'ignore_ament_install']
[0.394s] Level 1:colcon.colcon_core.package_identification:_identify(log) by extension 'ignore'
[0.394s] Level 1:colcon.colcon_core.package_identification:_identify(log) ignored
[0.394s] Level 1:colcon.colcon_core.package_identification:_identify(src) by extensions ['ignore', 'ignore_ament_install']
[0.394s] Level 1:colcon.colcon_core.package_identification:_identify(src) by extension 'ignore'
[0.394s] Level 1:colcon.colcon_core.package_identification:_identify(src) by extension 'ignore_ament_install'
[0.394s] Level 1:colcon.colcon_core.package_identification:_identify(src) by extensions ['colcon_pkg']
[0.394s] Level 1:colcon.colcon_core.package_identification:_identify(src) by extension 'colcon_pkg'
[0.394s] Level 1:colcon.colcon_core.package_identification:_identify(src) by extensions ['colcon_meta']
[0.394s] Level 1:colcon.colcon_core.package_identification:_identify(src) by extension 'colcon_meta'
[0.395s] Level 1:colcon.colcon_core.package_identification:_identify(src) by extensions ['ros']
[0.395s] Level 1:colcon.colcon_core.package_identification:_identify(src) by extension 'ros'
[0.395s] Level 1:colcon.colcon_core.package_identification:_identify(src) by extensions ['cmake', 'python']
[0.395s] Level 1:colcon.colcon_core.package_identification:_identify(src) by extension 'cmake'
[0.395s] Level 1:colcon.colcon_core.package_identification:_identify(src) by extension 'python'
[0.395s] Level 1:colcon.colcon_core.package_identification:_identify(src) by extensions ['python_setup_py']
[0.395s] Level 1:colcon.colcon_core.package_identification:_identify(src) by extension 'python_setup_py'
[0.395s] Level 1:colcon.colcon_core.package_identification:_identify(src/ROS-TCP-Endpoint) by extensions ['ignore', 'ignore_ament_install']
[0.395s] Level 1:colcon.colcon_core.package_identification:_identify(src/ROS-TCP-Endpoint) by extension 'ignore'
[0.395s] Level 1:colcon.colcon_core.package_identification:_identify(src/ROS-TCP-Endpoint) by extension 'ignore_ament_install'
[0.395s] Level 1:colcon.colcon_core.package_identification:_identify(src/ROS-TCP-Endpoint) by extensions ['colcon_pkg']
[0.395s] Level 1:colcon.colcon_core.package_identification:_identify(src/ROS-TCP-Endpoint) by extension 'colcon_pkg'
[0.395s] Level 1:colcon.colcon_core.package_identification:_identify(src/ROS-TCP-Endpoint) by extensions ['colcon_meta']
[0.395s] Level 1:colcon.colcon_core.package_identification:_identify(src/ROS-TCP-Endpoint) by extension 'colcon_meta'
[0.395s] Level 1:colcon.colcon_core.package_identification:_identify(src/ROS-TCP-Endpoint) by extensions ['ros']
[0.395s] Level 1:colcon.colcon_core.package_identification:_identify(src/ROS-TCP-Endpoint) by extension 'ros'
[0.397s] DEBUG:colcon.colcon_core.package_identification:Package 'src/ROS-TCP-Endpoint' with type 'ros.ament_python' and name 'ros_tcp_endpoint'
[0.397s] Level 1:colcon.colcon_core.package_identification:_identify(src/py_pubsub) by extensions ['ignore', 'ignore_ament_install']
[0.397s] Level 1:colcon.colcon_core.package_identification:_identify(src/py_pubsub) by extension 'ignore'
[0.398s] Level 1:colcon.colcon_core.package_identification:_identify(src/py_pubsub) by extension 'ignore_ament_install'
[0.398s] Level 1:colcon.colcon_core.package_identification:_identify(src/py_pubsub) by extensions ['colcon_pkg']
[0.398s] Level 1:colcon.colcon_core.package_identification:_identify(src/py_pubsub) by extension 'colcon_pkg'
[0.398s] Level 1:colcon.colcon_core.package_identification:_identify(src/py_pubsub) by extensions ['colcon_meta']
[0.398s] Level 1:colcon.colcon_core.package_identification:_identify(src/py_pubsub) by extension 'colcon_meta'
[0.398s] Level 1:colcon.colcon_core.package_identification:_identify(src/py_pubsub) by extensions ['ros']
[0.398s] Level 1:colcon.colcon_core.package_identification:_identify(src/py_pubsub) by extension 'ros'
[0.398s] DEBUG:colcon.colcon_core.package_identification:Package 'src/py_pubsub' with type 'ros.ament_python' and name 'py_pubsub'
[0.398s] Level 1:colcon.colcon_core.package_identification:_identify(src/simulink_subscriber) by extensions ['ignore', 'ignore_ament_install']
[0.398s] Level 1:colcon.colcon_core.package_identification:_identify(src/simulink_subscriber) by extension 'ignore'
[0.398s] Level 1:colcon.colcon_core.package_identification:_identify(src/simulink_subscriber) by extension 'ignore_ament_install'
[0.398s] Level 1:colcon.colcon_core.package_identification:_identify(src/simulink_subscriber) by extensions ['colcon_pkg']
[0.398s] Level 1:colcon.colcon_core.package_identification:_identify(src/simulink_subscriber) by extension 'colcon_pkg'
[0.398s] Level 1:colcon.colcon_core.package_identification:_identify(src/simulink_subscriber) by extensions ['colcon_meta']
[0.398s] Level 1:colcon.colcon_core.package_identification:_identify(src/simulink_subscriber) by extension 'colcon_meta'
[0.399s] Level 1:colcon.colcon_core.package_identification:_identify(src/simulink_subscriber) by extensions ['ros']
[0.399s] Level 1:colcon.colcon_core.package_identification:_identify(src/simulink_subscriber) by extension 'ros'
[0.399s] DEBUG:colcon.colcon_core.package_identification:Package 'src/simulink_subscriber' with type 'ros.ament_python' and name 'simulink_subscriber'
[0.399s] Level 1:colcon.colcon_core.package_identification:_identify(src/unity_robotics_demo) by extensions ['ignore', 'ignore_ament_install']
[0.399s] Level 1:colcon.colcon_core.package_identification:_identify(src/unity_robotics_demo) by extension 'ignore'
[0.399s] Level 1:colcon.colcon_core.package_identification:_identify(src/unity_robotics_demo) by extension 'ignore_ament_install'
[0.399s] Level 1:colcon.colcon_core.package_identification:_identify(src/unity_robotics_demo) by extensions ['colcon_pkg']
[0.400s] Level 1:colcon.colcon_core.package_identification:_identify(src/unity_robotics_demo) by extension 'colcon_pkg'
[0.400s] Level 1:colcon.colcon_core.package_identification:_identify(src/unity_robotics_demo) by extensions ['colcon_meta']
[0.400s] Level 1:colcon.colcon_core.package_identification:_identify(src/unity_robotics_demo) by extension 'colcon_meta'
[0.400s] Level 1:colcon.colcon_core.package_identification:_identify(src/unity_robotics_demo) by extensions ['ros']
[0.400s] Level 1:colcon.colcon_core.package_identification:_identify(src/unity_robotics_demo) by extension 'ros'
[0.400s] DEBUG:colcon.colcon_core.package_identification:Package 'src/unity_robotics_demo' with type 'ros.ament_python' and name 'unity_robotics_demo'
[0.400s] Level 1:colcon.colcon_core.package_identification:_identify(src/unity_robotics_msgs) by extensions ['ignore', 'ignore_ament_install']
[0.400s] Level 1:colcon.colcon_core.package_identification:_identify(src/unity_robotics_msgs) by extension 'ignore'
[0.400s] Level 1:colcon.colcon_core.package_identification:_identify(src/unity_robotics_msgs) by extension 'ignore_ament_install'
[0.400s] Level 1:colcon.colcon_core.package_identification:_identify(src/unity_robotics_msgs) by extensions ['colcon_pkg']
[0.401s] Level 1:colcon.colcon_core.package_identification:_identify(src/unity_robotics_msgs) by extension 'colcon_pkg'
[0.401s] Level 1:colcon.colcon_core.package_identification:_identify(src/unity_robotics_msgs) by extensions ['colcon_meta']
[0.401s] Level 1:colcon.colcon_core.package_identification:_identify(src/unity_robotics_msgs) by extension 'colcon_meta'
[0.401s] Level 1:colcon.colcon_core.package_identification:_identify(src/unity_robotics_msgs) by extensions ['ros']
[0.401s] Level 1:colcon.colcon_core.package_identification:_identify(src/unity_robotics_msgs) by extension 'ros'
[0.401s] DEBUG:colcon.colcon_core.package_identification:Package 'src/unity_robotics_msgs' with type 'ros.ament_cmake' and name 'unity_robotics_msgs'
[0.401s] Level 1:colcon.colcon_core.package_discovery:discover_packages(recursive) using defaults
[0.401s] Level 1:colcon.colcon_core.package_discovery:discover_packages(ignore) discover
[0.401s] Level 1:colcon.colcon_core.package_discovery:discover_packages(ignore) using defaults
[0.401s] Level 1:colcon.colcon_core.package_discovery:discover_packages(path) discover
[0.401s] Level 1:colcon.colcon_core.package_discovery:discover_packages(path) using defaults
[0.416s] Level 1:colcon.colcon_core.package_discovery:discover_packages(prefix_path) check parameters
[0.416s] Level 1:colcon.colcon_core.package_discovery:discover_packages(prefix_path) discover
[0.418s] DEBUG:colcon.colcon_installed_package_information.package_discovery:Found 5 installed packages in /home/aakashraawat/colcon_ws/install
[0.419s] DEBUG:colcon.colcon_installed_package_information.package_discovery:Found 257 installed packages in /opt/ros/foxy
[0.435s] Level 1:colcon.colcon_core.package_discovery:discover_packages(prefix_path) using defaults
[0.485s] Level 5:colcon.colcon_core.verb:set package 'py_pubsub' build argument 'cmake_args' from command line to 'None'
[0.485s] Level 5:colcon.colcon_core.verb:set package 'py_pubsub' build argument 'cmake_target' from command line to 'None'
[0.485s] Level 5:colcon.colcon_core.verb:set package 'py_pubsub' build argument 'cmake_target_skip_unavailable' from command line to 'False'
[0.485s] Level 5:colcon.colcon_core.verb:set package 'py_pubsub' build argument 'cmake_clean_cache' from command line to 'False'
[0.485s] Level 5:colcon.colcon_core.verb:set package 'py_pubsub' build argument 'cmake_clean_first' from command line to 'False'
[0.485s] Level 5:colcon.colcon_core.verb:set package 'py_pubsub' build argument 'cmake_force_configure' from command line to 'False'
[0.485s] Level 5:colcon.colcon_core.verb:set package 'py_pubsub' build argument 'ament_cmake_args' from command line to 'None'
[0.485s] Level 5:colcon.colcon_core.verb:set package 'py_pubsub' build argument 'catkin_cmake_args' from command line to 'None'
[0.485s] Level 5:colcon.colcon_core.verb:set package 'py_pubsub' build argument 'catkin_skip_building_tests' from command line to 'False'
[0.485s] DEBUG:colcon.colcon_core.verb:Building package 'py_pubsub' with the following arguments: {'ament_cmake_args': None, 'build_base': '/home/aakashraawat/colcon_ws/build/py_pubsub', 'catkin_cmake_args': None, 'catkin_skip_building_tests': False, 'cmake_args': None, 'cmake_clean_cache': False, 'cmake_clean_first': False, 'cmake_force_configure': False, 'cmake_target': None, 'cmake_target_skip_unavailable': False, 'install_base': '/home/aakashraawat/colcon_ws/install/py_pubsub', 'merge_install': False, 'path': '/home/aakashraawat/colcon_ws/src/py_pubsub', 'symlink_install': False, 'test_result_base': None}
[0.485s] Level 5:colcon.colcon_core.verb:set package 'ros_tcp_endpoint' build argument 'cmake_args' from command line to 'None'
[0.485s] Level 5:colcon.colcon_core.verb:set package 'ros_tcp_endpoint' build argument 'cmake_target' from command line to 'None'
[0.485s] Level 5:colcon.colcon_core.verb:set package 'ros_tcp_endpoint' build argument 'cmake_target_skip_unavailable' from command line to 'False'
[0.486s] Level 5:colcon.colcon_core.verb:set package 'ros_tcp_endpoint' build argument 'cmake_clean_cache' from command line to 'False'
[0.486s] Level 5:colcon.colcon_core.verb:set package 'ros_tcp_endpoint' build argument 'cmake_clean_first' from command line to 'False'
[0.486s] Level 5:colcon.colcon_core.verb:set package 'ros_tcp_endpoint' build argument 'cmake_force_configure' from command line to 'False'
[0.486s] Level 5:colcon.colcon_core.verb:set package 'ros_tcp_endpoint' build argument 'ament_cmake_args' from command line to 'None'
[0.486s] Level 5:colcon.colcon_core.verb:set package 'ros_tcp_endpoint' build argument 'catkin_cmake_args' from command line to 'None'
[0.486s] Level 5:colcon.colcon_core.verb:set package 'ros_tcp_endpoint' build argument 'catkin_skip_building_tests' from command line to 'False'
[0.486s] DEBUG:colcon.colcon_core.verb:Building package 'ros_tcp_endpoint' with the following arguments: {'ament_cmake_args': None, 'build_base': '/home/aakashraawat/colcon_ws/build/ros_tcp_endpoint', 'catkin_cmake_args': None, 'catkin_skip_building_tests': False, 'cmake_args': None, 'cmake_clean_cache': False, 'cmake_clean_first': False, 'cmake_force_configure': False, 'cmake_target': None, 'cmake_target_skip_unavailable': False, 'install_base': '/home/aakashraawat/colcon_ws/install/ros_tcp_endpoint', 'merge_install': False, 'path': '/home/aakashraawat/colcon_ws/src/ROS-TCP-Endpoint', 'symlink_install': False, 'test_result_base': None}
[0.486s] Level 5:colcon.colcon_core.verb:set package 'unity_robotics_demo' build argument 'cmake_args' from command line to 'None'
[0.486s] Level 5:colcon.colcon_core.verb:set package 'unity_robotics_demo' build argument 'cmake_target' from command line to 'None'
[0.486s] Level 5:colcon.colcon_core.verb:set package 'unity_robotics_demo' build argument 'cmake_target_skip_unavailable' from command line to 'False'
[0.486s] Level 5:colcon.colcon_core.verb:set package 'unity_robotics_demo' build argument 'cmake_clean_cache' from command line to 'False'
[0.486s] Level 5:colcon.colcon_core.verb:set package 'unity_robotics_demo' build argument 'cmake_clean_first' from command line to 'False'
[0.486s] Level 5:colcon.colcon_core.verb:set package 'unity_robotics_demo' build argument 'cmake_force_configure' from command line to 'False'
[0.486s] Level 5:colcon.colcon_core.verb:set package 'unity_robotics_demo' build argument 'ament_cmake_args' from command line to 'None'
[0.486s] Level 5:colcon.colcon_core.verb:set package 'unity_robotics_demo' build argument 'catkin_cmake_args' from command line to 'None'
[0.486s] Level 5:colcon.colcon_core.verb:set package 'unity_robotics_demo' build argument 'catkin_skip_building_tests' from command line to 'False'
[0.486s] DEBUG:colcon.colcon_core.verb:Building package 'unity_robotics_demo' with the following arguments: {'ament_cmake_args': None, 'build_base': '/home/aakashraawat/colcon_ws/build/unity_robotics_demo', 'catkin_cmake_args': None, 'catkin_skip_building_tests': False, 'cmake_args': None, 'cmake_clean_cache': False, 'cmake_clean_first': False, 'cmake_force_configure': False, 'cmake_target': None, 'cmake_target_skip_unavailable': False, 'install_base': '/home/aakashraawat/colcon_ws/install/unity_robotics_demo', 'merge_install': False, 'path': '/home/aakashraawat/colcon_ws/src/unity_robotics_demo', 'symlink_install': False, 'test_result_base': None}
[0.487s] Level 5:colcon.colcon_core.verb:set package 'unity_robotics_msgs' build argument 'cmake_args' from command line to 'None'
[0.487s] Level 5:colcon.colcon_core.verb:set package 'unity_robotics_msgs' build argument 'cmake_target' from command line to 'None'
[0.487s] Level 5:colcon.colcon_core.verb:set package 'unity_robotics_msgs' build argument 'cmake_target_skip_unavailable' from command line to 'False'
[0.487s] Level 5:colcon.colcon_core.verb:set package 'unity_robotics_msgs' build argument 'cmake_clean_cache' from command line to 'False'
[0.487s] Level 5:colcon.colcon_core.verb:set package 'unity_robotics_msgs' build argument 'cmake_clean_first' from command line to 'False'
[0.487s] Level 5:colcon.colcon_core.verb:set package 'unity_robotics_msgs' build argument 'cmake_force_configure' from command line to 'False'
[0.487s] Level 5:colcon.colcon_core.verb:set package 'unity_robotics_msgs' build argument 'ament_cmake_args' from command line to 'None'
[0.487s] Level 5:colcon.colcon_core.verb:set package 'unity_robotics_msgs' build argument 'catkin_cmake_args' from command line to 'None'
[0.487s] Level 5:colcon.colcon_core.verb:set package 'unity_robotics_msgs' build argument 'catkin_skip_building_tests' from command line to 'False'
[0.487s] DEBUG:colcon.colcon_core.verb:Building package 'unity_robotics_msgs' with the following arguments: {'ament_cmake_args': None, 'build_base': '/home/aakashraawat/colcon_ws/build/unity_robotics_msgs', 'catkin_cmake_args': None, 'catkin_skip_building_tests': False, 'cmake_args': None, 'cmake_clean_cache': False, 'cmake_clean_first': False, 'cmake_force_configure': False, 'cmake_target': None, 'cmake_target_skip_unavailable': False, 'install_base': '/home/aakashraawat/colcon_ws/install/unity_robotics_msgs', 'merge_install': False, 'path': '/home/aakashraawat/colcon_ws/src/unity_robotics_msgs', 'symlink_install': False, 'test_result_base': None}
[0.487s] Level 5:colcon.colcon_core.verb:set package 'simulink_subscriber' build argument 'cmake_args' from command line to 'None'
[0.487s] Level 5:colcon.colcon_core.verb:set package 'simulink_subscriber' build argument 'cmake_target' from command line to 'None'
[0.487s] Level 5:colcon.colcon_core.verb:set package 'simulink_subscriber' build argument 'cmake_target_skip_unavailable' from command line to 'False'
[0.487s] Level 5:colcon.colcon_core.verb:set package 'simulink_subscriber' build argument 'cmake_clean_cache' from command line to 'False'
[0.487s] Level 5:colcon.colcon_core.verb:set package 'simulink_subscriber' build argument 'cmake_clean_first' from command line to 'False'
[0.487s] Level 5:colcon.colcon_core.verb:set package 'simulink_subscriber' build argument 'cmake_force_configure' from command line to 'False'
[0.487s] Level 5:colcon.colcon_core.verb:set package 'simulink_subscriber' build argument 'ament_cmake_args' from command line to 'None'
[0.487s] Level 5:colcon.colcon_core.verb:set package 'simulink_subscriber' build argument 'catkin_cmake_args' from command line to 'None'
[0.487s] Level 5:colcon.colcon_core.verb:set package 'simulink_subscriber' build argument 'catkin_skip_building_tests' from command line to 'False'
[0.487s] DEBUG:colcon.colcon_core.verb:Building package 'simulink_subscriber' with the following arguments: {'ament_cmake_args': None, 'build_base': '/home/aakashraawat/colcon_ws/build/simulink_subscriber', 'catkin_cmake_args': None, 'catkin_skip_building_tests': False, 'cmake_args': None, 'cmake_clean_cache': False, 'cmake_clean_first': False, 'cmake_force_configure': False, 'cmake_target': None, 'cmake_target_skip_unavailable': False, 'install_base': '/home/aakashraawat/colcon_ws/install/simulink_subscriber', 'merge_install': False, 'path': '/home/aakashraawat/colcon_ws/src/simulink_subscriber', 'symlink_install': False, 'test_result_base': None}
[0.487s] INFO:colcon.colcon_core.executor:Executing jobs using 'parallel' executor
[0.489s] DEBUG:colcon.colcon_parallel_executor.executor.parallel:run_until_complete
[0.489s] INFO:colcon.colcon_ros.task.ament_cmake.build:Building ROS package in '/home/aakashraawat/colcon_ws/src/unity_robotics_msgs' with build type 'ament_cmake'
[0.489s] INFO:colcon.colcon_cmake.task.cmake.build:Building CMake package in '/home/aakashraawat/colcon_ws/src/unity_robotics_msgs'
[0.491s] INFO:colcon.colcon_core.plugin_system:Skipping extension 'colcon_core.shell.bat': Not used on non-Windows systems
[0.492s] INFO:colcon.colcon_core.shell:Skip shell extension 'powershell' for command environment: Not usable outside of PowerShell
[0.492s] DEBUG:colcon.colcon_core.shell:Skip shell extension 'dsv' for command environment
[0.496s] INFO:colcon.colcon_ros.task.ament_python.build:Building ROS package in '/home/aakashraawat/colcon_ws/src/py_pubsub' with build type 'ament_python'
[0.496s] Level 1:colcon.colcon_core.shell:create_environment_hook('py_pubsub', 'ament_prefix_path')
[0.497s] INFO:colcon.colcon_core.shell:Creating environment hook '/home/aakashraawat/colcon_ws/install/py_pubsub/share/py_pubsub/hook/ament_prefix_path.ps1'
[0.498s] INFO:colcon.colcon_core.shell:Creating environment descriptor '/home/aakashraawat/colcon_ws/install/py_pubsub/share/py_pubsub/hook/ament_prefix_path.dsv'
[0.498s] INFO:colcon.colcon_core.shell:Creating environment hook '/home/aakashraawat/colcon_ws/install/py_pubsub/share/py_pubsub/hook/ament_prefix_path.sh'
[0.499s] INFO:colcon.colcon_core.shell:Skip shell extension 'powershell' for command environment: Not usable outside of PowerShell
[0.499s] DEBUG:colcon.colcon_core.shell:Skip shell extension 'dsv' for command environment
[0.502s] INFO:colcon.colcon_ros.task.ament_python.build:Building ROS package in '/home/aakashraawat/colcon_ws/src/ROS-TCP-Endpoint' with build type 'ament_python'
[0.503s] Level 1:colcon.colcon_core.shell:create_environment_hook('ros_tcp_endpoint', 'ament_prefix_path')
[0.503s] INFO:colcon.colcon_core.shell:Creating environment hook '/home/aakashraawat/colcon_ws/install/ros_tcp_endpoint/share/ros_tcp_endpoint/hook/ament_prefix_path.ps1'
[0.504s] INFO:colcon.colcon_core.shell:Creating environment descriptor '/home/aakashraawat/colcon_ws/install/ros_tcp_endpoint/share/ros_tcp_endpoint/hook/ament_prefix_path.dsv'
[0.504s] INFO:colcon.colcon_core.shell:Creating environment hook '/home/aakashraawat/colcon_ws/install/ros_tcp_endpoint/share/ros_tcp_endpoint/hook/ament_prefix_path.sh'
[0.504s] INFO:colcon.colcon_core.shell:Skip shell extension 'powershell' for command environment: Not usable outside of PowerShell
[0.504s] DEBUG:colcon.colcon_core.shell:Skip shell extension 'dsv' for command environment
[0.508s] INFO:colcon.colcon_ros.task.ament_python.build:Building ROS package in '/home/aakashraawat/colcon_ws/src/unity_robotics_demo' with build type 'ament_python'
[0.508s] Level 1:colcon.colcon_core.shell:create_environment_hook('unity_robotics_demo', 'ament_prefix_path')
[0.509s] INFO:colcon.colcon_core.shell:Creating environment hook '/home/aakashraawat/colcon_ws/install/unity_robotics_demo/share/unity_robotics_demo/hook/ament_prefix_path.ps1'
[0.509s] INFO:colcon.colcon_core.shell:Creating environment descriptor '/home/aakashraawat/colcon_ws/install/unity_robotics_demo/share/unity_robotics_demo/hook/ament_prefix_path.dsv'
[0.510s] INFO:colcon.colcon_core.shell:Creating environment hook '/home/aakashraawat/colcon_ws/install/unity_robotics_demo/share/unity_robotics_demo/hook/ament_prefix_path.sh'
[0.510s] INFO:colcon.colcon_core.shell:Skip shell extension 'powershell' for command environment: Not usable outside of PowerShell
[0.510s] DEBUG:colcon.colcon_core.shell:Skip shell extension 'dsv' for command environment
[0.523s] DEBUG:colcon.colcon_core.event_handler.log_command:Invoking command in '/home/aakashraawat/colcon_ws/build/unity_robotics_msgs': CMAKE_PREFIX_PATH=${CMAKE_PREFIX_PATH}:/home/aakashraawat/colcon_ws/install/simulink_subscriber:/home/aakashraawat/colcon_ws/install/unity_robotics_demo:/home/aakashraawat/colcon_ws/install/ros_tcp_endpoint:/home/aakashraawat/colcon_ws/install/py_pubsub:/opt/ros/foxy /usr/bin/cmake --build /home/aakashraawat/colcon_ws/build/unity_robotics_msgs -- -j20 -l20
[0.702s] INFO:colcon.colcon_core.task.python.build:Building Python package in '/home/aakashraawat/colcon_ws/src/py_pubsub'
[0.702s] INFO:colcon.colcon_core.shell:Skip shell extension 'powershell' for command environment: Not usable outside of PowerShell
[0.702s] DEBUG:colcon.colcon_core.shell:Skip shell extension 'dsv' for command environment
[0.893s] INFO:colcon.colcon_core.task.python.build:Building Python package in '/home/aakashraawat/colcon_ws/src/ROS-TCP-Endpoint'
[0.893s] INFO:colcon.colcon_core.shell:Skip shell extension 'powershell' for command environment: Not usable outside of PowerShell
[0.893s] DEBUG:colcon.colcon_core.shell:Skip shell extension 'dsv' for command environment
[1.080s] INFO:colcon.colcon_core.task.python.build:Building Python package in '/home/aakashraawat/colcon_ws/src/unity_robotics_demo'
[1.081s] INFO:colcon.colcon_core.shell:Skip shell extension 'powershell' for command environment: Not usable outside of PowerShell
[1.081s] DEBUG:colcon.colcon_core.shell:Skip shell extension 'dsv' for command environment
[1.462s] DEBUG:colcon.colcon_core.event_handler.log_command:Invoking command in '/home/aakashraawat/colcon_ws/src/unity_robotics_demo': PYTHONPATH=/home/aakashraawat/colcon_ws/build/unity_robotics_demo/prefix_override:/home/aakashraawat/colcon_ws/install/unity_robotics_demo/lib/python3.8/site-packages:${PYTHONPATH} /usr/bin/python3 -W ignore:setup.py install is deprecated setup.py egg_info --egg-base ../../build/unity_robotics_demo build --build-base /home/aakashraawat/colcon_ws/build/unity_robotics_demo/build install --record /home/aakashraawat/colcon_ws/build/unity_robotics_demo/install.log --install-scripts $base/lib/unity_robotics_demo --single-version-externally-managed install_data
[1.494s] DEBUG:colcon.colcon_core.event_handler.log_command:Invoking command in '/home/aakashraawat/colcon_ws/src/ROS-TCP-Endpoint': PYTHONPATH=/home/aakashraawat/colcon_ws/build/ros_tcp_endpoint/prefix_override:/home/aakashraawat/colcon_ws/install/ros_tcp_endpoint/lib/python3.8/site-packages:${PYTHONPATH} /usr/bin/python3 -W ignore:setup.py install is deprecated setup.py egg_info --egg-base ../../build/ros_tcp_endpoint build --build-base /home/aakashraawat/colcon_ws/build/ros_tcp_endpoint/build install --record /home/aakashraawat/colcon_ws/build/ros_tcp_endpoint/install.log --install-scripts $base/lib/ros_tcp_endpoint --single-version-externally-managed install_data
[1.500s] DEBUG:colcon.colcon_core.event_handler.log_command:Invoking command in '/home/aakashraawat/colcon_ws/src/py_pubsub': PYTHONPATH=/home/aakashraawat/colcon_ws/build/py_pubsub/prefix_override:/home/aakashraawat/colcon_ws/install/py_pubsub/lib/python3.8/site-packages:${PYTHONPATH} /usr/bin/python3 -W ignore:setup.py install is deprecated setup.py egg_info --egg-base ../../build/py_pubsub build --build-base /home/aakashraawat/colcon_ws/build/py_pubsub/build install --record /home/aakashraawat/colcon_ws/build/py_pubsub/install.log --install-scripts $base/lib/py_pubsub --single-version-externally-managed install_data
[1.734s] DEBUG:colcon.colcon_core.event_handler.log_command:Invoked command in '/home/aakashraawat/colcon_ws/src/unity_robotics_demo' returned '0': PYTHONPATH=/home/aakashraawat/colcon_ws/build/unity_robotics_demo/prefix_override:/home/aakashraawat/colcon_ws/install/unity_robotics_demo/lib/python3.8/site-packages:${PYTHONPATH} /usr/bin/python3 -W ignore:setup.py install is deprecated setup.py egg_info --egg-base ../../build/unity_robotics_demo build --build-base /home/aakashraawat/colcon_ws/build/unity_robotics_demo/build install --record /home/aakashraawat/colcon_ws/build/unity_robotics_demo/install.log --install-scripts $base/lib/unity_robotics_demo --single-version-externally-managed install_data
[1.736s] Level 1:colcon.colcon_core.environment:checking '/home/aakashraawat/colcon_ws/install/unity_robotics_demo' for CMake module files
[1.736s] Level 1:colcon.colcon_core.environment:checking '/home/aakashraawat/colcon_ws/install/unity_robotics_demo' for CMake config files
[1.737s] Level 1:colcon.colcon_core.environment:checking '/home/aakashraawat/colcon_ws/install/unity_robotics_demo/lib'
[1.737s] Level 1:colcon.colcon_core.environment:checking '/home/aakashraawat/colcon_ws/install/unity_robotics_demo/bin'
[1.737s] Level 1:colcon.colcon_core.environment:checking '/home/aakashraawat/colcon_ws/install/unity_robotics_demo/lib/pkgconfig/unity_robotics_demo.pc'
[1.737s] Level 1:colcon.colcon_core.environment:checking '/home/aakashraawat/colcon_ws/install/unity_robotics_demo/lib/python3.8/site-packages'
[1.737s] Level 1:colcon.colcon_core.shell:create_environment_hook('unity_robotics_demo', 'pythonpath')
[1.738s] INFO:colcon.colcon_core.shell:Creating environment hook '/home/aakashraawat/colcon_ws/install/unity_robotics_demo/share/unity_robotics_demo/hook/pythonpath.ps1'
[1.738s] INFO:colcon.colcon_core.shell:Creating environment descriptor '/home/aakashraawat/colcon_ws/install/unity_robotics_demo/share/unity_robotics_demo/hook/pythonpath.dsv'
[1.738s] INFO:colcon.colcon_core.shell:Creating environment hook '/home/aakashraawat/colcon_ws/install/unity_robotics_demo/share/unity_robotics_demo/hook/pythonpath.sh'
[1.739s] Level 1:colcon.colcon_core.environment:checking '/home/aakashraawat/colcon_ws/install/unity_robotics_demo/bin'
[1.739s] Level 1:colcon.colcon_core.environment:create_environment_scripts_only(unity_robotics_demo)
[1.739s] INFO:colcon.colcon_core.shell:Creating package script '/home/aakashraawat/colcon_ws/install/unity_robotics_demo/share/unity_robotics_demo/package.ps1'
[1.740s] INFO:colcon.colcon_core.shell:Creating package descriptor '/home/aakashraawat/colcon_ws/install/unity_robotics_demo/share/unity_robotics_demo/package.dsv'
[1.741s] INFO:colcon.colcon_core.shell:Creating package script '/home/aakashraawat/colcon_ws/install/unity_robotics_demo/share/unity_robotics_demo/package.sh'
[1.741s] INFO:colcon.colcon_core.shell:Creating package script '/home/aakashraawat/colcon_ws/install/unity_robotics_demo/share/unity_robotics_demo/package.bash'
[1.742s] INFO:colcon.colcon_core.shell:Creating package script '/home/aakashraawat/colcon_ws/install/unity_robotics_demo/share/unity_robotics_demo/package.zsh'
[1.742s] Level 1:colcon.colcon_core.environment:create_file_with_runtime_dependencies(/home/aakashraawat/colcon_ws/install/unity_robotics_demo/share/colcon-core/packages/unity_robotics_demo)
[1.764s] Level 1:colcon.colcon_core.environment:checking '/home/aakashraawat/colcon_ws/install/ros_tcp_endpoint' for CMake module files
[1.765s] DEBUG:colcon.colcon_core.event_handler.log_command:Invoked command in '/home/aakashraawat/colcon_ws/src/ROS-TCP-Endpoint' returned '0': PYTHONPATH=/home/aakashraawat/colcon_ws/build/ros_tcp_endpoint/prefix_override:/home/aakashraawat/colcon_ws/install/ros_tcp_endpoint/lib/python3.8/site-packages:${PYTHONPATH} /usr/bin/python3 -W ignore:setup.py install is deprecated setup.py egg_info --egg-base ../../build/ros_tcp_endpoint build --build-base /home/aakashraawat/colcon_ws/build/ros_tcp_endpoint/build install --record /home/aakashraawat/colcon_ws/build/ros_tcp_endpoint/install.log --install-scripts $base/lib/ros_tcp_endpoint --single-version-externally-managed install_data
[1.765s] Level 1:colcon.colcon_core.environment:checking '/home/aakashraawat/colcon_ws/install/ros_tcp_endpoint' for CMake config files
[1.766s] Level 1:colcon.colcon_core.environment:checking '/home/aakashraawat/colcon_ws/install/ros_tcp_endpoint/lib'
[1.766s] Level 1:colcon.colcon_core.environment:checking '/home/aakashraawat/colcon_ws/install/ros_tcp_endpoint/bin'
[1.766s] Level 1:colcon.colcon_core.environment:checking '/home/aakashraawat/colcon_ws/install/ros_tcp_endpoint/lib/pkgconfig/ros_tcp_endpoint.pc'
[1.766s] Level 1:colcon.colcon_core.environment:checking '/home/aakashraawat/colcon_ws/install/ros_tcp_endpoint/lib/python3.8/site-packages'
[1.767s] Level 1:colcon.colcon_core.shell:create_environment_hook('ros_tcp_endpoint', 'pythonpath')
[1.767s] INFO:colcon.colcon_core.shell:Creating environment hook '/home/aakashraawat/colcon_ws/install/ros_tcp_endpoint/share/ros_tcp_endpoint/hook/pythonpath.ps1'
[1.767s] INFO:colcon.colcon_core.shell:Creating environment descriptor '/home/aakashraawat/colcon_ws/install/ros_tcp_endpoint/share/ros_tcp_endpoint/hook/pythonpath.dsv'
[1.768s] INFO:colcon.colcon_core.shell:Creating environment hook '/home/aakashraawat/colcon_ws/install/ros_tcp_endpoint/share/ros_tcp_endpoint/hook/pythonpath.sh'
[1.768s] Level 1:colcon.colcon_core.environment:checking '/home/aakashraawat/colcon_ws/install/ros_tcp_endpoint/bin'
[1.768s] Level 1:colcon.colcon_core.environment:create_environment_scripts_only(ros_tcp_endpoint)
[1.769s] INFO:colcon.colcon_core.shell:Creating package script '/home/aakashraawat/colcon_ws/install/ros_tcp_endpoint/share/ros_tcp_endpoint/package.ps1'
[1.769s] INFO:colcon.colcon_core.shell:Creating package descriptor '/home/aakashraawat/colcon_ws/install/ros_tcp_endpoint/share/ros_tcp_endpoint/package.dsv'
[1.769s] INFO:colcon.colcon_core.shell:Creating package script '/home/aakashraawat/colcon_ws/install/ros_tcp_endpoint/share/ros_tcp_endpoint/package.sh'
[1.770s] INFO:colcon.colcon_core.shell:Creating package script '/home/aakashraawat/colcon_ws/install/ros_tcp_endpoint/share/ros_tcp_endpoint/package.bash'
[1.770s] INFO:colcon.colcon_core.shell:Creating package script '/home/aakashraawat/colcon_ws/install/ros_tcp_endpoint/share/ros_tcp_endpoint/package.zsh'
[1.770s] Level 1:colcon.colcon_core.environment:create_file_with_runtime_dependencies(/home/aakashraawat/colcon_ws/install/ros_tcp_endpoint/share/colcon-core/packages/ros_tcp_endpoint)
[1.785s] Level 1:colcon.colcon_core.environment:checking '/home/aakashraawat/colcon_ws/install/py_pubsub' for CMake module files
[1.786s] DEBUG:colcon.colcon_core.event_handler.log_command:Invoked command in '/home/aakashraawat/colcon_ws/src/py_pubsub' returned '0': PYTHONPATH=/home/aakashraawat/colcon_ws/build/py_pubsub/prefix_override:/home/aakashraawat/colcon_ws/install/py_pubsub/lib/python3.8/site-packages:${PYTHONPATH} /usr/bin/python3 -W ignore:setup.py install is deprecated setup.py egg_info --egg-base ../../build/py_pubsub build --build-base /home/aakashraawat/colcon_ws/build/py_pubsub/build install --record /home/aakashraawat/colcon_ws/build/py_pubsub/install.log --install-scripts $base/lib/py_pubsub --single-version-externally-managed install_data
[1.786s] Level 1:colcon.colcon_core.environment:checking '/home/aakashraawat/colcon_ws/install/py_pubsub' for CMake config files
[1.787s] Level 1:colcon.colcon_core.environment:checking '/home/aakashraawat/colcon_ws/install/py_pubsub/lib'
[1.787s] Level 1:colcon.colcon_core.environment:checking '/home/aakashraawat/colcon_ws/install/py_pubsub/bin'
[1.787s] Level 1:colcon.colcon_core.environment:checking '/home/aakashraawat/colcon_ws/install/py_pubsub/lib/pkgconfig/py_pubsub.pc'
[1.787s] Level 1:colcon.colcon_core.environment:checking '/home/aakashraawat/colcon_ws/install/py_pubsub/lib/python3.8/site-packages'
[1.787s] Level 1:colcon.colcon_core.shell:create_environment_hook('py_pubsub', 'pythonpath')
[1.787s] INFO:colcon.colcon_core.shell:Creating environment hook '/home/aakashraawat/colcon_ws/install/py_pubsub/share/py_pubsub/hook/pythonpath.ps1'
[1.788s] INFO:colcon.colcon_core.shell:Creating environment descriptor '/home/aakashraawat/colcon_ws/install/py_pubsub/share/py_pubsub/hook/pythonpath.dsv'
[1.788s] INFO:colcon.colcon_core.shell:Creating environment hook '/home/aakashraawat/colcon_ws/install/py_pubsub/share/py_pubsub/hook/pythonpath.sh'
[1.789s] Level 1:colcon.colcon_core.environment:checking '/home/aakashraawat/colcon_ws/install/py_pubsub/bin'
[1.789s] Level 1:colcon.colcon_core.environment:create_environment_scripts_only(py_pubsub)
[1.789s] INFO:colcon.colcon_core.shell:Creating package script '/home/aakashraawat/colcon_ws/install/py_pubsub/share/py_pubsub/package.ps1'
[1.789s] INFO:colcon.colcon_core.shell:Creating package descriptor '/home/aakashraawat/colcon_ws/install/py_pubsub/share/py_pubsub/package.dsv'
[1.790s] INFO:colcon.colcon_core.shell:Creating package script '/home/aakashraawat/colcon_ws/install/py_pubsub/share/py_pubsub/package.sh'
[1.790s] INFO:colcon.colcon_core.shell:Creating package script '/home/aakashraawat/colcon_ws/install/py_pubsub/share/py_pubsub/package.bash'
[1.790s] INFO:colcon.colcon_core.shell:Creating package script '/home/aakashraawat/colcon_ws/install/py_pubsub/share/py_pubsub/package.zsh'
[1.791s] Level 1:colcon.colcon_core.environment:create_file_with_runtime_dependencies(/home/aakashraawat/colcon_ws/install/py_pubsub/share/colcon-core/packages/py_pubsub)
[10.323s] DEBUG:colcon.colcon_core.event_handler.log_command:Invoked command in '/home/aakashraawat/colcon_ws/build/unity_robotics_msgs' returned '0': CMAKE_PREFIX_PATH=${CMAKE_PREFIX_PATH}:/home/aakashraawat/colcon_ws/install/simulink_subscriber:/home/aakashraawat/colcon_ws/install/unity_robotics_demo:/home/aakashraawat/colcon_ws/install/ros_tcp_endpoint:/home/aakashraawat/colcon_ws/install/py_pubsub:/opt/ros/foxy /usr/bin/cmake --build /home/aakashraawat/colcon_ws/build/unity_robotics_msgs -- -j20 -l20
[10.430s] DEBUG:colcon.colcon_core.event_handler.log_command:Invoking command in '/home/aakashraawat/colcon_ws/build/unity_robotics_msgs': CMAKE_PREFIX_PATH=${CMAKE_PREFIX_PATH}:/home/aakashraawat/colcon_ws/install/simulink_subscriber:/home/aakashraawat/colcon_ws/install/unity_robotics_demo:/home/aakashraawat/colcon_ws/install/ros_tcp_endpoint:/home/aakashraawat/colcon_ws/install/py_pubsub:/opt/ros/foxy /usr/bin/cmake --install /home/aakashraawat/colcon_ws/build/unity_robotics_msgs
[10.482s] Level 1:colcon.colcon_core.environment:create_environment_scripts_only(unity_robotics_msgs)
[10.482s] DEBUG:colcon.colcon_core.event_handler.log_command:Invoked command in '/home/aakashraawat/colcon_ws/build/unity_robotics_msgs' returned '0': CMAKE_PREFIX_PATH=${CMAKE_PREFIX_PATH}:/home/aakashraawat/colcon_ws/install/simulink_subscriber:/home/aakashraawat/colcon_ws/install/unity_robotics_demo:/home/aakashraawat/colcon_ws/install/ros_tcp_endpoint:/home/aakashraawat/colcon_ws/install/py_pubsub:/opt/ros/foxy /usr/bin/cmake --install /home/aakashraawat/colcon_ws/build/unity_robotics_msgs
[10.483s] Level 1:colcon.colcon_core.environment:checking '/home/aakashraawat/colcon_ws/install/unity_robotics_msgs' for CMake module files
[10.484s] Level 1:colcon.colcon_core.environment:checking '/home/aakashraawat/colcon_ws/install/unity_robotics_msgs' for CMake config files
[10.484s] Level 1:colcon.colcon_core.shell:create_environment_hook('unity_robotics_msgs', 'cmake_prefix_path')
[10.484s] INFO:colcon.colcon_core.shell:Creating environment hook '/home/aakashraawat/colcon_ws/install/unity_robotics_msgs/share/unity_robotics_msgs/hook/cmake_prefix_path.ps1'
[10.485s] INFO:colcon.colcon_core.shell:Creating environment descriptor '/home/aakashraawat/colcon_ws/install/unity_robotics_msgs/share/unity_robotics_msgs/hook/cmake_prefix_path.dsv'
[10.485s] INFO:colcon.colcon_core.shell:Creating environment hook '/home/aakashraawat/colcon_ws/install/unity_robotics_msgs/share/unity_robotics_msgs/hook/cmake_prefix_path.sh'
[10.486s] Level 1:colcon.colcon_core.environment:checking '/home/aakashraawat/colcon_ws/install/unity_robotics_msgs/lib'
[10.486s] Level 1:colcon.colcon_core.shell:create_environment_hook('unity_robotics_msgs', 'ld_library_path_lib')
[10.486s] INFO:colcon.colcon_core.shell:Creating environment hook '/home/aakashraawat/colcon_ws/install/unity_robotics_msgs/share/unity_robotics_msgs/hook/ld_library_path_lib.ps1'
[10.486s] INFO:colcon.colcon_core.shell:Creating environment descriptor '/home/aakashraawat/colcon_ws/install/unity_robotics_msgs/share/unity_robotics_msgs/hook/ld_library_path_lib.dsv'
[10.486s] INFO:colcon.colcon_core.shell:Creating environment hook '/home/aakashraawat/colcon_ws/install/unity_robotics_msgs/share/unity_robotics_msgs/hook/ld_library_path_lib.sh'
[10.487s] Level 1:colcon.colcon_core.environment:checking '/home/aakashraawat/colcon_ws/install/unity_robotics_msgs/bin'
[10.487s] Level 1:colcon.colcon_core.environment:checking '/home/aakashraawat/colcon_ws/install/unity_robotics_msgs/lib/pkgconfig/unity_robotics_msgs.pc'
[10.487s] Level 1:colcon.colcon_core.environment:checking '/home/aakashraawat/colcon_ws/install/unity_robotics_msgs/lib/python3.8/site-packages'
[10.487s] Level 1:colcon.colcon_core.shell:create_environment_hook('unity_robotics_msgs', 'pythonpath')
[10.487s] INFO:colcon.colcon_core.shell:Creating environment hook '/home/aakashraawat/colcon_ws/install/unity_robotics_msgs/share/unity_robotics_msgs/hook/pythonpath.ps1'
[10.488s] INFO:colcon.colcon_core.shell:Creating environment descriptor '/home/aakashraawat/colcon_ws/install/unity_robotics_msgs/share/unity_robotics_msgs/hook/pythonpath.dsv'
[10.488s] INFO:colcon.colcon_core.shell:Creating environment hook '/home/aakashraawat/colcon_ws/install/unity_robotics_msgs/share/unity_robotics_msgs/hook/pythonpath.sh'
[10.488s] Level 1:colcon.colcon_core.environment:checking '/home/aakashraawat/colcon_ws/install/unity_robotics_msgs/bin'
[10.489s] INFO:colcon.colcon_core.shell:Creating package script '/home/aakashraawat/colcon_ws/install/unity_robotics_msgs/share/unity_robotics_msgs/package.ps1'
[10.489s] INFO:colcon.colcon_core.shell:Creating package descriptor '/home/aakashraawat/colcon_ws/install/unity_robotics_msgs/share/unity_robotics_msgs/package.dsv'
[10.489s] INFO:colcon.colcon_core.shell:Creating package script '/home/aakashraawat/colcon_ws/install/unity_robotics_msgs/share/unity_robotics_msgs/package.sh'
[10.490s] INFO:colcon.colcon_core.shell:Creating package script '/home/aakashraawat/colcon_ws/install/unity_robotics_msgs/share/unity_robotics_msgs/package.bash'
[10.490s] INFO:colcon.colcon_core.shell:Creating package script '/home/aakashraawat/colcon_ws/install/unity_robotics_msgs/share/unity_robotics_msgs/package.zsh'
[10.490s] Level 1:colcon.colcon_core.environment:create_file_with_runtime_dependencies(/home/aakashraawat/colcon_ws/install/unity_robotics_msgs/share/colcon-core/packages/unity_robotics_msgs)
[10.588s] Level 1:colcon.colcon_core.environment:create_environment_scripts_only(unity_robotics_msgs)
[10.589s] Level 1:colcon.colcon_core.environment:checking '/home/aakashraawat/colcon_ws/install/unity_robotics_msgs' for CMake module files
[10.589s] Level 1:colcon.colcon_core.environment:checking '/home/aakashraawat/colcon_ws/install/unity_robotics_msgs' for CMake config files
[10.590s] Level 1:colcon.colcon_core.shell:create_environment_hook('unity_robotics_msgs', 'cmake_prefix_path')
[10.590s] INFO:colcon.colcon_core.shell:Creating environment hook '/home/aakashraawat/colcon_ws/install/unity_robotics_msgs/share/unity_robotics_msgs/hook/cmake_prefix_path.ps1'
[10.590s] INFO:colcon.colcon_core.shell:Creating environment descriptor '/home/aakashraawat/colcon_ws/install/unity_robotics_msgs/share/unity_robotics_msgs/hook/cmake_prefix_path.dsv'
[10.591s] INFO:colcon.colcon_core.shell:Creating environment hook '/home/aakashraawat/colcon_ws/install/unity_robotics_msgs/share/unity_robotics_msgs/hook/cmake_prefix_path.sh'
[10.591s] Level 1:colcon.colcon_core.environment:checking '/home/aakashraawat/colcon_ws/install/unity_robotics_msgs/lib'
[10.591s] Level 1:colcon.colcon_core.shell:create_environment_hook('unity_robotics_msgs', 'ld_library_path_lib')
[10.591s] INFO:colcon.colcon_core.shell:Creating environment hook '/home/aakashraawat/colcon_ws/install/unity_robotics_msgs/share/unity_robotics_msgs/hook/ld_library_path_lib.ps1'
[10.592s] INFO:colcon.colcon_core.shell:Creating environment descriptor '/home/aakashraawat/colcon_ws/install/unity_robotics_msgs/share/unity_robotics_msgs/hook/ld_library_path_lib.dsv'
[10.592s] INFO:colcon.colcon_core.shell:Creating environment hook '/home/aakashraawat/colcon_ws/install/unity_robotics_msgs/share/unity_robotics_msgs/hook/ld_library_path_lib.sh'
[10.592s] Level 1:colcon.colcon_core.environment:checking '/home/aakashraawat/colcon_ws/install/unity_robotics_msgs/bin'
[10.592s] Level 1:colcon.colcon_core.environment:checking '/home/aakashraawat/colcon_ws/install/unity_robotics_msgs/lib/pkgconfig/unity_robotics_msgs.pc'
[10.593s] Level 1:colcon.colcon_core.environment:checking '/home/aakashraawat/colcon_ws/install/unity_robotics_msgs/lib/python3.8/site-packages'
[10.593s] Level 1:colcon.colcon_core.shell:create_environment_hook('unity_robotics_msgs', 'pythonpath')
[10.593s] INFO:colcon.colcon_core.shell:Creating environment hook '/home/aakashraawat/colcon_ws/install/unity_robotics_msgs/share/unity_robotics_msgs/hook/pythonpath.ps1'
[10.593s] INFO:colcon.colcon_core.shell:Creating environment descriptor '/home/aakashraawat/colcon_ws/install/unity_robotics_msgs/share/unity_robotics_msgs/hook/pythonpath.dsv'
[10.593s] INFO:colcon.colcon_core.shell:Creating environment hook '/home/aakashraawat/colcon_ws/install/unity_robotics_msgs/share/unity_robotics_msgs/hook/pythonpath.sh'
[10.594s] Level 1:colcon.colcon_core.environment:checking '/home/aakashraawat/colcon_ws/install/unity_robotics_msgs/bin'
[10.594s] INFO:colcon.colcon_core.shell:Creating package script '/home/aakashraawat/colcon_ws/install/unity_robotics_msgs/share/unity_robotics_msgs/package.ps1'
[10.595s] INFO:colcon.colcon_core.shell:Creating package descriptor '/home/aakashraawat/colcon_ws/install/unity_robotics_msgs/share/unity_robotics_msgs/package.dsv'
[10.595s] INFO:colcon.colcon_core.shell:Creating package script '/home/aakashraawat/colcon_ws/install/unity_robotics_msgs/share/unity_robotics_msgs/package.sh'
[10.595s] INFO:colcon.colcon_core.shell:Creating package script '/home/aakashraawat/colcon_ws/install/unity_robotics_msgs/share/unity_robotics_msgs/package.bash'
[10.596s] INFO:colcon.colcon_core.shell:Creating package script '/home/aakashraawat/colcon_ws/install/unity_robotics_msgs/share/unity_robotics_msgs/package.zsh'
[10.596s] Level 1:colcon.colcon_core.environment:create_file_with_runtime_dependencies(/home/aakashraawat/colcon_ws/install/unity_robotics_msgs/share/colcon-core/packages/unity_robotics_msgs)
[10.597s] INFO:colcon.colcon_ros.task.ament_python.build:Building ROS package in '/home/aakashraawat/colcon_ws/src/simulink_subscriber' with build type 'ament_python'
[10.597s] Level 1:colcon.colcon_core.shell:create_environment_hook('simulink_subscriber', 'ament_prefix_path')
[10.597s] INFO:colcon.colcon_core.shell:Creating environment hook '/home/aakashraawat/colcon_ws/install/simulink_subscriber/share/simulink_subscriber/hook/ament_prefix_path.ps1'
[10.598s] INFO:colcon.colcon_core.shell:Creating environment descriptor '/home/aakashraawat/colcon_ws/install/simulink_subscriber/share/simulink_subscriber/hook/ament_prefix_path.dsv'
[10.598s] INFO:colcon.colcon_core.shell:Creating environment hook '/home/aakashraawat/colcon_ws/install/simulink_subscriber/share/simulink_subscriber/hook/ament_prefix_path.sh'
[10.599s] INFO:colcon.colcon_core.shell:Skip shell extension 'powershell' for command environment: Not usable outside of PowerShell
[10.599s] DEBUG:colcon.colcon_core.shell:Skip shell extension 'dsv' for command environment
[10.912s] INFO:colcon.colcon_core.task.python.build:Building Python package in '/home/aakashraawat/colcon_ws/src/simulink_subscriber'
[10.913s] INFO:colcon.colcon_core.shell:Skip shell extension 'powershell' for command environment: Not usable outside of PowerShell
[10.913s] DEBUG:colcon.colcon_core.shell:Skip shell extension 'dsv' for command environment
[11.353s] DEBUG:colcon.colcon_core.event_handler.log_command:Invoking command in '/home/aakashraawat/colcon_ws/src/simulink_subscriber': PYTHONPATH=/home/aakashraawat/colcon_ws/build/simulink_subscriber/prefix_override:/home/aakashraawat/colcon_ws/install/simulink_subscriber/lib/python3.8/site-packages:/home/aakashraawat/colcon_ws/install/unity_robotics_msgs/lib/python3.8/site-packages:/home/aakashraawat/colcon_ws/install/simulink_subscriber/lib/python3.8/site-packages:/home/aakashraawat/colcon_ws/install/unity_robotics_demo/lib/python3.8/site-packages:/home/aakashraawat/colcon_ws/install/ros_tcp_endpoint/lib/python3.8/site-packages:/home/aakashraawat/colcon_ws/install/py_pubsub/lib/python3.8/site-packages:/opt/ros/foxy/lib/python3.8/site-packages /usr/bin/python3 -W ignore:setup.py install is deprecated setup.py egg_info --egg-base ../../build/simulink_subscriber build --build-base /home/aakashraawat/colcon_ws/build/simulink_subscriber/build install --record /home/aakashraawat/colcon_ws/build/simulink_subscriber/install.log --install-scripts $base/lib/simulink_subscriber --single-version-externally-managed install_data
[11.596s] Level 1:colcon.colcon_core.environment:checking '/home/aakashraawat/colcon_ws/install/simulink_subscriber' for CMake module files
[11.597s] DEBUG:colcon.colcon_core.event_handler.log_command:Invoked command in '/home/aakashraawat/colcon_ws/src/simulink_subscriber' returned '0': PYTHONPATH=/home/aakashraawat/colcon_ws/build/simulink_subscriber/prefix_override:/home/aakashraawat/colcon_ws/install/simulink_subscriber/lib/python3.8/site-packages:/home/aakashraawat/colcon_ws/install/unity_robotics_msgs/lib/python3.8/site-packages:/home/aakashraawat/colcon_ws/install/simulink_subscriber/lib/python3.8/site-packages:/home/aakashraawat/colcon_ws/install/unity_robotics_demo/lib/python3.8/site-packages:/home/aakashraawat/colcon_ws/install/ros_tcp_endpoint/lib/python3.8/site-packages:/home/aakashraawat/colcon_ws/install/py_pubsub/lib/python3.8/site-packages:/opt/ros/foxy/lib/python3.8/site-packages /usr/bin/python3 -W ignore:setup.py install is deprecated setup.py egg_info --egg-base ../../build/simulink_subscriber build --build-base /home/aakashraawat/colcon_ws/build/simulink_subscriber/build install --record /home/aakashraawat/colcon_ws/build/simulink_subscriber/install.log --install-scripts $base/lib/simulink_subscriber --single-version-externally-managed install_data
[11.597s] Level 1:colcon.colcon_core.environment:checking '/home/aakashraawat/colcon_ws/install/simulink_subscriber' for CMake config files
[11.598s] Level 1:colcon.colcon_core.environment:checking '/home/aakashraawat/colcon_ws/install/simulink_subscriber/lib'
[11.598s] Level 1:colcon.colcon_core.environment:checking '/home/aakashraawat/colcon_ws/install/simulink_subscriber/bin'
[11.598s] Level 1:colcon.colcon_core.environment:checking '/home/aakashraawat/colcon_ws/install/simulink_subscriber/lib/pkgconfig/simulink_subscriber.pc'
[11.598s] Level 1:colcon.colcon_core.environment:checking '/home/aakashraawat/colcon_ws/install/simulink_subscriber/lib/python3.8/site-packages'
[11.598s] Level 1:colcon.colcon_core.shell:create_environment_hook('simulink_subscriber', 'pythonpath')
[11.599s] INFO:colcon.colcon_core.shell:Creating environment hook '/home/aakashraawat/colcon_ws/install/simulink_subscriber/share/simulink_subscriber/hook/pythonpath.ps1'
[11.599s] INFO:colcon.colcon_core.shell:Creating environment descriptor '/home/aakashraawat/colcon_ws/install/simulink_subscriber/share/simulink_subscriber/hook/pythonpath.dsv'
[11.599s] INFO:colcon.colcon_core.shell:Creating environment hook '/home/aakashraawat/colcon_ws/install/simulink_subscriber/share/simulink_subscriber/hook/pythonpath.sh'
[11.600s] Level 1:colcon.colcon_core.environment:checking '/home/aakashraawat/colcon_ws/install/simulink_subscriber/bin'
[11.600s] Level 1:colcon.colcon_core.environment:create_environment_scripts_only(simulink_subscriber)
[11.600s] INFO:colcon.colcon_core.shell:Creating package script '/home/aakashraawat/colcon_ws/install/simulink_subscriber/share/simulink_subscriber/package.ps1'
[11.601s] INFO:colcon.colcon_core.shell:Creating package descriptor '/home/aakashraawat/colcon_ws/install/simulink_subscriber/share/simulink_subscriber/package.dsv'
[11.601s] INFO:colcon.colcon_core.shell:Creating package script '/home/aakashraawat/colcon_ws/install/simulink_subscriber/share/simulink_subscriber/package.sh'
[11.601s] INFO:colcon.colcon_core.shell:Creating package script '/home/aakashraawat/colcon_ws/install/simulink_subscriber/share/simulink_subscriber/package.bash'
[11.602s] INFO:colcon.colcon_core.shell:Creating package script '/home/aakashraawat/colcon_ws/install/simulink_subscriber/share/simulink_subscriber/package.zsh'
[11.602s] Level 1:colcon.colcon_core.environment:create_file_with_runtime_dependencies(/home/aakashraawat/colcon_ws/install/simulink_subscriber/share/colcon-core/packages/simulink_subscriber)
[11.602s] DEBUG:colcon.colcon_parallel_executor.executor.parallel:closing loop
[11.603s] DEBUG:colcon.colcon_parallel_executor.executor.parallel:loop closed
[11.603s] DEBUG:colcon.colcon_parallel_executor.executor.parallel:run_until_complete finished with '0'
[11.603s] DEBUG:colcon.colcon_core.event_reactor:joining thread
[11.650s] INFO:colcon.colcon_core.plugin_system:Skipping extension 'colcon_notification.desktop_notification.notify_send': Could not find 'notify-send'
[11.651s] INFO:colcon.colcon_core.plugin_system:Skipping extension 'colcon_notification.desktop_notification.terminal_notifier': Not used on non-Darwin systems
[11.651s] INFO:colcon.colcon_core.plugin_system:Skipping extension 'colcon_notification.desktop_notification.win32': Not used on non-Windows systems
[11.651s] INFO:colcon.colcon_notification.desktop_notification:Sending desktop notification using 'notify2'
[11.652s] DEBUG:colcon.colcon_notification.desktop_notification.notify2:Failed to initialize notify2: org.freedesktop.DBus.Error.ServiceUnknown: The name org.freedesktop.Notifications was not provided by any .service files
[11.652s] DEBUG:colcon.colcon_core.event_reactor:joined thread
[11.653s] INFO:colcon.colcon_core.shell:Creating prefix script '/home/aakashraawat/colcon_ws/install/local_setup.ps1'
[11.654s] INFO:colcon.colcon_core.shell:Creating prefix util module '/home/aakashraawat/colcon_ws/install/_local_setup_util_ps1.py'
[11.655s] INFO:colcon.colcon_core.shell:Creating prefix chain script '/home/aakashraawat/colcon_ws/install/setup.ps1'
[11.656s] INFO:colcon.colcon_core.shell:Creating prefix script '/home/aakashraawat/colcon_ws/install/local_setup.sh'
[11.656s] INFO:colcon.colcon_core.shell:Creating prefix util module '/home/aakashraawat/colcon_ws/install/_local_setup_util_sh.py'
[11.656s] INFO:colcon.colcon_core.shell:Creating prefix chain script '/home/aakashraawat/colcon_ws/install/setup.sh'
[11.657s] INFO:colcon.colcon_core.shell:Creating prefix script '/home/aakashraawat/colcon_ws/install/local_setup.bash'
[11.658s] INFO:colcon.colcon_core.shell:Creating prefix chain script '/home/aakashraawat/colcon_ws/install/setup.bash'
[11.658s] INFO:colcon.colcon_core.shell:Creating prefix script '/home/aakashraawat/colcon_ws/install/local_setup.zsh'
[11.659s] INFO:colcon.colcon_core.shell:Creating prefix chain script '/home/aakashraawat/colcon_ws/install/setup.zsh'
