[ 11%] Built target gtest
[ 23%] Built target gtest_main
[ 52%] Built target tf2
[ 64%] Built target test_static_cache_unittest
[ 76%] Built target test_time
[100%] Built target test_simple
[100%] Built target test_cache_unittest
-- Install configuration: ""
-- Up-to-date: /home/aakashraawat/colcon_ws/install/tf2/lib/libtf2.so
-- Up-to-date: /home/aakashraawat/colcon_ws/install/tf2/include/tf2
-- Up-to-date: /home/aakashraawat/colcon_ws/install/tf2/include/tf2/transform_datatypes.h
-- Up-to-date: /home/aakashraawat/colcon_ws/install/tf2/include/tf2/time_cache.h
-- Up-to-date: /home/aakashraawat/colcon_ws/install/tf2/include/tf2/exceptions.h
-- Up-to-date: /home/aakashraawat/colcon_ws/install/tf2/include/tf2/visibility_control.h
-- Up-to-date: /home/aakashraawat/colcon_ws/install/tf2/include/tf2/utils.h
-- Up-to-date: /home/aakashraawat/colcon_ws/install/tf2/include/tf2/LinearMath
-- Up-to-date: /home/aakashraawat/colcon_ws/install/tf2/include/tf2/LinearMath/Quaternion.h
-- Up-to-date: /home/aakashraawat/colcon_ws/install/tf2/include/tf2/LinearMath/Matrix3x3.h
-- Up-to-date: /home/aakashraawat/colcon_ws/install/tf2/include/tf2/LinearMath/QuadWord.h
-- Up-to-date: /home/aakashraawat/colcon_ws/install/tf2/include/tf2/LinearMath/Vector3.h
-- Up-to-date: /home/aakashraawat/colcon_ws/install/tf2/include/tf2/LinearMath/MinMax.h
-- Up-to-date: /home/aakashraawat/colcon_ws/install/tf2/include/tf2/LinearMath/Transform.h
-- Up-to-date: /home/aakashraawat/colcon_ws/install/tf2/include/tf2/LinearMath/Scalar.h
-- Up-to-date: /home/aakashraawat/colcon_ws/install/tf2/include/tf2/buffer_core_interface.h
-- Up-to-date: /home/aakashraawat/colcon_ws/install/tf2/include/tf2/transform_storage.h
-- Up-to-date: /home/aakashraawat/colcon_ws/install/tf2/include/tf2/impl
-- Up-to-date: /home/aakashraawat/colcon_ws/install/tf2/include/tf2/impl/utils.h
-- Up-to-date: /home/aakashraawat/colcon_ws/install/tf2/include/tf2/impl/convert.h
-- Up-to-date: /home/aakashraawat/colcon_ws/install/tf2/include/tf2/buffer_core.h
-- Up-to-date: /home/aakashraawat/colcon_ws/install/tf2/include/tf2/time.h
-- Up-to-date: /home/aakashraawat/colcon_ws/install/tf2/include/tf2/convert.h
-- Up-to-date: /home/aakashraawat/colcon_ws/install/tf2/share/tf2/environment/library_path.sh
-- Up-to-date: /home/aakashraawat/colcon_ws/install/tf2/share/tf2/environment/library_path.dsv
-- Up-to-date: /home/aakashraawat/colcon_ws/install/tf2/share/ament_index/resource_index/package_run_dependencies/tf2
-- Up-to-date: /home/aakashraawat/colcon_ws/install/tf2/share/ament_index/resource_index/parent_prefix_path/tf2
-- Up-to-date: /home/aakashraawat/colcon_ws/install/tf2/share/tf2/environment/ament_prefix_path.sh
-- Up-to-date: /home/aakashraawat/colcon_ws/install/tf2/share/tf2/environment/ament_prefix_path.dsv
-- Up-to-date: /home/aakashraawat/colcon_ws/install/tf2/share/tf2/environment/path.sh
-- Up-to-date: /home/aakashraawat/colcon_ws/install/tf2/share/tf2/environment/path.dsv
-- Up-to-date: /home/aakashraawat/colcon_ws/install/tf2/share/tf2/local_setup.bash
-- Up-to-date: /home/aakashraawat/colcon_ws/install/tf2/share/tf2/local_setup.sh
-- Up-to-date: /home/aakashraawat/colcon_ws/install/tf2/share/tf2/local_setup.zsh
-- Up-to-date: /home/aakashraawat/colcon_ws/install/tf2/share/tf2/local_setup.dsv
-- Installing: /home/aakashraawat/colcon_ws/install/tf2/share/tf2/package.dsv
-- Up-to-date: /home/aakashraawat/colcon_ws/install/tf2/share/ament_index/resource_index/packages/tf2
-- Up-to-date: /home/aakashraawat/colcon_ws/install/tf2/share/tf2/cmake/tf2Export.cmake
-- Up-to-date: /home/aakashraawat/colcon_ws/install/tf2/share/tf2/cmake/tf2Export-noconfig.cmake
-- Up-to-date: /home/aakashraawat/colcon_ws/install/tf2/share/tf2/cmake/ament_cmake_export_dependencies-extras.cmake
-- Up-to-date: /home/aakashraawat/colcon_ws/install/tf2/share/tf2/cmake/ament_cmake_export_include_directories-extras.cmake
-- Up-to-date: /home/aakashraawat/colcon_ws/install/tf2/share/tf2/cmake/ament_cmake_export_libraries-extras.cmake
-- Up-to-date: /home/aakashraawat/colcon_ws/install/tf2/share/tf2/cmake/ament_cmake_export_targets-extras.cmake
-- Up-to-date: /home/aakashraawat/colcon_ws/install/tf2/share/tf2/cmake/tf2Config.cmake
-- Up-to-date: /home/aakashraawat/colcon_ws/install/tf2/share/tf2/cmake/tf2Config-version.cmake
-- Up-to-date: /home/aakashraawat/colcon_ws/install/tf2/share/tf2/package.xml
