running egg_info
creating ../../../build/examples_tf2_py/examples_tf2_py.egg-info
writing ../../../build/examples_tf2_py/examples_tf2_py.egg-info/PKG-INFO
writing dependency_links to ../../../build/examples_tf2_py/examples_tf2_py.egg-info/dependency_links.txt
writing entry points to ../../../build/examples_tf2_py/examples_tf2_py.egg-info/entry_points.txt
writing requirements to ../../../build/examples_tf2_py/examples_tf2_py.egg-info/requires.txt
writing top-level names to ../../../build/examples_tf2_py/examples_tf2_py.egg-info/top_level.txt
writing manifest file '../../../build/examples_tf2_py/examples_tf2_py.egg-info/SOURCES.txt'
reading manifest file '../../../build/examples_tf2_py/examples_tf2_py.egg-info/SOURCES.txt'
writing manifest file '../../../build/examples_tf2_py/examples_tf2_py.egg-info/SOURCES.txt'
running build
running build_py
creating /home/aakashraawat/colcon_ws/build/examples_tf2_py/build
creating /home/aakashraawat/colcon_ws/build/examples_tf2_py/build/lib
creating /home/aakashraawat/colcon_ws/build/examples_tf2_py/build/lib/examples_tf2_py
copying examples_tf2_py/dynamic_broadcaster.py -> /home/aakashraawat/colcon_ws/build/examples_tf2_py/build/lib/examples_tf2_py
copying examples_tf2_py/async_waits_for_transform.py -> /home/aakashraawat/colcon_ws/build/examples_tf2_py/build/lib/examples_tf2_py
copying examples_tf2_py/frame_dumper.py -> /home/aakashraawat/colcon_ws/build/examples_tf2_py/build/lib/examples_tf2_py
copying examples_tf2_py/__init__.py -> /home/aakashraawat/colcon_ws/build/examples_tf2_py/build/lib/examples_tf2_py
copying examples_tf2_py/blocking_waits_for_transform.py -> /home/aakashraawat/colcon_ws/build/examples_tf2_py/build/lib/examples_tf2_py
copying examples_tf2_py/static_broadcaster.py -> /home/aakashraawat/colcon_ws/build/examples_tf2_py/build/lib/examples_tf2_py
copying examples_tf2_py/waits_for_transform.py -> /home/aakashraawat/colcon_ws/build/examples_tf2_py/build/lib/examples_tf2_py
running install
running install_lib
creating /home/aakashraawat/colcon_ws/install/examples_tf2_py/lib/python3.8/site-packages/examples_tf2_py
copying /home/aakashraawat/colcon_ws/build/examples_tf2_py/build/lib/examples_tf2_py/dynamic_broadcaster.py -> /home/aakashraawat/colcon_ws/install/examples_tf2_py/lib/python3.8/site-packages/examples_tf2_py
copying /home/aakashraawat/colcon_ws/build/examples_tf2_py/build/lib/examples_tf2_py/async_waits_for_transform.py -> /home/aakashraawat/colcon_ws/install/examples_tf2_py/lib/python3.8/site-packages/examples_tf2_py
copying /home/aakashraawat/colcon_ws/build/examples_tf2_py/build/lib/examples_tf2_py/frame_dumper.py -> /home/aakashraawat/colcon_ws/install/examples_tf2_py/lib/python3.8/site-packages/examples_tf2_py
copying /home/aakashraawat/colcon_ws/build/examples_tf2_py/build/lib/examples_tf2_py/__init__.py -> /home/aakashraawat/colcon_ws/install/examples_tf2_py/lib/python3.8/site-packages/examples_tf2_py
copying /home/aakashraawat/colcon_ws/build/examples_tf2_py/build/lib/examples_tf2_py/blocking_waits_for_transform.py -> /home/aakashraawat/colcon_ws/install/examples_tf2_py/lib/python3.8/site-packages/examples_tf2_py
copying /home/aakashraawat/colcon_ws/build/examples_tf2_py/build/lib/examples_tf2_py/static_broadcaster.py -> /home/aakashraawat/colcon_ws/install/examples_tf2_py/lib/python3.8/site-packages/examples_tf2_py
copying /home/aakashraawat/colcon_ws/build/examples_tf2_py/build/lib/examples_tf2_py/waits_for_transform.py -> /home/aakashraawat/colcon_ws/install/examples_tf2_py/lib/python3.8/site-packages/examples_tf2_py
byte-compiling /home/aakashraawat/colcon_ws/install/examples_tf2_py/lib/python3.8/site-packages/examples_tf2_py/dynamic_broadcaster.py to dynamic_broadcaster.cpython-38.pyc
byte-compiling /home/aakashraawat/colcon_ws/install/examples_tf2_py/lib/python3.8/site-packages/examples_tf2_py/async_waits_for_transform.py to async_waits_for_transform.cpython-38.pyc
byte-compiling /home/aakashraawat/colcon_ws/install/examples_tf2_py/lib/python3.8/site-packages/examples_tf2_py/frame_dumper.py to frame_dumper.cpython-38.pyc
byte-compiling /home/aakashraawat/colcon_ws/install/examples_tf2_py/lib/python3.8/site-packages/examples_tf2_py/__init__.py to __init__.cpython-38.pyc
byte-compiling /home/aakashraawat/colcon_ws/install/examples_tf2_py/lib/python3.8/site-packages/examples_tf2_py/blocking_waits_for_transform.py to blocking_waits_for_transform.cpython-38.pyc
byte-compiling /home/aakashraawat/colcon_ws/install/examples_tf2_py/lib/python3.8/site-packages/examples_tf2_py/static_broadcaster.py to static_broadcaster.cpython-38.pyc
byte-compiling /home/aakashraawat/colcon_ws/install/examples_tf2_py/lib/python3.8/site-packages/examples_tf2_py/waits_for_transform.py to waits_for_transform.cpython-38.pyc
running install_data
creating /home/aakashraawat/colcon_ws/install/examples_tf2_py/share/ament_index
creating /home/aakashraawat/colcon_ws/install/examples_tf2_py/share/ament_index/resource_index
creating /home/aakashraawat/colcon_ws/install/examples_tf2_py/share/ament_index/resource_index/packages
copying resource/examples_tf2_py -> /home/aakashraawat/colcon_ws/install/examples_tf2_py/share/ament_index/resource_index/packages
copying package.xml -> /home/aakashraawat/colcon_ws/install/examples_tf2_py/share/examples_tf2_py
creating /home/aakashraawat/colcon_ws/install/examples_tf2_py/share/examples_tf2_py/launch
copying launch/broadcasters.launch.xml -> /home/aakashraawat/colcon_ws/install/examples_tf2_py/share/examples_tf2_py/launch
running install_egg_info
Copying ../../../build/examples_tf2_py/examples_tf2_py.egg-info to /home/aakashraawat/colcon_ws/install/examples_tf2_py/lib/python3.8/site-packages/examples_tf2_py-0.13.14-py3.8.egg-info
running install_scripts
Installing async_waits_for_transform script to /home/aakashraawat/colcon_ws/install/examples_tf2_py/lib/examples_tf2_py
Installing blocking_waits_for_transform script to /home/aakashraawat/colcon_ws/install/examples_tf2_py/lib/examples_tf2_py
Installing dynamic_broadcaster script to /home/aakashraawat/colcon_ws/install/examples_tf2_py/lib/examples_tf2_py
Installing frame_dumper script to /home/aakashraawat/colcon_ws/install/examples_tf2_py/lib/examples_tf2_py
Installing static_broadcaster script to /home/aakashraawat/colcon_ws/install/examples_tf2_py/lib/examples_tf2_py
Installing waits_for_transform script to /home/aakashraawat/colcon_ws/install/examples_tf2_py/lib/examples_tf2_py
writing list of installed files to '/home/aakashraawat/colcon_ws/build/examples_tf2_py/install.log'
