[1.499s] Invoking command in '/home/aakashraawat/colcon_ws/src/geometry2/examples_tf2_py': AMENT_PREFIX_PATH=/home/aakashraawat/colcon_ws/install/tf2_ros:/home/aakashraawat/colcon_ws/install/tf2_py:/home/aakashraawat/colcon_ws/install/tf2_msgs:/home/aakashraawat/colcon_ws/install/tf2:${AMENT_PREFIX_PATH} CMAKE_PREFIX_PATH=/home/aakashraawat/colcon_ws/install/tf2_ros:/home/aakashraawat/colcon_ws/install/tf2_py:/home/aakashraawat/colcon_ws/install/tf2_msgs:/home/aakashraawat/colcon_ws/install/tf2:${CMAKE_PREFIX_PATH} LD_LIBRARY_PATH=/home/aakashraawat/colcon_ws/install/tf2_ros/lib:/home/aakashraawat/colcon_ws/install/tf2_msgs/lib:/home/aakashraawat/colcon_ws/install/tf2/lib:${LD_LIBRARY_PATH} PYTHONPATH=/home/aakashraawat/colcon_ws/build/examples_tf2_py/prefix_override:/home/aakashraawat/colcon_ws/install/examples_tf2_py/lib/python3.8/site-packages:/home/aakashraawat/colcon_ws/install/tf2_ros/lib/python3.8/site-packages:/home/aakashraawat/colcon_ws/install/tf2_py/lib/python3.8/site-packages:/home/aakashraawat/colcon_ws/install/tf2_msgs/lib/python3.8/site-packages:${PYTHONPATH} /usr/bin/python3 -W ignore:setup.py install is deprecated setup.py egg_info --egg-base ../../../build/examples_tf2_py build --build-base /home/aakashraawat/colcon_ws/build/examples_tf2_py/build install --record /home/aakashraawat/colcon_ws/build/examples_tf2_py/install.log --install-scripts $base/lib/examples_tf2_py --single-version-externally-managed install_data
[1.731s] running egg_info
[1.731s] creating ../../../build/examples_tf2_py/examples_tf2_py.egg-info
[1.732s] writing ../../../build/examples_tf2_py/examples_tf2_py.egg-info/PKG-INFO
[1.732s] writing dependency_links to ../../../build/examples_tf2_py/examples_tf2_py.egg-info/dependency_links.txt
[1.732s] writing entry points to ../../../build/examples_tf2_py/examples_tf2_py.egg-info/entry_points.txt
[1.733s] writing requirements to ../../../build/examples_tf2_py/examples_tf2_py.egg-info/requires.txt
[1.733s] writing top-level names to ../../../build/examples_tf2_py/examples_tf2_py.egg-info/top_level.txt
[1.733s] writing manifest file '../../../build/examples_tf2_py/examples_tf2_py.egg-info/SOURCES.txt'
[1.770s] reading manifest file '../../../build/examples_tf2_py/examples_tf2_py.egg-info/SOURCES.txt'
[1.771s] writing manifest file '../../../build/examples_tf2_py/examples_tf2_py.egg-info/SOURCES.txt'
[1.772s] running build
[1.772s] running build_py
[1.772s] creating /home/aakashraawat/colcon_ws/build/examples_tf2_py/build
[1.772s] creating /home/aakashraawat/colcon_ws/build/examples_tf2_py/build/lib
[1.772s] creating /home/aakashraawat/colcon_ws/build/examples_tf2_py/build/lib/examples_tf2_py
[1.772s] copying examples_tf2_py/dynamic_broadcaster.py -> /home/aakashraawat/colcon_ws/build/examples_tf2_py/build/lib/examples_tf2_py
[1.773s] copying examples_tf2_py/async_waits_for_transform.py -> /home/aakashraawat/colcon_ws/build/examples_tf2_py/build/lib/examples_tf2_py
[1.773s] copying examples_tf2_py/frame_dumper.py -> /home/aakashraawat/colcon_ws/build/examples_tf2_py/build/lib/examples_tf2_py
[1.773s] copying examples_tf2_py/__init__.py -> /home/aakashraawat/colcon_ws/build/examples_tf2_py/build/lib/examples_tf2_py
[1.773s] copying examples_tf2_py/blocking_waits_for_transform.py -> /home/aakashraawat/colcon_ws/build/examples_tf2_py/build/lib/examples_tf2_py
[1.773s] copying examples_tf2_py/static_broadcaster.py -> /home/aakashraawat/colcon_ws/build/examples_tf2_py/build/lib/examples_tf2_py
[1.774s] copying examples_tf2_py/waits_for_transform.py -> /home/aakashraawat/colcon_ws/build/examples_tf2_py/build/lib/examples_tf2_py
[1.774s] running install
[1.774s] running install_lib
[1.776s] creating /home/aakashraawat/colcon_ws/install/examples_tf2_py/lib/python3.8/site-packages/examples_tf2_py
[1.776s] copying /home/aakashraawat/colcon_ws/build/examples_tf2_py/build/lib/examples_tf2_py/dynamic_broadcaster.py -> /home/aakashraawat/colcon_ws/install/examples_tf2_py/lib/python3.8/site-packages/examples_tf2_py
[1.776s] copying /home/aakashraawat/colcon_ws/build/examples_tf2_py/build/lib/examples_tf2_py/async_waits_for_transform.py -> /home/aakashraawat/colcon_ws/install/examples_tf2_py/lib/python3.8/site-packages/examples_tf2_py
[1.776s] copying /home/aakashraawat/colcon_ws/build/examples_tf2_py/build/lib/examples_tf2_py/frame_dumper.py -> /home/aakashraawat/colcon_ws/install/examples_tf2_py/lib/python3.8/site-packages/examples_tf2_py
[1.777s] copying /home/aakashraawat/colcon_ws/build/examples_tf2_py/build/lib/examples_tf2_py/__init__.py -> /home/aakashraawat/colcon_ws/install/examples_tf2_py/lib/python3.8/site-packages/examples_tf2_py
[1.777s] copying /home/aakashraawat/colcon_ws/build/examples_tf2_py/build/lib/examples_tf2_py/blocking_waits_for_transform.py -> /home/aakashraawat/colcon_ws/install/examples_tf2_py/lib/python3.8/site-packages/examples_tf2_py
[1.777s] copying /home/aakashraawat/colcon_ws/build/examples_tf2_py/build/lib/examples_tf2_py/static_broadcaster.py -> /home/aakashraawat/colcon_ws/install/examples_tf2_py/lib/python3.8/site-packages/examples_tf2_py
[1.777s] copying /home/aakashraawat/colcon_ws/build/examples_tf2_py/build/lib/examples_tf2_py/waits_for_transform.py -> /home/aakashraawat/colcon_ws/install/examples_tf2_py/lib/python3.8/site-packages/examples_tf2_py
[1.777s] byte-compiling /home/aakashraawat/colcon_ws/install/examples_tf2_py/lib/python3.8/site-packages/examples_tf2_py/dynamic_broadcaster.py to dynamic_broadcaster.cpython-38.pyc
[1.779s] byte-compiling /home/aakashraawat/colcon_ws/install/examples_tf2_py/lib/python3.8/site-packages/examples_tf2_py/async_waits_for_transform.py to async_waits_for_transform.cpython-38.pyc
[1.780s] byte-compiling /home/aakashraawat/colcon_ws/install/examples_tf2_py/lib/python3.8/site-packages/examples_tf2_py/frame_dumper.py to frame_dumper.cpython-38.pyc
[1.780s] byte-compiling /home/aakashraawat/colcon_ws/install/examples_tf2_py/lib/python3.8/site-packages/examples_tf2_py/__init__.py to __init__.cpython-38.pyc
[1.780s] byte-compiling /home/aakashraawat/colcon_ws/install/examples_tf2_py/lib/python3.8/site-packages/examples_tf2_py/blocking_waits_for_transform.py to blocking_waits_for_transform.cpython-38.pyc
[1.781s] byte-compiling /home/aakashraawat/colcon_ws/install/examples_tf2_py/lib/python3.8/site-packages/examples_tf2_py/static_broadcaster.py to static_broadcaster.cpython-38.pyc
[1.781s] byte-compiling /home/aakashraawat/colcon_ws/install/examples_tf2_py/lib/python3.8/site-packages/examples_tf2_py/waits_for_transform.py to waits_for_transform.cpython-38.pyc
[1.781s] running install_data
[1.782s] creating /home/aakashraawat/colcon_ws/install/examples_tf2_py/share/ament_index
[1.782s] creating /home/aakashraawat/colcon_ws/install/examples_tf2_py/share/ament_index/resource_index
[1.782s] creating /home/aakashraawat/colcon_ws/install/examples_tf2_py/share/ament_index/resource_index/packages
[1.782s] copying resource/examples_tf2_py -> /home/aakashraawat/colcon_ws/install/examples_tf2_py/share/ament_index/resource_index/packages
[1.783s] copying package.xml -> /home/aakashraawat/colcon_ws/install/examples_tf2_py/share/examples_tf2_py
[1.783s] creating /home/aakashraawat/colcon_ws/install/examples_tf2_py/share/examples_tf2_py/launch
[1.783s] copying launch/broadcasters.launch.xml -> /home/aakashraawat/colcon_ws/install/examples_tf2_py/share/examples_tf2_py/launch
[1.783s] running install_egg_info
[1.784s] Copying ../../../build/examples_tf2_py/examples_tf2_py.egg-info to /home/aakashraawat/colcon_ws/install/examples_tf2_py/lib/python3.8/site-packages/examples_tf2_py-0.13.14-py3.8.egg-info
[1.785s] running install_scripts
[1.803s] Installing async_waits_for_transform script to /home/aakashraawat/colcon_ws/install/examples_tf2_py/lib/examples_tf2_py
[1.804s] Installing blocking_waits_for_transform script to /home/aakashraawat/colcon_ws/install/examples_tf2_py/lib/examples_tf2_py
[1.804s] Installing dynamic_broadcaster script to /home/aakashraawat/colcon_ws/install/examples_tf2_py/lib/examples_tf2_py
[1.804s] Installing frame_dumper script to /home/aakashraawat/colcon_ws/install/examples_tf2_py/lib/examples_tf2_py
[1.804s] Installing static_broadcaster script to /home/aakashraawat/colcon_ws/install/examples_tf2_py/lib/examples_tf2_py
[1.804s] Installing waits_for_transform script to /home/aakashraawat/colcon_ws/install/examples_tf2_py/lib/examples_tf2_py
[1.804s] writing list of installed files to '/home/aakashraawat/colcon_ws/build/examples_tf2_py/install.log'
[1.841s] Invoked command in '/home/aakashraawat/colcon_ws/src/geometry2/examples_tf2_py' returned '0': AMENT_PREFIX_PATH=/home/aakashraawat/colcon_ws/install/tf2_ros:/home/aakashraawat/colcon_ws/install/tf2_py:/home/aakashraawat/colcon_ws/install/tf2_msgs:/home/aakashraawat/colcon_ws/install/tf2:${AMENT_PREFIX_PATH} CMAKE_PREFIX_PATH=/home/aakashraawat/colcon_ws/install/tf2_ros:/home/aakashraawat/colcon_ws/install/tf2_py:/home/aakashraawat/colcon_ws/install/tf2_msgs:/home/aakashraawat/colcon_ws/install/tf2:${CMAKE_PREFIX_PATH} LD_LIBRARY_PATH=/home/aakashraawat/colcon_ws/install/tf2_ros/lib:/home/aakashraawat/colcon_ws/install/tf2_msgs/lib:/home/aakashraawat/colcon_ws/install/tf2/lib:${LD_LIBRARY_PATH} PYTHONPATH=/home/aakashraawat/colcon_ws/build/examples_tf2_py/prefix_override:/home/aakashraawat/colcon_ws/install/examples_tf2_py/lib/python3.8/site-packages:/home/aakashraawat/colcon_ws/install/tf2_ros/lib/python3.8/site-packages:/home/aakashraawat/colcon_ws/install/tf2_py/lib/python3.8/site-packages:/home/aakashraawat/colcon_ws/install/tf2_msgs/lib/python3.8/site-packages:${PYTHONPATH} /usr/bin/python3 -W ignore:setup.py install is deprecated setup.py egg_info --egg-base ../../../build/examples_tf2_py build --build-base /home/aakashraawat/colcon_ws/build/examples_tf2_py/build install --record /home/aakashraawat/colcon_ws/build/examples_tf2_py/install.log --install-scripts $base/lib/examples_tf2_py --single-version-externally-managed install_data
