[1.172s] Invoking command in '/home/aakashraawat/colcon_ws/src/unity_robotics_demo': PYTHONPATH=/home/aakashraawat/colcon_ws/build/unity_robotics_demo/prefix_override:/home/aakashraawat/colcon_ws/install/unity_robotics_demo/lib/python3.8/site-packages:${PYTHONPATH} /usr/bin/python3 -W ignore:setup.py install is deprecated setup.py egg_info --egg-base ../../build/unity_robotics_demo build --build-base /home/aakashraawat/colcon_ws/build/unity_robotics_demo/build install --record /home/aakashraawat/colcon_ws/build/unity_robotics_demo/install.log --install-scripts $base/lib/unity_robotics_demo --single-version-externally-managed install_data
[1.355s] running egg_info
[1.355s] creating ../../build/unity_robotics_demo/unity_robotics_demo.egg-info
[1.356s] writing ../../build/unity_robotics_demo/unity_robotics_demo.egg-info/PKG-INFO
[1.356s] writing dependency_links to ../../build/unity_robotics_demo/unity_robotics_demo.egg-info/dependency_links.txt
[1.356s] writing entry points to ../../build/unity_robotics_demo/unity_robotics_demo.egg-info/entry_points.txt
[1.356s] writing requirements to ../../build/unity_robotics_demo/unity_robotics_demo.egg-info/requires.txt
[1.356s] writing top-level names to ../../build/unity_robotics_demo/unity_robotics_demo.egg-info/top_level.txt
[1.357s] writing manifest file '../../build/unity_robotics_demo/unity_robotics_demo.egg-info/SOURCES.txt'
[1.400s] reading manifest file '../../build/unity_robotics_demo/unity_robotics_demo.egg-info/SOURCES.txt'
[1.401s] writing manifest file '../../build/unity_robotics_demo/unity_robotics_demo.egg-info/SOURCES.txt'
[1.401s] running build
[1.401s] running build_py
[1.402s] creating /home/aakashraawat/colcon_ws/build/unity_robotics_demo/build
[1.402s] creating /home/aakashraawat/colcon_ws/build/unity_robotics_demo/build/lib
[1.402s] creating /home/aakashraawat/colcon_ws/build/unity_robotics_demo/build/lib/unity_robotics_demo
[1.402s] copying unity_robotics_demo/color_publisher.py -> /home/aakashraawat/colcon_ws/build/unity_robotics_demo/build/lib/unity_robotics_demo
[1.402s] copying unity_robotics_demo/__init__.py -> /home/aakashraawat/colcon_ws/build/unity_robotics_demo/build/lib/unity_robotics_demo
[1.402s] copying unity_robotics_demo/position_service.py -> /home/aakashraawat/colcon_ws/build/unity_robotics_demo/build/lib/unity_robotics_demo
[1.402s] running install
[1.403s] running install_lib
[1.405s] creating /home/aakashraawat/colcon_ws/install/unity_robotics_demo/lib/python3.8/site-packages/unity_robotics_demo
[1.405s] copying /home/aakashraawat/colcon_ws/build/unity_robotics_demo/build/lib/unity_robotics_demo/color_publisher.py -> /home/aakashraawat/colcon_ws/install/unity_robotics_demo/lib/python3.8/site-packages/unity_robotics_demo
[1.405s] copying /home/aakashraawat/colcon_ws/build/unity_robotics_demo/build/lib/unity_robotics_demo/__init__.py -> /home/aakashraawat/colcon_ws/install/unity_robotics_demo/lib/python3.8/site-packages/unity_robotics_demo
[1.405s] copying /home/aakashraawat/colcon_ws/build/unity_robotics_demo/build/lib/unity_robotics_demo/position_service.py -> /home/aakashraawat/colcon_ws/install/unity_robotics_demo/lib/python3.8/site-packages/unity_robotics_demo
[1.406s] byte-compiling /home/aakashraawat/colcon_ws/install/unity_robotics_demo/lib/python3.8/site-packages/unity_robotics_demo/color_publisher.py to color_publisher.cpython-38.pyc
[1.408s] byte-compiling /home/aakashraawat/colcon_ws/install/unity_robotics_demo/lib/python3.8/site-packages/unity_robotics_demo/__init__.py to __init__.cpython-38.pyc
[1.408s] byte-compiling /home/aakashraawat/colcon_ws/install/unity_robotics_demo/lib/python3.8/site-packages/unity_robotics_demo/position_service.py to position_service.cpython-38.pyc
[1.408s] running install_data
[1.409s] creating /home/aakashraawat/colcon_ws/install/unity_robotics_demo/share/ament_index
[1.409s] creating /home/aakashraawat/colcon_ws/install/unity_robotics_demo/share/ament_index/resource_index
[1.409s] creating /home/aakashraawat/colcon_ws/install/unity_robotics_demo/share/ament_index/resource_index/packages
[1.409s] copying resource/unity_robotics_demo -> /home/aakashraawat/colcon_ws/install/unity_robotics_demo/share/ament_index/resource_index/packages
[1.409s] copying package.xml -> /home/aakashraawat/colcon_ws/install/unity_robotics_demo/share/unity_robotics_demo
[1.409s] running install_egg_info
[1.411s] Copying ../../build/unity_robotics_demo/unity_robotics_demo.egg-info to /home/aakashraawat/colcon_ws/install/unity_robotics_demo/lib/python3.8/site-packages/unity_robotics_demo-0.0.1-py3.8.egg-info
[1.413s] running install_scripts
[1.432s] Installing color_publisher script to /home/aakashraawat/colcon_ws/install/unity_robotics_demo/lib/unity_robotics_demo
[1.432s] Installing position_service script to /home/aakashraawat/colcon_ws/install/unity_robotics_demo/lib/unity_robotics_demo
[1.433s] writing list of installed files to '/home/aakashraawat/colcon_ws/build/unity_robotics_demo/install.log'
[1.470s] Invoked command in '/home/aakashraawat/colcon_ws/src/unity_robotics_demo' returned '0': PYTHONPATH=/home/aakashraawat/colcon_ws/build/unity_robotics_demo/prefix_override:/home/aakashraawat/colcon_ws/install/unity_robotics_demo/lib/python3.8/site-packages:${PYTHONPATH} /usr/bin/python3 -W ignore:setup.py install is deprecated setup.py egg_info --egg-base ../../build/unity_robotics_demo build --build-base /home/aakashraawat/colcon_ws/build/unity_robotics_demo/build install --record /home/aakashraawat/colcon_ws/build/unity_robotics_demo/install.log --install-scripts $base/lib/unity_robotics_demo --single-version-externally-managed install_data
