[1.011s] Invoking command in '/home/aakashraawat/colcon_ws/src/py_pubsub': PYTHONPATH=/home/aakashraawat/colcon_ws/build/py_pubsub/prefix_override:/home/aakashraawat/colcon_ws/install/py_pubsub/lib/python3.8/site-packages:${PYTHONPATH} /usr/bin/python3 -W ignore:setup.py install is deprecated setup.py egg_info --egg-base ../../build/py_pubsub build --build-base /home/aakashraawat/colcon_ws/build/py_pubsub/build install --record /home/aakashraawat/colcon_ws/build/py_pubsub/install.log --install-scripts $base/lib/py_pubsub --single-version-externally-managed install_data
[1.178s] running egg_info
[1.179s] writing ../../build/py_pubsub/py_pubsub.egg-info/PKG-INFO
[1.179s] writing dependency_links to ../../build/py_pubsub/py_pubsub.egg-info/dependency_links.txt
[1.179s] writing entry points to ../../build/py_pubsub/py_pubsub.egg-info/entry_points.txt
[1.179s] writing requirements to ../../build/py_pubsub/py_pubsub.egg-info/requires.txt
[1.179s] writing top-level names to ../../build/py_pubsub/py_pubsub.egg-info/top_level.txt
[1.208s] reading manifest file '../../build/py_pubsub/py_pubsub.egg-info/SOURCES.txt'
[1.209s] writing manifest file '../../build/py_pubsub/py_pubsub.egg-info/SOURCES.txt'
[1.209s] running build
[1.209s] running build_py
[1.209s] running install
[1.210s] running install_lib
[1.211s] running install_data
[1.212s] running install_egg_info
[1.213s] removing '/home/aakashraawat/colcon_ws/install/py_pubsub/lib/python3.8/site-packages/py_pubsub-0.0.0-py3.8.egg-info' (and everything under it)
[1.213s] Copying ../../build/py_pubsub/py_pubsub.egg-info to /home/aakashraawat/colcon_ws/install/py_pubsub/lib/python3.8/site-packages/py_pubsub-0.0.0-py3.8.egg-info
[1.214s] running install_scripts
[1.230s] Installing listener script to /home/aakashraawat/colcon_ws/install/py_pubsub/lib/py_pubsub
[1.230s] Installing talker script to /home/aakashraawat/colcon_ws/install/py_pubsub/lib/py_pubsub
[1.230s] writing list of installed files to '/home/aakashraawat/colcon_ws/build/py_pubsub/install.log'
[1.326s] Invoked command in '/home/aakashraawat/colcon_ws/src/py_pubsub' returned '0': PYTHONPATH=/home/aakashraawat/colcon_ws/build/py_pubsub/prefix_override:/home/aakashraawat/colcon_ws/install/py_pubsub/lib/python3.8/site-packages:${PYTHONPATH} /usr/bin/python3 -W ignore:setup.py install is deprecated setup.py egg_info --egg-base ../../build/py_pubsub build --build-base /home/aakashraawat/colcon_ws/build/py_pubsub/build install --record /home/aakashraawat/colcon_ws/build/py_pubsub/install.log --install-scripts $base/lib/py_pubsub --single-version-externally-managed install_data
