[0.095s] Invoking command in '/home/aakashraawat/colcon_ws/build/tf2_eigen_kdl': CMAKE_PREFIX_PATH=/home/aakashraawat/colcon_ws/install/tf2:/home/aakashraawat/colcon_ws/install/geometry2:/home/aakashraawat/colcon_ws/install/tf2_tools:/home/aakashraawat/colcon_ws/install/tf2_sensor_msgs:/home/aakashraawat/colcon_ws/install/test_tf2:/home/aakashraawat/colcon_ws/install/tf2_kdl:/home/aakashraawat/colcon_ws/install/tf2_geometry_msgs:/home/aakashraawat/colcon_ws/install/tf2_eigen:/home/aakashraawat/colcon_ws/install/tf2_bullet:/home/aakashraawat/colcon_ws/install/tf2_ros:/home/aakashraawat/colcon_ws/install/tf2_py:/home/aakashraawat/colcon_ws/install/tf2_msgs:/home/aakashraawat/colcon_ws/install/tf2_eigen_kdl:/home/aakashraawat/colcon_ws/install/unity_robotics_msgs:/home/aakashraawat/colcon_ws/install/examples_tf2_py:/home/aakashraawat/colcon_ws/install/simulink_subscriber:/home/aakashraawat/colcon_ws/install/unity_robotics_demo:/home/aakashraawat/colcon_ws/install/ros_tcp_endpoint:/home/aakashraawat/colcon_ws/install/py_pubsub:/opt/ros/foxy LD_LIBRARY_PATH=/home/aakashraawat/colcon_ws/install/tf2/lib:/home/aakashraawat/colcon_ws/install/tf2_bullet/lib:/home/aakashraawat/colcon_ws/install/tf2_ros/lib:/home/aakashraawat/colcon_ws/install/tf2_msgs/lib:/home/aakashraawat/colcon_ws/install/tf2_eigen_kdl/lib:/home/aakashraawat/colcon_ws/install/unity_robotics_msgs/lib:/opt/ros/foxy/opt/yaml_cpp_vendor/lib:/opt/ros/foxy/opt/rviz_ogre_vendor/lib:/opt/ros/foxy/lib/x86_64-linux-gnu:/opt/ros/foxy/lib /usr/bin/cmake --build /home/aakashraawat/colcon_ws/build/tf2_eigen_kdl -- -j20 -l20
[0.152s] [ 25%] Built target gtest_main
[0.152s] [ 50%] Built target gtest
[0.155s] [ 75%] Built target tf2_eigen_kdl
[0.182s] [100%] Built target tf2_eigen_kdl_test
[0.194s] Invoked command in '/home/aakashraawat/colcon_ws/build/tf2_eigen_kdl' returned '0': CMAKE_PREFIX_PATH=/home/aakashraawat/colcon_ws/install/tf2:/home/aakashraawat/colcon_ws/install/geometry2:/home/aakashraawat/colcon_ws/install/tf2_tools:/home/aakashraawat/colcon_ws/install/tf2_sensor_msgs:/home/aakashraawat/colcon_ws/install/test_tf2:/home/aakashraawat/colcon_ws/install/tf2_kdl:/home/aakashraawat/colcon_ws/install/tf2_geometry_msgs:/home/aakashraawat/colcon_ws/install/tf2_eigen:/home/aakashraawat/colcon_ws/install/tf2_bullet:/home/aakashraawat/colcon_ws/install/tf2_ros:/home/aakashraawat/colcon_ws/install/tf2_py:/home/aakashraawat/colcon_ws/install/tf2_msgs:/home/aakashraawat/colcon_ws/install/tf2_eigen_kdl:/home/aakashraawat/colcon_ws/install/unity_robotics_msgs:/home/aakashraawat/colcon_ws/install/examples_tf2_py:/home/aakashraawat/colcon_ws/install/simulink_subscriber:/home/aakashraawat/colcon_ws/install/unity_robotics_demo:/home/aakashraawat/colcon_ws/install/ros_tcp_endpoint:/home/aakashraawat/colcon_ws/install/py_pubsub:/opt/ros/foxy LD_LIBRARY_PATH=/home/aakashraawat/colcon_ws/install/tf2/lib:/home/aakashraawat/colcon_ws/install/tf2_bullet/lib:/home/aakashraawat/colcon_ws/install/tf2_ros/lib:/home/aakashraawat/colcon_ws/install/tf2_msgs/lib:/home/aakashraawat/colcon_ws/install/tf2_eigen_kdl/lib:/home/aakashraawat/colcon_ws/install/unity_robotics_msgs/lib:/opt/ros/foxy/opt/yaml_cpp_vendor/lib:/opt/ros/foxy/opt/rviz_ogre_vendor/lib:/opt/ros/foxy/lib/x86_64-linux-gnu:/opt/ros/foxy/lib /usr/bin/cmake --build /home/aakashraawat/colcon_ws/build/tf2_eigen_kdl -- -j20 -l20
[0.228s] Invoking command in '/home/aakashraawat/colcon_ws/build/tf2_eigen_kdl': CMAKE_PREFIX_PATH=/home/aakashraawat/colcon_ws/install/tf2:/home/aakashraawat/colcon_ws/install/geometry2:/home/aakashraawat/colcon_ws/install/tf2_tools:/home/aakashraawat/colcon_ws/install/tf2_sensor_msgs:/home/aakashraawat/colcon_ws/install/test_tf2:/home/aakashraawat/colcon_ws/install/tf2_kdl:/home/aakashraawat/colcon_ws/install/tf2_geometry_msgs:/home/aakashraawat/colcon_ws/install/tf2_eigen:/home/aakashraawat/colcon_ws/install/tf2_bullet:/home/aakashraawat/colcon_ws/install/tf2_ros:/home/aakashraawat/colcon_ws/install/tf2_py:/home/aakashraawat/colcon_ws/install/tf2_msgs:/home/aakashraawat/colcon_ws/install/tf2_eigen_kdl:/home/aakashraawat/colcon_ws/install/unity_robotics_msgs:/home/aakashraawat/colcon_ws/install/examples_tf2_py:/home/aakashraawat/colcon_ws/install/simulink_subscriber:/home/aakashraawat/colcon_ws/install/unity_robotics_demo:/home/aakashraawat/colcon_ws/install/ros_tcp_endpoint:/home/aakashraawat/colcon_ws/install/py_pubsub:/opt/ros/foxy LD_LIBRARY_PATH=/home/aakashraawat/colcon_ws/install/tf2/lib:/home/aakashraawat/colcon_ws/install/tf2_bullet/lib:/home/aakashraawat/colcon_ws/install/tf2_ros/lib:/home/aakashraawat/colcon_ws/install/tf2_msgs/lib:/home/aakashraawat/colcon_ws/install/tf2_eigen_kdl/lib:/home/aakashraawat/colcon_ws/install/unity_robotics_msgs/lib:/opt/ros/foxy/opt/yaml_cpp_vendor/lib:/opt/ros/foxy/opt/rviz_ogre_vendor/lib:/opt/ros/foxy/lib/x86_64-linux-gnu:/opt/ros/foxy/lib /usr/bin/cmake --install /home/aakashraawat/colcon_ws/build/tf2_eigen_kdl
[0.236s] -- Install configuration: ""
[0.237s] -- Up-to-date: /home/aakashraawat/colcon_ws/install/tf2_eigen_kdl/include/tf2_eigen_kdl
[0.237s] -- Up-to-date: /home/aakashraawat/colcon_ws/install/tf2_eigen_kdl/include/tf2_eigen_kdl/visibility_control.h
[0.237s] -- Up-to-date: /home/aakashraawat/colcon_ws/install/tf2_eigen_kdl/include/tf2_eigen_kdl/tf2_eigen_kdl.hpp
[0.237s] -- Up-to-date: /home/aakashraawat/colcon_ws/install/tf2_eigen_kdl/lib/libtf2_eigen_kdl.so
[0.238s] -- Up-to-date: /home/aakashraawat/colcon_ws/install/tf2_eigen_kdl/share/tf2_eigen_kdl/environment/library_path.sh
[0.238s] -- Up-to-date: /home/aakashraawat/colcon_ws/install/tf2_eigen_kdl/share/tf2_eigen_kdl/environment/library_path.dsv
[0.238s] -- Up-to-date: /home/aakashraawat/colcon_ws/install/tf2_eigen_kdl/share/ament_index/resource_index/package_run_dependencies/tf2_eigen_kdl
[0.238s] -- Up-to-date: /home/aakashraawat/colcon_ws/install/tf2_eigen_kdl/share/ament_index/resource_index/parent_prefix_path/tf2_eigen_kdl
[0.238s] -- Up-to-date: /home/aakashraawat/colcon_ws/install/tf2_eigen_kdl/share/tf2_eigen_kdl/environment/ament_prefix_path.sh
[0.238s] -- Up-to-date: /home/aakashraawat/colcon_ws/install/tf2_eigen_kdl/share/tf2_eigen_kdl/environment/ament_prefix_path.dsv
[0.238s] -- Up-to-date: /home/aakashraawat/colcon_ws/install/tf2_eigen_kdl/share/tf2_eigen_kdl/environment/path.sh
[0.239s] -- Up-to-date: /home/aakashraawat/colcon_ws/install/tf2_eigen_kdl/share/tf2_eigen_kdl/environment/path.dsv
[0.239s] -- Up-to-date: /home/aakashraawat/colcon_ws/install/tf2_eigen_kdl/share/tf2_eigen_kdl/local_setup.bash
[0.240s] -- Up-to-date: /home/aakashraawat/colcon_ws/install/tf2_eigen_kdl/share/tf2_eigen_kdl/local_setup.sh
[0.240s] -- Up-to-date: /home/aakashraawat/colcon_ws/install/tf2_eigen_kdl/share/tf2_eigen_kdl/local_setup.zsh
[0.241s] -- Up-to-date: /home/aakashraawat/colcon_ws/install/tf2_eigen_kdl/share/tf2_eigen_kdl/local_setup.dsv
[0.241s] -- Installing: /home/aakashraawat/colcon_ws/install/tf2_eigen_kdl/share/tf2_eigen_kdl/package.dsv
[0.241s] -- Up-to-date: /home/aakashraawat/colcon_ws/install/tf2_eigen_kdl/share/ament_index/resource_index/packages/tf2_eigen_kdl
[0.242s] -- Up-to-date: /home/aakashraawat/colcon_ws/install/tf2_eigen_kdl/share/tf2_eigen_kdl/cmake/tf2_eigen_kdlExport.cmake
[0.242s] -- Up-to-date: /home/aakashraawat/colcon_ws/install/tf2_eigen_kdl/share/tf2_eigen_kdl/cmake/tf2_eigen_kdlExport-noconfig.cmake
[0.242s] -- Up-to-date: /home/aakashraawat/colcon_ws/install/tf2_eigen_kdl/share/tf2_eigen_kdl/cmake/ament_cmake_export_include_directories-extras.cmake
[0.242s] -- Up-to-date: /home/aakashraawat/colcon_ws/install/tf2_eigen_kdl/share/tf2_eigen_kdl/cmake/ament_cmake_export_dependencies-extras.cmake
[0.242s] -- Up-to-date: /home/aakashraawat/colcon_ws/install/tf2_eigen_kdl/share/tf2_eigen_kdl/cmake/ament_cmake_export_libraries-extras.cmake
[0.242s] -- Up-to-date: /home/aakashraawat/colcon_ws/install/tf2_eigen_kdl/share/tf2_eigen_kdl/cmake/ament_cmake_export_targets-extras.cmake
[0.243s] -- Up-to-date: /home/aakashraawat/colcon_ws/install/tf2_eigen_kdl/share/tf2_eigen_kdl/cmake/tf2_eigen_kdlConfig.cmake
[0.243s] -- Up-to-date: /home/aakashraawat/colcon_ws/install/tf2_eigen_kdl/share/tf2_eigen_kdl/cmake/tf2_eigen_kdlConfig-version.cmake
[0.244s] -- Up-to-date: /home/aakashraawat/colcon_ws/install/tf2_eigen_kdl/share/tf2_eigen_kdl/package.xml
[0.245s] Invoked command in '/home/aakashraawat/colcon_ws/build/tf2_eigen_kdl' returned '0': CMAKE_PREFIX_PATH=/home/aakashraawat/colcon_ws/install/tf2:/home/aakashraawat/colcon_ws/install/geometry2:/home/aakashraawat/colcon_ws/install/tf2_tools:/home/aakashraawat/colcon_ws/install/tf2_sensor_msgs:/home/aakashraawat/colcon_ws/install/test_tf2:/home/aakashraawat/colcon_ws/install/tf2_kdl:/home/aakashraawat/colcon_ws/install/tf2_geometry_msgs:/home/aakashraawat/colcon_ws/install/tf2_eigen:/home/aakashraawat/colcon_ws/install/tf2_bullet:/home/aakashraawat/colcon_ws/install/tf2_ros:/home/aakashraawat/colcon_ws/install/tf2_py:/home/aakashraawat/colcon_ws/install/tf2_msgs:/home/aakashraawat/colcon_ws/install/tf2_eigen_kdl:/home/aakashraawat/colcon_ws/install/unity_robotics_msgs:/home/aakashraawat/colcon_ws/install/examples_tf2_py:/home/aakashraawat/colcon_ws/install/simulink_subscriber:/home/aakashraawat/colcon_ws/install/unity_robotics_demo:/home/aakashraawat/colcon_ws/install/ros_tcp_endpoint:/home/aakashraawat/colcon_ws/install/py_pubsub:/opt/ros/foxy LD_LIBRARY_PATH=/home/aakashraawat/colcon_ws/install/tf2/lib:/home/aakashraawat/colcon_ws/install/tf2_bullet/lib:/home/aakashraawat/colcon_ws/install/tf2_ros/lib:/home/aakashraawat/colcon_ws/install/tf2_msgs/lib:/home/aakashraawat/colcon_ws/install/tf2_eigen_kdl/lib:/home/aakashraawat/colcon_ws/install/unity_robotics_msgs/lib:/opt/ros/foxy/opt/yaml_cpp_vendor/lib:/opt/ros/foxy/opt/rviz_ogre_vendor/lib:/opt/ros/foxy/lib/x86_64-linux-gnu:/opt/ros/foxy/lib /usr/bin/cmake --install /home/aakashraawat/colcon_ws/build/tf2_eigen_kdl
