-- The C compiler identification is GNU 9.4.0
-- The CXX compiler identification is GNU 9.4.0
-- Check for working C compiler: /usr/bin/cc
-- Check for working C compiler: /usr/bin/cc -- works
-- Detecting C compiler ABI info
-- Detecting C compiler ABI info - done
-- Detecting C compile features
-- Detecting C compile features - done
-- Check for working CXX compiler: /usr/bin/c++
-- Check for working CXX compiler: /usr/bin/c++ -- works
-- Detecting CXX compiler ABI info
-- Detecting CXX compiler ABI info - done
-- Detecting CXX compile features
-- Detecting CXX compile features - done
-- Found ament_cmake: 0.9.12 (/opt/ros/foxy/share/ament_cmake/cmake)
-- Found PythonInterp: /usr/bin/python3 (found suitable version "3.8.10", minimum required is "3") 
-- Using PYTHON_EXECUTABLE: /usr/bin/python3
-- Found console_bridge_vendor: 1.2.4 (/opt/ros/foxy/share/console_bridge_vendor/cmake)
-- Found geometry_msgs: 2.0.5 (/opt/ros/foxy/share/geometry_msgs/cmake)
-- Using all available rosidl_typesupport_c: rosidl_typesupport_fastrtps_c;rosidl_typesupport_introspection_c
-- Found rosidl_adapter: 1.3.1 (/opt/ros/foxy/share/rosidl_adapter/cmake)
-- Found OpenSSL: /usr/lib/x86_64-linux-gnu/libcrypto.so (found version "1.1.1f")  
-- Found FastRTPS: /opt/ros/foxy/include  
-- Using all available rosidl_typesupport_cpp: rosidl_typesupport_fastrtps_cpp;rosidl_typesupport_introspection_cpp
-- Found ament_cmake_gtest: 0.9.12 (/opt/ros/foxy/share/ament_cmake_gtest/cmake)
-- Found gtest sources under '/opt/ros/foxy/src/gtest_vendor': C++ tests using 'Google Test' will be built
-- Looking for pthread.h
-- Looking for pthread.h - found
-- Performing Test CMAKE_HAVE_LIBC_PTHREAD
-- Performing Test CMAKE_HAVE_LIBC_PTHREAD - Failed
-- Check if compiler accepts -pthread
-- Check if compiler accepts -pthread - yes
-- Found Threads: TRUE  
-- Configuring done
-- Generating done
-- Build files have been written to: /home/aakashraawat/colcon_ws/build/tf2
[35m[1mScanning dependencies of target gtest[0m
[35m[1mScanning dependencies of target gtest_main[0m
[35m[1mScanning dependencies of target tf2[0m
[ 17%] [32mBuilding CXX object CMakeFiles/tf2.dir/src/static_cache.cpp.o[0m
[ 17%] [32mBuilding CXX object CMakeFiles/tf2.dir/src/cache.cpp.o[0m
[ 17%] [32mBuilding CXX object gtest/CMakeFiles/gtest.dir/src/gtest-all.cc.o[0m
[ 23%] [32mBuilding CXX object gtest/CMakeFiles/gtest_main.dir/src/gtest_main.cc.o[0m
[ 35%] [32mBuilding CXX object CMakeFiles/tf2.dir/src/buffer_core.cpp.o[0m
[ 35%] [32mBuilding CXX object CMakeFiles/tf2.dir/src/time.cpp.o[0m
[ 41%] [32m[1mLinking CXX static library libgtest_main.a[0m
[ 41%] Built target gtest_main
[ 47%] [32m[1mLinking CXX shared library libtf2.so[0m
[ 47%] Built target tf2
[ 52%] [32m[1mLinking CXX static library libgtest.a[0m
[ 52%] Built target gtest
[35m[1mScanning dependencies of target test_simple[0m
[35m[1mScanning dependencies of target test_static_cache_unittest[0m
[35m[1mScanning dependencies of target test_time[0m
[35m[1mScanning dependencies of target test_cache_unittest[0m
[ 70%] [32mBuilding CXX object CMakeFiles/test_simple.dir/test/simple_tf2_core.cpp.o[0m
[ 70%] [32mBuilding CXX object CMakeFiles/test_cache_unittest.dir/test/cache_unittest.cpp.o[0m
[ 70%] [32mBuilding CXX object CMakeFiles/test_static_cache_unittest.dir/test/static_cache_test.cpp.o[0m
[ 76%] [32mBuilding CXX object CMakeFiles/test_time.dir/test/test_time.cpp.o[0m
[ 82%] [32m[1mLinking CXX executable test_static_cache_unittest[0m
[ 88%] [32m[1mLinking CXX executable test_time[0m
[ 94%] [32m[1mLinking CXX executable test_cache_unittest[0m
[100%] [32m[1mLinking CXX executable test_simple[0m
[100%] Built target test_static_cache_unittest
[100%] Built target test_time
[100%] Built target test_cache_unittest
[100%] Built target test_simple
-- Install configuration: ""
-- Installing: /home/aakashraawat/colcon_ws/install/tf2/lib/libtf2.so
-- Set runtime path of "/home/aakashraawat/colcon_ws/install/tf2/lib/libtf2.so" to ""
-- Installing: /home/aakashraawat/colcon_ws/install/tf2/include/tf2
-- Installing: /home/aakashraawat/colcon_ws/install/tf2/include/tf2/transform_datatypes.h
-- Installing: /home/aakashraawat/colcon_ws/install/tf2/include/tf2/time_cache.h
-- Installing: /home/aakashraawat/colcon_ws/install/tf2/include/tf2/exceptions.h
-- Installing: /home/aakashraawat/colcon_ws/install/tf2/include/tf2/visibility_control.h
-- Installing: /home/aakashraawat/colcon_ws/install/tf2/include/tf2/utils.h
-- Installing: /home/aakashraawat/colcon_ws/install/tf2/include/tf2/LinearMath
-- Installing: /home/aakashraawat/colcon_ws/install/tf2/include/tf2/LinearMath/Quaternion.h
-- Installing: /home/aakashraawat/colcon_ws/install/tf2/include/tf2/LinearMath/Matrix3x3.h
-- Installing: /home/aakashraawat/colcon_ws/install/tf2/include/tf2/LinearMath/QuadWord.h
-- Installing: /home/aakashraawat/colcon_ws/install/tf2/include/tf2/LinearMath/Vector3.h
-- Installing: /home/aakashraawat/colcon_ws/install/tf2/include/tf2/LinearMath/MinMax.h
-- Installing: /home/aakashraawat/colcon_ws/install/tf2/include/tf2/LinearMath/Transform.h
-- Installing: /home/aakashraawat/colcon_ws/install/tf2/include/tf2/LinearMath/Scalar.h
-- Installing: /home/aakashraawat/colcon_ws/install/tf2/include/tf2/buffer_core_interface.h
-- Installing: /home/aakashraawat/colcon_ws/install/tf2/include/tf2/transform_storage.h
-- Installing: /home/aakashraawat/colcon_ws/install/tf2/include/tf2/impl
-- Installing: /home/aakashraawat/colcon_ws/install/tf2/include/tf2/impl/utils.h
-- Installing: /home/aakashraawat/colcon_ws/install/tf2/include/tf2/impl/convert.h
-- Installing: /home/aakashraawat/colcon_ws/install/tf2/include/tf2/buffer_core.h
-- Installing: /home/aakashraawat/colcon_ws/install/tf2/include/tf2/time.h
-- Installing: /home/aakashraawat/colcon_ws/install/tf2/include/tf2/convert.h
-- Installing: /home/aakashraawat/colcon_ws/install/tf2/share/tf2/environment/library_path.sh
-- Installing: /home/aakashraawat/colcon_ws/install/tf2/share/tf2/environment/library_path.dsv
-- Installing: /home/aakashraawat/colcon_ws/install/tf2/share/ament_index/resource_index/package_run_dependencies/tf2
-- Installing: /home/aakashraawat/colcon_ws/install/tf2/share/ament_index/resource_index/parent_prefix_path/tf2
-- Installing: /home/aakashraawat/colcon_ws/install/tf2/share/tf2/environment/ament_prefix_path.sh
-- Installing: /home/aakashraawat/colcon_ws/install/tf2/share/tf2/environment/ament_prefix_path.dsv
-- Installing: /home/aakashraawat/colcon_ws/install/tf2/share/tf2/environment/path.sh
-- Installing: /home/aakashraawat/colcon_ws/install/tf2/share/tf2/environment/path.dsv
-- Installing: /home/aakashraawat/colcon_ws/install/tf2/share/tf2/local_setup.bash
-- Installing: /home/aakashraawat/colcon_ws/install/tf2/share/tf2/local_setup.sh
-- Installing: /home/aakashraawat/colcon_ws/install/tf2/share/tf2/local_setup.zsh
-- Installing: /home/aakashraawat/colcon_ws/install/tf2/share/tf2/local_setup.dsv
-- Installing: /home/aakashraawat/colcon_ws/install/tf2/share/tf2/package.dsv
-- Installing: /home/aakashraawat/colcon_ws/install/tf2/share/ament_index/resource_index/packages/tf2
-- Installing: /home/aakashraawat/colcon_ws/install/tf2/share/tf2/cmake/tf2Export.cmake
-- Installing: /home/aakashraawat/colcon_ws/install/tf2/share/tf2/cmake/tf2Export-noconfig.cmake
-- Installing: /home/aakashraawat/colcon_ws/install/tf2/share/tf2/cmake/ament_cmake_export_dependencies-extras.cmake
-- Installing: /home/aakashraawat/colcon_ws/install/tf2/share/tf2/cmake/ament_cmake_export_include_directories-extras.cmake
-- Installing: /home/aakashraawat/colcon_ws/install/tf2/share/tf2/cmake/ament_cmake_export_libraries-extras.cmake
-- Installing: /home/aakashraawat/colcon_ws/install/tf2/share/tf2/cmake/ament_cmake_export_targets-extras.cmake
-- Installing: /home/aakashraawat/colcon_ws/install/tf2/share/tf2/cmake/tf2Config.cmake
-- Installing: /home/aakashraawat/colcon_ws/install/tf2/share/tf2/cmake/tf2Config-version.cmake
-- Installing: /home/aakashraawat/colcon_ws/install/tf2/share/tf2/package.xml
