[0.041s] Invoking command in '/home/aakashraawat/colcon_ws/build/tf2_msgs': CMAKE_PREFIX_PATH=${CMAKE_PREFIX_PATH}:/home/aakashraawat/colcon_ws/install/simulink_subscriber:/home/aakashraawat/colcon_ws/install/unity_robotics_demo:/home/aakashraawat/colcon_ws/install/ros_tcp_endpoint:/home/aakashraawat/colcon_ws/install/py_pubsub:/opt/ros/foxy /usr/bin/cmake /home/aakashraawat/colcon_ws/src/geometry2/tf2_msgs -DCMAKE_INSTALL_PREFIX=/home/aakashraawat/colcon_ws/install/tf2_msgs
[0.637s] -- The C compiler identification is GNU 9.4.0
[0.639s] -- The CXX compiler identification is GNU 9.4.0
[0.640s] -- Check for working C compiler: /usr/bin/cc
[0.641s] -- Check for working C compiler: /usr/bin/cc -- works
[0.641s] -- Detecting C compiler ABI info
[0.696s] -- Detecting C compiler ABI info - done
[0.714s] -- Detecting C compile features
[0.714s] -- Detecting C compile features - done
[0.717s] -- Check for working CXX compiler: /usr/bin/c++
[0.884s] -- Check for working CXX compiler: /usr/bin/c++ -- works
[0.885s] -- Detecting CXX compiler ABI info
[1.029s] -- Detecting CXX compiler ABI info - done
[1.043s] -- Detecting CXX compile features
[1.043s] -- Detecting CXX compile features - done
[1.046s] -- Found ament_cmake: 0.9.12 (/opt/ros/foxy/share/ament_cmake/cmake)
[1.077s] -- Found PythonInterp: /usr/bin/python3 (found suitable version "3.8.10", minimum required is "3") 
[1.078s] -- Using PYTHON_EXECUTABLE: /usr/bin/python3
[1.321s] -- Found rosidl_default_generators: 1.0.1 (/opt/ros/foxy/share/rosidl_default_generators/cmake)
[1.324s] -- Using all available rosidl_typesupport_c: rosidl_typesupport_fastrtps_c;rosidl_typesupport_introspection_c
[1.330s] -- Found rosidl_adapter: 1.3.1 (/opt/ros/foxy/share/rosidl_adapter/cmake)
[2.119s] -- Found OpenSSL: /usr/lib/x86_64-linux-gnu/libcrypto.so (found version "1.1.1f")  
[2.733s] -- Found FastRTPS: /opt/ros/foxy/include  
[3.795s] -- Using all available rosidl_typesupport_cpp: rosidl_typesupport_fastrtps_cpp;rosidl_typesupport_introspection_cpp
[3.817s] -- Found builtin_interfaces: 1.0.0 (/opt/ros/foxy/share/builtin_interfaces/cmake)
[3.828s] -- Found action_msgs: 1.0.0 (/opt/ros/foxy/share/action_msgs/cmake)
[3.872s] -- Found std_msgs: 2.0.5 (/opt/ros/foxy/share/std_msgs/cmake)
[3.887s] -- Found geometry_msgs: 2.0.5 (/opt/ros/foxy/share/geometry_msgs/cmake)
[3.936s] -- Found PythonInterp: /usr/bin/python3 (found version "3.8.10") 
[4.124s] -- Found ament_cmake_cppcheck: 0.9.8 (/opt/ros/foxy/share/ament_cmake_cppcheck/cmake)
[4.125s] -- Found ament_cmake_cpplint: 0.9.8 (/opt/ros/foxy/share/ament_cmake_cpplint/cmake)
[4.127s] -- Found ament_cmake_uncrustify: 0.9.8 (/opt/ros/foxy/share/ament_cmake_uncrustify/cmake)
[4.129s] -- Found ament_cmake_ros: 0.9.2 (/opt/ros/foxy/share/ament_cmake_ros/cmake)
[8.805s] -- Using all available rosidl_typesupport_c: rosidl_typesupport_fastrtps_c;rosidl_typesupport_introspection_c
[8.911s] -- Using all available rosidl_typesupport_cpp: rosidl_typesupport_fastrtps_cpp;rosidl_typesupport_introspection_cpp
[8.938s] -- Found PythonInterp: /usr/bin/python3 (found suitable version "3.8.10", minimum required is "3.5") 
[8.939s] -- Found python_cmake_module: 0.8.1 (/opt/ros/foxy/share/python_cmake_module/cmake)
[9.385s] -- Found PythonLibs: /usr/lib/x86_64-linux-gnu/libpython3.8.so (found suitable version "3.8.10", minimum required is "3.5") 
[9.385s] -- Using PYTHON_EXECUTABLE: /usr/bin/python3
[9.385s] -- Using PYTHON_INCLUDE_DIRS: /usr/include/python3.8
[9.385s] -- Using PYTHON_LIBRARIES: /usr/lib/x86_64-linux-gnu/libpython3.8.so
[9.405s] -- Found PythonExtra: .so  
[9.512s] -- Found ament_cmake_flake8: 0.9.8 (/opt/ros/foxy/share/ament_cmake_flake8/cmake)
[9.514s] -- Found ament_cmake_pep257: 0.9.8 (/opt/ros/foxy/share/ament_cmake_pep257/cmake)
[9.523s] -- Configuring done
[9.592s] -- Generating done
[9.594s] -- Build files have been written to: /home/aakashraawat/colcon_ws/build/tf2_msgs
[9.609s] Invoked command in '/home/aakashraawat/colcon_ws/build/tf2_msgs' returned '0': CMAKE_PREFIX_PATH=${CMAKE_PREFIX_PATH}:/home/aakashraawat/colcon_ws/install/simulink_subscriber:/home/aakashraawat/colcon_ws/install/unity_robotics_demo:/home/aakashraawat/colcon_ws/install/ros_tcp_endpoint:/home/aakashraawat/colcon_ws/install/py_pubsub:/opt/ros/foxy /usr/bin/cmake /home/aakashraawat/colcon_ws/src/geometry2/tf2_msgs -DCMAKE_INSTALL_PREFIX=/home/aakashraawat/colcon_ws/install/tf2_msgs
[9.613s] Invoking command in '/home/aakashraawat/colcon_ws/build/tf2_msgs': CMAKE_PREFIX_PATH=${CMAKE_PREFIX_PATH}:/home/aakashraawat/colcon_ws/install/simulink_subscriber:/home/aakashraawat/colcon_ws/install/unity_robotics_demo:/home/aakashraawat/colcon_ws/install/ros_tcp_endpoint:/home/aakashraawat/colcon_ws/install/py_pubsub:/opt/ros/foxy /usr/bin/cmake --build /home/aakashraawat/colcon_ws/build/tf2_msgs -- -j20 -l20
[9.647s] [  1%] [34m[1mGenerating C code for ROS interfaces[0m
[9.647s] [35m[1mScanning dependencies of target tf2_msgs__cpp[0m
[9.657s] [  3%] [34m[1mGenerating C++ code for ROS interfaces[0m
[10.230s] [  3%] Built target tf2_msgs__cpp
[10.241s] [  9%] [34m[1mGenerating C++ type support for eProsima Fast-RTPS[0m
[10.241s] [  9%] [34m[1mGenerating C++ type support dispatch for ROS interfaces[0m
[10.241s] [  9%] [34m[1mGenerating C++ introspection for ROS interfaces[0m
[10.305s] [35m[1mScanning dependencies of target tf2_msgs__rosidl_generator_c[0m
[10.325s] [ 12%] [32mBuilding C object CMakeFiles/tf2_msgs__rosidl_generator_c.dir/rosidl_generator_c/tf2_msgs/msg/detail/tf_message__functions.c.o[0m
[10.325s] [ 12%] [32mBuilding C object CMakeFiles/tf2_msgs__rosidl_generator_c.dir/rosidl_generator_c/tf2_msgs/msg/detail/tf2_error__functions.c.o[0m
[10.326s] [ 16%] [32mBuilding C object CMakeFiles/tf2_msgs__rosidl_generator_c.dir/rosidl_generator_c/tf2_msgs/srv/detail/frame_graph__functions.c.o[0m
[10.326s] [ 16%] [32mBuilding C object CMakeFiles/tf2_msgs__rosidl_generator_c.dir/rosidl_generator_c/tf2_msgs/action/detail/lookup_transform__functions.c.o[0m
[10.463s] [ 18%] [32m[1mLinking C shared library libtf2_msgs__rosidl_generator_c.so[0m
[10.599s] [ 18%] Built target tf2_msgs__rosidl_generator_c
[10.610s] [ 21%] [34m[1mGenerating C type support dispatch for ROS interfaces[0m
[10.611s] [ 21%] [34m[1mGenerating C introspection for ROS interfaces[0m
[10.666s] [35m[1mScanning dependencies of target tf2_msgs__rosidl_typesupport_cpp[0m
[10.690s] [ 27%] [32mBuilding CXX object CMakeFiles/tf2_msgs__rosidl_typesupport_cpp.dir/rosidl_typesupport_cpp/tf2_msgs/msg/tf_message__type_support.cpp.o[0m
[10.690s] [ 27%] [32mBuilding CXX object CMakeFiles/tf2_msgs__rosidl_typesupport_cpp.dir/rosidl_typesupport_cpp/tf2_msgs/msg/tf2_error__type_support.cpp.o[0m
[10.690s] [ 27%] [32mBuilding CXX object CMakeFiles/tf2_msgs__rosidl_typesupport_cpp.dir/rosidl_typesupport_cpp/tf2_msgs/action/lookup_transform__type_support.cpp.o[0m
[10.690s] [ 29%] [32mBuilding CXX object CMakeFiles/tf2_msgs__rosidl_typesupport_cpp.dir/rosidl_typesupport_cpp/tf2_msgs/srv/frame_graph__type_support.cpp.o[0m
[10.750s] [35m[1mScanning dependencies of target tf2_msgs__rosidl_typesupport_introspection_cpp[0m
[10.770s] [ 32%] [32mBuilding CXX object CMakeFiles/tf2_msgs__rosidl_typesupport_introspection_cpp.dir/rosidl_typesupport_introspection_cpp/tf2_msgs/msg/detail/tf2_error__type_support.cpp.o[0m
[10.770s] [ 32%] [32mBuilding CXX object CMakeFiles/tf2_msgs__rosidl_typesupport_introspection_cpp.dir/rosidl_typesupport_introspection_cpp/tf2_msgs/srv/detail/frame_graph__type_support.cpp.o[0m
[10.771s] [ 34%] [32mBuilding CXX object CMakeFiles/tf2_msgs__rosidl_typesupport_introspection_cpp.dir/rosidl_typesupport_introspection_cpp/tf2_msgs/msg/detail/tf_message__type_support.cpp.o[0m
[10.771s] [ 36%] [32mBuilding CXX object CMakeFiles/tf2_msgs__rosidl_typesupport_introspection_cpp.dir/rosidl_typesupport_introspection_cpp/tf2_msgs/action/detail/lookup_transform__type_support.cpp.o[0m
[10.894s] [35m[1mScanning dependencies of target tf2_msgs__rosidl_typesupport_fastrtps_cpp[0m
[10.923s] [ 41%] [32mBuilding CXX object CMakeFiles/tf2_msgs__rosidl_typesupport_fastrtps_cpp.dir/rosidl_typesupport_fastrtps_cpp/tf2_msgs/srv/detail/dds_fastrtps/frame_graph__type_support.cpp.o[0m
[10.924s] [ 41%] [32mBuilding CXX object CMakeFiles/tf2_msgs__rosidl_typesupport_fastrtps_cpp.dir/rosidl_typesupport_fastrtps_cpp/tf2_msgs/action/detail/dds_fastrtps/lookup_transform__type_support.cpp.o[0m
[10.924s] [ 41%] [32mBuilding CXX object CMakeFiles/tf2_msgs__rosidl_typesupport_fastrtps_cpp.dir/rosidl_typesupport_fastrtps_cpp/tf2_msgs/msg/detail/dds_fastrtps/tf_message__type_support.cpp.o[0m
[10.924s] [ 43%] [32mBuilding CXX object CMakeFiles/tf2_msgs__rosidl_typesupport_fastrtps_cpp.dir/rosidl_typesupport_fastrtps_cpp/tf2_msgs/msg/detail/dds_fastrtps/tf2_error__type_support.cpp.o[0m
[11.126s] [ 45%] [32m[1mLinking CXX shared library libtf2_msgs__rosidl_typesupport_cpp.so[0m
[11.184s] [35m[1mScanning dependencies of target tf2_msgs__rosidl_typesupport_c[0m
[11.207s] [ 49%] [32mBuilding CXX object CMakeFiles/tf2_msgs__rosidl_typesupport_c.dir/rosidl_typesupport_c/tf2_msgs/srv/frame_graph__type_support.cpp.o[0m
[11.207s] [ 49%] [32mBuilding CXX object CMakeFiles/tf2_msgs__rosidl_typesupport_c.dir/rosidl_typesupport_c/tf2_msgs/msg/tf2_error__type_support.cpp.o[0m
[11.208s] [ 52%] [32mBuilding CXX object CMakeFiles/tf2_msgs__rosidl_typesupport_c.dir/rosidl_typesupport_c/tf2_msgs/msg/tf_message__type_support.cpp.o[0m
[11.208s] [ 52%] [32mBuilding CXX object CMakeFiles/tf2_msgs__rosidl_typesupport_c.dir/rosidl_typesupport_c/tf2_msgs/action/lookup_transform__type_support.cpp.o[0m
[11.237s] [ 54%] [32m[1mLinking CXX shared library libtf2_msgs__rosidl_typesupport_introspection_cpp.so[0m
[11.269s] [ 56%] [32m[1mLinking CXX shared library libtf2_msgs__rosidl_typesupport_c.so[0m
[11.298s] [ 56%] Built target tf2_msgs__rosidl_typesupport_cpp
[11.330s] [35m[1mScanning dependencies of target tf2_msgs__rosidl_typesupport_introspection_c[0m
[11.353s] [ 61%] [32mBuilding C object CMakeFiles/tf2_msgs__rosidl_typesupport_introspection_c.dir/rosidl_typesupport_introspection_c/tf2_msgs/action/detail/lookup_transform__type_support.c.o[0m
[11.354s] [ 61%] [32mBuilding C object CMakeFiles/tf2_msgs__rosidl_typesupport_introspection_c.dir/rosidl_typesupport_introspection_c/tf2_msgs/msg/detail/tf_message__type_support.c.o[0m
[11.354s] [ 61%] [32mBuilding C object CMakeFiles/tf2_msgs__rosidl_typesupport_introspection_c.dir/rosidl_typesupport_introspection_c/tf2_msgs/srv/detail/frame_graph__type_support.c.o[0m
[11.354s] [ 63%] [32mBuilding C object CMakeFiles/tf2_msgs__rosidl_typesupport_introspection_c.dir/rosidl_typesupport_introspection_c/tf2_msgs/msg/detail/tf2_error__type_support.c.o[0m
[11.410s] [ 65%] [32m[1mLinking C shared library libtf2_msgs__rosidl_typesupport_introspection_c.so[0m
[11.421s] [ 65%] Built target tf2_msgs__rosidl_typesupport_c
[11.448s] [ 65%] Built target tf2_msgs__rosidl_typesupport_introspection_cpp
[11.526s] [ 67%] [32m[1mLinking CXX shared library libtf2_msgs__rosidl_typesupport_fastrtps_cpp.so[0m
[11.536s] [ 67%] Built target tf2_msgs__rosidl_typesupport_introspection_c
[11.698s] [ 67%] Built target tf2_msgs__rosidl_typesupport_fastrtps_cpp
[11.708s] [ 69%] [34m[1mGenerating C type support for eProsima Fast-RTPS[0m
[12.154s] [35m[1mScanning dependencies of target tf2_msgs__rosidl_typesupport_fastrtps_c[0m
[12.178s] [ 70%] [32mBuilding CXX object CMakeFiles/tf2_msgs__rosidl_typesupport_fastrtps_c.dir/rosidl_typesupport_fastrtps_c/tf2_msgs/msg/detail/tf2_error__type_support_c.cpp.o[0m
[12.179s] [ 72%] [32mBuilding CXX object CMakeFiles/tf2_msgs__rosidl_typesupport_fastrtps_c.dir/rosidl_typesupport_fastrtps_c/tf2_msgs/msg/detail/tf_message__type_support_c.cpp.o[0m
[12.179s] [ 74%] [32mBuilding CXX object CMakeFiles/tf2_msgs__rosidl_typesupport_fastrtps_c.dir/rosidl_typesupport_fastrtps_c/tf2_msgs/action/detail/lookup_transform__type_support_c.cpp.o[0m
[12.179s] [ 76%] [32mBuilding CXX object CMakeFiles/tf2_msgs__rosidl_typesupport_fastrtps_c.dir/rosidl_typesupport_fastrtps_c/tf2_msgs/srv/detail/frame_graph__type_support_c.cpp.o[0m
[12.609s] [ 78%] [32m[1mLinking CXX shared library libtf2_msgs__rosidl_typesupport_fastrtps_c.so[0m
[12.776s] [ 78%] Built target tf2_msgs__rosidl_typesupport_fastrtps_c
[12.785s] [35m[1mScanning dependencies of target tf2_msgs[0m
[12.796s] [ 78%] Built target tf2_msgs
[12.804s] [35m[1mScanning dependencies of target tf2_msgs__py[0m
[12.814s] [ 80%] [34m[1mGenerating Python code for ROS interfaces[0m
[13.873s] [ 80%] Built target tf2_msgs__py
[13.881s] [35m[1mScanning dependencies of target tf2_msgs__python[0m
[13.907s] [ 81%] [32mBuilding C object CMakeFiles/tf2_msgs__python.dir/rosidl_generator_py/tf2_msgs/srv/_frame_graph_s.c.o[0m
[13.907s] [ 83%] [32mBuilding C object CMakeFiles/tf2_msgs__python.dir/rosidl_generator_py/tf2_msgs/msg/_tf2_error_s.c.o[0m
[13.908s] [ 85%] [32mBuilding C object CMakeFiles/tf2_msgs__python.dir/rosidl_generator_py/tf2_msgs/msg/_tf_message_s.c.o[0m
[13.908s] [ 87%] [32mBuilding C object CMakeFiles/tf2_msgs__python.dir/rosidl_generator_py/tf2_msgs/action/_lookup_transform_s.c.o[0m
[14.103s] [ 89%] [32m[1mLinking C shared library rosidl_generator_py/tf2_msgs/libtf2_msgs__python.so[0m
[14.286s] [ 89%] Built target tf2_msgs__python
[14.298s] [35m[1mScanning dependencies of target tf2_msgs__rosidl_typesupport_introspection_c__pyext[0m
[14.298s] [35m[1mScanning dependencies of target tf2_msgs__rosidl_typesupport_c__pyext[0m
[14.298s] [35m[1mScanning dependencies of target tf2_msgs__rosidl_typesupport_fastrtps_c__pyext[0m
[14.320s] [ 90%] [32mBuilding C object CMakeFiles/tf2_msgs__rosidl_typesupport_introspection_c__pyext.dir/rosidl_generator_py/tf2_msgs/_tf2_msgs_s.ep.rosidl_typesupport_introspection_c.c.o[0m
[14.321s] [ 92%] [32mBuilding C object CMakeFiles/tf2_msgs__rosidl_typesupport_c__pyext.dir/rosidl_generator_py/tf2_msgs/_tf2_msgs_s.ep.rosidl_typesupport_c.c.o[0m
[14.325s] [ 94%] [32mBuilding C object CMakeFiles/tf2_msgs__rosidl_typesupport_fastrtps_c__pyext.dir/rosidl_generator_py/tf2_msgs/_tf2_msgs_s.ep.rosidl_typesupport_fastrtps_c.c.o[0m
[14.459s] [ 96%] [32m[1mLinking CXX shared library rosidl_generator_py/tf2_msgs/tf2_msgs_s__rosidl_typesupport_fastrtps_c.cpython-38-x86_64-linux-gnu.so[0m
[14.464s] [ 98%] [32m[1mLinking C shared library rosidl_generator_py/tf2_msgs/tf2_msgs_s__rosidl_typesupport_c.cpython-38-x86_64-linux-gnu.so[0m
[14.465s] [100%] [32m[1mLinking C shared library rosidl_generator_py/tf2_msgs/tf2_msgs_s__rosidl_typesupport_introspection_c.cpython-38-x86_64-linux-gnu.so[0m
[14.587s] [100%] Built target tf2_msgs__rosidl_typesupport_introspection_c__pyext
[14.587s] [100%] Built target tf2_msgs__rosidl_typesupport_c__pyext
[14.625s] [100%] Built target tf2_msgs__rosidl_typesupport_fastrtps_c__pyext
[14.640s] Invoked command in '/home/aakashraawat/colcon_ws/build/tf2_msgs' returned '0': CMAKE_PREFIX_PATH=${CMAKE_PREFIX_PATH}:/home/aakashraawat/colcon_ws/install/simulink_subscriber:/home/aakashraawat/colcon_ws/install/unity_robotics_demo:/home/aakashraawat/colcon_ws/install/ros_tcp_endpoint:/home/aakashraawat/colcon_ws/install/py_pubsub:/opt/ros/foxy /usr/bin/cmake --build /home/aakashraawat/colcon_ws/build/tf2_msgs -- -j20 -l20
[14.731s] Invoking command in '/home/aakashraawat/colcon_ws/build/tf2_msgs': CMAKE_PREFIX_PATH=${CMAKE_PREFIX_PATH}:/home/aakashraawat/colcon_ws/install/simulink_subscriber:/home/aakashraawat/colcon_ws/install/unity_robotics_demo:/home/aakashraawat/colcon_ws/install/ros_tcp_endpoint:/home/aakashraawat/colcon_ws/install/py_pubsub:/opt/ros/foxy /usr/bin/cmake --install /home/aakashraawat/colcon_ws/build/tf2_msgs
[14.740s] -- Install configuration: ""
[14.741s] -- Installing: /home/aakashraawat/colcon_ws/install/tf2_msgs/share/ament_index/resource_index/rosidl_interfaces/tf2_msgs
[14.741s] -- Installing: /home/aakashraawat/colcon_ws/install/tf2_msgs/include/tf2_msgs
[14.741s] -- Installing: /home/aakashraawat/colcon_ws/install/tf2_msgs/include/tf2_msgs/action
[14.741s] -- Installing: /home/aakashraawat/colcon_ws/install/tf2_msgs/include/tf2_msgs/action/detail
[14.741s] -- Installing: /home/aakashraawat/colcon_ws/install/tf2_msgs/include/tf2_msgs/action/detail/lookup_transform__functions.c
[14.742s] -- Installing: /home/aakashraawat/colcon_ws/install/tf2_msgs/include/tf2_msgs/action/detail/lookup_transform__struct.h
[14.742s] -- Installing: /home/aakashraawat/colcon_ws/install/tf2_msgs/include/tf2_msgs/action/detail/lookup_transform__functions.h
[14.742s] -- Installing: /home/aakashraawat/colcon_ws/install/tf2_msgs/include/tf2_msgs/action/detail/lookup_transform__type_support.h
[14.742s] -- Installing: /home/aakashraawat/colcon_ws/install/tf2_msgs/include/tf2_msgs/action/lookup_transform.h
[14.743s] -- Installing: /home/aakashraawat/colcon_ws/install/tf2_msgs/include/tf2_msgs/msg
[14.743s] -- Installing: /home/aakashraawat/colcon_ws/install/tf2_msgs/include/tf2_msgs/msg/rosidl_generator_c__visibility_control.h
[14.743s] -- Installing: /home/aakashraawat/colcon_ws/install/tf2_msgs/include/tf2_msgs/msg/detail
[14.743s] -- Installing: /home/aakashraawat/colcon_ws/install/tf2_msgs/include/tf2_msgs/msg/detail/tf_message__functions.h
[14.743s] -- Installing: /home/aakashraawat/colcon_ws/install/tf2_msgs/include/tf2_msgs/msg/detail/tf2_error__functions.h
[14.743s] -- Installing: /home/aakashraawat/colcon_ws/install/tf2_msgs/include/tf2_msgs/msg/detail/tf2_error__struct.h
[14.744s] -- Installing: /home/aakashraawat/colcon_ws/install/tf2_msgs/include/tf2_msgs/msg/detail/tf_message__type_support.h
[14.744s] -- Installing: /home/aakashraawat/colcon_ws/install/tf2_msgs/include/tf2_msgs/msg/detail/tf_message__functions.c
[14.744s] -- Installing: /home/aakashraawat/colcon_ws/install/tf2_msgs/include/tf2_msgs/msg/detail/tf2_error__type_support.h
[14.744s] -- Installing: /home/aakashraawat/colcon_ws/install/tf2_msgs/include/tf2_msgs/msg/detail/tf_message__struct.h
[14.745s] -- Installing: /home/aakashraawat/colcon_ws/install/tf2_msgs/include/tf2_msgs/msg/detail/tf2_error__functions.c
[14.745s] -- Installing: /home/aakashraawat/colcon_ws/install/tf2_msgs/include/tf2_msgs/msg/tf2_error.h
[14.745s] -- Installing: /home/aakashraawat/colcon_ws/install/tf2_msgs/include/tf2_msgs/msg/tf_message.h
[14.745s] -- Installing: /home/aakashraawat/colcon_ws/install/tf2_msgs/include/tf2_msgs/srv
[14.745s] -- Installing: /home/aakashraawat/colcon_ws/install/tf2_msgs/include/tf2_msgs/srv/detail
[14.745s] -- Installing: /home/aakashraawat/colcon_ws/install/tf2_msgs/include/tf2_msgs/srv/detail/frame_graph__functions.c
[14.745s] -- Installing: /home/aakashraawat/colcon_ws/install/tf2_msgs/include/tf2_msgs/srv/detail/frame_graph__functions.h
[14.745s] -- Installing: /home/aakashraawat/colcon_ws/install/tf2_msgs/include/tf2_msgs/srv/detail/frame_graph__struct.h
[14.745s] -- Installing: /home/aakashraawat/colcon_ws/install/tf2_msgs/include/tf2_msgs/srv/detail/frame_graph__type_support.h
[14.746s] -- Installing: /home/aakashraawat/colcon_ws/install/tf2_msgs/include/tf2_msgs/srv/frame_graph.h
[14.746s] -- Installing: /home/aakashraawat/colcon_ws/install/tf2_msgs/share/tf2_msgs/environment/library_path.sh
[14.746s] -- Installing: /home/aakashraawat/colcon_ws/install/tf2_msgs/share/tf2_msgs/environment/library_path.dsv
[14.746s] -- Installing: /home/aakashraawat/colcon_ws/install/tf2_msgs/lib/libtf2_msgs__rosidl_generator_c.so
[14.746s] -- Set runtime path of "/home/aakashraawat/colcon_ws/install/tf2_msgs/lib/libtf2_msgs__rosidl_generator_c.so" to ""
[14.746s] -- Up-to-date: /home/aakashraawat/colcon_ws/install/tf2_msgs/include/tf2_msgs
[14.746s] -- Up-to-date: /home/aakashraawat/colcon_ws/install/tf2_msgs/include/tf2_msgs/action
[14.746s] -- Up-to-date: /home/aakashraawat/colcon_ws/install/tf2_msgs/include/tf2_msgs/action/detail
[14.747s] -- Installing: /home/aakashraawat/colcon_ws/install/tf2_msgs/include/tf2_msgs/action/detail/lookup_transform__rosidl_typesupport_fastrtps_c.h
[14.747s] -- Up-to-date: /home/aakashraawat/colcon_ws/install/tf2_msgs/include/tf2_msgs/msg
[14.747s] -- Up-to-date: /home/aakashraawat/colcon_ws/install/tf2_msgs/include/tf2_msgs/msg/detail
[14.747s] -- Installing: /home/aakashraawat/colcon_ws/install/tf2_msgs/include/tf2_msgs/msg/detail/tf_message__rosidl_typesupport_fastrtps_c.h
[14.747s] -- Installing: /home/aakashraawat/colcon_ws/install/tf2_msgs/include/tf2_msgs/msg/detail/tf2_error__rosidl_typesupport_fastrtps_c.h
[14.747s] -- Installing: /home/aakashraawat/colcon_ws/install/tf2_msgs/include/tf2_msgs/msg/rosidl_typesupport_fastrtps_c__visibility_control.h
[14.747s] -- Up-to-date: /home/aakashraawat/colcon_ws/install/tf2_msgs/include/tf2_msgs/srv
[14.747s] -- Up-to-date: /home/aakashraawat/colcon_ws/install/tf2_msgs/include/tf2_msgs/srv/detail
[14.748s] -- Installing: /home/aakashraawat/colcon_ws/install/tf2_msgs/include/tf2_msgs/srv/detail/frame_graph__rosidl_typesupport_fastrtps_c.h
[14.748s] -- Installing: /home/aakashraawat/colcon_ws/install/tf2_msgs/lib/libtf2_msgs__rosidl_typesupport_fastrtps_c.so
[14.748s] -- Set runtime path of "/home/aakashraawat/colcon_ws/install/tf2_msgs/lib/libtf2_msgs__rosidl_typesupport_fastrtps_c.so" to ""
[14.748s] -- Up-to-date: /home/aakashraawat/colcon_ws/install/tf2_msgs/include/tf2_msgs
[14.748s] -- Up-to-date: /home/aakashraawat/colcon_ws/install/tf2_msgs/include/tf2_msgs/action
[14.749s] -- Up-to-date: /home/aakashraawat/colcon_ws/install/tf2_msgs/include/tf2_msgs/action/detail
[14.749s] -- Installing: /home/aakashraawat/colcon_ws/install/tf2_msgs/include/tf2_msgs/action/detail/dds_fastrtps
[14.749s] -- Installing: /home/aakashraawat/colcon_ws/install/tf2_msgs/include/tf2_msgs/action/detail/lookup_transform__rosidl_typesupport_fastrtps_cpp.hpp
[14.749s] -- Up-to-date: /home/aakashraawat/colcon_ws/install/tf2_msgs/include/tf2_msgs/msg
[14.749s] -- Installing: /home/aakashraawat/colcon_ws/install/tf2_msgs/include/tf2_msgs/msg/rosidl_typesupport_fastrtps_cpp__visibility_control.h
[14.749s] -- Up-to-date: /home/aakashraawat/colcon_ws/install/tf2_msgs/include/tf2_msgs/msg/detail
[14.749s] -- Installing: /home/aakashraawat/colcon_ws/install/tf2_msgs/include/tf2_msgs/msg/detail/tf2_error__rosidl_typesupport_fastrtps_cpp.hpp
[14.749s] -- Installing: /home/aakashraawat/colcon_ws/install/tf2_msgs/include/tf2_msgs/msg/detail/tf_message__rosidl_typesupport_fastrtps_cpp.hpp
[14.750s] -- Installing: /home/aakashraawat/colcon_ws/install/tf2_msgs/include/tf2_msgs/msg/detail/dds_fastrtps
[14.750s] -- Up-to-date: /home/aakashraawat/colcon_ws/install/tf2_msgs/include/tf2_msgs/srv
[14.750s] -- Up-to-date: /home/aakashraawat/colcon_ws/install/tf2_msgs/include/tf2_msgs/srv/detail
[14.750s] -- Installing: /home/aakashraawat/colcon_ws/install/tf2_msgs/include/tf2_msgs/srv/detail/dds_fastrtps
[14.750s] -- Installing: /home/aakashraawat/colcon_ws/install/tf2_msgs/include/tf2_msgs/srv/detail/frame_graph__rosidl_typesupport_fastrtps_cpp.hpp
[14.750s] -- Installing: /home/aakashraawat/colcon_ws/install/tf2_msgs/lib/libtf2_msgs__rosidl_typesupport_fastrtps_cpp.so
[14.750s] -- Set runtime path of "/home/aakashraawat/colcon_ws/install/tf2_msgs/lib/libtf2_msgs__rosidl_typesupport_fastrtps_cpp.so" to ""
[14.750s] -- Up-to-date: /home/aakashraawat/colcon_ws/install/tf2_msgs/include/tf2_msgs
[14.751s] -- Up-to-date: /home/aakashraawat/colcon_ws/install/tf2_msgs/include/tf2_msgs/action
[14.751s] -- Up-to-date: /home/aakashraawat/colcon_ws/install/tf2_msgs/include/tf2_msgs/action/detail
[14.751s] -- Installing: /home/aakashraawat/colcon_ws/install/tf2_msgs/include/tf2_msgs/action/detail/lookup_transform__type_support.c
[14.751s] -- Installing: /home/aakashraawat/colcon_ws/install/tf2_msgs/include/tf2_msgs/action/detail/lookup_transform__rosidl_typesupport_introspection_c.h
[14.751s] -- Up-to-date: /home/aakashraawat/colcon_ws/install/tf2_msgs/include/tf2_msgs/msg
[14.751s] -- Installing: /home/aakashraawat/colcon_ws/install/tf2_msgs/include/tf2_msgs/msg/rosidl_typesupport_introspection_c__visibility_control.h
[14.752s] -- Up-to-date: /home/aakashraawat/colcon_ws/install/tf2_msgs/include/tf2_msgs/msg/detail
[14.752s] -- Installing: /home/aakashraawat/colcon_ws/install/tf2_msgs/include/tf2_msgs/msg/detail/tf_message__type_support.c
[14.752s] -- Installing: /home/aakashraawat/colcon_ws/install/tf2_msgs/include/tf2_msgs/msg/detail/tf_message__rosidl_typesupport_introspection_c.h
[14.752s] -- Installing: /home/aakashraawat/colcon_ws/install/tf2_msgs/include/tf2_msgs/msg/detail/tf2_error__rosidl_typesupport_introspection_c.h
[14.752s] -- Installing: /home/aakashraawat/colcon_ws/install/tf2_msgs/include/tf2_msgs/msg/detail/tf2_error__type_support.c
[14.752s] -- Up-to-date: /home/aakashraawat/colcon_ws/install/tf2_msgs/include/tf2_msgs/srv
[14.753s] -- Up-to-date: /home/aakashraawat/colcon_ws/install/tf2_msgs/include/tf2_msgs/srv/detail
[14.753s] -- Installing: /home/aakashraawat/colcon_ws/install/tf2_msgs/include/tf2_msgs/srv/detail/frame_graph__rosidl_typesupport_introspection_c.h
[14.753s] -- Installing: /home/aakashraawat/colcon_ws/install/tf2_msgs/include/tf2_msgs/srv/detail/frame_graph__type_support.c
[14.753s] -- Installing: /home/aakashraawat/colcon_ws/install/tf2_msgs/lib/libtf2_msgs__rosidl_typesupport_introspection_c.so
[14.753s] -- Set runtime path of "/home/aakashraawat/colcon_ws/install/tf2_msgs/lib/libtf2_msgs__rosidl_typesupport_introspection_c.so" to ""
[14.753s] -- Installing: /home/aakashraawat/colcon_ws/install/tf2_msgs/lib/libtf2_msgs__rosidl_typesupport_c.so
[14.753s] -- Set runtime path of "/home/aakashraawat/colcon_ws/install/tf2_msgs/lib/libtf2_msgs__rosidl_typesupport_c.so" to ""
[14.753s] -- Up-to-date: /home/aakashraawat/colcon_ws/install/tf2_msgs/include/tf2_msgs
[14.754s] -- Up-to-date: /home/aakashraawat/colcon_ws/install/tf2_msgs/include/tf2_msgs/action
[14.754s] -- Installing: /home/aakashraawat/colcon_ws/install/tf2_msgs/include/tf2_msgs/action/lookup_transform.hpp
[14.754s] -- Up-to-date: /home/aakashraawat/colcon_ws/install/tf2_msgs/include/tf2_msgs/action/detail
[14.754s] -- Installing: /home/aakashraawat/colcon_ws/install/tf2_msgs/include/tf2_msgs/action/detail/lookup_transform__type_support.hpp
[14.754s] -- Installing: /home/aakashraawat/colcon_ws/install/tf2_msgs/include/tf2_msgs/action/detail/lookup_transform__traits.hpp
[14.754s] -- Installing: /home/aakashraawat/colcon_ws/install/tf2_msgs/include/tf2_msgs/action/detail/lookup_transform__builder.hpp
[14.755s] -- Installing: /home/aakashraawat/colcon_ws/install/tf2_msgs/include/tf2_msgs/action/detail/lookup_transform__struct.hpp
[14.755s] -- Up-to-date: /home/aakashraawat/colcon_ws/install/tf2_msgs/include/tf2_msgs/msg
[14.755s] -- Installing: /home/aakashraawat/colcon_ws/install/tf2_msgs/include/tf2_msgs/msg/tf2_error.hpp
[14.755s] -- Up-to-date: /home/aakashraawat/colcon_ws/install/tf2_msgs/include/tf2_msgs/msg/detail
[14.755s] -- Installing: /home/aakashraawat/colcon_ws/install/tf2_msgs/include/tf2_msgs/msg/detail/tf2_error__type_support.hpp
[14.755s] -- Installing: /home/aakashraawat/colcon_ws/install/tf2_msgs/include/tf2_msgs/msg/detail/tf2_error__struct.hpp
[14.755s] -- Installing: /home/aakashraawat/colcon_ws/install/tf2_msgs/include/tf2_msgs/msg/detail/tf_message__type_support.hpp
[14.755s] -- Installing: /home/aakashraawat/colcon_ws/install/tf2_msgs/include/tf2_msgs/msg/detail/tf_message__builder.hpp
[14.755s] -- Installing: /home/aakashraawat/colcon_ws/install/tf2_msgs/include/tf2_msgs/msg/detail/tf2_error__builder.hpp
[14.755s] -- Installing: /home/aakashraawat/colcon_ws/install/tf2_msgs/include/tf2_msgs/msg/detail/tf_message__struct.hpp
[14.756s] -- Installing: /home/aakashraawat/colcon_ws/install/tf2_msgs/include/tf2_msgs/msg/detail/tf_message__traits.hpp
[14.756s] -- Installing: /home/aakashraawat/colcon_ws/install/tf2_msgs/include/tf2_msgs/msg/detail/tf2_error__traits.hpp
[14.756s] -- Installing: /home/aakashraawat/colcon_ws/install/tf2_msgs/include/tf2_msgs/msg/rosidl_generator_cpp__visibility_control.hpp
[14.756s] -- Installing: /home/aakashraawat/colcon_ws/install/tf2_msgs/include/tf2_msgs/msg/tf_message.hpp
[14.756s] -- Up-to-date: /home/aakashraawat/colcon_ws/install/tf2_msgs/include/tf2_msgs/srv
[14.756s] -- Up-to-date: /home/aakashraawat/colcon_ws/install/tf2_msgs/include/tf2_msgs/srv/detail
[14.756s] -- Installing: /home/aakashraawat/colcon_ws/install/tf2_msgs/include/tf2_msgs/srv/detail/frame_graph__type_support.hpp
[14.756s] -- Installing: /home/aakashraawat/colcon_ws/install/tf2_msgs/include/tf2_msgs/srv/detail/frame_graph__builder.hpp
[14.757s] -- Installing: /home/aakashraawat/colcon_ws/install/tf2_msgs/include/tf2_msgs/srv/detail/frame_graph__struct.hpp
[14.757s] -- Installing: /home/aakashraawat/colcon_ws/install/tf2_msgs/include/tf2_msgs/srv/detail/frame_graph__traits.hpp
[14.757s] -- Installing: /home/aakashraawat/colcon_ws/install/tf2_msgs/include/tf2_msgs/srv/frame_graph.hpp
[14.757s] -- Up-to-date: /home/aakashraawat/colcon_ws/install/tf2_msgs/include/tf2_msgs
[14.757s] -- Up-to-date: /home/aakashraawat/colcon_ws/install/tf2_msgs/include/tf2_msgs/action
[14.757s] -- Up-to-date: /home/aakashraawat/colcon_ws/install/tf2_msgs/include/tf2_msgs/action/detail
[14.757s] -- Installing: /home/aakashraawat/colcon_ws/install/tf2_msgs/include/tf2_msgs/action/detail/lookup_transform__type_support.cpp
[14.757s] -- Installing: /home/aakashraawat/colcon_ws/install/tf2_msgs/include/tf2_msgs/action/detail/lookup_transform__rosidl_typesupport_introspection_cpp.hpp
[14.757s] -- Up-to-date: /home/aakashraawat/colcon_ws/install/tf2_msgs/include/tf2_msgs/msg
[14.757s] -- Up-to-date: /home/aakashraawat/colcon_ws/install/tf2_msgs/include/tf2_msgs/msg/detail
[14.757s] -- Installing: /home/aakashraawat/colcon_ws/install/tf2_msgs/include/tf2_msgs/msg/detail/tf2_error__rosidl_typesupport_introspection_cpp.hpp
[14.757s] -- Installing: /home/aakashraawat/colcon_ws/install/tf2_msgs/include/tf2_msgs/msg/detail/tf2_error__type_support.cpp
[14.758s] -- Installing: /home/aakashraawat/colcon_ws/install/tf2_msgs/include/tf2_msgs/msg/detail/tf_message__type_support.cpp
[14.758s] -- Installing: /home/aakashraawat/colcon_ws/install/tf2_msgs/include/tf2_msgs/msg/detail/tf_message__rosidl_typesupport_introspection_cpp.hpp
[14.758s] -- Up-to-date: /home/aakashraawat/colcon_ws/install/tf2_msgs/include/tf2_msgs/srv
[14.758s] -- Up-to-date: /home/aakashraawat/colcon_ws/install/tf2_msgs/include/tf2_msgs/srv/detail
[14.758s] -- Installing: /home/aakashraawat/colcon_ws/install/tf2_msgs/include/tf2_msgs/srv/detail/frame_graph__type_support.cpp
[14.758s] -- Installing: /home/aakashraawat/colcon_ws/install/tf2_msgs/include/tf2_msgs/srv/detail/frame_graph__rosidl_typesupport_introspection_cpp.hpp
[14.758s] -- Installing: /home/aakashraawat/colcon_ws/install/tf2_msgs/lib/libtf2_msgs__rosidl_typesupport_introspection_cpp.so
[14.758s] -- Set runtime path of "/home/aakashraawat/colcon_ws/install/tf2_msgs/lib/libtf2_msgs__rosidl_typesupport_introspection_cpp.so" to ""
[14.758s] -- Installing: /home/aakashraawat/colcon_ws/install/tf2_msgs/lib/libtf2_msgs__rosidl_typesupport_cpp.so
[14.758s] -- Set runtime path of "/home/aakashraawat/colcon_ws/install/tf2_msgs/lib/libtf2_msgs__rosidl_typesupport_cpp.so" to ""
[14.758s] -- Installing: /home/aakashraawat/colcon_ws/install/tf2_msgs/share/tf2_msgs/environment/pythonpath.sh
[14.758s] -- Installing: /home/aakashraawat/colcon_ws/install/tf2_msgs/share/tf2_msgs/environment/pythonpath.dsv
[14.758s] -- Installing: /home/aakashraawat/colcon_ws/install/tf2_msgs/lib/python3.8/site-packages/tf2_msgs/__init__.py
[14.798s] Compiling '/home/aakashraawat/colcon_ws/install/tf2_msgs/lib/python3.8/site-packages/tf2_msgs/__init__.py'...
[14.804s] -- Installing: /home/aakashraawat/colcon_ws/install/tf2_msgs/lib/python3.8/site-packages/tf2_msgs/msg
[14.805s] -- Installing: /home/aakashraawat/colcon_ws/install/tf2_msgs/lib/python3.8/site-packages/tf2_msgs/msg/_tf2_error_s.c
[14.805s] -- Installing: /home/aakashraawat/colcon_ws/install/tf2_msgs/lib/python3.8/site-packages/tf2_msgs/msg/__init__.py
[14.805s] -- Installing: /home/aakashraawat/colcon_ws/install/tf2_msgs/lib/python3.8/site-packages/tf2_msgs/msg/_tf_message_s.c
[14.805s] -- Installing: /home/aakashraawat/colcon_ws/install/tf2_msgs/lib/python3.8/site-packages/tf2_msgs/msg/_tf2_error.py
[14.806s] -- Installing: /home/aakashraawat/colcon_ws/install/tf2_msgs/lib/python3.8/site-packages/tf2_msgs/msg/_tf_message.py
[14.806s] -- Installing: /home/aakashraawat/colcon_ws/install/tf2_msgs/lib/python3.8/site-packages/tf2_msgs/srv
[14.806s] -- Installing: /home/aakashraawat/colcon_ws/install/tf2_msgs/lib/python3.8/site-packages/tf2_msgs/srv/_frame_graph.py
[14.806s] -- Installing: /home/aakashraawat/colcon_ws/install/tf2_msgs/lib/python3.8/site-packages/tf2_msgs/srv/__init__.py
[14.806s] -- Installing: /home/aakashraawat/colcon_ws/install/tf2_msgs/lib/python3.8/site-packages/tf2_msgs/srv/_frame_graph_s.c
[14.806s] -- Installing: /home/aakashraawat/colcon_ws/install/tf2_msgs/lib/python3.8/site-packages/tf2_msgs/action
[14.807s] -- Installing: /home/aakashraawat/colcon_ws/install/tf2_msgs/lib/python3.8/site-packages/tf2_msgs/action/__init__.py
[14.807s] -- Installing: /home/aakashraawat/colcon_ws/install/tf2_msgs/lib/python3.8/site-packages/tf2_msgs/action/_lookup_transform.py
[14.807s] -- Installing: /home/aakashraawat/colcon_ws/install/tf2_msgs/lib/python3.8/site-packages/tf2_msgs/action/_lookup_transform_s.c
[14.807s] -- Installing: /home/aakashraawat/colcon_ws/install/tf2_msgs/lib/python3.8/site-packages/tf2_msgs/tf2_msgs_s__rosidl_typesupport_fastrtps_c.cpython-38-x86_64-linux-gnu.so
[14.807s] -- Set runtime path of "/home/aakashraawat/colcon_ws/install/tf2_msgs/lib/python3.8/site-packages/tf2_msgs/tf2_msgs_s__rosidl_typesupport_fastrtps_c.cpython-38-x86_64-linux-gnu.so" to ""
[14.808s] -- Installing: /home/aakashraawat/colcon_ws/install/tf2_msgs/lib/python3.8/site-packages/tf2_msgs/tf2_msgs_s__rosidl_typesupport_introspection_c.cpython-38-x86_64-linux-gnu.so
[14.808s] -- Set runtime path of "/home/aakashraawat/colcon_ws/install/tf2_msgs/lib/python3.8/site-packages/tf2_msgs/tf2_msgs_s__rosidl_typesupport_introspection_c.cpython-38-x86_64-linux-gnu.so" to ""
[14.808s] -- Installing: /home/aakashraawat/colcon_ws/install/tf2_msgs/lib/python3.8/site-packages/tf2_msgs/tf2_msgs_s__rosidl_typesupport_c.cpython-38-x86_64-linux-gnu.so
[14.809s] -- Set runtime path of "/home/aakashraawat/colcon_ws/install/tf2_msgs/lib/python3.8/site-packages/tf2_msgs/tf2_msgs_s__rosidl_typesupport_c.cpython-38-x86_64-linux-gnu.so" to ""
[14.809s] -- Installing: /home/aakashraawat/colcon_ws/install/tf2_msgs/lib/libtf2_msgs__python.so
[14.809s] -- Set runtime path of "/home/aakashraawat/colcon_ws/install/tf2_msgs/lib/libtf2_msgs__python.so" to ""
[14.810s] -- Installing: /home/aakashraawat/colcon_ws/install/tf2_msgs/share/tf2_msgs/msg/TF2Error.idl
[14.810s] -- Installing: /home/aakashraawat/colcon_ws/install/tf2_msgs/share/tf2_msgs/msg/TFMessage.idl
[14.810s] -- Installing: /home/aakashraawat/colcon_ws/install/tf2_msgs/share/tf2_msgs/srv/FrameGraph.idl
[14.810s] -- Installing: /home/aakashraawat/colcon_ws/install/tf2_msgs/share/tf2_msgs/action/LookupTransform.idl
[14.811s] -- Installing: /home/aakashraawat/colcon_ws/install/tf2_msgs/share/tf2_msgs/msg/TF2Error.msg
[14.811s] -- Installing: /home/aakashraawat/colcon_ws/install/tf2_msgs/share/tf2_msgs/msg/TFMessage.msg
[14.811s] -- Installing: /home/aakashraawat/colcon_ws/install/tf2_msgs/share/tf2_msgs/srv/FrameGraph.srv
[14.811s] -- Installing: /home/aakashraawat/colcon_ws/install/tf2_msgs/share/tf2_msgs/srv/FrameGraph_Request.msg
[14.812s] -- Installing: /home/aakashraawat/colcon_ws/install/tf2_msgs/share/tf2_msgs/srv/FrameGraph_Response.msg
[14.812s] -- Installing: /home/aakashraawat/colcon_ws/install/tf2_msgs/share/tf2_msgs/action/LookupTransform.action
[14.812s] -- Installing: /home/aakashraawat/colcon_ws/install/tf2_msgs/share/tf2_msgs/tfmessage_bridge_mapping_rule.yaml
[14.812s] -- Installing: /home/aakashraawat/colcon_ws/install/tf2_msgs/share/ament_index/resource_index/package_run_dependencies/tf2_msgs
[14.812s] -- Installing: /home/aakashraawat/colcon_ws/install/tf2_msgs/share/ament_index/resource_index/parent_prefix_path/tf2_msgs
[14.813s] -- Installing: /home/aakashraawat/colcon_ws/install/tf2_msgs/share/tf2_msgs/environment/ament_prefix_path.sh
[14.813s] -- Installing: /home/aakashraawat/colcon_ws/install/tf2_msgs/share/tf2_msgs/environment/ament_prefix_path.dsv
[14.813s] -- Installing: /home/aakashraawat/colcon_ws/install/tf2_msgs/share/tf2_msgs/environment/path.sh
[14.814s] -- Installing: /home/aakashraawat/colcon_ws/install/tf2_msgs/share/tf2_msgs/environment/path.dsv
[14.814s] -- Installing: /home/aakashraawat/colcon_ws/install/tf2_msgs/share/tf2_msgs/local_setup.bash
[14.814s] -- Installing: /home/aakashraawat/colcon_ws/install/tf2_msgs/share/tf2_msgs/local_setup.sh
[14.814s] -- Installing: /home/aakashraawat/colcon_ws/install/tf2_msgs/share/tf2_msgs/local_setup.zsh
[14.814s] -- Installing: /home/aakashraawat/colcon_ws/install/tf2_msgs/share/tf2_msgs/local_setup.dsv
[14.814s] -- Installing: /home/aakashraawat/colcon_ws/install/tf2_msgs/share/tf2_msgs/package.dsv
[14.814s] -- Installing: /home/aakashraawat/colcon_ws/install/tf2_msgs/share/ament_index/resource_index/packages/tf2_msgs
[14.814s] -- Installing: /home/aakashraawat/colcon_ws/install/tf2_msgs/share/tf2_msgs/cmake/tf2_msgs__rosidl_generator_cExport.cmake
[14.815s] -- Installing: /home/aakashraawat/colcon_ws/install/tf2_msgs/share/tf2_msgs/cmake/tf2_msgs__rosidl_generator_cExport-noconfig.cmake
[14.815s] -- Installing: /home/aakashraawat/colcon_ws/install/tf2_msgs/share/tf2_msgs/cmake/tf2_msgs__rosidl_typesupport_introspection_cExport.cmake
[14.815s] -- Installing: /home/aakashraawat/colcon_ws/install/tf2_msgs/share/tf2_msgs/cmake/tf2_msgs__rosidl_typesupport_introspection_cExport-noconfig.cmake
[14.815s] -- Installing: /home/aakashraawat/colcon_ws/install/tf2_msgs/share/tf2_msgs/cmake/tf2_msgs__rosidl_typesupport_cExport.cmake
[14.815s] -- Installing: /home/aakashraawat/colcon_ws/install/tf2_msgs/share/tf2_msgs/cmake/tf2_msgs__rosidl_typesupport_cExport-noconfig.cmake
[14.816s] -- Installing: /home/aakashraawat/colcon_ws/install/tf2_msgs/share/tf2_msgs/cmake/tf2_msgs__rosidl_generator_cppExport.cmake
[14.816s] -- Installing: /home/aakashraawat/colcon_ws/install/tf2_msgs/share/tf2_msgs/cmake/tf2_msgs__rosidl_typesupport_introspection_cppExport.cmake
[14.816s] -- Installing: /home/aakashraawat/colcon_ws/install/tf2_msgs/share/tf2_msgs/cmake/tf2_msgs__rosidl_typesupport_introspection_cppExport-noconfig.cmake
[14.816s] -- Installing: /home/aakashraawat/colcon_ws/install/tf2_msgs/share/tf2_msgs/cmake/tf2_msgs__rosidl_typesupport_cppExport.cmake
[14.816s] -- Installing: /home/aakashraawat/colcon_ws/install/tf2_msgs/share/tf2_msgs/cmake/tf2_msgs__rosidl_typesupport_cppExport-noconfig.cmake
[14.817s] -- Installing: /home/aakashraawat/colcon_ws/install/tf2_msgs/share/tf2_msgs/cmake/rosidl_cmake-extras.cmake
[14.817s] -- Installing: /home/aakashraawat/colcon_ws/install/tf2_msgs/share/tf2_msgs/cmake/ament_cmake_export_dependencies-extras.cmake
[14.817s] -- Installing: /home/aakashraawat/colcon_ws/install/tf2_msgs/share/tf2_msgs/cmake/ament_cmake_export_libraries-extras.cmake
[14.817s] -- Installing: /home/aakashraawat/colcon_ws/install/tf2_msgs/share/tf2_msgs/cmake/ament_cmake_export_targets-extras.cmake
[14.817s] -- Installing: /home/aakashraawat/colcon_ws/install/tf2_msgs/share/tf2_msgs/cmake/ament_cmake_export_include_directories-extras.cmake
[14.817s] -- Installing: /home/aakashraawat/colcon_ws/install/tf2_msgs/share/tf2_msgs/cmake/rosidl_cmake_export_typesupport_libraries-extras.cmake
[14.818s] -- Installing: /home/aakashraawat/colcon_ws/install/tf2_msgs/share/tf2_msgs/cmake/rosidl_cmake_export_typesupport_targets-extras.cmake
[14.818s] -- Installing: /home/aakashraawat/colcon_ws/install/tf2_msgs/share/tf2_msgs/cmake/tf2_msgsConfig.cmake
[14.818s] -- Installing: /home/aakashraawat/colcon_ws/install/tf2_msgs/share/tf2_msgs/cmake/tf2_msgsConfig-version.cmake
[14.818s] -- Installing: /home/aakashraawat/colcon_ws/install/tf2_msgs/share/tf2_msgs/package.xml
[14.821s] Invoked command in '/home/aakashraawat/colcon_ws/build/tf2_msgs' returned '0': CMAKE_PREFIX_PATH=${CMAKE_PREFIX_PATH}:/home/aakashraawat/colcon_ws/install/simulink_subscriber:/home/aakashraawat/colcon_ws/install/unity_robotics_demo:/home/aakashraawat/colcon_ws/install/ros_tcp_endpoint:/home/aakashraawat/colcon_ws/install/py_pubsub:/opt/ros/foxy /usr/bin/cmake --install /home/aakashraawat/colcon_ws/build/tf2_msgs
