[1.374s] Invoking command in '/home/aakashraawat/colcon_ws/src/geometry2/examples_tf2_py': CMAKE_PREFIX_PATH=/home/aakashraawat/colcon_ws/install/tf2_ros:/home/aakashraawat/colcon_ws/install/tf2_py:/home/aakashraawat/colcon_ws/install/tf2_msgs:/home/aakashraawat/colcon_ws/install/tf2:/home/aakashraawat/colcon_ws/install/geometry2:/home/aakashraawat/colcon_ws/install/tf2_tools:/home/aakashraawat/colcon_ws/install/tf2_sensor_msgs:/home/aakashraawat/colcon_ws/install/test_tf2:/home/aakashraawat/colcon_ws/install/tf2_kdl:/home/aakashraawat/colcon_ws/install/tf2_geometry_msgs:/home/aakashraawat/colcon_ws/install/tf2_eigen:/home/aakashraawat/colcon_ws/install/tf2_bullet:/home/aakashraawat/colcon_ws/install/tf2_eigen_kdl:/home/aakashraawat/colcon_ws/install/unity_robotics_msgs LD_LIBRARY_PATH=/home/aakashraawat/colcon_ws/install/tf2_ros/lib:/home/aakashraawat/colcon_ws/install/tf2_msgs/lib:/home/aakashraawat/colcon_ws/install/tf2/lib:/home/aakashraawat/colcon_ws/install/tf2_bullet/lib:/home/aakashraawat/colcon_ws/install/tf2_eigen_kdl/lib:/home/aakashraawat/colcon_ws/install/unity_robotics_msgs/lib:/opt/ros/foxy/opt/yaml_cpp_vendor/lib:/opt/ros/foxy/opt/rviz_ogre_vendor/lib:/opt/ros/foxy/lib/x86_64-linux-gnu:/opt/ros/foxy/lib PYTHONPATH=/home/aakashraawat/colcon_ws/build/examples_tf2_py/prefix_override:/home/aakashraawat/colcon_ws/install/examples_tf2_py/lib/python3.8/site-packages:/home/aakashraawat/colcon_ws/install/tf2_ros/lib/python3.8/site-packages:/home/aakashraawat/colcon_ws/install/tf2_py/lib/python3.8/site-packages:/home/aakashraawat/colcon_ws/install/tf2_msgs/lib/python3.8/site-packages:/home/aakashraawat/colcon_ws/install/tf2_kdl/lib/python3.8/site-packages:/home/aakashraawat/colcon_ws/install/tf2_geometry_msgs/lib/python3.8/site-packages:/home/aakashraawat/colcon_ws/install/examples_tf2_py/lib/python3.8/site-packages:/home/aakashraawat/colcon_ws/install/simulink_subscriber/lib/python3.8/site-packages:/home/aakashraawat/colcon_ws/install/unity_robotics_msgs/lib/python3.8/site-packages:/home/aakashraawat/colcon_ws/install/unity_robotics_demo/lib/python3.8/site-packages:/home/aakashraawat/colcon_ws/install/ros_tcp_endpoint/lib/python3.8/site-packages:/home/aakashraawat/colcon_ws/install/py_pubsub/lib/python3.8/site-packages:/opt/ros/foxy/lib/python3.8/site-packages /usr/bin/python3 -W ignore:setup.py install is deprecated setup.py egg_info --egg-base ../../../build/examples_tf2_py build --build-base /home/aakashraawat/colcon_ws/build/examples_tf2_py/build install --record /home/aakashraawat/colcon_ws/build/examples_tf2_py/install.log --install-scripts $base/lib/examples_tf2_py --single-version-externally-managed install_data
[1.560s] running egg_info
[1.560s] writing ../../../build/examples_tf2_py/examples_tf2_py.egg-info/PKG-INFO
[1.560s] writing dependency_links to ../../../build/examples_tf2_py/examples_tf2_py.egg-info/dependency_links.txt
[1.560s] writing entry points to ../../../build/examples_tf2_py/examples_tf2_py.egg-info/entry_points.txt
[1.560s] writing requirements to ../../../build/examples_tf2_py/examples_tf2_py.egg-info/requires.txt
[1.560s] writing top-level names to ../../../build/examples_tf2_py/examples_tf2_py.egg-info/top_level.txt
[1.590s] reading manifest file '../../../build/examples_tf2_py/examples_tf2_py.egg-info/SOURCES.txt'
[1.591s] writing manifest file '../../../build/examples_tf2_py/examples_tf2_py.egg-info/SOURCES.txt'
[1.591s] running build
[1.591s] running build_py
[1.592s] running install
[1.592s] running install_lib
[1.594s] running install_data
[1.594s] running install_egg_info
[1.598s] removing '/home/aakashraawat/colcon_ws/install/examples_tf2_py/lib/python3.8/site-packages/examples_tf2_py-0.13.14-py3.8.egg-info' (and everything under it)
[1.598s] Copying ../../../build/examples_tf2_py/examples_tf2_py.egg-info to /home/aakashraawat/colcon_ws/install/examples_tf2_py/lib/python3.8/site-packages/examples_tf2_py-0.13.14-py3.8.egg-info
[1.599s] running install_scripts
[1.612s] Installing async_waits_for_transform script to /home/aakashraawat/colcon_ws/install/examples_tf2_py/lib/examples_tf2_py
[1.613s] Installing blocking_waits_for_transform script to /home/aakashraawat/colcon_ws/install/examples_tf2_py/lib/examples_tf2_py
[1.613s] Installing dynamic_broadcaster script to /home/aakashraawat/colcon_ws/install/examples_tf2_py/lib/examples_tf2_py
[1.613s] Installing frame_dumper script to /home/aakashraawat/colcon_ws/install/examples_tf2_py/lib/examples_tf2_py
[1.613s] Installing static_broadcaster script to /home/aakashraawat/colcon_ws/install/examples_tf2_py/lib/examples_tf2_py
[1.613s] Installing waits_for_transform script to /home/aakashraawat/colcon_ws/install/examples_tf2_py/lib/examples_tf2_py
[1.613s] writing list of installed files to '/home/aakashraawat/colcon_ws/build/examples_tf2_py/install.log'
[1.643s] Invoked command in '/home/aakashraawat/colcon_ws/src/geometry2/examples_tf2_py' returned '0': CMAKE_PREFIX_PATH=/home/aakashraawat/colcon_ws/install/tf2_ros:/home/aakashraawat/colcon_ws/install/tf2_py:/home/aakashraawat/colcon_ws/install/tf2_msgs:/home/aakashraawat/colcon_ws/install/tf2:/home/aakashraawat/colcon_ws/install/geometry2:/home/aakashraawat/colcon_ws/install/tf2_tools:/home/aakashraawat/colcon_ws/install/tf2_sensor_msgs:/home/aakashraawat/colcon_ws/install/test_tf2:/home/aakashraawat/colcon_ws/install/tf2_kdl:/home/aakashraawat/colcon_ws/install/tf2_geometry_msgs:/home/aakashraawat/colcon_ws/install/tf2_eigen:/home/aakashraawat/colcon_ws/install/tf2_bullet:/home/aakashraawat/colcon_ws/install/tf2_eigen_kdl:/home/aakashraawat/colcon_ws/install/unity_robotics_msgs LD_LIBRARY_PATH=/home/aakashraawat/colcon_ws/install/tf2_ros/lib:/home/aakashraawat/colcon_ws/install/tf2_msgs/lib:/home/aakashraawat/colcon_ws/install/tf2/lib:/home/aakashraawat/colcon_ws/install/tf2_bullet/lib:/home/aakashraawat/colcon_ws/install/tf2_eigen_kdl/lib:/home/aakashraawat/colcon_ws/install/unity_robotics_msgs/lib:/opt/ros/foxy/opt/yaml_cpp_vendor/lib:/opt/ros/foxy/opt/rviz_ogre_vendor/lib:/opt/ros/foxy/lib/x86_64-linux-gnu:/opt/ros/foxy/lib PYTHONPATH=/home/aakashraawat/colcon_ws/build/examples_tf2_py/prefix_override:/home/aakashraawat/colcon_ws/install/examples_tf2_py/lib/python3.8/site-packages:/home/aakashraawat/colcon_ws/install/tf2_ros/lib/python3.8/site-packages:/home/aakashraawat/colcon_ws/install/tf2_py/lib/python3.8/site-packages:/home/aakashraawat/colcon_ws/install/tf2_msgs/lib/python3.8/site-packages:/home/aakashraawat/colcon_ws/install/tf2_kdl/lib/python3.8/site-packages:/home/aakashraawat/colcon_ws/install/tf2_geometry_msgs/lib/python3.8/site-packages:/home/aakashraawat/colcon_ws/install/examples_tf2_py/lib/python3.8/site-packages:/home/aakashraawat/colcon_ws/install/simulink_subscriber/lib/python3.8/site-packages:/home/aakashraawat/colcon_ws/install/unity_robotics_msgs/lib/python3.8/site-packages:/home/aakashraawat/colcon_ws/install/unity_robotics_demo/lib/python3.8/site-packages:/home/aakashraawat/colcon_ws/install/ros_tcp_endpoint/lib/python3.8/site-packages:/home/aakashraawat/colcon_ws/install/py_pubsub/lib/python3.8/site-packages:/opt/ros/foxy/lib/python3.8/site-packages /usr/bin/python3 -W ignore:setup.py install is deprecated setup.py egg_info --egg-base ../../../build/examples_tf2_py build --build-base /home/aakashraawat/colcon_ws/build/examples_tf2_py/build install --record /home/aakashraawat/colcon_ws/build/examples_tf2_py/install.log --install-scripts $base/lib/examples_tf2_py --single-version-externally-managed install_data
