[  1%] Built target tf2_msgs__cpp
[ 12%] Built target tf2_msgs__rosidl_generator_c
[ 36%] Built target tf2_msgs__rosidl_typesupport_c
[ 36%] Built target tf2_msgs__rosidl_typesupport_introspection_cpp
[ 54%] Built target tf2_msgs__rosidl_typesupport_cpp
[ 56%] Built target tf2_msgs__rosidl_typesupport_introspection_c
[ 67%] Built target tf2_msgs__rosidl_typesupport_fastrtps_cpp
[ 78%] Built target tf2_msgs__rosidl_typesupport_fastrtps_c
[ 78%] Built target tf2_msgs
[ 80%] Built target tf2_msgs__py
[ 89%] Built target tf2_msgs__python
[ 96%] Built target tf2_msgs__rosidl_typesupport_c__pyext
[ 96%] Built target tf2_msgs__rosidl_typesupport_fastrtps_c__pyext
[100%] Built target tf2_msgs__rosidl_typesupport_introspection_c__pyext
-- Install configuration: ""
-- Up-to-date: /home/aakashraawat/colcon_ws/install/tf2_msgs/share/ament_index/resource_index/rosidl_interfaces/tf2_msgs
-- Up-to-date: /home/aakashraawat/colcon_ws/install/tf2_msgs/include/tf2_msgs
-- Up-to-date: /home/aakashraawat/colcon_ws/install/tf2_msgs/include/tf2_msgs/action
-- Up-to-date: /home/aakashraawat/colcon_ws/install/tf2_msgs/include/tf2_msgs/action/detail
-- Up-to-date: /home/aakashraawat/colcon_ws/install/tf2_msgs/include/tf2_msgs/action/detail/lookup_transform__functions.c
-- Up-to-date: /home/aakashraawat/colcon_ws/install/tf2_msgs/include/tf2_msgs/action/detail/lookup_transform__struct.h
-- Up-to-date: /home/aakashraawat/colcon_ws/install/tf2_msgs/include/tf2_msgs/action/detail/lookup_transform__functions.h
-- Up-to-date: /home/aakashraawat/colcon_ws/install/tf2_msgs/include/tf2_msgs/action/detail/lookup_transform__type_support.h
-- Up-to-date: /home/aakashraawat/colcon_ws/install/tf2_msgs/include/tf2_msgs/action/lookup_transform.h
-- Up-to-date: /home/aakashraawat/colcon_ws/install/tf2_msgs/include/tf2_msgs/msg
-- Up-to-date: /home/aakashraawat/colcon_ws/install/tf2_msgs/include/tf2_msgs/msg/rosidl_generator_c__visibility_control.h
-- Up-to-date: /home/aakashraawat/colcon_ws/install/tf2_msgs/include/tf2_msgs/msg/detail
-- Up-to-date: /home/aakashraawat/colcon_ws/install/tf2_msgs/include/tf2_msgs/msg/detail/tf_message__functions.h
-- Up-to-date: /home/aakashraawat/colcon_ws/install/tf2_msgs/include/tf2_msgs/msg/detail/tf2_error__functions.h
-- Up-to-date: /home/aakashraawat/colcon_ws/install/tf2_msgs/include/tf2_msgs/msg/detail/tf2_error__struct.h
-- Up-to-date: /home/aakashraawat/colcon_ws/install/tf2_msgs/include/tf2_msgs/msg/detail/tf_message__type_support.h
-- Up-to-date: /home/aakashraawat/colcon_ws/install/tf2_msgs/include/tf2_msgs/msg/detail/tf_message__functions.c
-- Up-to-date: /home/aakashraawat/colcon_ws/install/tf2_msgs/include/tf2_msgs/msg/detail/tf2_error__type_support.h
-- Up-to-date: /home/aakashraawat/colcon_ws/install/tf2_msgs/include/tf2_msgs/msg/detail/tf_message__struct.h
-- Up-to-date: /home/aakashraawat/colcon_ws/install/tf2_msgs/include/tf2_msgs/msg/detail/tf2_error__functions.c
-- Up-to-date: /home/aakashraawat/colcon_ws/install/tf2_msgs/include/tf2_msgs/msg/tf2_error.h
-- Up-to-date: /home/aakashraawat/colcon_ws/install/tf2_msgs/include/tf2_msgs/msg/tf_message.h
-- Up-to-date: /home/aakashraawat/colcon_ws/install/tf2_msgs/include/tf2_msgs/srv
-- Up-to-date: /home/aakashraawat/colcon_ws/install/tf2_msgs/include/tf2_msgs/srv/detail
-- Up-to-date: /home/aakashraawat/colcon_ws/install/tf2_msgs/include/tf2_msgs/srv/detail/frame_graph__functions.c
-- Up-to-date: /home/aakashraawat/colcon_ws/install/tf2_msgs/include/tf2_msgs/srv/detail/frame_graph__functions.h
-- Up-to-date: /home/aakashraawat/colcon_ws/install/tf2_msgs/include/tf2_msgs/srv/detail/frame_graph__struct.h
-- Up-to-date: /home/aakashraawat/colcon_ws/install/tf2_msgs/include/tf2_msgs/srv/detail/frame_graph__type_support.h
-- Up-to-date: /home/aakashraawat/colcon_ws/install/tf2_msgs/include/tf2_msgs/srv/frame_graph.h
-- Up-to-date: /home/aakashraawat/colcon_ws/install/tf2_msgs/share/tf2_msgs/environment/library_path.sh
-- Up-to-date: /home/aakashraawat/colcon_ws/install/tf2_msgs/share/tf2_msgs/environment/library_path.dsv
-- Up-to-date: /home/aakashraawat/colcon_ws/install/tf2_msgs/lib/libtf2_msgs__rosidl_generator_c.so
-- Up-to-date: /home/aakashraawat/colcon_ws/install/tf2_msgs/include/tf2_msgs
-- Up-to-date: /home/aakashraawat/colcon_ws/install/tf2_msgs/include/tf2_msgs/action
-- Up-to-date: /home/aakashraawat/colcon_ws/install/tf2_msgs/include/tf2_msgs/action/detail
-- Up-to-date: /home/aakashraawat/colcon_ws/install/tf2_msgs/include/tf2_msgs/action/detail/lookup_transform__rosidl_typesupport_fastrtps_c.h
-- Up-to-date: /home/aakashraawat/colcon_ws/install/tf2_msgs/include/tf2_msgs/msg
-- Up-to-date: /home/aakashraawat/colcon_ws/install/tf2_msgs/include/tf2_msgs/msg/detail
-- Up-to-date: /home/aakashraawat/colcon_ws/install/tf2_msgs/include/tf2_msgs/msg/detail/tf_message__rosidl_typesupport_fastrtps_c.h
-- Up-to-date: /home/aakashraawat/colcon_ws/install/tf2_msgs/include/tf2_msgs/msg/detail/tf2_error__rosidl_typesupport_fastrtps_c.h
-- Up-to-date: /home/aakashraawat/colcon_ws/install/tf2_msgs/include/tf2_msgs/msg/rosidl_typesupport_fastrtps_c__visibility_control.h
-- Up-to-date: /home/aakashraawat/colcon_ws/install/tf2_msgs/include/tf2_msgs/srv
-- Up-to-date: /home/aakashraawat/colcon_ws/install/tf2_msgs/include/tf2_msgs/srv/detail
-- Up-to-date: /home/aakashraawat/colcon_ws/install/tf2_msgs/include/tf2_msgs/srv/detail/frame_graph__rosidl_typesupport_fastrtps_c.h
-- Up-to-date: /home/aakashraawat/colcon_ws/install/tf2_msgs/lib/libtf2_msgs__rosidl_typesupport_fastrtps_c.so
-- Up-to-date: /home/aakashraawat/colcon_ws/install/tf2_msgs/include/tf2_msgs
-- Up-to-date: /home/aakashraawat/colcon_ws/install/tf2_msgs/include/tf2_msgs/action
-- Up-to-date: /home/aakashraawat/colcon_ws/install/tf2_msgs/include/tf2_msgs/action/detail
-- Up-to-date: /home/aakashraawat/colcon_ws/install/tf2_msgs/include/tf2_msgs/action/detail/dds_fastrtps
-- Up-to-date: /home/aakashraawat/colcon_ws/install/tf2_msgs/include/tf2_msgs/action/detail/lookup_transform__rosidl_typesupport_fastrtps_cpp.hpp
-- Up-to-date: /home/aakashraawat/colcon_ws/install/tf2_msgs/include/tf2_msgs/msg
-- Up-to-date: /home/aakashraawat/colcon_ws/install/tf2_msgs/include/tf2_msgs/msg/rosidl_typesupport_fastrtps_cpp__visibility_control.h
-- Up-to-date: /home/aakashraawat/colcon_ws/install/tf2_msgs/include/tf2_msgs/msg/detail
-- Up-to-date: /home/aakashraawat/colcon_ws/install/tf2_msgs/include/tf2_msgs/msg/detail/tf2_error__rosidl_typesupport_fastrtps_cpp.hpp
-- Up-to-date: /home/aakashraawat/colcon_ws/install/tf2_msgs/include/tf2_msgs/msg/detail/tf_message__rosidl_typesupport_fastrtps_cpp.hpp
-- Up-to-date: /home/aakashraawat/colcon_ws/install/tf2_msgs/include/tf2_msgs/msg/detail/dds_fastrtps
-- Up-to-date: /home/aakashraawat/colcon_ws/install/tf2_msgs/include/tf2_msgs/srv
-- Up-to-date: /home/aakashraawat/colcon_ws/install/tf2_msgs/include/tf2_msgs/srv/detail
-- Up-to-date: /home/aakashraawat/colcon_ws/install/tf2_msgs/include/tf2_msgs/srv/detail/dds_fastrtps
-- Up-to-date: /home/aakashraawat/colcon_ws/install/tf2_msgs/include/tf2_msgs/srv/detail/frame_graph__rosidl_typesupport_fastrtps_cpp.hpp
-- Up-to-date: /home/aakashraawat/colcon_ws/install/tf2_msgs/lib/libtf2_msgs__rosidl_typesupport_fastrtps_cpp.so
-- Up-to-date: /home/aakashraawat/colcon_ws/install/tf2_msgs/include/tf2_msgs
-- Up-to-date: /home/aakashraawat/colcon_ws/install/tf2_msgs/include/tf2_msgs/action
-- Up-to-date: /home/aakashraawat/colcon_ws/install/tf2_msgs/include/tf2_msgs/action/detail
-- Up-to-date: /home/aakashraawat/colcon_ws/install/tf2_msgs/include/tf2_msgs/action/detail/lookup_transform__type_support.c
-- Up-to-date: /home/aakashraawat/colcon_ws/install/tf2_msgs/include/tf2_msgs/action/detail/lookup_transform__rosidl_typesupport_introspection_c.h
-- Up-to-date: /home/aakashraawat/colcon_ws/install/tf2_msgs/include/tf2_msgs/msg
-- Up-to-date: /home/aakashraawat/colcon_ws/install/tf2_msgs/include/tf2_msgs/msg/rosidl_typesupport_introspection_c__visibility_control.h
-- Up-to-date: /home/aakashraawat/colcon_ws/install/tf2_msgs/include/tf2_msgs/msg/detail
-- Up-to-date: /home/aakashraawat/colcon_ws/install/tf2_msgs/include/tf2_msgs/msg/detail/tf_message__type_support.c
-- Up-to-date: /home/aakashraawat/colcon_ws/install/tf2_msgs/include/tf2_msgs/msg/detail/tf_message__rosidl_typesupport_introspection_c.h
-- Up-to-date: /home/aakashraawat/colcon_ws/install/tf2_msgs/include/tf2_msgs/msg/detail/tf2_error__rosidl_typesupport_introspection_c.h
-- Up-to-date: /home/aakashraawat/colcon_ws/install/tf2_msgs/include/tf2_msgs/msg/detail/tf2_error__type_support.c
-- Up-to-date: /home/aakashraawat/colcon_ws/install/tf2_msgs/include/tf2_msgs/srv
-- Up-to-date: /home/aakashraawat/colcon_ws/install/tf2_msgs/include/tf2_msgs/srv/detail
-- Up-to-date: /home/aakashraawat/colcon_ws/install/tf2_msgs/include/tf2_msgs/srv/detail/frame_graph__rosidl_typesupport_introspection_c.h
-- Up-to-date: /home/aakashraawat/colcon_ws/install/tf2_msgs/include/tf2_msgs/srv/detail/frame_graph__type_support.c
-- Up-to-date: /home/aakashraawat/colcon_ws/install/tf2_msgs/lib/libtf2_msgs__rosidl_typesupport_introspection_c.so
-- Up-to-date: /home/aakashraawat/colcon_ws/install/tf2_msgs/lib/libtf2_msgs__rosidl_typesupport_c.so
-- Up-to-date: /home/aakashraawat/colcon_ws/install/tf2_msgs/include/tf2_msgs
-- Up-to-date: /home/aakashraawat/colcon_ws/install/tf2_msgs/include/tf2_msgs/action
-- Up-to-date: /home/aakashraawat/colcon_ws/install/tf2_msgs/include/tf2_msgs/action/lookup_transform.hpp
-- Up-to-date: /home/aakashraawat/colcon_ws/install/tf2_msgs/include/tf2_msgs/action/detail
-- Up-to-date: /home/aakashraawat/colcon_ws/install/tf2_msgs/include/tf2_msgs/action/detail/lookup_transform__type_support.hpp
-- Up-to-date: /home/aakashraawat/colcon_ws/install/tf2_msgs/include/tf2_msgs/action/detail/lookup_transform__traits.hpp
-- Up-to-date: /home/aakashraawat/colcon_ws/install/tf2_msgs/include/tf2_msgs/action/detail/lookup_transform__builder.hpp
-- Up-to-date: /home/aakashraawat/colcon_ws/install/tf2_msgs/include/tf2_msgs/action/detail/lookup_transform__struct.hpp
-- Up-to-date: /home/aakashraawat/colcon_ws/install/tf2_msgs/include/tf2_msgs/msg
-- Up-to-date: /home/aakashraawat/colcon_ws/install/tf2_msgs/include/tf2_msgs/msg/tf2_error.hpp
-- Up-to-date: /home/aakashraawat/colcon_ws/install/tf2_msgs/include/tf2_msgs/msg/detail
-- Up-to-date: /home/aakashraawat/colcon_ws/install/tf2_msgs/include/tf2_msgs/msg/detail/tf2_error__type_support.hpp
-- Up-to-date: /home/aakashraawat/colcon_ws/install/tf2_msgs/include/tf2_msgs/msg/detail/tf2_error__struct.hpp
-- Up-to-date: /home/aakashraawat/colcon_ws/install/tf2_msgs/include/tf2_msgs/msg/detail/tf_message__type_support.hpp
-- Up-to-date: /home/aakashraawat/colcon_ws/install/tf2_msgs/include/tf2_msgs/msg/detail/tf_message__builder.hpp
-- Up-to-date: /home/aakashraawat/colcon_ws/install/tf2_msgs/include/tf2_msgs/msg/detail/tf2_error__builder.hpp
-- Up-to-date: /home/aakashraawat/colcon_ws/install/tf2_msgs/include/tf2_msgs/msg/detail/tf_message__struct.hpp
-- Up-to-date: /home/aakashraawat/colcon_ws/install/tf2_msgs/include/tf2_msgs/msg/detail/tf_message__traits.hpp
-- Up-to-date: /home/aakashraawat/colcon_ws/install/tf2_msgs/include/tf2_msgs/msg/detail/tf2_error__traits.hpp
-- Up-to-date: /home/aakashraawat/colcon_ws/install/tf2_msgs/include/tf2_msgs/msg/rosidl_generator_cpp__visibility_control.hpp
-- Up-to-date: /home/aakashraawat/colcon_ws/install/tf2_msgs/include/tf2_msgs/msg/tf_message.hpp
-- Up-to-date: /home/aakashraawat/colcon_ws/install/tf2_msgs/include/tf2_msgs/srv
-- Up-to-date: /home/aakashraawat/colcon_ws/install/tf2_msgs/include/tf2_msgs/srv/detail
-- Up-to-date: /home/aakashraawat/colcon_ws/install/tf2_msgs/include/tf2_msgs/srv/detail/frame_graph__type_support.hpp
-- Up-to-date: /home/aakashraawat/colcon_ws/install/tf2_msgs/include/tf2_msgs/srv/detail/frame_graph__builder.hpp
-- Up-to-date: /home/aakashraawat/colcon_ws/install/tf2_msgs/include/tf2_msgs/srv/detail/frame_graph__struct.hpp
-- Up-to-date: /home/aakashraawat/colcon_ws/install/tf2_msgs/include/tf2_msgs/srv/detail/frame_graph__traits.hpp
-- Up-to-date: /home/aakashraawat/colcon_ws/install/tf2_msgs/include/tf2_msgs/srv/frame_graph.hpp
-- Up-to-date: /home/aakashraawat/colcon_ws/install/tf2_msgs/include/tf2_msgs
-- Up-to-date: /home/aakashraawat/colcon_ws/install/tf2_msgs/include/tf2_msgs/action
-- Up-to-date: /home/aakashraawat/colcon_ws/install/tf2_msgs/include/tf2_msgs/action/detail
-- Up-to-date: /home/aakashraawat/colcon_ws/install/tf2_msgs/include/tf2_msgs/action/detail/lookup_transform__type_support.cpp
-- Up-to-date: /home/aakashraawat/colcon_ws/install/tf2_msgs/include/tf2_msgs/action/detail/lookup_transform__rosidl_typesupport_introspection_cpp.hpp
-- Up-to-date: /home/aakashraawat/colcon_ws/install/tf2_msgs/include/tf2_msgs/msg
-- Up-to-date: /home/aakashraawat/colcon_ws/install/tf2_msgs/include/tf2_msgs/msg/detail
-- Up-to-date: /home/aakashraawat/colcon_ws/install/tf2_msgs/include/tf2_msgs/msg/detail/tf2_error__rosidl_typesupport_introspection_cpp.hpp
-- Up-to-date: /home/aakashraawat/colcon_ws/install/tf2_msgs/include/tf2_msgs/msg/detail/tf2_error__type_support.cpp
-- Up-to-date: /home/aakashraawat/colcon_ws/install/tf2_msgs/include/tf2_msgs/msg/detail/tf_message__type_support.cpp
-- Up-to-date: /home/aakashraawat/colcon_ws/install/tf2_msgs/include/tf2_msgs/msg/detail/tf_message__rosidl_typesupport_introspection_cpp.hpp
-- Up-to-date: /home/aakashraawat/colcon_ws/install/tf2_msgs/include/tf2_msgs/srv
-- Up-to-date: /home/aakashraawat/colcon_ws/install/tf2_msgs/include/tf2_msgs/srv/detail
-- Up-to-date: /home/aakashraawat/colcon_ws/install/tf2_msgs/include/tf2_msgs/srv/detail/frame_graph__type_support.cpp
-- Up-to-date: /home/aakashraawat/colcon_ws/install/tf2_msgs/include/tf2_msgs/srv/detail/frame_graph__rosidl_typesupport_introspection_cpp.hpp
-- Up-to-date: /home/aakashraawat/colcon_ws/install/tf2_msgs/lib/libtf2_msgs__rosidl_typesupport_introspection_cpp.so
-- Up-to-date: /home/aakashraawat/colcon_ws/install/tf2_msgs/lib/libtf2_msgs__rosidl_typesupport_cpp.so
-- Up-to-date: /home/aakashraawat/colcon_ws/install/tf2_msgs/share/tf2_msgs/environment/pythonpath.sh
-- Up-to-date: /home/aakashraawat/colcon_ws/install/tf2_msgs/share/tf2_msgs/environment/pythonpath.dsv
-- Up-to-date: /home/aakashraawat/colcon_ws/install/tf2_msgs/lib/python3.8/site-packages/tf2_msgs/__init__.py
-- Up-to-date: /home/aakashraawat/colcon_ws/install/tf2_msgs/lib/python3.8/site-packages/tf2_msgs/msg
-- Up-to-date: /home/aakashraawat/colcon_ws/install/tf2_msgs/lib/python3.8/site-packages/tf2_msgs/msg/_tf2_error_s.c
-- Up-to-date: /home/aakashraawat/colcon_ws/install/tf2_msgs/lib/python3.8/site-packages/tf2_msgs/msg/__init__.py
-- Up-to-date: /home/aakashraawat/colcon_ws/install/tf2_msgs/lib/python3.8/site-packages/tf2_msgs/msg/_tf_message_s.c
-- Up-to-date: /home/aakashraawat/colcon_ws/install/tf2_msgs/lib/python3.8/site-packages/tf2_msgs/msg/_tf2_error.py
-- Up-to-date: /home/aakashraawat/colcon_ws/install/tf2_msgs/lib/python3.8/site-packages/tf2_msgs/msg/_tf_message.py
-- Up-to-date: /home/aakashraawat/colcon_ws/install/tf2_msgs/lib/python3.8/site-packages/tf2_msgs/srv
-- Up-to-date: /home/aakashraawat/colcon_ws/install/tf2_msgs/lib/python3.8/site-packages/tf2_msgs/srv/_frame_graph.py
-- Up-to-date: /home/aakashraawat/colcon_ws/install/tf2_msgs/lib/python3.8/site-packages/tf2_msgs/srv/__init__.py
-- Up-to-date: /home/aakashraawat/colcon_ws/install/tf2_msgs/lib/python3.8/site-packages/tf2_msgs/srv/_frame_graph_s.c
-- Up-to-date: /home/aakashraawat/colcon_ws/install/tf2_msgs/lib/python3.8/site-packages/tf2_msgs/action
-- Up-to-date: /home/aakashraawat/colcon_ws/install/tf2_msgs/lib/python3.8/site-packages/tf2_msgs/action/__init__.py
-- Up-to-date: /home/aakashraawat/colcon_ws/install/tf2_msgs/lib/python3.8/site-packages/tf2_msgs/action/_lookup_transform.py
-- Up-to-date: /home/aakashraawat/colcon_ws/install/tf2_msgs/lib/python3.8/site-packages/tf2_msgs/action/_lookup_transform_s.c
-- Up-to-date: /home/aakashraawat/colcon_ws/install/tf2_msgs/lib/python3.8/site-packages/tf2_msgs/tf2_msgs_s__rosidl_typesupport_fastrtps_c.cpython-38-x86_64-linux-gnu.so
-- Up-to-date: /home/aakashraawat/colcon_ws/install/tf2_msgs/lib/python3.8/site-packages/tf2_msgs/tf2_msgs_s__rosidl_typesupport_introspection_c.cpython-38-x86_64-linux-gnu.so
-- Up-to-date: /home/aakashraawat/colcon_ws/install/tf2_msgs/lib/python3.8/site-packages/tf2_msgs/tf2_msgs_s__rosidl_typesupport_c.cpython-38-x86_64-linux-gnu.so
-- Up-to-date: /home/aakashraawat/colcon_ws/install/tf2_msgs/lib/libtf2_msgs__python.so
-- Up-to-date: /home/aakashraawat/colcon_ws/install/tf2_msgs/share/tf2_msgs/msg/TF2Error.idl
-- Up-to-date: /home/aakashraawat/colcon_ws/install/tf2_msgs/share/tf2_msgs/msg/TFMessage.idl
-- Up-to-date: /home/aakashraawat/colcon_ws/install/tf2_msgs/share/tf2_msgs/srv/FrameGraph.idl
-- Up-to-date: /home/aakashraawat/colcon_ws/install/tf2_msgs/share/tf2_msgs/action/LookupTransform.idl
-- Up-to-date: /home/aakashraawat/colcon_ws/install/tf2_msgs/share/tf2_msgs/msg/TF2Error.msg
-- Up-to-date: /home/aakashraawat/colcon_ws/install/tf2_msgs/share/tf2_msgs/msg/TFMessage.msg
-- Up-to-date: /home/aakashraawat/colcon_ws/install/tf2_msgs/share/tf2_msgs/srv/FrameGraph.srv
-- Up-to-date: /home/aakashraawat/colcon_ws/install/tf2_msgs/share/tf2_msgs/srv/FrameGraph_Request.msg
-- Up-to-date: /home/aakashraawat/colcon_ws/install/tf2_msgs/share/tf2_msgs/srv/FrameGraph_Response.msg
-- Up-to-date: /home/aakashraawat/colcon_ws/install/tf2_msgs/share/tf2_msgs/action/LookupTransform.action
-- Up-to-date: /home/aakashraawat/colcon_ws/install/tf2_msgs/share/tf2_msgs/tfmessage_bridge_mapping_rule.yaml
-- Up-to-date: /home/aakashraawat/colcon_ws/install/tf2_msgs/share/ament_index/resource_index/package_run_dependencies/tf2_msgs
-- Up-to-date: /home/aakashraawat/colcon_ws/install/tf2_msgs/share/ament_index/resource_index/parent_prefix_path/tf2_msgs
-- Up-to-date: /home/aakashraawat/colcon_ws/install/tf2_msgs/share/tf2_msgs/environment/ament_prefix_path.sh
-- Up-to-date: /home/aakashraawat/colcon_ws/install/tf2_msgs/share/tf2_msgs/environment/ament_prefix_path.dsv
-- Up-to-date: /home/aakashraawat/colcon_ws/install/tf2_msgs/share/tf2_msgs/environment/path.sh
-- Up-to-date: /home/aakashraawat/colcon_ws/install/tf2_msgs/share/tf2_msgs/environment/path.dsv
-- Up-to-date: /home/aakashraawat/colcon_ws/install/tf2_msgs/share/tf2_msgs/local_setup.bash
-- Up-to-date: /home/aakashraawat/colcon_ws/install/tf2_msgs/share/tf2_msgs/local_setup.sh
-- Up-to-date: /home/aakashraawat/colcon_ws/install/tf2_msgs/share/tf2_msgs/local_setup.zsh
-- Up-to-date: /home/aakashraawat/colcon_ws/install/tf2_msgs/share/tf2_msgs/local_setup.dsv
-- Installing: /home/aakashraawat/colcon_ws/install/tf2_msgs/share/tf2_msgs/package.dsv
-- Up-to-date: /home/aakashraawat/colcon_ws/install/tf2_msgs/share/ament_index/resource_index/packages/tf2_msgs
-- Up-to-date: /home/aakashraawat/colcon_ws/install/tf2_msgs/share/tf2_msgs/cmake/tf2_msgs__rosidl_generator_cExport.cmake
-- Up-to-date: /home/aakashraawat/colcon_ws/install/tf2_msgs/share/tf2_msgs/cmake/tf2_msgs__rosidl_generator_cExport-noconfig.cmake
-- Up-to-date: /home/aakashraawat/colcon_ws/install/tf2_msgs/share/tf2_msgs/cmake/tf2_msgs__rosidl_typesupport_introspection_cExport.cmake
-- Up-to-date: /home/aakashraawat/colcon_ws/install/tf2_msgs/share/tf2_msgs/cmake/tf2_msgs__rosidl_typesupport_introspection_cExport-noconfig.cmake
-- Up-to-date: /home/aakashraawat/colcon_ws/install/tf2_msgs/share/tf2_msgs/cmake/tf2_msgs__rosidl_typesupport_cExport.cmake
-- Up-to-date: /home/aakashraawat/colcon_ws/install/tf2_msgs/share/tf2_msgs/cmake/tf2_msgs__rosidl_typesupport_cExport-noconfig.cmake
-- Up-to-date: /home/aakashraawat/colcon_ws/install/tf2_msgs/share/tf2_msgs/cmake/tf2_msgs__rosidl_generator_cppExport.cmake
-- Up-to-date: /home/aakashraawat/colcon_ws/install/tf2_msgs/share/tf2_msgs/cmake/tf2_msgs__rosidl_typesupport_introspection_cppExport.cmake
-- Up-to-date: /home/aakashraawat/colcon_ws/install/tf2_msgs/share/tf2_msgs/cmake/tf2_msgs__rosidl_typesupport_introspection_cppExport-noconfig.cmake
-- Up-to-date: /home/aakashraawat/colcon_ws/install/tf2_msgs/share/tf2_msgs/cmake/tf2_msgs__rosidl_typesupport_cppExport.cmake
-- Up-to-date: /home/aakashraawat/colcon_ws/install/tf2_msgs/share/tf2_msgs/cmake/tf2_msgs__rosidl_typesupport_cppExport-noconfig.cmake
-- Up-to-date: /home/aakashraawat/colcon_ws/install/tf2_msgs/share/tf2_msgs/cmake/rosidl_cmake-extras.cmake
-- Up-to-date: /home/aakashraawat/colcon_ws/install/tf2_msgs/share/tf2_msgs/cmake/ament_cmake_export_dependencies-extras.cmake
-- Up-to-date: /home/aakashraawat/colcon_ws/install/tf2_msgs/share/tf2_msgs/cmake/ament_cmake_export_libraries-extras.cmake
-- Up-to-date: /home/aakashraawat/colcon_ws/install/tf2_msgs/share/tf2_msgs/cmake/ament_cmake_export_targets-extras.cmake
-- Up-to-date: /home/aakashraawat/colcon_ws/install/tf2_msgs/share/tf2_msgs/cmake/ament_cmake_export_include_directories-extras.cmake
-- Up-to-date: /home/aakashraawat/colcon_ws/install/tf2_msgs/share/tf2_msgs/cmake/rosidl_cmake_export_typesupport_libraries-extras.cmake
-- Up-to-date: /home/aakashraawat/colcon_ws/install/tf2_msgs/share/tf2_msgs/cmake/rosidl_cmake_export_typesupport_targets-extras.cmake
-- Up-to-date: /home/aakashraawat/colcon_ws/install/tf2_msgs/share/tf2_msgs/cmake/tf2_msgsConfig.cmake
-- Up-to-date: /home/aakashraawat/colcon_ws/install/tf2_msgs/share/tf2_msgs/cmake/tf2_msgsConfig-version.cmake
-- Up-to-date: /home/aakashraawat/colcon_ws/install/tf2_msgs/share/tf2_msgs/package.xml
