[0.044s] Invoking command in '/home/aakashraawat/colcon_ws/build/tf2_msgs': CMAKE_PREFIX_PATH=${CMAKE_PREFIX_PATH}:/home/aakashraawat/colcon_ws/install/examples_tf2_py:/home/aakashraawat/colcon_ws/install/simulink_subscriber:/home/aakashraawat/colcon_ws/install/unity_robotics_demo:/home/aakashraawat/colcon_ws/install/ros_tcp_endpoint:/home/aakashraawat/colcon_ws/install/py_pubsub:/opt/ros/foxy /usr/bin/cmake --build /home/aakashraawat/colcon_ws/build/tf2_msgs -- -j20 -l20
[0.667s] [  1%] Built target tf2_msgs__cpp
[0.668s] [ 12%] Built target tf2_msgs__rosidl_generator_c
[0.670s] [ 36%] Built target tf2_msgs__rosidl_typesupport_c
[0.670s] [ 36%] Built target tf2_msgs__rosidl_typesupport_introspection_cpp
[0.670s] [ 54%] Built target tf2_msgs__rosidl_typesupport_cpp
[0.670s] [ 56%] Built target tf2_msgs__rosidl_typesupport_introspection_c
[0.670s] [ 67%] Built target tf2_msgs__rosidl_typesupport_fastrtps_cpp
[0.672s] [ 78%] Built target tf2_msgs__rosidl_typesupport_fastrtps_c
[0.672s] [ 78%] Built target tf2_msgs
[0.672s] [ 80%] Built target tf2_msgs__py
[0.672s] [ 89%] Built target tf2_msgs__python
[0.673s] [ 96%] Built target tf2_msgs__rosidl_typesupport_c__pyext
[0.674s] [ 96%] Built target tf2_msgs__rosidl_typesupport_fastrtps_c__pyext
[0.674s] [100%] Built target tf2_msgs__rosidl_typesupport_introspection_c__pyext
[0.679s] Invoked command in '/home/aakashraawat/colcon_ws/build/tf2_msgs' returned '0': CMAKE_PREFIX_PATH=${CMAKE_PREFIX_PATH}:/home/aakashraawat/colcon_ws/install/examples_tf2_py:/home/aakashraawat/colcon_ws/install/simulink_subscriber:/home/aakashraawat/colcon_ws/install/unity_robotics_demo:/home/aakashraawat/colcon_ws/install/ros_tcp_endpoint:/home/aakashraawat/colcon_ws/install/py_pubsub:/opt/ros/foxy /usr/bin/cmake --build /home/aakashraawat/colcon_ws/build/tf2_msgs -- -j20 -l20
[0.775s] Invoking command in '/home/aakashraawat/colcon_ws/build/tf2_msgs': CMAKE_PREFIX_PATH=${CMAKE_PREFIX_PATH}:/home/aakashraawat/colcon_ws/install/examples_tf2_py:/home/aakashraawat/colcon_ws/install/simulink_subscriber:/home/aakashraawat/colcon_ws/install/unity_robotics_demo:/home/aakashraawat/colcon_ws/install/ros_tcp_endpoint:/home/aakashraawat/colcon_ws/install/py_pubsub:/opt/ros/foxy /usr/bin/cmake --install /home/aakashraawat/colcon_ws/build/tf2_msgs
[0.783s] -- Install configuration: ""
[0.784s] -- Up-to-date: /home/aakashraawat/colcon_ws/install/tf2_msgs/share/ament_index/resource_index/rosidl_interfaces/tf2_msgs
[0.784s] -- Up-to-date: /home/aakashraawat/colcon_ws/install/tf2_msgs/include/tf2_msgs
[0.784s] -- Up-to-date: /home/aakashraawat/colcon_ws/install/tf2_msgs/include/tf2_msgs/action
[0.784s] -- Up-to-date: /home/aakashraawat/colcon_ws/install/tf2_msgs/include/tf2_msgs/action/detail
[0.785s] -- Up-to-date: /home/aakashraawat/colcon_ws/install/tf2_msgs/include/tf2_msgs/action/detail/lookup_transform__functions.c
[0.785s] -- Up-to-date: /home/aakashraawat/colcon_ws/install/tf2_msgs/include/tf2_msgs/action/detail/lookup_transform__struct.h
[0.786s] -- Up-to-date: /home/aakashraawat/colcon_ws/install/tf2_msgs/include/tf2_msgs/action/detail/lookup_transform__functions.h
[0.786s] -- Up-to-date: /home/aakashraawat/colcon_ws/install/tf2_msgs/include/tf2_msgs/action/detail/lookup_transform__type_support.h
[0.786s] -- Up-to-date: /home/aakashraawat/colcon_ws/install/tf2_msgs/include/tf2_msgs/action/lookup_transform.h
[0.787s] -- Up-to-date: /home/aakashraawat/colcon_ws/install/tf2_msgs/include/tf2_msgs/msg
[0.787s] -- Up-to-date: /home/aakashraawat/colcon_ws/install/tf2_msgs/include/tf2_msgs/msg/rosidl_generator_c__visibility_control.h
[0.787s] -- Up-to-date: /home/aakashraawat/colcon_ws/install/tf2_msgs/include/tf2_msgs/msg/detail
[0.787s] -- Up-to-date: /home/aakashraawat/colcon_ws/install/tf2_msgs/include/tf2_msgs/msg/detail/tf_message__functions.h
[0.787s] -- Up-to-date: /home/aakashraawat/colcon_ws/install/tf2_msgs/include/tf2_msgs/msg/detail/tf2_error__functions.h
[0.787s] -- Up-to-date: /home/aakashraawat/colcon_ws/install/tf2_msgs/include/tf2_msgs/msg/detail/tf2_error__struct.h
[0.788s] -- Up-to-date: /home/aakashraawat/colcon_ws/install/tf2_msgs/include/tf2_msgs/msg/detail/tf_message__type_support.h
[0.788s] -- Up-to-date: /home/aakashraawat/colcon_ws/install/tf2_msgs/include/tf2_msgs/msg/detail/tf_message__functions.c
[0.789s] -- Up-to-date: /home/aakashraawat/colcon_ws/install/tf2_msgs/include/tf2_msgs/msg/detail/tf2_error__type_support.h
[0.789s] -- Up-to-date: /home/aakashraawat/colcon_ws/install/tf2_msgs/include/tf2_msgs/msg/detail/tf_message__struct.h
[0.789s] -- Up-to-date: /home/aakashraawat/colcon_ws/install/tf2_msgs/include/tf2_msgs/msg/detail/tf2_error__functions.c
[0.789s] -- Up-to-date: /home/aakashraawat/colcon_ws/install/tf2_msgs/include/tf2_msgs/msg/tf2_error.h
[0.789s] -- Up-to-date: /home/aakashraawat/colcon_ws/install/tf2_msgs/include/tf2_msgs/msg/tf_message.h
[0.789s] -- Up-to-date: /home/aakashraawat/colcon_ws/install/tf2_msgs/include/tf2_msgs/srv
[0.789s] -- Up-to-date: /home/aakashraawat/colcon_ws/install/tf2_msgs/include/tf2_msgs/srv/detail
[0.789s] -- Up-to-date: /home/aakashraawat/colcon_ws/install/tf2_msgs/include/tf2_msgs/srv/detail/frame_graph__functions.c
[0.789s] -- Up-to-date: /home/aakashraawat/colcon_ws/install/tf2_msgs/include/tf2_msgs/srv/detail/frame_graph__functions.h
[0.790s] -- Up-to-date: /home/aakashraawat/colcon_ws/install/tf2_msgs/include/tf2_msgs/srv/detail/frame_graph__struct.h
[0.790s] -- Up-to-date: /home/aakashraawat/colcon_ws/install/tf2_msgs/include/tf2_msgs/srv/detail/frame_graph__type_support.h
[0.790s] -- Up-to-date: /home/aakashraawat/colcon_ws/install/tf2_msgs/include/tf2_msgs/srv/frame_graph.h
[0.790s] -- Up-to-date: /home/aakashraawat/colcon_ws/install/tf2_msgs/share/tf2_msgs/environment/library_path.sh
[0.790s] -- Up-to-date: /home/aakashraawat/colcon_ws/install/tf2_msgs/share/tf2_msgs/environment/library_path.dsv
[0.790s] -- Up-to-date: /home/aakashraawat/colcon_ws/install/tf2_msgs/lib/libtf2_msgs__rosidl_generator_c.so
[0.790s] -- Up-to-date: /home/aakashraawat/colcon_ws/install/tf2_msgs/include/tf2_msgs
[0.790s] -- Up-to-date: /home/aakashraawat/colcon_ws/install/tf2_msgs/include/tf2_msgs/action
[0.790s] -- Up-to-date: /home/aakashraawat/colcon_ws/install/tf2_msgs/include/tf2_msgs/action/detail
[0.790s] -- Up-to-date: /home/aakashraawat/colcon_ws/install/tf2_msgs/include/tf2_msgs/action/detail/lookup_transform__rosidl_typesupport_fastrtps_c.h
[0.790s] -- Up-to-date: /home/aakashraawat/colcon_ws/install/tf2_msgs/include/tf2_msgs/msg
[0.790s] -- Up-to-date: /home/aakashraawat/colcon_ws/install/tf2_msgs/include/tf2_msgs/msg/detail
[0.790s] -- Up-to-date: /home/aakashraawat/colcon_ws/install/tf2_msgs/include/tf2_msgs/msg/detail/tf_message__rosidl_typesupport_fastrtps_c.h
[0.791s] -- Up-to-date: /home/aakashraawat/colcon_ws/install/tf2_msgs/include/tf2_msgs/msg/detail/tf2_error__rosidl_typesupport_fastrtps_c.h
[0.791s] -- Up-to-date: /home/aakashraawat/colcon_ws/install/tf2_msgs/include/tf2_msgs/msg/rosidl_typesupport_fastrtps_c__visibility_control.h
[0.791s] -- Up-to-date: /home/aakashraawat/colcon_ws/install/tf2_msgs/include/tf2_msgs/srv
[0.791s] -- Up-to-date: /home/aakashraawat/colcon_ws/install/tf2_msgs/include/tf2_msgs/srv/detail
[0.791s] -- Up-to-date: /home/aakashraawat/colcon_ws/install/tf2_msgs/include/tf2_msgs/srv/detail/frame_graph__rosidl_typesupport_fastrtps_c.h
[0.791s] -- Up-to-date: /home/aakashraawat/colcon_ws/install/tf2_msgs/lib/libtf2_msgs__rosidl_typesupport_fastrtps_c.so
[0.791s] -- Up-to-date: /home/aakashraawat/colcon_ws/install/tf2_msgs/include/tf2_msgs
[0.791s] -- Up-to-date: /home/aakashraawat/colcon_ws/install/tf2_msgs/include/tf2_msgs/action
[0.791s] -- Up-to-date: /home/aakashraawat/colcon_ws/install/tf2_msgs/include/tf2_msgs/action/detail
[0.791s] -- Up-to-date: /home/aakashraawat/colcon_ws/install/tf2_msgs/include/tf2_msgs/action/detail/dds_fastrtps
[0.791s] -- Up-to-date: /home/aakashraawat/colcon_ws/install/tf2_msgs/include/tf2_msgs/action/detail/lookup_transform__rosidl_typesupport_fastrtps_cpp.hpp
[0.792s] -- Up-to-date: /home/aakashraawat/colcon_ws/install/tf2_msgs/include/tf2_msgs/msg
[0.792s] -- Up-to-date: /home/aakashraawat/colcon_ws/install/tf2_msgs/include/tf2_msgs/msg/rosidl_typesupport_fastrtps_cpp__visibility_control.h
[0.792s] -- Up-to-date: /home/aakashraawat/colcon_ws/install/tf2_msgs/include/tf2_msgs/msg/detail
[0.792s] -- Up-to-date: /home/aakashraawat/colcon_ws/install/tf2_msgs/include/tf2_msgs/msg/detail/tf2_error__rosidl_typesupport_fastrtps_cpp.hpp
[0.792s] -- Up-to-date: /home/aakashraawat/colcon_ws/install/tf2_msgs/include/tf2_msgs/msg/detail/tf_message__rosidl_typesupport_fastrtps_cpp.hpp
[0.792s] -- Up-to-date: /home/aakashraawat/colcon_ws/install/tf2_msgs/include/tf2_msgs/msg/detail/dds_fastrtps
[0.792s] -- Up-to-date: /home/aakashraawat/colcon_ws/install/tf2_msgs/include/tf2_msgs/srv
[0.792s] -- Up-to-date: /home/aakashraawat/colcon_ws/install/tf2_msgs/include/tf2_msgs/srv/detail
[0.792s] -- Up-to-date: /home/aakashraawat/colcon_ws/install/tf2_msgs/include/tf2_msgs/srv/detail/dds_fastrtps
[0.792s] -- Up-to-date: /home/aakashraawat/colcon_ws/install/tf2_msgs/include/tf2_msgs/srv/detail/frame_graph__rosidl_typesupport_fastrtps_cpp.hpp
[0.792s] -- Up-to-date: /home/aakashraawat/colcon_ws/install/tf2_msgs/lib/libtf2_msgs__rosidl_typesupport_fastrtps_cpp.so
[0.792s] -- Up-to-date: /home/aakashraawat/colcon_ws/install/tf2_msgs/include/tf2_msgs
[0.793s] -- Up-to-date: /home/aakashraawat/colcon_ws/install/tf2_msgs/include/tf2_msgs/action
[0.793s] -- Up-to-date: /home/aakashraawat/colcon_ws/install/tf2_msgs/include/tf2_msgs/action/detail
[0.793s] -- Up-to-date: /home/aakashraawat/colcon_ws/install/tf2_msgs/include/tf2_msgs/action/detail/lookup_transform__type_support.c
[0.793s] -- Up-to-date: /home/aakashraawat/colcon_ws/install/tf2_msgs/include/tf2_msgs/action/detail/lookup_transform__rosidl_typesupport_introspection_c.h
[0.794s] -- Up-to-date: /home/aakashraawat/colcon_ws/install/tf2_msgs/include/tf2_msgs/msg
[0.794s] -- Up-to-date: /home/aakashraawat/colcon_ws/install/tf2_msgs/include/tf2_msgs/msg/rosidl_typesupport_introspection_c__visibility_control.h
[0.794s] -- Up-to-date: /home/aakashraawat/colcon_ws/install/tf2_msgs/include/tf2_msgs/msg/detail
[0.794s] -- Up-to-date: /home/aakashraawat/colcon_ws/install/tf2_msgs/include/tf2_msgs/msg/detail/tf_message__type_support.c
[0.794s] -- Up-to-date: /home/aakashraawat/colcon_ws/install/tf2_msgs/include/tf2_msgs/msg/detail/tf_message__rosidl_typesupport_introspection_c.h
[0.794s] -- Up-to-date: /home/aakashraawat/colcon_ws/install/tf2_msgs/include/tf2_msgs/msg/detail/tf2_error__rosidl_typesupport_introspection_c.h
[0.794s] -- Up-to-date: /home/aakashraawat/colcon_ws/install/tf2_msgs/include/tf2_msgs/msg/detail/tf2_error__type_support.c
[0.794s] -- Up-to-date: /home/aakashraawat/colcon_ws/install/tf2_msgs/include/tf2_msgs/srv
[0.795s] -- Up-to-date: /home/aakashraawat/colcon_ws/install/tf2_msgs/include/tf2_msgs/srv/detail
[0.795s] -- Up-to-date: /home/aakashraawat/colcon_ws/install/tf2_msgs/include/tf2_msgs/srv/detail/frame_graph__rosidl_typesupport_introspection_c.h
[0.795s] -- Up-to-date: /home/aakashraawat/colcon_ws/install/tf2_msgs/include/tf2_msgs/srv/detail/frame_graph__type_support.c
[0.795s] -- Up-to-date: /home/aakashraawat/colcon_ws/install/tf2_msgs/lib/libtf2_msgs__rosidl_typesupport_introspection_c.so
[0.795s] -- Up-to-date: /home/aakashraawat/colcon_ws/install/tf2_msgs/lib/libtf2_msgs__rosidl_typesupport_c.so
[0.796s] -- Up-to-date: /home/aakashraawat/colcon_ws/install/tf2_msgs/include/tf2_msgs
[0.796s] -- Up-to-date: /home/aakashraawat/colcon_ws/install/tf2_msgs/include/tf2_msgs/action
[0.796s] -- Up-to-date: /home/aakashraawat/colcon_ws/install/tf2_msgs/include/tf2_msgs/action/lookup_transform.hpp
[0.796s] -- Up-to-date: /home/aakashraawat/colcon_ws/install/tf2_msgs/include/tf2_msgs/action/detail
[0.796s] -- Up-to-date: /home/aakashraawat/colcon_ws/install/tf2_msgs/include/tf2_msgs/action/detail/lookup_transform__type_support.hpp
[0.796s] -- Up-to-date: /home/aakashraawat/colcon_ws/install/tf2_msgs/include/tf2_msgs/action/detail/lookup_transform__traits.hpp
[0.796s] -- Up-to-date: /home/aakashraawat/colcon_ws/install/tf2_msgs/include/tf2_msgs/action/detail/lookup_transform__builder.hpp
[0.797s] -- Up-to-date: /home/aakashraawat/colcon_ws/install/tf2_msgs/include/tf2_msgs/action/detail/lookup_transform__struct.hpp
[0.797s] -- Up-to-date: /home/aakashraawat/colcon_ws/install/tf2_msgs/include/tf2_msgs/msg
[0.797s] -- Up-to-date: /home/aakashraawat/colcon_ws/install/tf2_msgs/include/tf2_msgs/msg/tf2_error.hpp
[0.797s] -- Up-to-date: /home/aakashraawat/colcon_ws/install/tf2_msgs/include/tf2_msgs/msg/detail
[0.797s] -- Up-to-date: /home/aakashraawat/colcon_ws/install/tf2_msgs/include/tf2_msgs/msg/detail/tf2_error__type_support.hpp
[0.798s] -- Up-to-date: /home/aakashraawat/colcon_ws/install/tf2_msgs/include/tf2_msgs/msg/detail/tf2_error__struct.hpp
[0.798s] -- Up-to-date: /home/aakashraawat/colcon_ws/install/tf2_msgs/include/tf2_msgs/msg/detail/tf_message__type_support.hpp
[0.798s] -- Up-to-date: /home/aakashraawat/colcon_ws/install/tf2_msgs/include/tf2_msgs/msg/detail/tf_message__builder.hpp
[0.798s] -- Up-to-date: /home/aakashraawat/colcon_ws/install/tf2_msgs/include/tf2_msgs/msg/detail/tf2_error__builder.hpp
[0.798s] -- Up-to-date: /home/aakashraawat/colcon_ws/install/tf2_msgs/include/tf2_msgs/msg/detail/tf_message__struct.hpp
[0.798s] -- Up-to-date: /home/aakashraawat/colcon_ws/install/tf2_msgs/include/tf2_msgs/msg/detail/tf_message__traits.hpp
[0.799s] -- Up-to-date: /home/aakashraawat/colcon_ws/install/tf2_msgs/include/tf2_msgs/msg/detail/tf2_error__traits.hpp
[0.799s] -- Up-to-date: /home/aakashraawat/colcon_ws/install/tf2_msgs/include/tf2_msgs/msg/rosidl_generator_cpp__visibility_control.hpp
[0.799s] -- Up-to-date: /home/aakashraawat/colcon_ws/install/tf2_msgs/include/tf2_msgs/msg/tf_message.hpp
[0.799s] -- Up-to-date: /home/aakashraawat/colcon_ws/install/tf2_msgs/include/tf2_msgs/srv
[0.799s] -- Up-to-date: /home/aakashraawat/colcon_ws/install/tf2_msgs/include/tf2_msgs/srv/detail
[0.799s] -- Up-to-date: /home/aakashraawat/colcon_ws/install/tf2_msgs/include/tf2_msgs/srv/detail/frame_graph__type_support.hpp
[0.799s] -- Up-to-date: /home/aakashraawat/colcon_ws/install/tf2_msgs/include/tf2_msgs/srv/detail/frame_graph__builder.hpp
[0.800s] -- Up-to-date: /home/aakashraawat/colcon_ws/install/tf2_msgs/include/tf2_msgs/srv/detail/frame_graph__struct.hpp
[0.800s] -- Up-to-date: /home/aakashraawat/colcon_ws/install/tf2_msgs/include/tf2_msgs/srv/detail/frame_graph__traits.hpp
[0.800s] -- Up-to-date: /home/aakashraawat/colcon_ws/install/tf2_msgs/include/tf2_msgs/srv/frame_graph.hpp
[0.800s] -- Up-to-date: /home/aakashraawat/colcon_ws/install/tf2_msgs/include/tf2_msgs
[0.800s] -- Up-to-date: /home/aakashraawat/colcon_ws/install/tf2_msgs/include/tf2_msgs/action
[0.800s] -- Up-to-date: /home/aakashraawat/colcon_ws/install/tf2_msgs/include/tf2_msgs/action/detail
[0.801s] -- Up-to-date: /home/aakashraawat/colcon_ws/install/tf2_msgs/include/tf2_msgs/action/detail/lookup_transform__type_support.cpp
[0.801s] -- Up-to-date: /home/aakashraawat/colcon_ws/install/tf2_msgs/include/tf2_msgs/action/detail/lookup_transform__rosidl_typesupport_introspection_cpp.hpp
[0.801s] -- Up-to-date: /home/aakashraawat/colcon_ws/install/tf2_msgs/include/tf2_msgs/msg
[0.801s] -- Up-to-date: /home/aakashraawat/colcon_ws/install/tf2_msgs/include/tf2_msgs/msg/detail
[0.801s] -- Up-to-date: /home/aakashraawat/colcon_ws/install/tf2_msgs/include/tf2_msgs/msg/detail/tf2_error__rosidl_typesupport_introspection_cpp.hpp
[0.801s] -- Up-to-date: /home/aakashraawat/colcon_ws/install/tf2_msgs/include/tf2_msgs/msg/detail/tf2_error__type_support.cpp
[0.801s] -- Up-to-date: /home/aakashraawat/colcon_ws/install/tf2_msgs/include/tf2_msgs/msg/detail/tf_message__type_support.cpp
[0.801s] -- Up-to-date: /home/aakashraawat/colcon_ws/install/tf2_msgs/include/tf2_msgs/msg/detail/tf_message__rosidl_typesupport_introspection_cpp.hpp
[0.801s] -- Up-to-date: /home/aakashraawat/colcon_ws/install/tf2_msgs/include/tf2_msgs/srv
[0.801s] -- Up-to-date: /home/aakashraawat/colcon_ws/install/tf2_msgs/include/tf2_msgs/srv/detail
[0.801s] -- Up-to-date: /home/aakashraawat/colcon_ws/install/tf2_msgs/include/tf2_msgs/srv/detail/frame_graph__type_support.cpp
[0.801s] -- Up-to-date: /home/aakashraawat/colcon_ws/install/tf2_msgs/include/tf2_msgs/srv/detail/frame_graph__rosidl_typesupport_introspection_cpp.hpp
[0.801s] -- Up-to-date: /home/aakashraawat/colcon_ws/install/tf2_msgs/lib/libtf2_msgs__rosidl_typesupport_introspection_cpp.so
[0.801s] -- Up-to-date: /home/aakashraawat/colcon_ws/install/tf2_msgs/lib/libtf2_msgs__rosidl_typesupport_cpp.so
[0.801s] -- Up-to-date: /home/aakashraawat/colcon_ws/install/tf2_msgs/share/tf2_msgs/environment/pythonpath.sh
[0.802s] -- Up-to-date: /home/aakashraawat/colcon_ws/install/tf2_msgs/share/tf2_msgs/environment/pythonpath.dsv
[0.802s] -- Up-to-date: /home/aakashraawat/colcon_ws/install/tf2_msgs/lib/python3.8/site-packages/tf2_msgs/__init__.py
[0.832s] -- Up-to-date: /home/aakashraawat/colcon_ws/install/tf2_msgs/lib/python3.8/site-packages/tf2_msgs/msg
[0.833s] -- Up-to-date: /home/aakashraawat/colcon_ws/install/tf2_msgs/lib/python3.8/site-packages/tf2_msgs/msg/_tf2_error_s.c
[0.833s] -- Up-to-date: /home/aakashraawat/colcon_ws/install/tf2_msgs/lib/python3.8/site-packages/tf2_msgs/msg/__init__.py
[0.833s] -- Up-to-date: /home/aakashraawat/colcon_ws/install/tf2_msgs/lib/python3.8/site-packages/tf2_msgs/msg/_tf_message_s.c
[0.833s] -- Up-to-date: /home/aakashraawat/colcon_ws/install/tf2_msgs/lib/python3.8/site-packages/tf2_msgs/msg/_tf2_error.py
[0.833s] -- Up-to-date: /home/aakashraawat/colcon_ws/install/tf2_msgs/lib/python3.8/site-packages/tf2_msgs/msg/_tf_message.py
[0.834s] -- Up-to-date: /home/aakashraawat/colcon_ws/install/tf2_msgs/lib/python3.8/site-packages/tf2_msgs/srv
[0.834s] -- Up-to-date: /home/aakashraawat/colcon_ws/install/tf2_msgs/lib/python3.8/site-packages/tf2_msgs/srv/_frame_graph.py
[0.834s] -- Up-to-date: /home/aakashraawat/colcon_ws/install/tf2_msgs/lib/python3.8/site-packages/tf2_msgs/srv/__init__.py
[0.834s] -- Up-to-date: /home/aakashraawat/colcon_ws/install/tf2_msgs/lib/python3.8/site-packages/tf2_msgs/srv/_frame_graph_s.c
[0.834s] -- Up-to-date: /home/aakashraawat/colcon_ws/install/tf2_msgs/lib/python3.8/site-packages/tf2_msgs/action
[0.835s] -- Up-to-date: /home/aakashraawat/colcon_ws/install/tf2_msgs/lib/python3.8/site-packages/tf2_msgs/action/__init__.py
[0.835s] -- Up-to-date: /home/aakashraawat/colcon_ws/install/tf2_msgs/lib/python3.8/site-packages/tf2_msgs/action/_lookup_transform.py
[0.835s] -- Up-to-date: /home/aakashraawat/colcon_ws/install/tf2_msgs/lib/python3.8/site-packages/tf2_msgs/action/_lookup_transform_s.c
[0.835s] -- Up-to-date: /home/aakashraawat/colcon_ws/install/tf2_msgs/lib/python3.8/site-packages/tf2_msgs/tf2_msgs_s__rosidl_typesupport_fastrtps_c.cpython-38-x86_64-linux-gnu.so
[0.835s] -- Up-to-date: /home/aakashraawat/colcon_ws/install/tf2_msgs/lib/python3.8/site-packages/tf2_msgs/tf2_msgs_s__rosidl_typesupport_introspection_c.cpython-38-x86_64-linux-gnu.so
[0.835s] -- Up-to-date: /home/aakashraawat/colcon_ws/install/tf2_msgs/lib/python3.8/site-packages/tf2_msgs/tf2_msgs_s__rosidl_typesupport_c.cpython-38-x86_64-linux-gnu.so
[0.836s] -- Up-to-date: /home/aakashraawat/colcon_ws/install/tf2_msgs/lib/libtf2_msgs__python.so
[0.836s] -- Up-to-date: /home/aakashraawat/colcon_ws/install/tf2_msgs/share/tf2_msgs/msg/TF2Error.idl
[0.836s] -- Up-to-date: /home/aakashraawat/colcon_ws/install/tf2_msgs/share/tf2_msgs/msg/TFMessage.idl
[0.836s] -- Up-to-date: /home/aakashraawat/colcon_ws/install/tf2_msgs/share/tf2_msgs/srv/FrameGraph.idl
[0.836s] -- Up-to-date: /home/aakashraawat/colcon_ws/install/tf2_msgs/share/tf2_msgs/action/LookupTransform.idl
[0.836s] -- Up-to-date: /home/aakashraawat/colcon_ws/install/tf2_msgs/share/tf2_msgs/msg/TF2Error.msg
[0.837s] -- Up-to-date: /home/aakashraawat/colcon_ws/install/tf2_msgs/share/tf2_msgs/msg/TFMessage.msg
[0.837s] -- Up-to-date: /home/aakashraawat/colcon_ws/install/tf2_msgs/share/tf2_msgs/srv/FrameGraph.srv
[0.837s] -- Up-to-date: /home/aakashraawat/colcon_ws/install/tf2_msgs/share/tf2_msgs/srv/FrameGraph_Request.msg
[0.837s] -- Up-to-date: /home/aakashraawat/colcon_ws/install/tf2_msgs/share/tf2_msgs/srv/FrameGraph_Response.msg
[0.837s] -- Up-to-date: /home/aakashraawat/colcon_ws/install/tf2_msgs/share/tf2_msgs/action/LookupTransform.action
[0.837s] -- Up-to-date: /home/aakashraawat/colcon_ws/install/tf2_msgs/share/tf2_msgs/tfmessage_bridge_mapping_rule.yaml
[0.838s] -- Up-to-date: /home/aakashraawat/colcon_ws/install/tf2_msgs/share/ament_index/resource_index/package_run_dependencies/tf2_msgs
[0.838s] -- Up-to-date: /home/aakashraawat/colcon_ws/install/tf2_msgs/share/ament_index/resource_index/parent_prefix_path/tf2_msgs
[0.838s] -- Up-to-date: /home/aakashraawat/colcon_ws/install/tf2_msgs/share/tf2_msgs/environment/ament_prefix_path.sh
[0.838s] -- Up-to-date: /home/aakashraawat/colcon_ws/install/tf2_msgs/share/tf2_msgs/environment/ament_prefix_path.dsv
[0.838s] -- Up-to-date: /home/aakashraawat/colcon_ws/install/tf2_msgs/share/tf2_msgs/environment/path.sh
[0.838s] -- Up-to-date: /home/aakashraawat/colcon_ws/install/tf2_msgs/share/tf2_msgs/environment/path.dsv
[0.838s] -- Up-to-date: /home/aakashraawat/colcon_ws/install/tf2_msgs/share/tf2_msgs/local_setup.bash
[0.838s] -- Up-to-date: /home/aakashraawat/colcon_ws/install/tf2_msgs/share/tf2_msgs/local_setup.sh
[0.838s] -- Up-to-date: /home/aakashraawat/colcon_ws/install/tf2_msgs/share/tf2_msgs/local_setup.zsh
[0.838s] -- Up-to-date: /home/aakashraawat/colcon_ws/install/tf2_msgs/share/tf2_msgs/local_setup.dsv
[0.838s] -- Installing: /home/aakashraawat/colcon_ws/install/tf2_msgs/share/tf2_msgs/package.dsv
[0.838s] -- Up-to-date: /home/aakashraawat/colcon_ws/install/tf2_msgs/share/ament_index/resource_index/packages/tf2_msgs
[0.838s] -- Up-to-date: /home/aakashraawat/colcon_ws/install/tf2_msgs/share/tf2_msgs/cmake/tf2_msgs__rosidl_generator_cExport.cmake
[0.839s] -- Up-to-date: /home/aakashraawat/colcon_ws/install/tf2_msgs/share/tf2_msgs/cmake/tf2_msgs__rosidl_generator_cExport-noconfig.cmake
[0.839s] -- Up-to-date: /home/aakashraawat/colcon_ws/install/tf2_msgs/share/tf2_msgs/cmake/tf2_msgs__rosidl_typesupport_introspection_cExport.cmake
[0.839s] -- Up-to-date: /home/aakashraawat/colcon_ws/install/tf2_msgs/share/tf2_msgs/cmake/tf2_msgs__rosidl_typesupport_introspection_cExport-noconfig.cmake
[0.839s] -- Up-to-date: /home/aakashraawat/colcon_ws/install/tf2_msgs/share/tf2_msgs/cmake/tf2_msgs__rosidl_typesupport_cExport.cmake
[0.839s] -- Up-to-date: /home/aakashraawat/colcon_ws/install/tf2_msgs/share/tf2_msgs/cmake/tf2_msgs__rosidl_typesupport_cExport-noconfig.cmake
[0.839s] -- Up-to-date: /home/aakashraawat/colcon_ws/install/tf2_msgs/share/tf2_msgs/cmake/tf2_msgs__rosidl_generator_cppExport.cmake
[0.839s] -- Up-to-date: /home/aakashraawat/colcon_ws/install/tf2_msgs/share/tf2_msgs/cmake/tf2_msgs__rosidl_typesupport_introspection_cppExport.cmake
[0.839s] -- Up-to-date: /home/aakashraawat/colcon_ws/install/tf2_msgs/share/tf2_msgs/cmake/tf2_msgs__rosidl_typesupport_introspection_cppExport-noconfig.cmake
[0.839s] -- Up-to-date: /home/aakashraawat/colcon_ws/install/tf2_msgs/share/tf2_msgs/cmake/tf2_msgs__rosidl_typesupport_cppExport.cmake
[0.839s] -- Up-to-date: /home/aakashraawat/colcon_ws/install/tf2_msgs/share/tf2_msgs/cmake/tf2_msgs__rosidl_typesupport_cppExport-noconfig.cmake
[0.839s] -- Up-to-date: /home/aakashraawat/colcon_ws/install/tf2_msgs/share/tf2_msgs/cmake/rosidl_cmake-extras.cmake
[0.839s] -- Up-to-date: /home/aakashraawat/colcon_ws/install/tf2_msgs/share/tf2_msgs/cmake/ament_cmake_export_dependencies-extras.cmake
[0.839s] -- Up-to-date: /home/aakashraawat/colcon_ws/install/tf2_msgs/share/tf2_msgs/cmake/ament_cmake_export_libraries-extras.cmake
[0.839s] -- Up-to-date: /home/aakashraawat/colcon_ws/install/tf2_msgs/share/tf2_msgs/cmake/ament_cmake_export_targets-extras.cmake
[0.839s] -- Up-to-date: /home/aakashraawat/colcon_ws/install/tf2_msgs/share/tf2_msgs/cmake/ament_cmake_export_include_directories-extras.cmake
[0.840s] -- Up-to-date: /home/aakashraawat/colcon_ws/install/tf2_msgs/share/tf2_msgs/cmake/rosidl_cmake_export_typesupport_libraries-extras.cmake
[0.840s] -- Up-to-date: /home/aakashraawat/colcon_ws/install/tf2_msgs/share/tf2_msgs/cmake/rosidl_cmake_export_typesupport_targets-extras.cmake
[0.840s] -- Up-to-date: /home/aakashraawat/colcon_ws/install/tf2_msgs/share/tf2_msgs/cmake/tf2_msgsConfig.cmake
[0.840s] -- Up-to-date: /home/aakashraawat/colcon_ws/install/tf2_msgs/share/tf2_msgs/cmake/tf2_msgsConfig-version.cmake
[0.840s] -- Up-to-date: /home/aakashraawat/colcon_ws/install/tf2_msgs/share/tf2_msgs/package.xml
[0.842s] Invoked command in '/home/aakashraawat/colcon_ws/build/tf2_msgs' returned '0': CMAKE_PREFIX_PATH=${CMAKE_PREFIX_PATH}:/home/aakashraawat/colcon_ws/install/examples_tf2_py:/home/aakashraawat/colcon_ws/install/simulink_subscriber:/home/aakashraawat/colcon_ws/install/unity_robotics_demo:/home/aakashraawat/colcon_ws/install/ros_tcp_endpoint:/home/aakashraawat/colcon_ws/install/py_pubsub:/opt/ros/foxy /usr/bin/cmake --install /home/aakashraawat/colcon_ws/build/tf2_msgs
