[0.303s] Invoking command in '/home/aakashraawat/colcon_ws/build/tf2_ros': AMENT_PREFIX_PATH=/home/aakashraawat/colcon_ws/install/tf2_py:/home/aakashraawat/colcon_ws/install/tf2_msgs:/home/aakashraawat/colcon_ws/install/tf2:${AMENT_PREFIX_PATH} CMAKE_PREFIX_PATH=/home/aakashraawat/colcon_ws/install/tf2_py:/home/aakashraawat/colcon_ws/install/tf2_msgs:/home/aakashraawat/colcon_ws/install/tf2:/home/aakashraawat/colcon_ws/install/unity_robotics_msgs:/home/aakashraawat/colcon_ws/install/simulink_subscriber:/home/aakashraawat/colcon_ws/install/unity_robotics_demo:/home/aakashraawat/colcon_ws/install/ros_tcp_endpoint:/home/aakashraawat/colcon_ws/install/py_pubsub:/opt/ros/foxy LD_LIBRARY_PATH=/home/aakashraawat/colcon_ws/install/tf2_msgs/lib:/home/aakashraawat/colcon_ws/install/tf2/lib:${LD_LIBRARY_PATH} PYTHONPATH=/home/aakashraawat/colcon_ws/install/tf2_py/lib/python3.8/site-packages:/home/aakashraawat/colcon_ws/install/tf2_msgs/lib/python3.8/site-packages:${PYTHONPATH} /usr/bin/cmake /home/aakashraawat/colcon_ws/src/geometry2/tf2_ros -DCMAKE_INSTALL_PREFIX=/home/aakashraawat/colcon_ws/install/tf2_ros
[0.476s] -- The C compiler identification is GNU 9.4.0
[0.731s] -- The CXX compiler identification is GNU 9.4.0
[0.857s] -- Check for working C compiler: /usr/bin/cc
[1.000s] -- Check for working C compiler: /usr/bin/cc -- works
[1.001s] -- Detecting C compiler ABI info
[1.153s] -- Detecting C compiler ABI info - done
[1.163s] -- Detecting C compile features
[1.163s] -- Detecting C compile features - done
[1.165s] -- Check for working CXX compiler: /usr/bin/c++
[1.314s] -- Check for working CXX compiler: /usr/bin/c++ -- works
[1.314s] -- Detecting CXX compiler ABI info
[1.465s] -- Detecting CXX compiler ABI info - done
[1.475s] -- Detecting CXX compile features
[1.475s] -- Detecting CXX compile features - done
[1.477s] -- Found ament_cmake: 0.9.12 (/opt/ros/foxy/share/ament_cmake/cmake)
[1.499s] -- Found PythonInterp: /usr/bin/python3 (found suitable version "3.8.10", minimum required is "3") 
[1.499s] -- Using PYTHON_EXECUTABLE: /usr/bin/python3
[1.666s] -- Found builtin_interfaces: 1.0.0 (/opt/ros/foxy/share/builtin_interfaces/cmake)
[1.820s] -- Using all available rosidl_typesupport_c: rosidl_typesupport_fastrtps_c;rosidl_typesupport_introspection_c
[1.825s] -- Found rosidl_adapter: 1.3.1 (/opt/ros/foxy/share/rosidl_adapter/cmake)
[3.019s] -- Found OpenSSL: /usr/lib/x86_64-linux-gnu/libcrypto.so (found version "1.1.1f")  
[4.251s] -- Found FastRTPS: /opt/ros/foxy/include  
[6.348s] -- Using all available rosidl_typesupport_cpp: rosidl_typesupport_fastrtps_cpp;rosidl_typesupport_introspection_cpp
[6.371s] -- Found geometry_msgs: 2.0.5 (/opt/ros/foxy/share/geometry_msgs/cmake)
[6.420s] -- Found message_filters: 3.2.7 (/opt/ros/foxy/share/message_filters/cmake)
[6.424s] -- Found rcl_interfaces: 1.0.0 (/opt/ros/foxy/share/rcl_interfaces/cmake)
[6.442s] -- Found rclcpp: 2.4.3 (/opt/ros/foxy/share/rclcpp/cmake)
[6.482s] -- Found rmw_implementation_cmake: 1.0.4 (/opt/ros/foxy/share/rmw_implementation_cmake/cmake)
[6.485s] -- Using RMW implementation 'rmw_fastrtps_cpp' as default
[6.486s] -- Looking for pthread.h
[6.620s] -- Looking for pthread.h - found
[6.621s] -- Performing Test CMAKE_HAVE_LIBC_PTHREAD
[6.760s] -- Performing Test CMAKE_HAVE_LIBC_PTHREAD - Failed
[6.760s] -- Looking for pthread_create in pthreads
[6.888s] -- Looking for pthread_create in pthreads - not found
[6.888s] -- Looking for pthread_create in pthread
[7.030s] -- Looking for pthread_create in pthread - found
[7.031s] -- Found Threads: TRUE  
[7.166s] -- Found rclcpp_action: 2.4.3 (/opt/ros/foxy/share/rclcpp_action/cmake)
[7.237s] -- Found rclcpp_components: 2.4.3 (/opt/ros/foxy/share/rclcpp_components/cmake)
[7.300s] -- Found tf2: 0.13.14 (/home/aakashraawat/colcon_ws/install/tf2/share/tf2/cmake)
[7.308s] -- Found tf2_msgs: 0.13.14 (/home/aakashraawat/colcon_ws/install/tf2_msgs/share/tf2_msgs/cmake)
[7.461s] -- Found ament_cmake_gtest: 0.9.12 (/opt/ros/foxy/share/ament_cmake_gtest/cmake)
[7.462s] -- Found gtest sources under '/opt/ros/foxy/src/gtest_vendor': C++ tests using 'Google Test' will be built
[7.465s] -- Check if compiler accepts -pthread
[7.603s] -- Check if compiler accepts -pthread - yes
[7.631s] -- Found python_cmake_module: 0.8.1 (/opt/ros/foxy/share/python_cmake_module/cmake)
[7.650s] -- Found PythonInterp: /usr/bin/python3 (found suitable version "3.8.10", minimum required is "3.5") 
[8.076s] -- Found PythonLibs: /usr/lib/x86_64-linux-gnu/libpython3.8.so (found suitable version "3.8.10", minimum required is "3.5") 
[8.077s] -- Using PYTHON_EXECUTABLE: /usr/bin/python3
[8.077s] -- Using PYTHON_INCLUDE_DIRS: /usr/include/python3.8
[8.077s] -- Using PYTHON_LIBRARIES: /usr/lib/x86_64-linux-gnu/libpython3.8.so
[8.096s] -- Found PythonExtra: .so  
[8.097s] -- Found ament_cmake_pytest: 0.9.12 (/opt/ros/foxy/share/ament_cmake_pytest/cmake)
[8.587s] -- Configuring done
[8.668s] -- Generating done
[8.670s] -- Build files have been written to: /home/aakashraawat/colcon_ws/build/tf2_ros
[8.688s] Invoked command in '/home/aakashraawat/colcon_ws/build/tf2_ros' returned '0': AMENT_PREFIX_PATH=/home/aakashraawat/colcon_ws/install/tf2_py:/home/aakashraawat/colcon_ws/install/tf2_msgs:/home/aakashraawat/colcon_ws/install/tf2:${AMENT_PREFIX_PATH} CMAKE_PREFIX_PATH=/home/aakashraawat/colcon_ws/install/tf2_py:/home/aakashraawat/colcon_ws/install/tf2_msgs:/home/aakashraawat/colcon_ws/install/tf2:/home/aakashraawat/colcon_ws/install/unity_robotics_msgs:/home/aakashraawat/colcon_ws/install/simulink_subscriber:/home/aakashraawat/colcon_ws/install/unity_robotics_demo:/home/aakashraawat/colcon_ws/install/ros_tcp_endpoint:/home/aakashraawat/colcon_ws/install/py_pubsub:/opt/ros/foxy LD_LIBRARY_PATH=/home/aakashraawat/colcon_ws/install/tf2_msgs/lib:/home/aakashraawat/colcon_ws/install/tf2/lib:${LD_LIBRARY_PATH} PYTHONPATH=/home/aakashraawat/colcon_ws/install/tf2_py/lib/python3.8/site-packages:/home/aakashraawat/colcon_ws/install/tf2_msgs/lib/python3.8/site-packages:${PYTHONPATH} /usr/bin/cmake /home/aakashraawat/colcon_ws/src/geometry2/tf2_ros -DCMAKE_INSTALL_PREFIX=/home/aakashraawat/colcon_ws/install/tf2_ros
[8.691s] Invoking command in '/home/aakashraawat/colcon_ws/build/tf2_ros': AMENT_PREFIX_PATH=/home/aakashraawat/colcon_ws/install/tf2_py:/home/aakashraawat/colcon_ws/install/tf2_msgs:/home/aakashraawat/colcon_ws/install/tf2:${AMENT_PREFIX_PATH} CMAKE_PREFIX_PATH=/home/aakashraawat/colcon_ws/install/tf2_py:/home/aakashraawat/colcon_ws/install/tf2_msgs:/home/aakashraawat/colcon_ws/install/tf2:/home/aakashraawat/colcon_ws/install/unity_robotics_msgs:/home/aakashraawat/colcon_ws/install/simulink_subscriber:/home/aakashraawat/colcon_ws/install/unity_robotics_demo:/home/aakashraawat/colcon_ws/install/ros_tcp_endpoint:/home/aakashraawat/colcon_ws/install/py_pubsub:/opt/ros/foxy LD_LIBRARY_PATH=/home/aakashraawat/colcon_ws/install/tf2_msgs/lib:/home/aakashraawat/colcon_ws/install/tf2/lib:${LD_LIBRARY_PATH} PYTHONPATH=/home/aakashraawat/colcon_ws/install/tf2_py/lib/python3.8/site-packages:/home/aakashraawat/colcon_ws/install/tf2_msgs/lib/python3.8/site-packages:${PYTHONPATH} /usr/bin/cmake --build /home/aakashraawat/colcon_ws/build/tf2_ros -- -j20 -l20
[8.731s] [35m[1mScanning dependencies of target gtest[0m
[8.731s] [35m[1mScanning dependencies of target gtest_main[0m
[8.731s] [35m[1mScanning dependencies of target tf2_ros[0m
[8.746s] [  5%] [32mBuilding CXX object gtest/CMakeFiles/gtest_main.dir/src/gtest_main.cc.o[0m
[8.746s] [  5%] [32mBuilding CXX object gtest/CMakeFiles/gtest.dir/src/gtest-all.cc.o[0m
[8.869s] [ 10%] [32mBuilding CXX object CMakeFiles/tf2_ros.dir/src/transform_broadcaster.cpp.o[0m
[8.870s] [ 12%] [32mBuilding CXX object CMakeFiles/tf2_ros.dir/src/buffer.cpp.o[0m
[8.870s] [ 12%] [32mBuilding CXX object CMakeFiles/tf2_ros.dir/src/buffer_server.cpp.o[0m
[8.870s] [ 15%] [32mBuilding CXX object CMakeFiles/tf2_ros.dir/src/create_timer_ros.cpp.o[0m
[8.870s] [ 17%] [32mBuilding CXX object CMakeFiles/tf2_ros.dir/src/transform_listener.cpp.o[0m
[8.870s] [ 20%] [32mBuilding CXX object CMakeFiles/tf2_ros.dir/src/buffer_client.cpp.o[0m
[8.871s] [ 22%] [32mBuilding CXX object CMakeFiles/tf2_ros.dir/src/static_transform_broadcaster.cpp.o[0m
[9.562s] [ 25%] [32m[1mLinking CXX static library libgtest_main.a[0m
[9.597s] [ 25%] Built target gtest_main
[12.406s] [ 27%] [32m[1mLinking CXX static library libgtest.a[0m
[12.455s] [ 27%] Built target gtest
[14.339s] [ 30%] [32m[1mLinking CXX shared library libtf2_ros.so[0m
[14.752s] [ 30%] Built target tf2_ros
[14.762s] [35m[1mScanning dependencies of target tf2_monitor[0m
[14.763s] [35m[1mScanning dependencies of target test_buffer_server[0m
[14.763s] [35m[1mScanning dependencies of target buffer_server[0m
[14.763s] [35m[1mScanning dependencies of target tf2_ros_test_time_reset[0m
[14.764s] [35m[1mScanning dependencies of target test_buffer[0m
[14.764s] [35m[1mScanning dependencies of target tf2_ros_test_message_filter[0m
[14.764s] [35m[1mScanning dependencies of target tf2_ros_test_static_transform_broadcaster[0m
[14.764s] [35m[1mScanning dependencies of target tf2_ros_test_listener[0m
[14.764s] [35m[1mScanning dependencies of target static_transform_broadcaster_node[0m
[14.764s] [35m[1mScanning dependencies of target test_buffer_client[0m
[14.765s] [35m[1mScanning dependencies of target tf2_ros_test_transform_broadcaster[0m
[14.765s] [35m[1mScanning dependencies of target tf2_echo[0m
[14.765s] [35m[1mScanning dependencies of target tf2_ros_test_transform_listener[0m
[14.821s] [ 32%] [32mBuilding CXX object CMakeFiles/tf2_monitor.dir/src/tf2_monitor.cpp.o[0m
[14.827s] [ 35%] [32mBuilding CXX object CMakeFiles/static_transform_broadcaster_node.dir/src/static_transform_broadcaster_node.cpp.o[0m
[14.828s] [ 37%] [32mBuilding CXX object CMakeFiles/tf2_echo.dir/src/tf2_echo.cpp.o[0m
[14.828s] [ 40%] [32mBuilding CXX object CMakeFiles/tf2_ros_test_listener.dir/test/listener_unittest.cpp.o[0m
[14.830s] [ 45%] [32mBuilding CXX object CMakeFiles/tf2_ros_test_static_transform_broadcaster.dir/test/test_static_transform_broadcaster.cpp.o[0m
[14.830s] [ 45%] [32mBuilding CXX object CMakeFiles/tf2_ros_test_transform_broadcaster.dir/test/test_transform_broadcaster.cpp.o[0m
[14.832s] [ 47%] [32mBuilding CXX object CMakeFiles/test_buffer.dir/test/test_buffer.cpp.o[0m
[14.835s] [ 50%] [32mBuilding CXX object CMakeFiles/buffer_server.dir/src/buffer_server_main.cpp.o[0m
[14.835s] [ 52%] [32mBuilding CXX object CMakeFiles/tf2_ros_test_transform_listener.dir/test/test_transform_listener.cpp.o[0m
[14.836s] [ 55%] [32mBuilding CXX object CMakeFiles/tf2_ros_test_message_filter.dir/test/message_filter_test.cpp.o[0m
[14.836s] [ 57%] [32mBuilding CXX object CMakeFiles/tf2_ros_test_time_reset.dir/test/time_reset_test.cpp.o[0m
[14.839s] [ 60%] [32mBuilding CXX object CMakeFiles/test_buffer_client.dir/test/test_buffer_client.cpp.o[0m
[14.842s] [ 62%] [32mBuilding CXX object CMakeFiles/test_buffer_server.dir/test/test_buffer_server.cpp.o[0m
[17.681s] [ 65%] [32m[1mLinking CXX executable tf2_echo[0m
[18.111s] [ 65%] Built target tf2_echo
[18.899s] [ 67%] [32m[1mLinking CXX executable test_buffer[0m
[19.339s] [ 70%] [32m[1mLinking CXX executable buffer_server[0m
[19.538s] [ 70%] Built target test_buffer
[19.619s] [ 72%] [32m[1mLinking CXX shared library libstatic_transform_broadcaster_node.so[0m
[19.774s] [ 75%] [32m[1mLinking CXX executable tf2_ros_test_static_transform_broadcaster[0m
[19.812s] [ 77%] [32m[1mLinking CXX executable tf2_ros_test_transform_broadcaster[0m
[19.878s] [ 77%] Built target buffer_server
[20.105s] [ 77%] Built target static_transform_broadcaster_node
[20.118s] [35m[1mScanning dependencies of target static_transform_publisher[0m
[20.167s] [ 80%] [32mBuilding CXX object CMakeFiles/static_transform_publisher.dir/src/static_transform_broadcaster_program.cpp.o[0m
[20.278s] [ 80%] Built target tf2_ros_test_static_transform_broadcaster
[20.301s] [ 80%] Built target tf2_ros_test_transform_broadcaster
[20.315s] [ 82%] [32m[1mLinking CXX executable test_buffer_client[0m
[20.351s] [ 85%] [32m[1mLinking CXX executable tf2_ros_test_time_reset[0m
[20.925s] [ 85%] Built target test_buffer_client
[21.004s] [ 85%] Built target tf2_ros_test_time_reset
[21.171s] [ 87%] [32m[1mLinking CXX executable test_buffer_server[0m
[21.885s] [ 87%] Built target test_buffer_server
[22.223s] [ 90%] [32m[1mLinking CXX executable tf2_monitor[0m
[22.661s] [ 92%] [32m[1mLinking CXX executable static_transform_publisher[0m
[22.771s] [ 92%] Built target tf2_monitor
[22.868s] [ 95%] [32m[1mLinking CXX executable tf2_ros_test_listener[0m
[22.971s] [ 95%] Built target static_transform_publisher
[23.024s] [ 97%] [32m[1mLinking CXX executable tf2_ros_test_transform_listener[0m
[23.369s] [ 97%] Built target tf2_ros_test_listener
[23.498s] [ 97%] Built target tf2_ros_test_transform_listener
[24.409s] [100%] [32m[1mLinking CXX executable tf2_ros_test_message_filter[0m
[24.896s] [100%] Built target tf2_ros_test_message_filter
[24.910s] Invoked command in '/home/aakashraawat/colcon_ws/build/tf2_ros' returned '0': AMENT_PREFIX_PATH=/home/aakashraawat/colcon_ws/install/tf2_py:/home/aakashraawat/colcon_ws/install/tf2_msgs:/home/aakashraawat/colcon_ws/install/tf2:${AMENT_PREFIX_PATH} CMAKE_PREFIX_PATH=/home/aakashraawat/colcon_ws/install/tf2_py:/home/aakashraawat/colcon_ws/install/tf2_msgs:/home/aakashraawat/colcon_ws/install/tf2:/home/aakashraawat/colcon_ws/install/unity_robotics_msgs:/home/aakashraawat/colcon_ws/install/simulink_subscriber:/home/aakashraawat/colcon_ws/install/unity_robotics_demo:/home/aakashraawat/colcon_ws/install/ros_tcp_endpoint:/home/aakashraawat/colcon_ws/install/py_pubsub:/opt/ros/foxy LD_LIBRARY_PATH=/home/aakashraawat/colcon_ws/install/tf2_msgs/lib:/home/aakashraawat/colcon_ws/install/tf2/lib:${LD_LIBRARY_PATH} PYTHONPATH=/home/aakashraawat/colcon_ws/install/tf2_py/lib/python3.8/site-packages:/home/aakashraawat/colcon_ws/install/tf2_msgs/lib/python3.8/site-packages:${PYTHONPATH} /usr/bin/cmake --build /home/aakashraawat/colcon_ws/build/tf2_ros -- -j20 -l20
[24.969s] Invoking command in '/home/aakashraawat/colcon_ws/build/tf2_ros': AMENT_PREFIX_PATH=/home/aakashraawat/colcon_ws/install/tf2_py:/home/aakashraawat/colcon_ws/install/tf2_msgs:/home/aakashraawat/colcon_ws/install/tf2:${AMENT_PREFIX_PATH} CMAKE_PREFIX_PATH=/home/aakashraawat/colcon_ws/install/tf2_py:/home/aakashraawat/colcon_ws/install/tf2_msgs:/home/aakashraawat/colcon_ws/install/tf2:/home/aakashraawat/colcon_ws/install/unity_robotics_msgs:/home/aakashraawat/colcon_ws/install/simulink_subscriber:/home/aakashraawat/colcon_ws/install/unity_robotics_demo:/home/aakashraawat/colcon_ws/install/ros_tcp_endpoint:/home/aakashraawat/colcon_ws/install/py_pubsub:/opt/ros/foxy LD_LIBRARY_PATH=/home/aakashraawat/colcon_ws/install/tf2_msgs/lib:/home/aakashraawat/colcon_ws/install/tf2/lib:${LD_LIBRARY_PATH} PYTHONPATH=/home/aakashraawat/colcon_ws/install/tf2_py/lib/python3.8/site-packages:/home/aakashraawat/colcon_ws/install/tf2_msgs/lib/python3.8/site-packages:${PYTHONPATH} /usr/bin/cmake --install /home/aakashraawat/colcon_ws/build/tf2_ros
[24.976s] -- Install configuration: ""
[24.976s] -- Installing: /home/aakashraawat/colcon_ws/install/tf2_ros/share/tf2_ros/environment/pythonpath.sh
[24.977s] -- Installing: /home/aakashraawat/colcon_ws/install/tf2_ros/share/tf2_ros/environment/pythonpath.dsv
[24.977s] -- Installing: /home/aakashraawat/colcon_ws/install/tf2_ros/lib/python3.8/site-packages/tf2_ros
[24.977s] -- Installing: /home/aakashraawat/colcon_ws/install/tf2_ros/lib/python3.8/site-packages/tf2_ros/transform_broadcaster.py
[24.977s] -- Installing: /home/aakashraawat/colcon_ws/install/tf2_ros/lib/python3.8/site-packages/tf2_ros/__init__.py
[24.977s] -- Installing: /home/aakashraawat/colcon_ws/install/tf2_ros/lib/python3.8/site-packages/tf2_ros/transform_listener.py
[24.978s] -- Installing: /home/aakashraawat/colcon_ws/install/tf2_ros/lib/python3.8/site-packages/tf2_ros/buffer_client.py
[24.978s] -- Installing: /home/aakashraawat/colcon_ws/install/tf2_ros/lib/python3.8/site-packages/tf2_ros/buffer_interface.py
[24.978s] -- Installing: /home/aakashraawat/colcon_ws/install/tf2_ros/lib/python3.8/site-packages/tf2_ros/buffer.py
[24.978s] -- Installing: /home/aakashraawat/colcon_ws/install/tf2_ros/lib/python3.8/site-packages/tf2_ros/static_transform_broadcaster.py
[25.008s] Listing '/home/aakashraawat/colcon_ws/install/tf2_ros/lib/python3.8/site-packages/tf2_ros'...
[25.008s] Compiling '/home/aakashraawat/colcon_ws/install/tf2_ros/lib/python3.8/site-packages/tf2_ros/__init__.py'...
[25.008s] Compiling '/home/aakashraawat/colcon_ws/install/tf2_ros/lib/python3.8/site-packages/tf2_ros/buffer.py'...
[25.008s] Compiling '/home/aakashraawat/colcon_ws/install/tf2_ros/lib/python3.8/site-packages/tf2_ros/buffer_client.py'...
[25.008s] Compiling '/home/aakashraawat/colcon_ws/install/tf2_ros/lib/python3.8/site-packages/tf2_ros/buffer_interface.py'...
[25.008s] Compiling '/home/aakashraawat/colcon_ws/install/tf2_ros/lib/python3.8/site-packages/tf2_ros/static_transform_broadcaster.py'...
[25.008s] Compiling '/home/aakashraawat/colcon_ws/install/tf2_ros/lib/python3.8/site-packages/tf2_ros/transform_broadcaster.py'...
[25.008s] Compiling '/home/aakashraawat/colcon_ws/install/tf2_ros/lib/python3.8/site-packages/tf2_ros/transform_listener.py'...
[25.012s] -- Installing: /home/aakashraawat/colcon_ws/install/tf2_ros/lib/libtf2_ros.so
[25.015s] -- Set runtime path of "/home/aakashraawat/colcon_ws/install/tf2_ros/lib/libtf2_ros.so" to ""
[25.015s] -- Installing: /home/aakashraawat/colcon_ws/install/tf2_ros/lib/libstatic_transform_broadcaster_node.so
[25.016s] -- Set runtime path of "/home/aakashraawat/colcon_ws/install/tf2_ros/lib/libstatic_transform_broadcaster_node.so" to ""
[25.017s] -- Installing: /home/aakashraawat/colcon_ws/install/tf2_ros/lib/tf2_ros/buffer_server
[25.017s] -- Set runtime path of "/home/aakashraawat/colcon_ws/install/tf2_ros/lib/tf2_ros/buffer_server" to ""
[25.018s] -- Installing: /home/aakashraawat/colcon_ws/install/tf2_ros/lib/tf2_ros/static_transform_publisher
[25.018s] -- Set runtime path of "/home/aakashraawat/colcon_ws/install/tf2_ros/lib/tf2_ros/static_transform_publisher" to ""
[25.018s] -- Installing: /home/aakashraawat/colcon_ws/install/tf2_ros/lib/tf2_ros/tf2_echo
[25.018s] -- Set runtime path of "/home/aakashraawat/colcon_ws/install/tf2_ros/lib/tf2_ros/tf2_echo" to ""
[25.018s] -- Installing: /home/aakashraawat/colcon_ws/install/tf2_ros/lib/tf2_ros/tf2_monitor
[25.021s] -- Set runtime path of "/home/aakashraawat/colcon_ws/install/tf2_ros/lib/tf2_ros/tf2_monitor" to ""
[25.021s] -- Installing: /home/aakashraawat/colcon_ws/install/tf2_ros/include/tf2_ros
[25.021s] -- Installing: /home/aakashraawat/colcon_ws/install/tf2_ros/include/tf2_ros/static_transform_broadcaster_node.hpp
[25.021s] -- Installing: /home/aakashraawat/colcon_ws/install/tf2_ros/include/tf2_ros/transform_broadcaster.h
[25.021s] -- Installing: /home/aakashraawat/colcon_ws/install/tf2_ros/include/tf2_ros/static_transform_broadcaster_visibility_control.h
[25.021s] -- Installing: /home/aakashraawat/colcon_ws/install/tf2_ros/include/tf2_ros/visibility_control.h
[25.022s] -- Installing: /home/aakashraawat/colcon_ws/install/tf2_ros/include/tf2_ros/buffer_interface.h
[25.022s] -- Installing: /home/aakashraawat/colcon_ws/install/tf2_ros/include/tf2_ros/buffer_server.h
[25.022s] -- Installing: /home/aakashraawat/colcon_ws/install/tf2_ros/include/tf2_ros/buffer_client.h
[25.022s] -- Installing: /home/aakashraawat/colcon_ws/install/tf2_ros/include/tf2_ros/transform_listener.h
[25.022s] -- Installing: /home/aakashraawat/colcon_ws/install/tf2_ros/include/tf2_ros/async_buffer_interface.h
[25.022s] -- Installing: /home/aakashraawat/colcon_ws/install/tf2_ros/include/tf2_ros/message_filter.h
[25.022s] -- Installing: /home/aakashraawat/colcon_ws/install/tf2_ros/include/tf2_ros/static_transform_broadcaster.h
[25.022s] -- Installing: /home/aakashraawat/colcon_ws/install/tf2_ros/include/tf2_ros/buffer.h
[25.023s] -- Installing: /home/aakashraawat/colcon_ws/install/tf2_ros/include/tf2_ros/create_timer_interface.h
[25.023s] -- Installing: /home/aakashraawat/colcon_ws/install/tf2_ros/include/tf2_ros/create_timer_ros.h
[25.023s] -- Installing: /home/aakashraawat/colcon_ws/install/tf2_ros/include/tf2_ros/qos.hpp
[25.023s] -- Installing: /home/aakashraawat/colcon_ws/install/tf2_ros/share/tf2_ros/environment/library_path.sh
[25.023s] -- Installing: /home/aakashraawat/colcon_ws/install/tf2_ros/share/tf2_ros/environment/library_path.dsv
[25.023s] -- Installing: /home/aakashraawat/colcon_ws/install/tf2_ros/share/ament_index/resource_index/package_run_dependencies/tf2_ros
[25.023s] -- Installing: /home/aakashraawat/colcon_ws/install/tf2_ros/share/ament_index/resource_index/parent_prefix_path/tf2_ros
[25.023s] -- Installing: /home/aakashraawat/colcon_ws/install/tf2_ros/share/tf2_ros/environment/ament_prefix_path.sh
[25.023s] -- Installing: /home/aakashraawat/colcon_ws/install/tf2_ros/share/tf2_ros/environment/ament_prefix_path.dsv
[25.023s] -- Installing: /home/aakashraawat/colcon_ws/install/tf2_ros/share/tf2_ros/environment/path.sh
[25.024s] -- Installing: /home/aakashraawat/colcon_ws/install/tf2_ros/share/tf2_ros/environment/path.dsv
[25.024s] -- Installing: /home/aakashraawat/colcon_ws/install/tf2_ros/share/tf2_ros/local_setup.bash
[25.024s] -- Installing: /home/aakashraawat/colcon_ws/install/tf2_ros/share/tf2_ros/local_setup.sh
[25.024s] -- Installing: /home/aakashraawat/colcon_ws/install/tf2_ros/share/tf2_ros/local_setup.zsh
[25.024s] -- Installing: /home/aakashraawat/colcon_ws/install/tf2_ros/share/tf2_ros/local_setup.dsv
[25.024s] -- Installing: /home/aakashraawat/colcon_ws/install/tf2_ros/share/tf2_ros/package.dsv
[25.024s] -- Installing: /home/aakashraawat/colcon_ws/install/tf2_ros/share/ament_index/resource_index/packages/tf2_ros
[25.025s] -- Installing: /home/aakashraawat/colcon_ws/install/tf2_ros/share/ament_index/resource_index/rclcpp_components/tf2_ros
[25.025s] -- Installing: /home/aakashraawat/colcon_ws/install/tf2_ros/share/tf2_ros/cmake/tf2_rosExport.cmake
[25.025s] -- Installing: /home/aakashraawat/colcon_ws/install/tf2_ros/share/tf2_ros/cmake/tf2_rosExport-noconfig.cmake
[25.025s] -- Installing: /home/aakashraawat/colcon_ws/install/tf2_ros/share/tf2_ros/cmake/static_transform_broadcaster_nodeExport.cmake
[25.025s] -- Installing: /home/aakashraawat/colcon_ws/install/tf2_ros/share/tf2_ros/cmake/static_transform_broadcaster_nodeExport-noconfig.cmake
[25.025s] -- Installing: /home/aakashraawat/colcon_ws/install/tf2_ros/share/tf2_ros/cmake/ament_cmake_export_include_directories-extras.cmake
[25.026s] -- Installing: /home/aakashraawat/colcon_ws/install/tf2_ros/share/tf2_ros/cmake/ament_cmake_export_libraries-extras.cmake
[25.026s] -- Installing: /home/aakashraawat/colcon_ws/install/tf2_ros/share/tf2_ros/cmake/ament_cmake_export_targets-extras.cmake
[25.026s] -- Installing: /home/aakashraawat/colcon_ws/install/tf2_ros/share/tf2_ros/cmake/ament_cmake_export_dependencies-extras.cmake
[25.026s] -- Installing: /home/aakashraawat/colcon_ws/install/tf2_ros/share/tf2_ros/cmake/tf2_rosConfig.cmake
[25.026s] -- Installing: /home/aakashraawat/colcon_ws/install/tf2_ros/share/tf2_ros/cmake/tf2_rosConfig-version.cmake
[25.026s] -- Installing: /home/aakashraawat/colcon_ws/install/tf2_ros/share/tf2_ros/package.xml
[25.028s] Invoked command in '/home/aakashraawat/colcon_ws/build/tf2_ros' returned '0': AMENT_PREFIX_PATH=/home/aakashraawat/colcon_ws/install/tf2_py:/home/aakashraawat/colcon_ws/install/tf2_msgs:/home/aakashraawat/colcon_ws/install/tf2:${AMENT_PREFIX_PATH} CMAKE_PREFIX_PATH=/home/aakashraawat/colcon_ws/install/tf2_py:/home/aakashraawat/colcon_ws/install/tf2_msgs:/home/aakashraawat/colcon_ws/install/tf2:/home/aakashraawat/colcon_ws/install/unity_robotics_msgs:/home/aakashraawat/colcon_ws/install/simulink_subscriber:/home/aakashraawat/colcon_ws/install/unity_robotics_demo:/home/aakashraawat/colcon_ws/install/ros_tcp_endpoint:/home/aakashraawat/colcon_ws/install/py_pubsub:/opt/ros/foxy LD_LIBRARY_PATH=/home/aakashraawat/colcon_ws/install/tf2_msgs/lib:/home/aakashraawat/colcon_ws/install/tf2/lib:${LD_LIBRARY_PATH} PYTHONPATH=/home/aakashraawat/colcon_ws/install/tf2_py/lib/python3.8/site-packages:/home/aakashraawat/colcon_ws/install/tf2_msgs/lib/python3.8/site-packages:${PYTHONPATH} /usr/bin/cmake --install /home/aakashraawat/colcon_ws/build/tf2_ros
