[ 66%] Built target gtest_main
[ 66%] Built target gtest
[100%] Built target test_kdl
-- Install configuration: ""
-- Up-to-date: /home/aakashraawat/colcon_ws/install/tf2_kdl/share/tf2_kdl/environment/pythonpath.sh
-- Up-to-date: /home/aakashraawat/colcon_ws/install/tf2_kdl/share/tf2_kdl/environment/pythonpath.dsv
-- Up-to-date: /home/aakashraawat/colcon_ws/install/tf2_kdl/lib/python3.8/site-packages/tf2_kdl
-- Up-to-date: /home/aakashraawat/colcon_ws/install/tf2_kdl/lib/python3.8/site-packages/tf2_kdl/tf2_kdl.py
-- Up-to-date: /home/aakashraawat/colcon_ws/install/tf2_kdl/lib/python3.8/site-packages/tf2_kdl/__init__.py
Listing '/home/aakashraawat/colcon_ws/install/tf2_kdl/lib/python3.8/site-packages/tf2_kdl'...
-- Up-to-date: /home/aakashraawat/colcon_ws/install/tf2_kdl/include/tf2_kdl
-- Up-to-date: /home/aakashraawat/colcon_ws/install/tf2_kdl/include/tf2_kdl/tf2_kdl.h
-- Up-to-date: /home/aakashraawat/colcon_ws/install/tf2_kdl/share/ament_index/resource_index/package_run_dependencies/tf2_kdl
-- Up-to-date: /home/aakashraawat/colcon_ws/install/tf2_kdl/share/ament_index/resource_index/parent_prefix_path/tf2_kdl
-- Up-to-date: /home/aakashraawat/colcon_ws/install/tf2_kdl/share/tf2_kdl/environment/ament_prefix_path.sh
-- Up-to-date: /home/aakashraawat/colcon_ws/install/tf2_kdl/share/tf2_kdl/environment/ament_prefix_path.dsv
-- Up-to-date: /home/aakashraawat/colcon_ws/install/tf2_kdl/share/tf2_kdl/environment/path.sh
-- Up-to-date: /home/aakashraawat/colcon_ws/install/tf2_kdl/share/tf2_kdl/environment/path.dsv
-- Up-to-date: /home/aakashraawat/colcon_ws/install/tf2_kdl/share/tf2_kdl/local_setup.bash
-- Up-to-date: /home/aakashraawat/colcon_ws/install/tf2_kdl/share/tf2_kdl/local_setup.sh
-- Up-to-date: /home/aakashraawat/colcon_ws/install/tf2_kdl/share/tf2_kdl/local_setup.zsh
-- Up-to-date: /home/aakashraawat/colcon_ws/install/tf2_kdl/share/tf2_kdl/local_setup.dsv
-- Installing: /home/aakashraawat/colcon_ws/install/tf2_kdl/share/tf2_kdl/package.dsv
-- Up-to-date: /home/aakashraawat/colcon_ws/install/tf2_kdl/share/ament_index/resource_index/packages/tf2_kdl
-- Up-to-date: /home/aakashraawat/colcon_ws/install/tf2_kdl/share/tf2_kdl/cmake/ament_cmake_export_include_directories-extras.cmake
-- Up-to-date: /home/aakashraawat/colcon_ws/install/tf2_kdl/share/tf2_kdl/cmake/ament_cmake_export_dependencies-extras.cmake
-- Up-to-date: /home/aakashraawat/colcon_ws/install/tf2_kdl/share/tf2_kdl/cmake/tf2_kdlConfig.cmake
-- Up-to-date: /home/aakashraawat/colcon_ws/install/tf2_kdl/share/tf2_kdl/cmake/tf2_kdlConfig-version.cmake
-- Up-to-date: /home/aakashraawat/colcon_ws/install/tf2_kdl/share/tf2_kdl/package.xml
