[ 66%] Built target gtest
[ 66%] Built target gtest_main
[100%] Built target test_tf2_geometry_msgs
-- Install configuration: ""
-- Up-to-date: /home/aakashraawat/colcon_ws/install/tf2_geometry_msgs/share/tf2_geometry_msgs/environment/pythonpath.sh
-- Up-to-date: /home/aakashraawat/colcon_ws/install/tf2_geometry_msgs/share/tf2_geometry_msgs/environment/pythonpath.dsv
-- Up-to-date: /home/aakashraawat/colcon_ws/install/tf2_geometry_msgs/lib/python3.8/site-packages/tf2_geometry_msgs
-- Up-to-date: /home/aakashraawat/colcon_ws/install/tf2_geometry_msgs/lib/python3.8/site-packages/tf2_geometry_msgs/__init__.py
-- Up-to-date: /home/aakashraawat/colcon_ws/install/tf2_geometry_msgs/lib/python3.8/site-packages/tf2_geometry_msgs/tf2_geometry_msgs.py
Listing '/home/aakashraawat/colcon_ws/install/tf2_geometry_msgs/lib/python3.8/site-packages/tf2_geometry_msgs'...
-- Up-to-date: /home/aakashraawat/colcon_ws/install/tf2_geometry_msgs/include
-- Up-to-date: /home/aakashraawat/colcon_ws/install/tf2_geometry_msgs/include/tf2_geometry_msgs
-- Up-to-date: /home/aakashraawat/colcon_ws/install/tf2_geometry_msgs/include/tf2_geometry_msgs/tf2_geometry_msgs.h
-- Up-to-date: /home/aakashraawat/colcon_ws/install/tf2_geometry_msgs/share/ament_index/resource_index/package_run_dependencies/tf2_geometry_msgs
-- Up-to-date: /home/aakashraawat/colcon_ws/install/tf2_geometry_msgs/share/ament_index/resource_index/parent_prefix_path/tf2_geometry_msgs
-- Up-to-date: /home/aakashraawat/colcon_ws/install/tf2_geometry_msgs/share/tf2_geometry_msgs/environment/ament_prefix_path.sh
-- Up-to-date: /home/aakashraawat/colcon_ws/install/tf2_geometry_msgs/share/tf2_geometry_msgs/environment/ament_prefix_path.dsv
-- Up-to-date: /home/aakashraawat/colcon_ws/install/tf2_geometry_msgs/share/tf2_geometry_msgs/environment/path.sh
-- Up-to-date: /home/aakashraawat/colcon_ws/install/tf2_geometry_msgs/share/tf2_geometry_msgs/environment/path.dsv
-- Up-to-date: /home/aakashraawat/colcon_ws/install/tf2_geometry_msgs/share/tf2_geometry_msgs/local_setup.bash
-- Up-to-date: /home/aakashraawat/colcon_ws/install/tf2_geometry_msgs/share/tf2_geometry_msgs/local_setup.sh
-- Up-to-date: /home/aakashraawat/colcon_ws/install/tf2_geometry_msgs/share/tf2_geometry_msgs/local_setup.zsh
-- Up-to-date: /home/aakashraawat/colcon_ws/install/tf2_geometry_msgs/share/tf2_geometry_msgs/local_setup.dsv
-- Installing: /home/aakashraawat/colcon_ws/install/tf2_geometry_msgs/share/tf2_geometry_msgs/package.dsv
-- Up-to-date: /home/aakashraawat/colcon_ws/install/tf2_geometry_msgs/share/ament_index/resource_index/packages/tf2_geometry_msgs
-- Up-to-date: /home/aakashraawat/colcon_ws/install/tf2_geometry_msgs/share/tf2_geometry_msgs/cmake/tf2_geometry_msgsExport.cmake
-- Up-to-date: /home/aakashraawat/colcon_ws/install/tf2_geometry_msgs/share/tf2_geometry_msgs/cmake/ament_cmake_export_targets-extras.cmake
-- Up-to-date: /home/aakashraawat/colcon_ws/install/tf2_geometry_msgs/share/tf2_geometry_msgs/cmake/ament_cmake_export_dependencies-extras.cmake
-- Up-to-date: /home/aakashraawat/colcon_ws/install/tf2_geometry_msgs/share/tf2_geometry_msgs/cmake/ament_cmake_export_include_directories-extras.cmake
-- Up-to-date: /home/aakashraawat/colcon_ws/install/tf2_geometry_msgs/share/tf2_geometry_msgs/cmake/tf2_geometry_msgsConfig.cmake
-- Up-to-date: /home/aakashraawat/colcon_ws/install/tf2_geometry_msgs/share/tf2_geometry_msgs/cmake/tf2_geometry_msgsConfig-version.cmake
-- Up-to-date: /home/aakashraawat/colcon_ws/install/tf2_geometry_msgs/share/tf2_geometry_msgs/package.xml
