[1.045s] Invoking command in '/home/aakashraawat/colcon_ws/src/py_pubsub': PYTHONPATH=/home/aakashraawat/colcon_ws/build/py_pubsub/prefix_override:/home/aakashraawat/colcon_ws/install/py_pubsub/lib/python3.8/site-packages:${PYTHONPATH} /usr/bin/python3 -W ignore:setup.py install is deprecated setup.py egg_info --egg-base ../../build/py_pubsub build --build-base /home/aakashraawat/colcon_ws/build/py_pubsub/build install --record /home/aakashraawat/colcon_ws/build/py_pubsub/install.log --install-scripts $base/lib/py_pubsub --single-version-externally-managed install_data
[1.232s] running egg_info
[1.233s] writing ../../build/py_pubsub/py_pubsub.egg-info/PKG-INFO
[1.233s] writing dependency_links to ../../build/py_pubsub/py_pubsub.egg-info/dependency_links.txt
[1.233s] writing entry points to ../../build/py_pubsub/py_pubsub.egg-info/entry_points.txt
[1.233s] writing requirements to ../../build/py_pubsub/py_pubsub.egg-info/requires.txt
[1.233s] writing top-level names to ../../build/py_pubsub/py_pubsub.egg-info/top_level.txt
[1.264s] reading manifest file '../../build/py_pubsub/py_pubsub.egg-info/SOURCES.txt'
[1.265s] writing manifest file '../../build/py_pubsub/py_pubsub.egg-info/SOURCES.txt'
[1.265s] running build
[1.265s] running build_py
[1.265s] running install
[1.266s] running install_lib
[1.267s] running install_data
[1.267s] running install_egg_info
[1.268s] removing '/home/aakashraawat/colcon_ws/install/py_pubsub/lib/python3.8/site-packages/py_pubsub-0.0.0-py3.8.egg-info' (and everything under it)
[1.269s] Copying ../../build/py_pubsub/py_pubsub.egg-info to /home/aakashraawat/colcon_ws/install/py_pubsub/lib/python3.8/site-packages/py_pubsub-0.0.0-py3.8.egg-info
[1.270s] running install_scripts
[1.286s] Installing listener script to /home/aakashraawat/colcon_ws/install/py_pubsub/lib/py_pubsub
[1.286s] Installing talker script to /home/aakashraawat/colcon_ws/install/py_pubsub/lib/py_pubsub
[1.287s] writing list of installed files to '/home/aakashraawat/colcon_ws/build/py_pubsub/install.log'
[1.321s] Invoked command in '/home/aakashraawat/colcon_ws/src/py_pubsub' returned '0': PYTHONPATH=/home/aakashraawat/colcon_ws/build/py_pubsub/prefix_override:/home/aakashraawat/colcon_ws/install/py_pubsub/lib/python3.8/site-packages:${PYTHONPATH} /usr/bin/python3 -W ignore:setup.py install is deprecated setup.py egg_info --egg-base ../../build/py_pubsub build --build-base /home/aakashraawat/colcon_ws/build/py_pubsub/build install --record /home/aakashraawat/colcon_ws/build/py_pubsub/install.log --install-scripts $base/lib/py_pubsub --single-version-externally-managed install_data
