[0.035s] Invoking command in '/home/aakashraawat/colcon_ws/build/unity_robotics_msgs': CMAKE_PREFIX_PATH=${CMAKE_PREFIX_PATH}:/home/aakashraawat/colcon_ws/install/unity_robotics_demo:/home/aakashraawat/colcon_ws/install/simulink_subscriber:/home/aakashraawat/colcon_ws/install/ros_tcp_endpoint:/home/aakashraawat/colcon_ws/install/py_pubsub:/opt/ros/foxy /usr/bin/cmake --build /home/aakashraawat/colcon_ws/build/unity_robotics_msgs -- -j20 -l20
[0.607s] -- Found rosidl_default_generators: 1.0.1 (/opt/ros/foxy/share/rosidl_default_generators/cmake)
[0.607s] -- Found ament_cmake_core: 0.9.12 (/opt/ros/foxy/share/ament_cmake_core/cmake)
[0.607s] -- Found PythonInterp: /usr/bin/python3 (found suitable version "3.8.10", minimum required is "3") 
[0.608s] -- Using PYTHON_EXECUTABLE: /usr/bin/python3
[0.608s] -- Using all available rosidl_typesupport_c: rosidl_typesupport_fastrtps_c;rosidl_typesupport_introspection_c
[0.609s] -- Found rosidl_adapter: 1.3.1 (/opt/ros/foxy/share/rosidl_adapter/cmake)
[4.065s] -- Using all available rosidl_typesupport_cpp: rosidl_typesupport_fastrtps_cpp;rosidl_typesupport_introspection_cpp
[4.084s] -- Found builtin_interfaces: 1.0.0 (/opt/ros/foxy/share/builtin_interfaces/cmake)
[4.093s] -- Found geometry_msgs: 2.0.5 (/opt/ros/foxy/share/geometry_msgs/cmake)
[4.161s] -- Found PythonInterp: /usr/bin/python3 (found version "3.8.10") 
[4.336s] -- Found ament_cmake_ros: 0.9.2 (/opt/ros/foxy/share/ament_cmake_ros/cmake)
[8.078s] -- Using all available rosidl_typesupport_c: rosidl_typesupport_fastrtps_c;rosidl_typesupport_introspection_c
[8.167s] -- Using all available rosidl_typesupport_cpp: rosidl_typesupport_fastrtps_cpp;rosidl_typesupport_introspection_cpp
[8.189s] -- Found PythonInterp: /usr/bin/python3 (found suitable version "3.8.10", minimum required is "3.5") 
[8.189s] -- Found python_cmake_module: 0.8.1 (/opt/ros/foxy/share/python_cmake_module/cmake)
[8.209s] -- Using PYTHON_EXECUTABLE: /usr/bin/python3
[8.209s] -- Using PYTHON_INCLUDE_DIRS: /usr/include/python3.8
[8.209s] -- Using PYTHON_LIBRARIES: /usr/lib/x86_64-linux-gnu/libpython3.8.so
[8.254s] -- Found ament_lint_auto: 0.9.8 (/opt/ros/foxy/share/ament_lint_auto/cmake)
[8.261s] -- Added test 'copyright' to check source files copyright and LICENSE
[8.263s] -- Added test 'lint_cmake' to check CMake code style
[8.263s] -- Added test 'xmllint' to check XML markup files
[8.266s] -- Configuring done
[8.317s] -- Generating done
[8.319s] -- Build files have been written to: /home/aakashraawat/colcon_ws/build/unity_robotics_msgs
[8.348s] [  1%] [34m[1mGenerating C code for ROS interfaces[0m
[8.357s] [  3%] [34m[1mGenerating C++ code for ROS interfaces[0m
[8.717s] [  3%] Built target unity_robotics_msgs__cpp
[8.728s] [  7%] [34m[1mGenerating C++ type support dispatch for ROS interfaces[0m
[8.728s] [  7%] [34m[1mGenerating C++ introspection for ROS interfaces[0m
[8.729s] [  7%] [34m[1mGenerating C++ type support for eProsima Fast-RTPS[0m
[8.746s] [35m[1mScanning dependencies of target unity_robotics_msgs__rosidl_generator_c[0m
[8.758s] [ 15%] [32mBuilding C object CMakeFiles/unity_robotics_msgs__rosidl_generator_c.dir/rosidl_generator_c/unity_robotics_msgs/srv/detail/object_pose_service__functions.c.o[0m
[8.758s] [ 15%] [32mBuilding C object CMakeFiles/unity_robotics_msgs__rosidl_generator_c.dir/rosidl_generator_c/unity_robotics_msgs/msg/detail/unity_color__functions.c.o[0m
[8.759s] [ 15%] [32mBuilding C object CMakeFiles/unity_robotics_msgs__rosidl_generator_c.dir/rosidl_generator_c/unity_robotics_msgs/msg/detail/pos_rot__functions.c.o[0m
[8.759s] [ 15%] [32mBuilding C object CMakeFiles/unity_robotics_msgs__rosidl_generator_c.dir/rosidl_generator_c/unity_robotics_msgs/srv/detail/position_service__functions.c.o[0m
[8.759s] [ 15%] [32mBuilding C object CMakeFiles/unity_robotics_msgs__rosidl_generator_c.dir/rosidl_generator_c/unity_robotics_msgs/msg/detail/steering_angle__functions.c.o[0m
[8.819s] [ 17%] [32m[1mLinking C shared library libunity_robotics_msgs__rosidl_generator_c.so[0m
[8.924s] [ 17%] Built target unity_robotics_msgs__rosidl_generator_c
[8.933s] [ 20%] [34m[1mGenerating C introspection for ROS interfaces[0m
[8.934s] [ 20%] [34m[1mGenerating C type support dispatch for ROS interfaces[0m
[9.013s] [35m[1mScanning dependencies of target unity_robotics_msgs__rosidl_typesupport_cpp[0m
[9.024s] [ 23%] [32mBuilding CXX object CMakeFiles/unity_robotics_msgs__rosidl_typesupport_cpp.dir/rosidl_typesupport_cpp/unity_robotics_msgs/srv/object_pose_service__type_support.cpp.o[0m
[9.024s] [ 23%] [32mBuilding CXX object CMakeFiles/unity_robotics_msgs__rosidl_typesupport_cpp.dir/rosidl_typesupport_cpp/unity_robotics_msgs/msg/pos_rot__type_support.cpp.o[0m
[9.025s] [ 26%] [32mBuilding CXX object CMakeFiles/unity_robotics_msgs__rosidl_typesupport_cpp.dir/rosidl_typesupport_cpp/unity_robotics_msgs/msg/steering_angle__type_support.cpp.o[0m
[9.025s] [ 26%] [32mBuilding CXX object CMakeFiles/unity_robotics_msgs__rosidl_typesupport_cpp.dir/rosidl_typesupport_cpp/unity_robotics_msgs/srv/position_service__type_support.cpp.o[0m
[9.026s] [ 28%] [32mBuilding CXX object CMakeFiles/unity_robotics_msgs__rosidl_typesupport_cpp.dir/rosidl_typesupport_cpp/unity_robotics_msgs/msg/unity_color__type_support.cpp.o[0m
[9.078s] [35m[1mScanning dependencies of target unity_robotics_msgs__rosidl_typesupport_introspection_cpp[0m
[9.095s] [ 34%] [32mBuilding CXX object CMakeFiles/unity_robotics_msgs__rosidl_typesupport_introspection_cpp.dir/rosidl_typesupport_introspection_cpp/unity_robotics_msgs/srv/detail/position_service__type_support.cpp.o[0m
[9.095s] [ 34%] [32mBuilding CXX object CMakeFiles/unity_robotics_msgs__rosidl_typesupport_introspection_cpp.dir/rosidl_typesupport_introspection_cpp/unity_robotics_msgs/msg/detail/unity_color__type_support.cpp.o[0m
[9.096s] [ 34%] [32mBuilding CXX object CMakeFiles/unity_robotics_msgs__rosidl_typesupport_introspection_cpp.dir/rosidl_typesupport_introspection_cpp/unity_robotics_msgs/msg/detail/pos_rot__type_support.cpp.o[0m
[9.096s] [ 34%] [32mBuilding CXX object CMakeFiles/unity_robotics_msgs__rosidl_typesupport_introspection_cpp.dir/rosidl_typesupport_introspection_cpp/unity_robotics_msgs/msg/detail/steering_angle__type_support.cpp.o[0m
[9.096s] [ 36%] [32mBuilding CXX object CMakeFiles/unity_robotics_msgs__rosidl_typesupport_introspection_cpp.dir/rosidl_typesupport_introspection_cpp/unity_robotics_msgs/srv/detail/object_pose_service__type_support.cpp.o[0m
[9.155s] [35m[1mScanning dependencies of target unity_robotics_msgs__rosidl_typesupport_fastrtps_cpp[0m
[9.175s] [ 42%] [32mBuilding CXX object CMakeFiles/unity_robotics_msgs__rosidl_typesupport_fastrtps_cpp.dir/rosidl_typesupport_fastrtps_cpp/unity_robotics_msgs/msg/detail/dds_fastrtps/pos_rot__type_support.cpp.o[0m
[9.176s] [ 42%] [32mBuilding CXX object CMakeFiles/unity_robotics_msgs__rosidl_typesupport_fastrtps_cpp.dir/rosidl_typesupport_fastrtps_cpp/unity_robotics_msgs/srv/detail/dds_fastrtps/position_service__type_support.cpp.o[0m
[9.176s] [ 42%] [32mBuilding CXX object CMakeFiles/unity_robotics_msgs__rosidl_typesupport_fastrtps_cpp.dir/rosidl_typesupport_fastrtps_cpp/unity_robotics_msgs/msg/detail/dds_fastrtps/steering_angle__type_support.cpp.o[0m
[9.176s] [ 42%] [32mBuilding CXX object CMakeFiles/unity_robotics_msgs__rosidl_typesupport_fastrtps_cpp.dir/rosidl_typesupport_fastrtps_cpp/unity_robotics_msgs/msg/detail/dds_fastrtps/unity_color__type_support.cpp.o[0m
[9.176s] [ 44%] [32mBuilding CXX object CMakeFiles/unity_robotics_msgs__rosidl_typesupport_fastrtps_cpp.dir/rosidl_typesupport_fastrtps_cpp/unity_robotics_msgs/srv/detail/dds_fastrtps/object_pose_service__type_support.cpp.o[0m
[9.300s] [35m[1mScanning dependencies of target unity_robotics_msgs__rosidl_typesupport_c[0m
[9.319s] [ 46%] [32mBuilding CXX object CMakeFiles/unity_robotics_msgs__rosidl_typesupport_c.dir/rosidl_typesupport_c/unity_robotics_msgs/msg/pos_rot__type_support.cpp.o[0m
[9.319s] [ 47%] [32mBuilding CXX object CMakeFiles/unity_robotics_msgs__rosidl_typesupport_c.dir/rosidl_typesupport_c/unity_robotics_msgs/srv/position_service__type_support.cpp.o[0m
[9.324s] [ 49%] [32mBuilding CXX object CMakeFiles/unity_robotics_msgs__rosidl_typesupport_c.dir/rosidl_typesupport_c/unity_robotics_msgs/msg/steering_angle__type_support.cpp.o[0m
[9.324s] [ 50%] [32mBuilding CXX object CMakeFiles/unity_robotics_msgs__rosidl_typesupport_c.dir/rosidl_typesupport_c/unity_robotics_msgs/msg/unity_color__type_support.cpp.o[0m
[9.367s] [ 52%] [32mBuilding CXX object CMakeFiles/unity_robotics_msgs__rosidl_typesupport_c.dir/rosidl_typesupport_c/unity_robotics_msgs/srv/object_pose_service__type_support.cpp.o[0m
[9.381s] [ 53%] [32m[1mLinking CXX shared library libunity_robotics_msgs__rosidl_typesupport_cpp.so[0m
[9.399s] [ 55%] [32m[1mLinking CXX shared library libunity_robotics_msgs__rosidl_typesupport_c.so[0m
[9.468s] [35m[1mScanning dependencies of target unity_robotics_msgs__rosidl_typesupport_introspection_c[0m
[9.477s] [ 57%] [32m[1mLinking CXX shared library libunity_robotics_msgs__rosidl_typesupport_introspection_cpp.so[0m
[9.483s] [ 58%] [32mBuilding C object CMakeFiles/unity_robotics_msgs__rosidl_typesupport_introspection_c.dir/rosidl_typesupport_introspection_c/unity_robotics_msgs/msg/detail/steering_angle__type_support.c.o[0m
[9.484s] [ 60%] [32mBuilding C object CMakeFiles/unity_robotics_msgs__rosidl_typesupport_introspection_c.dir/rosidl_typesupport_introspection_c/unity_robotics_msgs/msg/detail/pos_rot__type_support.c.o[0m
[9.484s] [ 61%] [32mBuilding C object CMakeFiles/unity_robotics_msgs__rosidl_typesupport_introspection_c.dir/rosidl_typesupport_introspection_c/unity_robotics_msgs/msg/detail/unity_color__type_support.c.o[0m
[9.484s] [ 63%] [32mBuilding C object CMakeFiles/unity_robotics_msgs__rosidl_typesupport_introspection_c.dir/rosidl_typesupport_introspection_c/unity_robotics_msgs/srv/detail/position_service__type_support.c.o[0m
[9.484s] [ 65%] [32mBuilding C object CMakeFiles/unity_robotics_msgs__rosidl_typesupport_introspection_c.dir/rosidl_typesupport_introspection_c/unity_robotics_msgs/srv/detail/object_pose_service__type_support.c.o[0m
[9.522s] [ 66%] [32m[1mLinking C shared library libunity_robotics_msgs__rosidl_typesupport_introspection_c.so[0m
[9.522s] [ 66%] Built target unity_robotics_msgs__rosidl_typesupport_cpp
[9.541s] [ 66%] Built target unity_robotics_msgs__rosidl_typesupport_c
[9.619s] [ 66%] Built target unity_robotics_msgs__rosidl_typesupport_introspection_cpp
[9.624s] [ 66%] Built target unity_robotics_msgs__rosidl_typesupport_introspection_c
[9.699s] [ 68%] [32m[1mLinking CXX shared library libunity_robotics_msgs__rosidl_typesupport_fastrtps_cpp.so[0m
[9.844s] [ 68%] Built target unity_robotics_msgs__rosidl_typesupport_fastrtps_cpp
[9.854s] [ 69%] [34m[1mGenerating C type support for eProsima Fast-RTPS[0m
[10.179s] [35m[1mScanning dependencies of target unity_robotics_msgs__rosidl_typesupport_fastrtps_c[0m
[10.195s] [ 71%] [32mBuilding CXX object CMakeFiles/unity_robotics_msgs__rosidl_typesupport_fastrtps_c.dir/rosidl_typesupport_fastrtps_c/unity_robotics_msgs/msg/detail/unity_color__type_support_c.cpp.o[0m
[10.195s] [ 76%] [32mBuilding CXX object CMakeFiles/unity_robotics_msgs__rosidl_typesupport_fastrtps_c.dir/rosidl_typesupport_fastrtps_c/unity_robotics_msgs/msg/detail/steering_angle__type_support_c.cpp.o[0m
[10.195s] [ 76%] [32mBuilding CXX object CMakeFiles/unity_robotics_msgs__rosidl_typesupport_fastrtps_c.dir/rosidl_typesupport_fastrtps_c/unity_robotics_msgs/srv/detail/object_pose_service__type_support_c.cpp.o[0m
[10.196s] [ 76%] [32mBuilding CXX object CMakeFiles/unity_robotics_msgs__rosidl_typesupport_fastrtps_c.dir/rosidl_typesupport_fastrtps_c/unity_robotics_msgs/msg/detail/pos_rot__type_support_c.cpp.o[0m
[10.196s] [ 77%] [32mBuilding CXX object CMakeFiles/unity_robotics_msgs__rosidl_typesupport_fastrtps_c.dir/rosidl_typesupport_fastrtps_c/unity_robotics_msgs/srv/detail/position_service__type_support_c.cpp.o[0m
[10.587s] [ 79%] [32m[1mLinking CXX shared library libunity_robotics_msgs__rosidl_typesupport_fastrtps_c.so[0m
[10.729s] [ 79%] Built target unity_robotics_msgs__rosidl_typesupport_fastrtps_c
[10.746s] [ 79%] Built target unity_robotics_msgs
[10.763s] [ 80%] [34m[1mGenerating Python code for ROS interfaces[0m
[11.456s] [ 80%] Built target unity_robotics_msgs__py
[11.466s] [35m[1mScanning dependencies of target unity_robotics_msgs__python[0m
[11.483s] [ 87%] [32mBuilding C object CMakeFiles/unity_robotics_msgs__python.dir/rosidl_generator_py/unity_robotics_msgs/msg/_unity_color_s.c.o[0m
[11.483s] [ 87%] [32mBuilding C object CMakeFiles/unity_robotics_msgs__python.dir/rosidl_generator_py/unity_robotics_msgs/srv/_position_service_s.c.o[0m
[11.483s] [ 87%] [32mBuilding C object CMakeFiles/unity_robotics_msgs__python.dir/rosidl_generator_py/unity_robotics_msgs/srv/_object_pose_service_s.c.o[0m
[11.484s] [ 87%] [32mBuilding C object CMakeFiles/unity_robotics_msgs__python.dir/rosidl_generator_py/unity_robotics_msgs/msg/_steering_angle_s.c.o[0m
[11.484s] [ 88%] [32mBuilding C object CMakeFiles/unity_robotics_msgs__python.dir/rosidl_generator_py/unity_robotics_msgs/msg/_pos_rot_s.c.o[0m
[11.586s] [ 90%] [32m[1mLinking C shared library rosidl_generator_py/unity_robotics_msgs/libunity_robotics_msgs__python.so[0m
[11.698s] [ 90%] Built target unity_robotics_msgs__python
[11.708s] [35m[1mScanning dependencies of target unity_robotics_msgs__rosidl_typesupport_introspection_c__pyext[0m
[11.708s] [35m[1mScanning dependencies of target unity_robotics_msgs__rosidl_typesupport_fastrtps_c__pyext[0m
[11.708s] [35m[1mScanning dependencies of target unity_robotics_msgs__rosidl_typesupport_c__pyext[0m
[11.722s] [ 95%] [32mBuilding C object CMakeFiles/unity_robotics_msgs__rosidl_typesupport_c__pyext.dir/rosidl_generator_py/unity_robotics_msgs/_unity_robotics_msgs_s.ep.rosidl_typesupport_c.c.o[0m
[11.722s] [ 95%] [32mBuilding C object CMakeFiles/unity_robotics_msgs__rosidl_typesupport_introspection_c__pyext.dir/rosidl_generator_py/unity_robotics_msgs/_unity_robotics_msgs_s.ep.rosidl_typesupport_introspection_c.c.o[0m
[11.722s] [ 95%] [32mBuilding C object CMakeFiles/unity_robotics_msgs__rosidl_typesupport_fastrtps_c__pyext.dir/rosidl_generator_py/unity_robotics_msgs/_unity_robotics_msgs_s.ep.rosidl_typesupport_fastrtps_c.c.o[0m
[11.802s] [100%] [32m[1mLinking C shared library rosidl_generator_py/unity_robotics_msgs/unity_robotics_msgs_s__rosidl_typesupport_c.cpython-38-x86_64-linux-gnu.so[0m
[11.802s] [100%] [32m[1mLinking CXX shared library rosidl_generator_py/unity_robotics_msgs/unity_robotics_msgs_s__rosidl_typesupport_fastrtps_c.cpython-38-x86_64-linux-gnu.so[0m
[11.802s] [100%] [32m[1mLinking C shared library rosidl_generator_py/unity_robotics_msgs/unity_robotics_msgs_s__rosidl_typesupport_introspection_c.cpython-38-x86_64-linux-gnu.so[0m
[11.884s] [100%] Built target unity_robotics_msgs__rosidl_typesupport_introspection_c__pyext
[11.884s] [100%] Built target unity_robotics_msgs__rosidl_typesupport_c__pyext
[11.908s] [100%] Built target unity_robotics_msgs__rosidl_typesupport_fastrtps_c__pyext
[11.919s] Invoked command in '/home/aakashraawat/colcon_ws/build/unity_robotics_msgs' returned '0': CMAKE_PREFIX_PATH=${CMAKE_PREFIX_PATH}:/home/aakashraawat/colcon_ws/install/unity_robotics_demo:/home/aakashraawat/colcon_ws/install/simulink_subscriber:/home/aakashraawat/colcon_ws/install/ros_tcp_endpoint:/home/aakashraawat/colcon_ws/install/py_pubsub:/opt/ros/foxy /usr/bin/cmake --build /home/aakashraawat/colcon_ws/build/unity_robotics_msgs -- -j20 -l20
[12.022s] Invoking command in '/home/aakashraawat/colcon_ws/build/unity_robotics_msgs': CMAKE_PREFIX_PATH=${CMAKE_PREFIX_PATH}:/home/aakashraawat/colcon_ws/install/unity_robotics_demo:/home/aakashraawat/colcon_ws/install/simulink_subscriber:/home/aakashraawat/colcon_ws/install/ros_tcp_endpoint:/home/aakashraawat/colcon_ws/install/py_pubsub:/opt/ros/foxy /usr/bin/cmake --install /home/aakashraawat/colcon_ws/build/unity_robotics_msgs
[12.029s] -- Install configuration: ""
[12.029s] -- Up-to-date: /home/aakashraawat/colcon_ws/install/unity_robotics_msgs/share/ament_index/resource_index/rosidl_interfaces/unity_robotics_msgs
[12.029s] -- Up-to-date: /home/aakashraawat/colcon_ws/install/unity_robotics_msgs/include/unity_robotics_msgs
[12.029s] -- Up-to-date: /home/aakashraawat/colcon_ws/install/unity_robotics_msgs/include/unity_robotics_msgs/msg
[12.029s] -- Installing: /home/aakashraawat/colcon_ws/install/unity_robotics_msgs/include/unity_robotics_msgs/msg/unity_color.h
[12.030s] -- Up-to-date: /home/aakashraawat/colcon_ws/install/unity_robotics_msgs/include/unity_robotics_msgs/msg/rosidl_generator_c__visibility_control.h
[12.030s] -- Up-to-date: /home/aakashraawat/colcon_ws/install/unity_robotics_msgs/include/unity_robotics_msgs/msg/detail
[12.030s] -- Installing: /home/aakashraawat/colcon_ws/install/unity_robotics_msgs/include/unity_robotics_msgs/msg/detail/pos_rot__functions.c
[12.030s] -- Installing: /home/aakashraawat/colcon_ws/install/unity_robotics_msgs/include/unity_robotics_msgs/msg/detail/pos_rot__struct.h
[12.030s] -- Installing: /home/aakashraawat/colcon_ws/install/unity_robotics_msgs/include/unity_robotics_msgs/msg/detail/pos_rot__type_support.h
[12.030s] -- Installing: /home/aakashraawat/colcon_ws/install/unity_robotics_msgs/include/unity_robotics_msgs/msg/detail/steering_angle__functions.c
[12.030s] -- Installing: /home/aakashraawat/colcon_ws/install/unity_robotics_msgs/include/unity_robotics_msgs/msg/detail/unity_color__functions.c
[12.030s] -- Installing: /home/aakashraawat/colcon_ws/install/unity_robotics_msgs/include/unity_robotics_msgs/msg/detail/unity_color__type_support.h
[12.031s] -- Installing: /home/aakashraawat/colcon_ws/install/unity_robotics_msgs/include/unity_robotics_msgs/msg/detail/unity_color__struct.h
[12.031s] -- Installing: /home/aakashraawat/colcon_ws/install/unity_robotics_msgs/include/unity_robotics_msgs/msg/detail/steering_angle__functions.h
[12.031s] -- Installing: /home/aakashraawat/colcon_ws/install/unity_robotics_msgs/include/unity_robotics_msgs/msg/detail/steering_angle__type_support.h
[12.031s] -- Installing: /home/aakashraawat/colcon_ws/install/unity_robotics_msgs/include/unity_robotics_msgs/msg/detail/pos_rot__functions.h
[12.031s] -- Installing: /home/aakashraawat/colcon_ws/install/unity_robotics_msgs/include/unity_robotics_msgs/msg/detail/unity_color__functions.h
[12.031s] -- Installing: /home/aakashraawat/colcon_ws/install/unity_robotics_msgs/include/unity_robotics_msgs/msg/detail/steering_angle__struct.h
[12.032s] -- Installing: /home/aakashraawat/colcon_ws/install/unity_robotics_msgs/include/unity_robotics_msgs/msg/steering_angle.h
[12.032s] -- Installing: /home/aakashraawat/colcon_ws/install/unity_robotics_msgs/include/unity_robotics_msgs/msg/pos_rot.h
[12.032s] -- Up-to-date: /home/aakashraawat/colcon_ws/install/unity_robotics_msgs/include/unity_robotics_msgs/srv
[12.032s] -- Installing: /home/aakashraawat/colcon_ws/install/unity_robotics_msgs/include/unity_robotics_msgs/srv/position_service.h
[12.032s] -- Up-to-date: /home/aakashraawat/colcon_ws/install/unity_robotics_msgs/include/unity_robotics_msgs/srv/detail
[12.032s] -- Installing: /home/aakashraawat/colcon_ws/install/unity_robotics_msgs/include/unity_robotics_msgs/srv/detail/position_service__struct.h
[12.032s] -- Installing: /home/aakashraawat/colcon_ws/install/unity_robotics_msgs/include/unity_robotics_msgs/srv/detail/position_service__type_support.h
[12.032s] -- Installing: /home/aakashraawat/colcon_ws/install/unity_robotics_msgs/include/unity_robotics_msgs/srv/detail/object_pose_service__type_support.h
[12.032s] -- Installing: /home/aakashraawat/colcon_ws/install/unity_robotics_msgs/include/unity_robotics_msgs/srv/detail/object_pose_service__struct.h
[12.033s] -- Installing: /home/aakashraawat/colcon_ws/install/unity_robotics_msgs/include/unity_robotics_msgs/srv/detail/position_service__functions.h
[12.033s] -- Installing: /home/aakashraawat/colcon_ws/install/unity_robotics_msgs/include/unity_robotics_msgs/srv/detail/position_service__functions.c
[12.033s] -- Installing: /home/aakashraawat/colcon_ws/install/unity_robotics_msgs/include/unity_robotics_msgs/srv/detail/object_pose_service__functions.c
[12.033s] -- Installing: /home/aakashraawat/colcon_ws/install/unity_robotics_msgs/include/unity_robotics_msgs/srv/detail/object_pose_service__functions.h
[12.033s] -- Installing: /home/aakashraawat/colcon_ws/install/unity_robotics_msgs/include/unity_robotics_msgs/srv/object_pose_service.h
[12.033s] -- Up-to-date: /home/aakashraawat/colcon_ws/install/unity_robotics_msgs/share/unity_robotics_msgs/environment/library_path.sh
[12.033s] -- Installing: /home/aakashraawat/colcon_ws/install/unity_robotics_msgs/share/unity_robotics_msgs/environment/library_path.dsv
[12.033s] -- Installing: /home/aakashraawat/colcon_ws/install/unity_robotics_msgs/lib/libunity_robotics_msgs__rosidl_generator_c.so
[12.033s] -- Set runtime path of "/home/aakashraawat/colcon_ws/install/unity_robotics_msgs/lib/libunity_robotics_msgs__rosidl_generator_c.so" to ""
[12.034s] -- Up-to-date: /home/aakashraawat/colcon_ws/install/unity_robotics_msgs/include/unity_robotics_msgs
[12.034s] -- Up-to-date: /home/aakashraawat/colcon_ws/install/unity_robotics_msgs/include/unity_robotics_msgs/msg
[12.034s] -- Up-to-date: /home/aakashraawat/colcon_ws/install/unity_robotics_msgs/include/unity_robotics_msgs/msg/detail
[12.034s] -- Installing: /home/aakashraawat/colcon_ws/install/unity_robotics_msgs/include/unity_robotics_msgs/msg/detail/pos_rot__rosidl_typesupport_fastrtps_c.h
[12.034s] -- Installing: /home/aakashraawat/colcon_ws/install/unity_robotics_msgs/include/unity_robotics_msgs/msg/detail/steering_angle__rosidl_typesupport_fastrtps_c.h
[12.034s] -- Installing: /home/aakashraawat/colcon_ws/install/unity_robotics_msgs/include/unity_robotics_msgs/msg/detail/unity_color__rosidl_typesupport_fastrtps_c.h
[12.034s] -- Up-to-date: /home/aakashraawat/colcon_ws/install/unity_robotics_msgs/include/unity_robotics_msgs/msg/rosidl_typesupport_fastrtps_c__visibility_control.h
[12.034s] -- Up-to-date: /home/aakashraawat/colcon_ws/install/unity_robotics_msgs/include/unity_robotics_msgs/srv
[12.034s] -- Up-to-date: /home/aakashraawat/colcon_ws/install/unity_robotics_msgs/include/unity_robotics_msgs/srv/detail
[12.035s] -- Installing: /home/aakashraawat/colcon_ws/install/unity_robotics_msgs/include/unity_robotics_msgs/srv/detail/position_service__rosidl_typesupport_fastrtps_c.h
[12.035s] -- Installing: /home/aakashraawat/colcon_ws/install/unity_robotics_msgs/include/unity_robotics_msgs/srv/detail/object_pose_service__rosidl_typesupport_fastrtps_c.h
[12.035s] -- Installing: /home/aakashraawat/colcon_ws/install/unity_robotics_msgs/lib/libunity_robotics_msgs__rosidl_typesupport_fastrtps_c.so
[12.035s] -- Set runtime path of "/home/aakashraawat/colcon_ws/install/unity_robotics_msgs/lib/libunity_robotics_msgs__rosidl_typesupport_fastrtps_c.so" to ""
[12.035s] -- Up-to-date: /home/aakashraawat/colcon_ws/install/unity_robotics_msgs/include/unity_robotics_msgs
[12.036s] -- Up-to-date: /home/aakashraawat/colcon_ws/install/unity_robotics_msgs/include/unity_robotics_msgs/msg
[12.036s] -- Up-to-date: /home/aakashraawat/colcon_ws/install/unity_robotics_msgs/include/unity_robotics_msgs/msg/rosidl_typesupport_fastrtps_cpp__visibility_control.h
[12.036s] -- Up-to-date: /home/aakashraawat/colcon_ws/install/unity_robotics_msgs/include/unity_robotics_msgs/msg/detail
[12.036s] -- Installing: /home/aakashraawat/colcon_ws/install/unity_robotics_msgs/include/unity_robotics_msgs/msg/detail/pos_rot__rosidl_typesupport_fastrtps_cpp.hpp
[12.036s] -- Up-to-date: /home/aakashraawat/colcon_ws/install/unity_robotics_msgs/include/unity_robotics_msgs/msg/detail/dds_fastrtps
[12.036s] -- Installing: /home/aakashraawat/colcon_ws/install/unity_robotics_msgs/include/unity_robotics_msgs/msg/detail/steering_angle__rosidl_typesupport_fastrtps_cpp.hpp
[12.036s] -- Installing: /home/aakashraawat/colcon_ws/install/unity_robotics_msgs/include/unity_robotics_msgs/msg/detail/unity_color__rosidl_typesupport_fastrtps_cpp.hpp
[12.036s] -- Up-to-date: /home/aakashraawat/colcon_ws/install/unity_robotics_msgs/include/unity_robotics_msgs/srv
[12.036s] -- Up-to-date: /home/aakashraawat/colcon_ws/install/unity_robotics_msgs/include/unity_robotics_msgs/srv/detail
[12.037s] -- Up-to-date: /home/aakashraawat/colcon_ws/install/unity_robotics_msgs/include/unity_robotics_msgs/srv/detail/dds_fastrtps
[12.037s] -- Installing: /home/aakashraawat/colcon_ws/install/unity_robotics_msgs/include/unity_robotics_msgs/srv/detail/position_service__rosidl_typesupport_fastrtps_cpp.hpp
[12.037s] -- Installing: /home/aakashraawat/colcon_ws/install/unity_robotics_msgs/include/unity_robotics_msgs/srv/detail/object_pose_service__rosidl_typesupport_fastrtps_cpp.hpp
[12.037s] -- Installing: /home/aakashraawat/colcon_ws/install/unity_robotics_msgs/lib/libunity_robotics_msgs__rosidl_typesupport_fastrtps_cpp.so
[12.037s] -- Set runtime path of "/home/aakashraawat/colcon_ws/install/unity_robotics_msgs/lib/libunity_robotics_msgs__rosidl_typesupport_fastrtps_cpp.so" to ""
[12.037s] -- Up-to-date: /home/aakashraawat/colcon_ws/install/unity_robotics_msgs/include/unity_robotics_msgs
[12.037s] -- Up-to-date: /home/aakashraawat/colcon_ws/install/unity_robotics_msgs/include/unity_robotics_msgs/msg
[12.038s] -- Up-to-date: /home/aakashraawat/colcon_ws/install/unity_robotics_msgs/include/unity_robotics_msgs/msg/rosidl_typesupport_introspection_c__visibility_control.h
[12.038s] -- Up-to-date: /home/aakashraawat/colcon_ws/install/unity_robotics_msgs/include/unity_robotics_msgs/msg/detail
[12.038s] -- Installing: /home/aakashraawat/colcon_ws/install/unity_robotics_msgs/include/unity_robotics_msgs/msg/detail/unity_color__type_support.c
[12.038s] -- Installing: /home/aakashraawat/colcon_ws/install/unity_robotics_msgs/include/unity_robotics_msgs/msg/detail/steering_angle__rosidl_typesupport_introspection_c.h
[12.038s] -- Installing: /home/aakashraawat/colcon_ws/install/unity_robotics_msgs/include/unity_robotics_msgs/msg/detail/pos_rot__type_support.c
[12.038s] -- Installing: /home/aakashraawat/colcon_ws/install/unity_robotics_msgs/include/unity_robotics_msgs/msg/detail/unity_color__rosidl_typesupport_introspection_c.h
[12.038s] -- Installing: /home/aakashraawat/colcon_ws/install/unity_robotics_msgs/include/unity_robotics_msgs/msg/detail/steering_angle__type_support.c
[12.038s] -- Installing: /home/aakashraawat/colcon_ws/install/unity_robotics_msgs/include/unity_robotics_msgs/msg/detail/pos_rot__rosidl_typesupport_introspection_c.h
[12.039s] -- Up-to-date: /home/aakashraawat/colcon_ws/install/unity_robotics_msgs/include/unity_robotics_msgs/srv
[12.039s] -- Up-to-date: /home/aakashraawat/colcon_ws/install/unity_robotics_msgs/include/unity_robotics_msgs/srv/detail
[12.039s] -- Installing: /home/aakashraawat/colcon_ws/install/unity_robotics_msgs/include/unity_robotics_msgs/srv/detail/position_service__type_support.c
[12.039s] -- Installing: /home/aakashraawat/colcon_ws/install/unity_robotics_msgs/include/unity_robotics_msgs/srv/detail/object_pose_service__rosidl_typesupport_introspection_c.h
[12.039s] -- Installing: /home/aakashraawat/colcon_ws/install/unity_robotics_msgs/include/unity_robotics_msgs/srv/detail/position_service__rosidl_typesupport_introspection_c.h
[12.039s] -- Installing: /home/aakashraawat/colcon_ws/install/unity_robotics_msgs/include/unity_robotics_msgs/srv/detail/object_pose_service__type_support.c
[12.040s] -- Installing: /home/aakashraawat/colcon_ws/install/unity_robotics_msgs/lib/libunity_robotics_msgs__rosidl_typesupport_introspection_c.so
[12.040s] -- Set runtime path of "/home/aakashraawat/colcon_ws/install/unity_robotics_msgs/lib/libunity_robotics_msgs__rosidl_typesupport_introspection_c.so" to ""
[12.040s] -- Installing: /home/aakashraawat/colcon_ws/install/unity_robotics_msgs/lib/libunity_robotics_msgs__rosidl_typesupport_c.so
[12.040s] -- Set runtime path of "/home/aakashraawat/colcon_ws/install/unity_robotics_msgs/lib/libunity_robotics_msgs__rosidl_typesupport_c.so" to ""
[12.040s] -- Up-to-date: /home/aakashraawat/colcon_ws/install/unity_robotics_msgs/include/unity_robotics_msgs
[12.040s] -- Up-to-date: /home/aakashraawat/colcon_ws/install/unity_robotics_msgs/include/unity_robotics_msgs/msg
[12.040s] -- Installing: /home/aakashraawat/colcon_ws/install/unity_robotics_msgs/include/unity_robotics_msgs/msg/steering_angle.hpp
[12.040s] -- Installing: /home/aakashraawat/colcon_ws/install/unity_robotics_msgs/include/unity_robotics_msgs/msg/unity_color.hpp
[12.040s] -- Installing: /home/aakashraawat/colcon_ws/install/unity_robotics_msgs/include/unity_robotics_msgs/msg/pos_rot.hpp
[12.041s] -- Up-to-date: /home/aakashraawat/colcon_ws/install/unity_robotics_msgs/include/unity_robotics_msgs/msg/detail
[12.041s] -- Installing: /home/aakashraawat/colcon_ws/install/unity_robotics_msgs/include/unity_robotics_msgs/msg/detail/unity_color__type_support.hpp
[12.041s] -- Installing: /home/aakashraawat/colcon_ws/install/unity_robotics_msgs/include/unity_robotics_msgs/msg/detail/pos_rot__traits.hpp
[12.041s] -- Installing: /home/aakashraawat/colcon_ws/install/unity_robotics_msgs/include/unity_robotics_msgs/msg/detail/steering_angle__struct.hpp
[12.041s] -- Installing: /home/aakashraawat/colcon_ws/install/unity_robotics_msgs/include/unity_robotics_msgs/msg/detail/unity_color__struct.hpp
[12.041s] -- Installing: /home/aakashraawat/colcon_ws/install/unity_robotics_msgs/include/unity_robotics_msgs/msg/detail/steering_angle__type_support.hpp
[12.041s] -- Installing: /home/aakashraawat/colcon_ws/install/unity_robotics_msgs/include/unity_robotics_msgs/msg/detail/unity_color__traits.hpp
[12.041s] -- Installing: /home/aakashraawat/colcon_ws/install/unity_robotics_msgs/include/unity_robotics_msgs/msg/detail/steering_angle__traits.hpp
[12.041s] -- Installing: /home/aakashraawat/colcon_ws/install/unity_robotics_msgs/include/unity_robotics_msgs/msg/detail/pos_rot__builder.hpp
[12.042s] -- Installing: /home/aakashraawat/colcon_ws/install/unity_robotics_msgs/include/unity_robotics_msgs/msg/detail/steering_angle__builder.hpp
[12.042s] -- Installing: /home/aakashraawat/colcon_ws/install/unity_robotics_msgs/include/unity_robotics_msgs/msg/detail/pos_rot__struct.hpp
[12.042s] -- Installing: /home/aakashraawat/colcon_ws/install/unity_robotics_msgs/include/unity_robotics_msgs/msg/detail/unity_color__builder.hpp
[12.042s] -- Installing: /home/aakashraawat/colcon_ws/install/unity_robotics_msgs/include/unity_robotics_msgs/msg/detail/pos_rot__type_support.hpp
[12.042s] -- Up-to-date: /home/aakashraawat/colcon_ws/install/unity_robotics_msgs/include/unity_robotics_msgs/msg/rosidl_generator_cpp__visibility_control.hpp
[12.042s] -- Up-to-date: /home/aakashraawat/colcon_ws/install/unity_robotics_msgs/include/unity_robotics_msgs/srv
[12.042s] -- Up-to-date: /home/aakashraawat/colcon_ws/install/unity_robotics_msgs/include/unity_robotics_msgs/srv/detail
[12.042s] -- Installing: /home/aakashraawat/colcon_ws/install/unity_robotics_msgs/include/unity_robotics_msgs/srv/detail/position_service__struct.hpp
[12.042s] -- Installing: /home/aakashraawat/colcon_ws/install/unity_robotics_msgs/include/unity_robotics_msgs/srv/detail/object_pose_service__builder.hpp
[12.043s] -- Installing: /home/aakashraawat/colcon_ws/install/unity_robotics_msgs/include/unity_robotics_msgs/srv/detail/object_pose_service__type_support.hpp
[12.043s] -- Installing: /home/aakashraawat/colcon_ws/install/unity_robotics_msgs/include/unity_robotics_msgs/srv/detail/position_service__traits.hpp
[12.043s] -- Installing: /home/aakashraawat/colcon_ws/install/unity_robotics_msgs/include/unity_robotics_msgs/srv/detail/position_service__builder.hpp
[12.043s] -- Installing: /home/aakashraawat/colcon_ws/install/unity_robotics_msgs/include/unity_robotics_msgs/srv/detail/position_service__type_support.hpp
[12.043s] -- Installing: /home/aakashraawat/colcon_ws/install/unity_robotics_msgs/include/unity_robotics_msgs/srv/detail/object_pose_service__traits.hpp
[12.043s] -- Installing: /home/aakashraawat/colcon_ws/install/unity_robotics_msgs/include/unity_robotics_msgs/srv/detail/object_pose_service__struct.hpp
[12.043s] -- Installing: /home/aakashraawat/colcon_ws/install/unity_robotics_msgs/include/unity_robotics_msgs/srv/position_service.hpp
[12.043s] -- Installing: /home/aakashraawat/colcon_ws/install/unity_robotics_msgs/include/unity_robotics_msgs/srv/object_pose_service.hpp
[12.043s] -- Up-to-date: /home/aakashraawat/colcon_ws/install/unity_robotics_msgs/include/unity_robotics_msgs
[12.043s] -- Up-to-date: /home/aakashraawat/colcon_ws/install/unity_robotics_msgs/include/unity_robotics_msgs/msg
[12.043s] -- Up-to-date: /home/aakashraawat/colcon_ws/install/unity_robotics_msgs/include/unity_robotics_msgs/msg/detail
[12.043s] -- Installing: /home/aakashraawat/colcon_ws/install/unity_robotics_msgs/include/unity_robotics_msgs/msg/detail/steering_angle__rosidl_typesupport_introspection_cpp.hpp
[12.043s] -- Installing: /home/aakashraawat/colcon_ws/install/unity_robotics_msgs/include/unity_robotics_msgs/msg/detail/steering_angle__type_support.cpp
[12.043s] -- Installing: /home/aakashraawat/colcon_ws/install/unity_robotics_msgs/include/unity_robotics_msgs/msg/detail/pos_rot__type_support.cpp
[12.043s] -- Installing: /home/aakashraawat/colcon_ws/install/unity_robotics_msgs/include/unity_robotics_msgs/msg/detail/unity_color__rosidl_typesupport_introspection_cpp.hpp
[12.044s] -- Installing: /home/aakashraawat/colcon_ws/install/unity_robotics_msgs/include/unity_robotics_msgs/msg/detail/unity_color__type_support.cpp
[12.044s] -- Installing: /home/aakashraawat/colcon_ws/install/unity_robotics_msgs/include/unity_robotics_msgs/msg/detail/pos_rot__rosidl_typesupport_introspection_cpp.hpp
[12.044s] -- Up-to-date: /home/aakashraawat/colcon_ws/install/unity_robotics_msgs/include/unity_robotics_msgs/srv
[12.044s] -- Up-to-date: /home/aakashraawat/colcon_ws/install/unity_robotics_msgs/include/unity_robotics_msgs/srv/detail
[12.044s] -- Installing: /home/aakashraawat/colcon_ws/install/unity_robotics_msgs/include/unity_robotics_msgs/srv/detail/object_pose_service__type_support.cpp
[12.044s] -- Installing: /home/aakashraawat/colcon_ws/install/unity_robotics_msgs/include/unity_robotics_msgs/srv/detail/object_pose_service__rosidl_typesupport_introspection_cpp.hpp
[12.044s] -- Installing: /home/aakashraawat/colcon_ws/install/unity_robotics_msgs/include/unity_robotics_msgs/srv/detail/position_service__rosidl_typesupport_introspection_cpp.hpp
[12.044s] -- Installing: /home/aakashraawat/colcon_ws/install/unity_robotics_msgs/include/unity_robotics_msgs/srv/detail/position_service__type_support.cpp
[12.044s] -- Installing: /home/aakashraawat/colcon_ws/install/unity_robotics_msgs/lib/libunity_robotics_msgs__rosidl_typesupport_introspection_cpp.so
[12.044s] -- Set runtime path of "/home/aakashraawat/colcon_ws/install/unity_robotics_msgs/lib/libunity_robotics_msgs__rosidl_typesupport_introspection_cpp.so" to ""
[12.044s] -- Installing: /home/aakashraawat/colcon_ws/install/unity_robotics_msgs/lib/libunity_robotics_msgs__rosidl_typesupport_cpp.so
[12.044s] -- Set runtime path of "/home/aakashraawat/colcon_ws/install/unity_robotics_msgs/lib/libunity_robotics_msgs__rosidl_typesupport_cpp.so" to ""
[12.044s] -- Up-to-date: /home/aakashraawat/colcon_ws/install/unity_robotics_msgs/share/unity_robotics_msgs/environment/pythonpath.sh
[12.044s] -- Installing: /home/aakashraawat/colcon_ws/install/unity_robotics_msgs/share/unity_robotics_msgs/environment/pythonpath.dsv
[12.044s] -- Installing: /home/aakashraawat/colcon_ws/install/unity_robotics_msgs/lib/python3.8/site-packages/unity_robotics_msgs/__init__.py
[12.067s] Compiling '/home/aakashraawat/colcon_ws/install/unity_robotics_msgs/lib/python3.8/site-packages/unity_robotics_msgs/__init__.py'...
[12.071s] -- Up-to-date: /home/aakashraawat/colcon_ws/install/unity_robotics_msgs/lib/python3.8/site-packages/unity_robotics_msgs/msg
[12.072s] -- Installing: /home/aakashraawat/colcon_ws/install/unity_robotics_msgs/lib/python3.8/site-packages/unity_robotics_msgs/msg/_pos_rot_s.c
[12.072s] -- Installing: /home/aakashraawat/colcon_ws/install/unity_robotics_msgs/lib/python3.8/site-packages/unity_robotics_msgs/msg/_unity_color.py
[12.072s] -- Installing: /home/aakashraawat/colcon_ws/install/unity_robotics_msgs/lib/python3.8/site-packages/unity_robotics_msgs/msg/_steering_angle.py
[12.072s] -- Installing: /home/aakashraawat/colcon_ws/install/unity_robotics_msgs/lib/python3.8/site-packages/unity_robotics_msgs/msg/__init__.py
[12.072s] -- Installing: /home/aakashraawat/colcon_ws/install/unity_robotics_msgs/lib/python3.8/site-packages/unity_robotics_msgs/msg/_unity_color_s.c
[12.072s] -- Installing: /home/aakashraawat/colcon_ws/install/unity_robotics_msgs/lib/python3.8/site-packages/unity_robotics_msgs/msg/_pos_rot.py
[12.072s] -- Installing: /home/aakashraawat/colcon_ws/install/unity_robotics_msgs/lib/python3.8/site-packages/unity_robotics_msgs/msg/_steering_angle_s.c
[12.072s] -- Up-to-date: /home/aakashraawat/colcon_ws/install/unity_robotics_msgs/lib/python3.8/site-packages/unity_robotics_msgs/srv
[12.073s] -- Installing: /home/aakashraawat/colcon_ws/install/unity_robotics_msgs/lib/python3.8/site-packages/unity_robotics_msgs/srv/_object_pose_service.py
[12.073s] -- Installing: /home/aakashraawat/colcon_ws/install/unity_robotics_msgs/lib/python3.8/site-packages/unity_robotics_msgs/srv/_object_pose_service_s.c
[12.073s] -- Installing: /home/aakashraawat/colcon_ws/install/unity_robotics_msgs/lib/python3.8/site-packages/unity_robotics_msgs/srv/_position_service_s.c
[12.073s] -- Installing: /home/aakashraawat/colcon_ws/install/unity_robotics_msgs/lib/python3.8/site-packages/unity_robotics_msgs/srv/__init__.py
[12.073s] -- Installing: /home/aakashraawat/colcon_ws/install/unity_robotics_msgs/lib/python3.8/site-packages/unity_robotics_msgs/srv/_position_service.py
[12.073s] -- Installing: /home/aakashraawat/colcon_ws/install/unity_robotics_msgs/lib/python3.8/site-packages/unity_robotics_msgs/unity_robotics_msgs_s__rosidl_typesupport_fastrtps_c.cpython-38-x86_64-linux-gnu.so
[12.073s] -- Set runtime path of "/home/aakashraawat/colcon_ws/install/unity_robotics_msgs/lib/python3.8/site-packages/unity_robotics_msgs/unity_robotics_msgs_s__rosidl_typesupport_fastrtps_c.cpython-38-x86_64-linux-gnu.so" to ""
[12.074s] -- Installing: /home/aakashraawat/colcon_ws/install/unity_robotics_msgs/lib/python3.8/site-packages/unity_robotics_msgs/unity_robotics_msgs_s__rosidl_typesupport_introspection_c.cpython-38-x86_64-linux-gnu.so
[12.074s] -- Set runtime path of "/home/aakashraawat/colcon_ws/install/unity_robotics_msgs/lib/python3.8/site-packages/unity_robotics_msgs/unity_robotics_msgs_s__rosidl_typesupport_introspection_c.cpython-38-x86_64-linux-gnu.so" to ""
[12.074s] -- Installing: /home/aakashraawat/colcon_ws/install/unity_robotics_msgs/lib/python3.8/site-packages/unity_robotics_msgs/unity_robotics_msgs_s__rosidl_typesupport_c.cpython-38-x86_64-linux-gnu.so
[12.075s] -- Set runtime path of "/home/aakashraawat/colcon_ws/install/unity_robotics_msgs/lib/python3.8/site-packages/unity_robotics_msgs/unity_robotics_msgs_s__rosidl_typesupport_c.cpython-38-x86_64-linux-gnu.so" to ""
[12.075s] -- Installing: /home/aakashraawat/colcon_ws/install/unity_robotics_msgs/lib/libunity_robotics_msgs__python.so
[12.075s] -- Set runtime path of "/home/aakashraawat/colcon_ws/install/unity_robotics_msgs/lib/libunity_robotics_msgs__python.so" to ""
[12.075s] -- Installing: /home/aakashraawat/colcon_ws/install/unity_robotics_msgs/share/unity_robotics_msgs/msg/SteeringAngle.idl
[12.075s] -- Up-to-date: /home/aakashraawat/colcon_ws/install/unity_robotics_msgs/share/unity_robotics_msgs/msg/PosRot.idl
[12.076s] -- Up-to-date: /home/aakashraawat/colcon_ws/install/unity_robotics_msgs/share/unity_robotics_msgs/msg/UnityColor.idl
[12.076s] -- Up-to-date: /home/aakashraawat/colcon_ws/install/unity_robotics_msgs/share/unity_robotics_msgs/srv/PositionService.idl
[12.076s] -- Up-to-date: /home/aakashraawat/colcon_ws/install/unity_robotics_msgs/share/unity_robotics_msgs/srv/ObjectPoseService.idl
[12.076s] -- Installing: /home/aakashraawat/colcon_ws/install/unity_robotics_msgs/share/unity_robotics_msgs/msg/SteeringAngle.msg
[12.076s] -- Up-to-date: /home/aakashraawat/colcon_ws/install/unity_robotics_msgs/share/unity_robotics_msgs/msg/PosRot.msg
[12.076s] -- Up-to-date: /home/aakashraawat/colcon_ws/install/unity_robotics_msgs/share/unity_robotics_msgs/msg/UnityColor.msg
[12.076s] -- Up-to-date: /home/aakashraawat/colcon_ws/install/unity_robotics_msgs/share/unity_robotics_msgs/srv/PositionService.srv
[12.077s] -- Up-to-date: /home/aakashraawat/colcon_ws/install/unity_robotics_msgs/share/unity_robotics_msgs/srv/PositionService_Request.msg
[12.077s] -- Up-to-date: /home/aakashraawat/colcon_ws/install/unity_robotics_msgs/share/unity_robotics_msgs/srv/PositionService_Response.msg
[12.077s] -- Up-to-date: /home/aakashraawat/colcon_ws/install/unity_robotics_msgs/share/unity_robotics_msgs/srv/ObjectPoseService.srv
[12.077s] -- Up-to-date: /home/aakashraawat/colcon_ws/install/unity_robotics_msgs/share/unity_robotics_msgs/srv/ObjectPoseService_Request.msg
[12.077s] -- Up-to-date: /home/aakashraawat/colcon_ws/install/unity_robotics_msgs/share/unity_robotics_msgs/srv/ObjectPoseService_Response.msg
[12.077s] -- Up-to-date: /home/aakashraawat/colcon_ws/install/unity_robotics_msgs/share/ament_index/resource_index/package_run_dependencies/unity_robotics_msgs
[12.077s] -- Up-to-date: /home/aakashraawat/colcon_ws/install/unity_robotics_msgs/share/ament_index/resource_index/parent_prefix_path/unity_robotics_msgs
[12.078s] -- Up-to-date: /home/aakashraawat/colcon_ws/install/unity_robotics_msgs/share/unity_robotics_msgs/environment/ament_prefix_path.sh
[12.078s] -- Installing: /home/aakashraawat/colcon_ws/install/unity_robotics_msgs/share/unity_robotics_msgs/environment/ament_prefix_path.dsv
[12.078s] -- Up-to-date: /home/aakashraawat/colcon_ws/install/unity_robotics_msgs/share/unity_robotics_msgs/environment/path.sh
[12.078s] -- Installing: /home/aakashraawat/colcon_ws/install/unity_robotics_msgs/share/unity_robotics_msgs/environment/path.dsv
[12.078s] -- Up-to-date: /home/aakashraawat/colcon_ws/install/unity_robotics_msgs/share/unity_robotics_msgs/local_setup.bash
[12.078s] -- Up-to-date: /home/aakashraawat/colcon_ws/install/unity_robotics_msgs/share/unity_robotics_msgs/local_setup.sh
[12.078s] -- Up-to-date: /home/aakashraawat/colcon_ws/install/unity_robotics_msgs/share/unity_robotics_msgs/local_setup.zsh
[12.078s] -- Installing: /home/aakashraawat/colcon_ws/install/unity_robotics_msgs/share/unity_robotics_msgs/local_setup.dsv
[12.078s] -- Installing: /home/aakashraawat/colcon_ws/install/unity_robotics_msgs/share/unity_robotics_msgs/package.dsv
[12.078s] -- Up-to-date: /home/aakashraawat/colcon_ws/install/unity_robotics_msgs/share/ament_index/resource_index/packages/unity_robotics_msgs
[12.079s] -- Up-to-date: /home/aakashraawat/colcon_ws/install/unity_robotics_msgs/share/unity_robotics_msgs/cmake/unity_robotics_msgs__rosidl_generator_cExport.cmake
[12.079s] -- Installing: /home/aakashraawat/colcon_ws/install/unity_robotics_msgs/share/unity_robotics_msgs/cmake/unity_robotics_msgs__rosidl_generator_cExport-noconfig.cmake
[12.079s] -- Up-to-date: /home/aakashraawat/colcon_ws/install/unity_robotics_msgs/share/unity_robotics_msgs/cmake/unity_robotics_msgs__rosidl_typesupport_introspection_cExport.cmake
[12.079s] -- Installing: /home/aakashraawat/colcon_ws/install/unity_robotics_msgs/share/unity_robotics_msgs/cmake/unity_robotics_msgs__rosidl_typesupport_introspection_cExport-noconfig.cmake
[12.079s] -- Up-to-date: /home/aakashraawat/colcon_ws/install/unity_robotics_msgs/share/unity_robotics_msgs/cmake/unity_robotics_msgs__rosidl_typesupport_cExport.cmake
[12.079s] -- Installing: /home/aakashraawat/colcon_ws/install/unity_robotics_msgs/share/unity_robotics_msgs/cmake/unity_robotics_msgs__rosidl_typesupport_cExport-noconfig.cmake
[12.079s] -- Up-to-date: /home/aakashraawat/colcon_ws/install/unity_robotics_msgs/share/unity_robotics_msgs/cmake/unity_robotics_msgs__rosidl_generator_cppExport.cmake
[12.079s] -- Up-to-date: /home/aakashraawat/colcon_ws/install/unity_robotics_msgs/share/unity_robotics_msgs/cmake/unity_robotics_msgs__rosidl_typesupport_introspection_cppExport.cmake
[12.079s] -- Installing: /home/aakashraawat/colcon_ws/install/unity_robotics_msgs/share/unity_robotics_msgs/cmake/unity_robotics_msgs__rosidl_typesupport_introspection_cppExport-noconfig.cmake
[12.079s] -- Up-to-date: /home/aakashraawat/colcon_ws/install/unity_robotics_msgs/share/unity_robotics_msgs/cmake/unity_robotics_msgs__rosidl_typesupport_cppExport.cmake
[12.079s] -- Installing: /home/aakashraawat/colcon_ws/install/unity_robotics_msgs/share/unity_robotics_msgs/cmake/unity_robotics_msgs__rosidl_typesupport_cppExport-noconfig.cmake
[12.079s] -- Up-to-date: /home/aakashraawat/colcon_ws/install/unity_robotics_msgs/share/unity_robotics_msgs/cmake/rosidl_cmake-extras.cmake
[12.080s] -- Up-to-date: /home/aakashraawat/colcon_ws/install/unity_robotics_msgs/share/unity_robotics_msgs/cmake/ament_cmake_export_dependencies-extras.cmake
[12.080s] -- Up-to-date: /home/aakashraawat/colcon_ws/install/unity_robotics_msgs/share/unity_robotics_msgs/cmake/ament_cmake_export_libraries-extras.cmake
[12.080s] -- Up-to-date: /home/aakashraawat/colcon_ws/install/unity_robotics_msgs/share/unity_robotics_msgs/cmake/ament_cmake_export_targets-extras.cmake
[12.080s] -- Up-to-date: /home/aakashraawat/colcon_ws/install/unity_robotics_msgs/share/unity_robotics_msgs/cmake/ament_cmake_export_include_directories-extras.cmake
[12.080s] -- Up-to-date: /home/aakashraawat/colcon_ws/install/unity_robotics_msgs/share/unity_robotics_msgs/cmake/rosidl_cmake_export_typesupport_libraries-extras.cmake
[12.080s] -- Up-to-date: /home/aakashraawat/colcon_ws/install/unity_robotics_msgs/share/unity_robotics_msgs/cmake/rosidl_cmake_export_typesupport_targets-extras.cmake
[12.080s] -- Up-to-date: /home/aakashraawat/colcon_ws/install/unity_robotics_msgs/share/unity_robotics_msgs/cmake/unity_robotics_msgsConfig.cmake
[12.080s] -- Up-to-date: /home/aakashraawat/colcon_ws/install/unity_robotics_msgs/share/unity_robotics_msgs/cmake/unity_robotics_msgsConfig-version.cmake
[12.080s] -- Up-to-date: /home/aakashraawat/colcon_ws/install/unity_robotics_msgs/share/unity_robotics_msgs/package.xml
[12.081s] Invoked command in '/home/aakashraawat/colcon_ws/build/unity_robotics_msgs' returned '0': CMAKE_PREFIX_PATH=${CMAKE_PREFIX_PATH}:/home/aakashraawat/colcon_ws/install/unity_robotics_demo:/home/aakashraawat/colcon_ws/install/simulink_subscriber:/home/aakashraawat/colcon_ws/install/ros_tcp_endpoint:/home/aakashraawat/colcon_ws/install/py_pubsub:/opt/ros/foxy /usr/bin/cmake --install /home/aakashraawat/colcon_ws/build/unity_robotics_msgs
