[ 25%] Built target gtest_main
[ 50%] Built target gtest
[ 75%] Built target tf2_eigen_kdl
[100%] Built target tf2_eigen_kdl_test
-- Install configuration: ""
-- Up-to-date: /home/aakashraawat/colcon_ws/install/tf2_eigen_kdl/include/tf2_eigen_kdl
-- Up-to-date: /home/aakashraawat/colcon_ws/install/tf2_eigen_kdl/include/tf2_eigen_kdl/visibility_control.h
-- Up-to-date: /home/aakashraawat/colcon_ws/install/tf2_eigen_kdl/include/tf2_eigen_kdl/tf2_eigen_kdl.hpp
-- Up-to-date: /home/aakashraawat/colcon_ws/install/tf2_eigen_kdl/lib/libtf2_eigen_kdl.so
-- Up-to-date: /home/aakashraawat/colcon_ws/install/tf2_eigen_kdl/share/tf2_eigen_kdl/environment/library_path.sh
-- Up-to-date: /home/aakashraawat/colcon_ws/install/tf2_eigen_kdl/share/tf2_eigen_kdl/environment/library_path.dsv
-- Up-to-date: /home/aakashraawat/colcon_ws/install/tf2_eigen_kdl/share/ament_index/resource_index/package_run_dependencies/tf2_eigen_kdl
-- Up-to-date: /home/aakashraawat/colcon_ws/install/tf2_eigen_kdl/share/ament_index/resource_index/parent_prefix_path/tf2_eigen_kdl
-- Up-to-date: /home/aakashraawat/colcon_ws/install/tf2_eigen_kdl/share/tf2_eigen_kdl/environment/ament_prefix_path.sh
-- Up-to-date: /home/aakashraawat/colcon_ws/install/tf2_eigen_kdl/share/tf2_eigen_kdl/environment/ament_prefix_path.dsv
-- Up-to-date: /home/aakashraawat/colcon_ws/install/tf2_eigen_kdl/share/tf2_eigen_kdl/environment/path.sh
-- Up-to-date: /home/aakashraawat/colcon_ws/install/tf2_eigen_kdl/share/tf2_eigen_kdl/environment/path.dsv
-- Up-to-date: /home/aakashraawat/colcon_ws/install/tf2_eigen_kdl/share/tf2_eigen_kdl/local_setup.bash
-- Up-to-date: /home/aakashraawat/colcon_ws/install/tf2_eigen_kdl/share/tf2_eigen_kdl/local_setup.sh
-- Up-to-date: /home/aakashraawat/colcon_ws/install/tf2_eigen_kdl/share/tf2_eigen_kdl/local_setup.zsh
-- Up-to-date: /home/aakashraawat/colcon_ws/install/tf2_eigen_kdl/share/tf2_eigen_kdl/local_setup.dsv
-- Installing: /home/aakashraawat/colcon_ws/install/tf2_eigen_kdl/share/tf2_eigen_kdl/package.dsv
-- Up-to-date: /home/aakashraawat/colcon_ws/install/tf2_eigen_kdl/share/ament_index/resource_index/packages/tf2_eigen_kdl
-- Up-to-date: /home/aakashraawat/colcon_ws/install/tf2_eigen_kdl/share/tf2_eigen_kdl/cmake/tf2_eigen_kdlExport.cmake
-- Up-to-date: /home/aakashraawat/colcon_ws/install/tf2_eigen_kdl/share/tf2_eigen_kdl/cmake/tf2_eigen_kdlExport-noconfig.cmake
-- Up-to-date: /home/aakashraawat/colcon_ws/install/tf2_eigen_kdl/share/tf2_eigen_kdl/cmake/ament_cmake_export_include_directories-extras.cmake
-- Up-to-date: /home/aakashraawat/colcon_ws/install/tf2_eigen_kdl/share/tf2_eigen_kdl/cmake/ament_cmake_export_dependencies-extras.cmake
-- Up-to-date: /home/aakashraawat/colcon_ws/install/tf2_eigen_kdl/share/tf2_eigen_kdl/cmake/ament_cmake_export_libraries-extras.cmake
-- Up-to-date: /home/aakashraawat/colcon_ws/install/tf2_eigen_kdl/share/tf2_eigen_kdl/cmake/ament_cmake_export_targets-extras.cmake
-- Up-to-date: /home/aakashraawat/colcon_ws/install/tf2_eigen_kdl/share/tf2_eigen_kdl/cmake/tf2_eigen_kdlConfig.cmake
-- Up-to-date: /home/aakashraawat/colcon_ws/install/tf2_eigen_kdl/share/tf2_eigen_kdl/cmake/tf2_eigen_kdlConfig-version.cmake
-- Up-to-date: /home/aakashraawat/colcon_ws/install/tf2_eigen_kdl/share/tf2_eigen_kdl/package.xml
