[0.234s] DEBUG:colcon:Command line arguments: ['/usr/bin/colcon', 'build']
[0.234s] DEBUG:colcon:Parsed command line arguments: Namespace(allow_overriding=[], ament_cmake_args=None, base_paths=['.'], build_base='build', catkin_cmake_args=None, catkin_skip_building_tests=False, cmake_args=None, cmake_clean_cache=False, cmake_clean_first=False, cmake_force_configure=False, cmake_target=None, cmake_target_skip_unavailable=False, continue_on_error=False, event_handlers=None, executor='parallel', ignore_user_meta=False, install_base='install', log_base=None, log_level=None, main=<bound method BuildVerb.main of <colcon_core.verb.build.BuildVerb object at 0x7f829b1c68e0>>, merge_install=False, metas=['./colcon.meta'], mixin=None, mixin_files=None, mixin_verb=('build',), packages_above=None, packages_above_and_dependencies=None, packages_above_depth=None, packages_end=None, packages_ignore=None, packages_ignore_regex=None, packages_select=None, packages_select_build_failed=False, packages_select_by_dep=None, packages_select_regex=None, packages_select_test_failures=False, packages_skip=None, packages_skip_build_finished=False, packages_skip_by_dep=None, packages_skip_regex=None, packages_skip_test_passed=False, packages_skip_up_to=None, packages_start=None, packages_up_to=None, packages_up_to_regex=None, parallel_workers=20, paths=None, symlink_install=False, test_result_base=None, verb_extension=<colcon_core.verb.build.BuildVerb object at 0x7f829b1c68e0>, verb_name='build', verb_parser=<colcon_mixin.mixin.mixin_argument.MixinArgumentDecorator object at 0x7f829b0a8a30>)
[0.352s] Level 1:colcon.colcon_core.package_discovery:discover_packages(colcon_meta) check parameters
[0.352s] Level 1:colcon.colcon_core.package_discovery:discover_packages(recursive) check parameters
[0.352s] Level 1:colcon.colcon_core.package_discovery:discover_packages(ignore) check parameters
[0.352s] Level 1:colcon.colcon_core.package_discovery:discover_packages(path) check parameters
[0.352s] Level 1:colcon.colcon_core.package_discovery:discover_packages(colcon_meta) discover
[0.352s] Level 1:colcon.colcon_core.package_discovery:discover_packages(recursive) discover
[0.352s] INFO:colcon.colcon_core.package_discovery:Crawling recursively for packages in '/home/aakashraawat/colcon_ws'
[0.352s] Level 1:colcon.colcon_core.package_identification:_identify(.) by extensions ['ignore', 'ignore_ament_install']
[0.353s] Level 1:colcon.colcon_core.package_identification:_identify(.) by extension 'ignore'
[0.353s] Level 1:colcon.colcon_core.package_identification:_identify(.) by extension 'ignore_ament_install'
[0.353s] Level 1:colcon.colcon_core.package_identification:_identify(.) by extensions ['colcon_pkg']
[0.353s] Level 1:colcon.colcon_core.package_identification:_identify(.) by extension 'colcon_pkg'
[0.353s] Level 1:colcon.colcon_core.package_identification:_identify(.) by extensions ['colcon_meta']
[0.353s] Level 1:colcon.colcon_core.package_identification:_identify(.) by extension 'colcon_meta'
[0.353s] Level 1:colcon.colcon_core.package_identification:_identify(.) by extensions ['ros']
[0.353s] Level 1:colcon.colcon_core.package_identification:_identify(.) by extension 'ros'
[0.362s] Level 1:colcon.colcon_core.package_identification:_identify(.) by extensions ['cmake', 'python']
[0.363s] Level 1:colcon.colcon_core.package_identification:_identify(.) by extension 'cmake'
[0.363s] Level 1:colcon.colcon_core.package_identification:_identify(.) by extension 'python'
[0.363s] Level 1:colcon.colcon_core.package_identification:_identify(.) by extensions ['python_setup_py']
[0.363s] Level 1:colcon.colcon_core.package_identification:_identify(.) by extension 'python_setup_py'
[0.363s] Level 1:colcon.colcon_core.package_identification:_identify(build) by extensions ['ignore', 'ignore_ament_install']
[0.363s] Level 1:colcon.colcon_core.package_identification:_identify(build) by extension 'ignore'
[0.363s] Level 1:colcon.colcon_core.package_identification:_identify(build) ignored
[0.363s] Level 1:colcon.colcon_core.package_identification:_identify(install) by extensions ['ignore', 'ignore_ament_install']
[0.363s] Level 1:colcon.colcon_core.package_identification:_identify(install) by extension 'ignore'
[0.363s] Level 1:colcon.colcon_core.package_identification:_identify(install) ignored
[0.363s] Level 1:colcon.colcon_core.package_identification:_identify(log) by extensions ['ignore', 'ignore_ament_install']
[0.363s] Level 1:colcon.colcon_core.package_identification:_identify(log) by extension 'ignore'
[0.363s] Level 1:colcon.colcon_core.package_identification:_identify(log) ignored
[0.363s] Level 1:colcon.colcon_core.package_identification:_identify(src) by extensions ['ignore', 'ignore_ament_install']
[0.363s] Level 1:colcon.colcon_core.package_identification:_identify(src) by extension 'ignore'
[0.363s] Level 1:colcon.colcon_core.package_identification:_identify(src) by extension 'ignore_ament_install'
[0.364s] Level 1:colcon.colcon_core.package_identification:_identify(src) by extensions ['colcon_pkg']
[0.364s] Level 1:colcon.colcon_core.package_identification:_identify(src) by extension 'colcon_pkg'
[0.364s] Level 1:colcon.colcon_core.package_identification:_identify(src) by extensions ['colcon_meta']
[0.364s] Level 1:colcon.colcon_core.package_identification:_identify(src) by extension 'colcon_meta'
[0.364s] Level 1:colcon.colcon_core.package_identification:_identify(src) by extensions ['ros']
[0.364s] Level 1:colcon.colcon_core.package_identification:_identify(src) by extension 'ros'
[0.364s] Level 1:colcon.colcon_core.package_identification:_identify(src) by extensions ['cmake', 'python']
[0.364s] Level 1:colcon.colcon_core.package_identification:_identify(src) by extension 'cmake'
[0.364s] Level 1:colcon.colcon_core.package_identification:_identify(src) by extension 'python'
[0.364s] Level 1:colcon.colcon_core.package_identification:_identify(src) by extensions ['python_setup_py']
[0.364s] Level 1:colcon.colcon_core.package_identification:_identify(src) by extension 'python_setup_py'
[0.364s] Level 1:colcon.colcon_core.package_identification:_identify(src/ROS-TCP-Endpoint) by extensions ['ignore', 'ignore_ament_install']
[0.364s] Level 1:colcon.colcon_core.package_identification:_identify(src/ROS-TCP-Endpoint) by extension 'ignore'
[0.364s] Level 1:colcon.colcon_core.package_identification:_identify(src/ROS-TCP-Endpoint) by extension 'ignore_ament_install'
[0.364s] Level 1:colcon.colcon_core.package_identification:_identify(src/ROS-TCP-Endpoint) by extensions ['colcon_pkg']
[0.364s] Level 1:colcon.colcon_core.package_identification:_identify(src/ROS-TCP-Endpoint) by extension 'colcon_pkg'
[0.364s] Level 1:colcon.colcon_core.package_identification:_identify(src/ROS-TCP-Endpoint) by extensions ['colcon_meta']
[0.364s] Level 1:colcon.colcon_core.package_identification:_identify(src/ROS-TCP-Endpoint) by extension 'colcon_meta'
[0.364s] Level 1:colcon.colcon_core.package_identification:_identify(src/ROS-TCP-Endpoint) by extensions ['ros']
[0.364s] Level 1:colcon.colcon_core.package_identification:_identify(src/ROS-TCP-Endpoint) by extension 'ros'
[0.366s] DEBUG:colcon.colcon_core.package_identification:Package 'src/ROS-TCP-Endpoint' with type 'ros.ament_python' and name 'ros_tcp_endpoint'
[0.366s] Level 1:colcon.colcon_core.package_identification:_identify(src/py_pubsub) by extensions ['ignore', 'ignore_ament_install']
[0.367s] Level 1:colcon.colcon_core.package_identification:_identify(src/py_pubsub) by extension 'ignore'
[0.367s] Level 1:colcon.colcon_core.package_identification:_identify(src/py_pubsub) by extension 'ignore_ament_install'
[0.367s] Level 1:colcon.colcon_core.package_identification:_identify(src/py_pubsub) by extensions ['colcon_pkg']
[0.367s] Level 1:colcon.colcon_core.package_identification:_identify(src/py_pubsub) by extension 'colcon_pkg'
[0.367s] Level 1:colcon.colcon_core.package_identification:_identify(src/py_pubsub) by extensions ['colcon_meta']
[0.367s] Level 1:colcon.colcon_core.package_identification:_identify(src/py_pubsub) by extension 'colcon_meta'
[0.367s] Level 1:colcon.colcon_core.package_identification:_identify(src/py_pubsub) by extensions ['ros']
[0.367s] Level 1:colcon.colcon_core.package_identification:_identify(src/py_pubsub) by extension 'ros'
[0.367s] DEBUG:colcon.colcon_core.package_identification:Package 'src/py_pubsub' with type 'ros.ament_python' and name 'py_pubsub'
[0.367s] Level 1:colcon.colcon_core.package_identification:_identify(src/simulink_subscriber) by extensions ['ignore', 'ignore_ament_install']
[0.367s] Level 1:colcon.colcon_core.package_identification:_identify(src/simulink_subscriber) by extension 'ignore'
[0.367s] Level 1:colcon.colcon_core.package_identification:_identify(src/simulink_subscriber) by extension 'ignore_ament_install'
[0.367s] Level 1:colcon.colcon_core.package_identification:_identify(src/simulink_subscriber) by extensions ['colcon_pkg']
[0.367s] Level 1:colcon.colcon_core.package_identification:_identify(src/simulink_subscriber) by extension 'colcon_pkg'
[0.368s] Level 1:colcon.colcon_core.package_identification:_identify(src/simulink_subscriber) by extensions ['colcon_meta']
[0.368s] Level 1:colcon.colcon_core.package_identification:_identify(src/simulink_subscriber) by extension 'colcon_meta'
[0.368s] Level 1:colcon.colcon_core.package_identification:_identify(src/simulink_subscriber) by extensions ['ros']
[0.368s] Level 1:colcon.colcon_core.package_identification:_identify(src/simulink_subscriber) by extension 'ros'
[0.368s] DEBUG:colcon.colcon_core.package_identification:Package 'src/simulink_subscriber' with type 'ros.ament_python' and name 'simulink_subscriber'
[0.368s] Level 1:colcon.colcon_core.package_identification:_identify(src/unity_robotics_demo) by extensions ['ignore', 'ignore_ament_install']
[0.368s] Level 1:colcon.colcon_core.package_identification:_identify(src/unity_robotics_demo) by extension 'ignore'
[0.368s] Level 1:colcon.colcon_core.package_identification:_identify(src/unity_robotics_demo) by extension 'ignore_ament_install'
[0.368s] Level 1:colcon.colcon_core.package_identification:_identify(src/unity_robotics_demo) by extensions ['colcon_pkg']
[0.368s] Level 1:colcon.colcon_core.package_identification:_identify(src/unity_robotics_demo) by extension 'colcon_pkg'
[0.368s] Level 1:colcon.colcon_core.package_identification:_identify(src/unity_robotics_demo) by extensions ['colcon_meta']
[0.368s] Level 1:colcon.colcon_core.package_identification:_identify(src/unity_robotics_demo) by extension 'colcon_meta'
[0.369s] Level 1:colcon.colcon_core.package_identification:_identify(src/unity_robotics_demo) by extensions ['ros']
[0.369s] Level 1:colcon.colcon_core.package_identification:_identify(src/unity_robotics_demo) by extension 'ros'
[0.369s] DEBUG:colcon.colcon_core.package_identification:Package 'src/unity_robotics_demo' with type 'ros.ament_python' and name 'unity_robotics_demo'
[0.369s] Level 1:colcon.colcon_core.package_identification:_identify(src/unity_robotics_msgs) by extensions ['ignore', 'ignore_ament_install']
[0.369s] Level 1:colcon.colcon_core.package_identification:_identify(src/unity_robotics_msgs) by extension 'ignore'
[0.369s] Level 1:colcon.colcon_core.package_identification:_identify(src/unity_robotics_msgs) by extension 'ignore_ament_install'
[0.369s] Level 1:colcon.colcon_core.package_identification:_identify(src/unity_robotics_msgs) by extensions ['colcon_pkg']
[0.369s] Level 1:colcon.colcon_core.package_identification:_identify(src/unity_robotics_msgs) by extension 'colcon_pkg'
[0.369s] Level 1:colcon.colcon_core.package_identification:_identify(src/unity_robotics_msgs) by extensions ['colcon_meta']
[0.369s] Level 1:colcon.colcon_core.package_identification:_identify(src/unity_robotics_msgs) by extension 'colcon_meta'
[0.369s] Level 1:colcon.colcon_core.package_identification:_identify(src/unity_robotics_msgs) by extensions ['ros']
[0.369s] Level 1:colcon.colcon_core.package_identification:_identify(src/unity_robotics_msgs) by extension 'ros'
[0.370s] DEBUG:colcon.colcon_core.package_identification:Package 'src/unity_robotics_msgs' with type 'ros.ament_cmake' and name 'unity_robotics_msgs'
[0.370s] Level 1:colcon.colcon_core.package_discovery:discover_packages(recursive) using defaults
[0.370s] Level 1:colcon.colcon_core.package_discovery:discover_packages(ignore) discover
[0.370s] Level 1:colcon.colcon_core.package_discovery:discover_packages(ignore) using defaults
[0.370s] Level 1:colcon.colcon_core.package_discovery:discover_packages(path) discover
[0.370s] Level 1:colcon.colcon_core.package_discovery:discover_packages(path) using defaults
[0.384s] Level 1:colcon.colcon_core.package_discovery:discover_packages(prefix_path) check parameters
[0.384s] Level 1:colcon.colcon_core.package_discovery:discover_packages(prefix_path) discover
[0.386s] DEBUG:colcon.colcon_installed_package_information.package_discovery:Found 5 installed packages in /home/aakashraawat/colcon_ws/install
[0.387s] DEBUG:colcon.colcon_installed_package_information.package_discovery:Found 257 installed packages in /opt/ros/foxy
[0.401s] Level 1:colcon.colcon_core.package_discovery:discover_packages(prefix_path) using defaults
[0.449s] Level 5:colcon.colcon_core.verb:set package 'py_pubsub' build argument 'cmake_args' from command line to 'None'
[0.449s] Level 5:colcon.colcon_core.verb:set package 'py_pubsub' build argument 'cmake_target' from command line to 'None'
[0.449s] Level 5:colcon.colcon_core.verb:set package 'py_pubsub' build argument 'cmake_target_skip_unavailable' from command line to 'False'
[0.449s] Level 5:colcon.colcon_core.verb:set package 'py_pubsub' build argument 'cmake_clean_cache' from command line to 'False'
[0.449s] Level 5:colcon.colcon_core.verb:set package 'py_pubsub' build argument 'cmake_clean_first' from command line to 'False'
[0.449s] Level 5:colcon.colcon_core.verb:set package 'py_pubsub' build argument 'cmake_force_configure' from command line to 'False'
[0.449s] Level 5:colcon.colcon_core.verb:set package 'py_pubsub' build argument 'ament_cmake_args' from command line to 'None'
[0.449s] Level 5:colcon.colcon_core.verb:set package 'py_pubsub' build argument 'catkin_cmake_args' from command line to 'None'
[0.449s] Level 5:colcon.colcon_core.verb:set package 'py_pubsub' build argument 'catkin_skip_building_tests' from command line to 'False'
[0.449s] DEBUG:colcon.colcon_core.verb:Building package 'py_pubsub' with the following arguments: {'ament_cmake_args': None, 'build_base': '/home/aakashraawat/colcon_ws/build/py_pubsub', 'catkin_cmake_args': None, 'catkin_skip_building_tests': False, 'cmake_args': None, 'cmake_clean_cache': False, 'cmake_clean_first': False, 'cmake_force_configure': False, 'cmake_target': None, 'cmake_target_skip_unavailable': False, 'install_base': '/home/aakashraawat/colcon_ws/install/py_pubsub', 'merge_install': False, 'path': '/home/aakashraawat/colcon_ws/src/py_pubsub', 'symlink_install': False, 'test_result_base': None}
[0.450s] Level 5:colcon.colcon_core.verb:set package 'ros_tcp_endpoint' build argument 'cmake_args' from command line to 'None'
[0.450s] Level 5:colcon.colcon_core.verb:set package 'ros_tcp_endpoint' build argument 'cmake_target' from command line to 'None'
[0.450s] Level 5:colcon.colcon_core.verb:set package 'ros_tcp_endpoint' build argument 'cmake_target_skip_unavailable' from command line to 'False'
[0.450s] Level 5:colcon.colcon_core.verb:set package 'ros_tcp_endpoint' build argument 'cmake_clean_cache' from command line to 'False'
[0.450s] Level 5:colcon.colcon_core.verb:set package 'ros_tcp_endpoint' build argument 'cmake_clean_first' from command line to 'False'
[0.450s] Level 5:colcon.colcon_core.verb:set package 'ros_tcp_endpoint' build argument 'cmake_force_configure' from command line to 'False'
[0.450s] Level 5:colcon.colcon_core.verb:set package 'ros_tcp_endpoint' build argument 'ament_cmake_args' from command line to 'None'
[0.450s] Level 5:colcon.colcon_core.verb:set package 'ros_tcp_endpoint' build argument 'catkin_cmake_args' from command line to 'None'
[0.450s] Level 5:colcon.colcon_core.verb:set package 'ros_tcp_endpoint' build argument 'catkin_skip_building_tests' from command line to 'False'
[0.450s] DEBUG:colcon.colcon_core.verb:Building package 'ros_tcp_endpoint' with the following arguments: {'ament_cmake_args': None, 'build_base': '/home/aakashraawat/colcon_ws/build/ros_tcp_endpoint', 'catkin_cmake_args': None, 'catkin_skip_building_tests': False, 'cmake_args': None, 'cmake_clean_cache': False, 'cmake_clean_first': False, 'cmake_force_configure': False, 'cmake_target': None, 'cmake_target_skip_unavailable': False, 'install_base': '/home/aakashraawat/colcon_ws/install/ros_tcp_endpoint', 'merge_install': False, 'path': '/home/aakashraawat/colcon_ws/src/ROS-TCP-Endpoint', 'symlink_install': False, 'test_result_base': None}
[0.450s] Level 5:colcon.colcon_core.verb:set package 'unity_robotics_demo' build argument 'cmake_args' from command line to 'None'
[0.450s] Level 5:colcon.colcon_core.verb:set package 'unity_robotics_demo' build argument 'cmake_target' from command line to 'None'
[0.450s] Level 5:colcon.colcon_core.verb:set package 'unity_robotics_demo' build argument 'cmake_target_skip_unavailable' from command line to 'False'
[0.450s] Level 5:colcon.colcon_core.verb:set package 'unity_robotics_demo' build argument 'cmake_clean_cache' from command line to 'False'
[0.450s] Level 5:colcon.colcon_core.verb:set package 'unity_robotics_demo' build argument 'cmake_clean_first' from command line to 'False'
[0.450s] Level 5:colcon.colcon_core.verb:set package 'unity_robotics_demo' build argument 'cmake_force_configure' from command line to 'False'
[0.450s] Level 5:colcon.colcon_core.verb:set package 'unity_robotics_demo' build argument 'ament_cmake_args' from command line to 'None'
[0.450s] Level 5:colcon.colcon_core.verb:set package 'unity_robotics_demo' build argument 'catkin_cmake_args' from command line to 'None'
[0.450s] Level 5:colcon.colcon_core.verb:set package 'unity_robotics_demo' build argument 'catkin_skip_building_tests' from command line to 'False'
[0.450s] DEBUG:colcon.colcon_core.verb:Building package 'unity_robotics_demo' with the following arguments: {'ament_cmake_args': None, 'build_base': '/home/aakashraawat/colcon_ws/build/unity_robotics_demo', 'catkin_cmake_args': None, 'catkin_skip_building_tests': False, 'cmake_args': None, 'cmake_clean_cache': False, 'cmake_clean_first': False, 'cmake_force_configure': False, 'cmake_target': None, 'cmake_target_skip_unavailable': False, 'install_base': '/home/aakashraawat/colcon_ws/install/unity_robotics_demo', 'merge_install': False, 'path': '/home/aakashraawat/colcon_ws/src/unity_robotics_demo', 'symlink_install': False, 'test_result_base': None}
[0.451s] Level 5:colcon.colcon_core.verb:set package 'unity_robotics_msgs' build argument 'cmake_args' from command line to 'None'
[0.451s] Level 5:colcon.colcon_core.verb:set package 'unity_robotics_msgs' build argument 'cmake_target' from command line to 'None'
[0.451s] Level 5:colcon.colcon_core.verb:set package 'unity_robotics_msgs' build argument 'cmake_target_skip_unavailable' from command line to 'False'
[0.451s] Level 5:colcon.colcon_core.verb:set package 'unity_robotics_msgs' build argument 'cmake_clean_cache' from command line to 'False'
[0.451s] Level 5:colcon.colcon_core.verb:set package 'unity_robotics_msgs' build argument 'cmake_clean_first' from command line to 'False'
[0.451s] Level 5:colcon.colcon_core.verb:set package 'unity_robotics_msgs' build argument 'cmake_force_configure' from command line to 'False'
[0.451s] Level 5:colcon.colcon_core.verb:set package 'unity_robotics_msgs' build argument 'ament_cmake_args' from command line to 'None'
[0.451s] Level 5:colcon.colcon_core.verb:set package 'unity_robotics_msgs' build argument 'catkin_cmake_args' from command line to 'None'
[0.451s] Level 5:colcon.colcon_core.verb:set package 'unity_robotics_msgs' build argument 'catkin_skip_building_tests' from command line to 'False'
[0.451s] DEBUG:colcon.colcon_core.verb:Building package 'unity_robotics_msgs' with the following arguments: {'ament_cmake_args': None, 'build_base': '/home/aakashraawat/colcon_ws/build/unity_robotics_msgs', 'catkin_cmake_args': None, 'catkin_skip_building_tests': False, 'cmake_args': None, 'cmake_clean_cache': False, 'cmake_clean_first': False, 'cmake_force_configure': False, 'cmake_target': None, 'cmake_target_skip_unavailable': False, 'install_base': '/home/aakashraawat/colcon_ws/install/unity_robotics_msgs', 'merge_install': False, 'path': '/home/aakashraawat/colcon_ws/src/unity_robotics_msgs', 'symlink_install': False, 'test_result_base': None}
[0.451s] Level 5:colcon.colcon_core.verb:set package 'simulink_subscriber' build argument 'cmake_args' from command line to 'None'
[0.451s] Level 5:colcon.colcon_core.verb:set package 'simulink_subscriber' build argument 'cmake_target' from command line to 'None'
[0.451s] Level 5:colcon.colcon_core.verb:set package 'simulink_subscriber' build argument 'cmake_target_skip_unavailable' from command line to 'False'
[0.451s] Level 5:colcon.colcon_core.verb:set package 'simulink_subscriber' build argument 'cmake_clean_cache' from command line to 'False'
[0.451s] Level 5:colcon.colcon_core.verb:set package 'simulink_subscriber' build argument 'cmake_clean_first' from command line to 'False'
[0.451s] Level 5:colcon.colcon_core.verb:set package 'simulink_subscriber' build argument 'cmake_force_configure' from command line to 'False'
[0.451s] Level 5:colcon.colcon_core.verb:set package 'simulink_subscriber' build argument 'ament_cmake_args' from command line to 'None'
[0.451s] Level 5:colcon.colcon_core.verb:set package 'simulink_subscriber' build argument 'catkin_cmake_args' from command line to 'None'
[0.451s] Level 5:colcon.colcon_core.verb:set package 'simulink_subscriber' build argument 'catkin_skip_building_tests' from command line to 'False'
[0.451s] DEBUG:colcon.colcon_core.verb:Building package 'simulink_subscriber' with the following arguments: {'ament_cmake_args': None, 'build_base': '/home/aakashraawat/colcon_ws/build/simulink_subscriber', 'catkin_cmake_args': None, 'catkin_skip_building_tests': False, 'cmake_args': None, 'cmake_clean_cache': False, 'cmake_clean_first': False, 'cmake_force_configure': False, 'cmake_target': None, 'cmake_target_skip_unavailable': False, 'install_base': '/home/aakashraawat/colcon_ws/install/simulink_subscriber', 'merge_install': False, 'path': '/home/aakashraawat/colcon_ws/src/simulink_subscriber', 'symlink_install': False, 'test_result_base': None}
[0.451s] INFO:colcon.colcon_core.executor:Executing jobs using 'parallel' executor
[0.453s] DEBUG:colcon.colcon_parallel_executor.executor.parallel:run_until_complete
[0.453s] INFO:colcon.colcon_ros.task.ament_cmake.build:Building ROS package in '/home/aakashraawat/colcon_ws/src/unity_robotics_msgs' with build type 'ament_cmake'
[0.453s] INFO:colcon.colcon_cmake.task.cmake.build:Building CMake package in '/home/aakashraawat/colcon_ws/src/unity_robotics_msgs'
[0.455s] INFO:colcon.colcon_core.plugin_system:Skipping extension 'colcon_core.shell.bat': Not used on non-Windows systems
[0.455s] INFO:colcon.colcon_core.shell:Skip shell extension 'powershell' for command environment: Not usable outside of PowerShell
[0.455s] DEBUG:colcon.colcon_core.shell:Skip shell extension 'dsv' for command environment
[0.460s] INFO:colcon.colcon_ros.task.ament_python.build:Building ROS package in '/home/aakashraawat/colcon_ws/src/py_pubsub' with build type 'ament_python'
[0.461s] Level 1:colcon.colcon_core.shell:create_environment_hook('py_pubsub', 'ament_prefix_path')
[0.461s] INFO:colcon.colcon_core.shell:Creating environment hook '/home/aakashraawat/colcon_ws/install/py_pubsub/share/py_pubsub/hook/ament_prefix_path.ps1'
[0.462s] INFO:colcon.colcon_core.shell:Creating environment descriptor '/home/aakashraawat/colcon_ws/install/py_pubsub/share/py_pubsub/hook/ament_prefix_path.dsv'
[0.462s] INFO:colcon.colcon_core.shell:Creating environment hook '/home/aakashraawat/colcon_ws/install/py_pubsub/share/py_pubsub/hook/ament_prefix_path.sh'
[0.463s] INFO:colcon.colcon_core.shell:Skip shell extension 'powershell' for command environment: Not usable outside of PowerShell
[0.463s] DEBUG:colcon.colcon_core.shell:Skip shell extension 'dsv' for command environment
[0.466s] INFO:colcon.colcon_ros.task.ament_python.build:Building ROS package in '/home/aakashraawat/colcon_ws/src/ROS-TCP-Endpoint' with build type 'ament_python'
[0.467s] Level 1:colcon.colcon_core.shell:create_environment_hook('ros_tcp_endpoint', 'ament_prefix_path')
[0.467s] INFO:colcon.colcon_core.shell:Creating environment hook '/home/aakashraawat/colcon_ws/install/ros_tcp_endpoint/share/ros_tcp_endpoint/hook/ament_prefix_path.ps1'
[0.468s] INFO:colcon.colcon_core.shell:Creating environment descriptor '/home/aakashraawat/colcon_ws/install/ros_tcp_endpoint/share/ros_tcp_endpoint/hook/ament_prefix_path.dsv'
[0.468s] INFO:colcon.colcon_core.shell:Creating environment hook '/home/aakashraawat/colcon_ws/install/ros_tcp_endpoint/share/ros_tcp_endpoint/hook/ament_prefix_path.sh'
[0.469s] INFO:colcon.colcon_core.shell:Skip shell extension 'powershell' for command environment: Not usable outside of PowerShell
[0.469s] DEBUG:colcon.colcon_core.shell:Skip shell extension 'dsv' for command environment
[0.472s] INFO:colcon.colcon_ros.task.ament_python.build:Building ROS package in '/home/aakashraawat/colcon_ws/src/unity_robotics_demo' with build type 'ament_python'
[0.473s] Level 1:colcon.colcon_core.shell:create_environment_hook('unity_robotics_demo', 'ament_prefix_path')
[0.473s] INFO:colcon.colcon_core.shell:Creating environment hook '/home/aakashraawat/colcon_ws/install/unity_robotics_demo/share/unity_robotics_demo/hook/ament_prefix_path.ps1'
[0.474s] INFO:colcon.colcon_core.shell:Creating environment descriptor '/home/aakashraawat/colcon_ws/install/unity_robotics_demo/share/unity_robotics_demo/hook/ament_prefix_path.dsv'
[0.474s] INFO:colcon.colcon_core.shell:Creating environment hook '/home/aakashraawat/colcon_ws/install/unity_robotics_demo/share/unity_robotics_demo/hook/ament_prefix_path.sh'
[0.474s] INFO:colcon.colcon_core.shell:Skip shell extension 'powershell' for command environment: Not usable outside of PowerShell
[0.475s] DEBUG:colcon.colcon_core.shell:Skip shell extension 'dsv' for command environment
[0.487s] DEBUG:colcon.colcon_core.event_handler.log_command:Invoking command in '/home/aakashraawat/colcon_ws/build/unity_robotics_msgs': CMAKE_PREFIX_PATH=${CMAKE_PREFIX_PATH}:/home/aakashraawat/colcon_ws/install/simulink_subscriber:/home/aakashraawat/colcon_ws/install/unity_robotics_demo:/home/aakashraawat/colcon_ws/install/ros_tcp_endpoint:/home/aakashraawat/colcon_ws/install/py_pubsub:/opt/ros/foxy /usr/bin/cmake --build /home/aakashraawat/colcon_ws/build/unity_robotics_msgs -- -j20 -l20
[0.671s] INFO:colcon.colcon_core.task.python.build:Building Python package in '/home/aakashraawat/colcon_ws/src/py_pubsub'
[0.672s] INFO:colcon.colcon_core.shell:Skip shell extension 'powershell' for command environment: Not usable outside of PowerShell
[0.672s] DEBUG:colcon.colcon_core.shell:Skip shell extension 'dsv' for command environment
[0.850s] INFO:colcon.colcon_core.task.python.build:Building Python package in '/home/aakashraawat/colcon_ws/src/ROS-TCP-Endpoint'
[0.851s] INFO:colcon.colcon_core.shell:Skip shell extension 'powershell' for command environment: Not usable outside of PowerShell
[0.851s] DEBUG:colcon.colcon_core.shell:Skip shell extension 'dsv' for command environment
[1.030s] INFO:colcon.colcon_core.task.python.build:Building Python package in '/home/aakashraawat/colcon_ws/src/unity_robotics_demo'
[1.031s] INFO:colcon.colcon_core.shell:Skip shell extension 'powershell' for command environment: Not usable outside of PowerShell
[1.031s] DEBUG:colcon.colcon_core.shell:Skip shell extension 'dsv' for command environment
[1.043s] DEBUG:colcon.colcon_core.event_handler.log_command:Invoked command in '/home/aakashraawat/colcon_ws/build/unity_robotics_msgs' returned '0': CMAKE_PREFIX_PATH=${CMAKE_PREFIX_PATH}:/home/aakashraawat/colcon_ws/install/simulink_subscriber:/home/aakashraawat/colcon_ws/install/unity_robotics_demo:/home/aakashraawat/colcon_ws/install/ros_tcp_endpoint:/home/aakashraawat/colcon_ws/install/py_pubsub:/opt/ros/foxy /usr/bin/cmake --build /home/aakashraawat/colcon_ws/build/unity_robotics_msgs -- -j20 -l20
[1.139s] DEBUG:colcon.colcon_core.event_handler.log_command:Invoking command in '/home/aakashraawat/colcon_ws/build/unity_robotics_msgs': CMAKE_PREFIX_PATH=${CMAKE_PREFIX_PATH}:/home/aakashraawat/colcon_ws/install/simulink_subscriber:/home/aakashraawat/colcon_ws/install/unity_robotics_demo:/home/aakashraawat/colcon_ws/install/ros_tcp_endpoint:/home/aakashraawat/colcon_ws/install/py_pubsub:/opt/ros/foxy /usr/bin/cmake --install /home/aakashraawat/colcon_ws/build/unity_robotics_msgs
[1.187s] Level 1:colcon.colcon_core.environment:create_environment_scripts_only(unity_robotics_msgs)
[1.188s] DEBUG:colcon.colcon_core.event_handler.log_command:Invoked command in '/home/aakashraawat/colcon_ws/build/unity_robotics_msgs' returned '0': CMAKE_PREFIX_PATH=${CMAKE_PREFIX_PATH}:/home/aakashraawat/colcon_ws/install/simulink_subscriber:/home/aakashraawat/colcon_ws/install/unity_robotics_demo:/home/aakashraawat/colcon_ws/install/ros_tcp_endpoint:/home/aakashraawat/colcon_ws/install/py_pubsub:/opt/ros/foxy /usr/bin/cmake --install /home/aakashraawat/colcon_ws/build/unity_robotics_msgs
[1.190s] Level 1:colcon.colcon_core.environment:checking '/home/aakashraawat/colcon_ws/install/unity_robotics_msgs' for CMake module files
[1.191s] Level 1:colcon.colcon_core.environment:checking '/home/aakashraawat/colcon_ws/install/unity_robotics_msgs' for CMake config files
[1.191s] Level 1:colcon.colcon_core.shell:create_environment_hook('unity_robotics_msgs', 'cmake_prefix_path')
[1.191s] INFO:colcon.colcon_core.shell:Creating environment hook '/home/aakashraawat/colcon_ws/install/unity_robotics_msgs/share/unity_robotics_msgs/hook/cmake_prefix_path.ps1'
[1.192s] INFO:colcon.colcon_core.shell:Creating environment descriptor '/home/aakashraawat/colcon_ws/install/unity_robotics_msgs/share/unity_robotics_msgs/hook/cmake_prefix_path.dsv'
[1.192s] INFO:colcon.colcon_core.shell:Creating environment hook '/home/aakashraawat/colcon_ws/install/unity_robotics_msgs/share/unity_robotics_msgs/hook/cmake_prefix_path.sh'
[1.193s] Level 1:colcon.colcon_core.environment:checking '/home/aakashraawat/colcon_ws/install/unity_robotics_msgs/lib'
[1.193s] Level 1:colcon.colcon_core.shell:create_environment_hook('unity_robotics_msgs', 'ld_library_path_lib')
[1.193s] INFO:colcon.colcon_core.shell:Creating environment hook '/home/aakashraawat/colcon_ws/install/unity_robotics_msgs/share/unity_robotics_msgs/hook/ld_library_path_lib.ps1'
[1.193s] INFO:colcon.colcon_core.shell:Creating environment descriptor '/home/aakashraawat/colcon_ws/install/unity_robotics_msgs/share/unity_robotics_msgs/hook/ld_library_path_lib.dsv'
[1.194s] INFO:colcon.colcon_core.shell:Creating environment hook '/home/aakashraawat/colcon_ws/install/unity_robotics_msgs/share/unity_robotics_msgs/hook/ld_library_path_lib.sh'
[1.194s] Level 1:colcon.colcon_core.environment:checking '/home/aakashraawat/colcon_ws/install/unity_robotics_msgs/bin'
[1.194s] Level 1:colcon.colcon_core.environment:checking '/home/aakashraawat/colcon_ws/install/unity_robotics_msgs/lib/pkgconfig/unity_robotics_msgs.pc'
[1.194s] Level 1:colcon.colcon_core.environment:checking '/home/aakashraawat/colcon_ws/install/unity_robotics_msgs/lib/python3.8/site-packages'
[1.194s] Level 1:colcon.colcon_core.shell:create_environment_hook('unity_robotics_msgs', 'pythonpath')
[1.194s] INFO:colcon.colcon_core.shell:Creating environment hook '/home/aakashraawat/colcon_ws/install/unity_robotics_msgs/share/unity_robotics_msgs/hook/pythonpath.ps1'
[1.195s] INFO:colcon.colcon_core.shell:Creating environment descriptor '/home/aakashraawat/colcon_ws/install/unity_robotics_msgs/share/unity_robotics_msgs/hook/pythonpath.dsv'
[1.195s] INFO:colcon.colcon_core.shell:Creating environment hook '/home/aakashraawat/colcon_ws/install/unity_robotics_msgs/share/unity_robotics_msgs/hook/pythonpath.sh'
[1.196s] Level 1:colcon.colcon_core.environment:checking '/home/aakashraawat/colcon_ws/install/unity_robotics_msgs/bin'
[1.196s] INFO:colcon.colcon_core.shell:Creating package script '/home/aakashraawat/colcon_ws/install/unity_robotics_msgs/share/unity_robotics_msgs/package.ps1'
[1.197s] INFO:colcon.colcon_core.shell:Creating package descriptor '/home/aakashraawat/colcon_ws/install/unity_robotics_msgs/share/unity_robotics_msgs/package.dsv'
[1.197s] INFO:colcon.colcon_core.shell:Creating package script '/home/aakashraawat/colcon_ws/install/unity_robotics_msgs/share/unity_robotics_msgs/package.sh'
[1.198s] INFO:colcon.colcon_core.shell:Creating package script '/home/aakashraawat/colcon_ws/install/unity_robotics_msgs/share/unity_robotics_msgs/package.bash'
[1.198s] INFO:colcon.colcon_core.shell:Creating package script '/home/aakashraawat/colcon_ws/install/unity_robotics_msgs/share/unity_robotics_msgs/package.zsh'
[1.199s] Level 1:colcon.colcon_core.environment:create_file_with_runtime_dependencies(/home/aakashraawat/colcon_ws/install/unity_robotics_msgs/share/colcon-core/packages/unity_robotics_msgs)
[1.287s] Level 1:colcon.colcon_core.environment:create_environment_scripts_only(unity_robotics_msgs)
[1.288s] Level 1:colcon.colcon_core.environment:checking '/home/aakashraawat/colcon_ws/install/unity_robotics_msgs' for CMake module files
[1.288s] Level 1:colcon.colcon_core.environment:checking '/home/aakashraawat/colcon_ws/install/unity_robotics_msgs' for CMake config files
[1.289s] Level 1:colcon.colcon_core.shell:create_environment_hook('unity_robotics_msgs', 'cmake_prefix_path')
[1.289s] INFO:colcon.colcon_core.shell:Creating environment hook '/home/aakashraawat/colcon_ws/install/unity_robotics_msgs/share/unity_robotics_msgs/hook/cmake_prefix_path.ps1'
[1.289s] INFO:colcon.colcon_core.shell:Creating environment descriptor '/home/aakashraawat/colcon_ws/install/unity_robotics_msgs/share/unity_robotics_msgs/hook/cmake_prefix_path.dsv'
[1.290s] INFO:colcon.colcon_core.shell:Creating environment hook '/home/aakashraawat/colcon_ws/install/unity_robotics_msgs/share/unity_robotics_msgs/hook/cmake_prefix_path.sh'
[1.290s] Level 1:colcon.colcon_core.environment:checking '/home/aakashraawat/colcon_ws/install/unity_robotics_msgs/lib'
[1.290s] Level 1:colcon.colcon_core.shell:create_environment_hook('unity_robotics_msgs', 'ld_library_path_lib')
[1.290s] INFO:colcon.colcon_core.shell:Creating environment hook '/home/aakashraawat/colcon_ws/install/unity_robotics_msgs/share/unity_robotics_msgs/hook/ld_library_path_lib.ps1'
[1.291s] INFO:colcon.colcon_core.shell:Creating environment descriptor '/home/aakashraawat/colcon_ws/install/unity_robotics_msgs/share/unity_robotics_msgs/hook/ld_library_path_lib.dsv'
[1.291s] INFO:colcon.colcon_core.shell:Creating environment hook '/home/aakashraawat/colcon_ws/install/unity_robotics_msgs/share/unity_robotics_msgs/hook/ld_library_path_lib.sh'
[1.291s] Level 1:colcon.colcon_core.environment:checking '/home/aakashraawat/colcon_ws/install/unity_robotics_msgs/bin'
[1.291s] Level 1:colcon.colcon_core.environment:checking '/home/aakashraawat/colcon_ws/install/unity_robotics_msgs/lib/pkgconfig/unity_robotics_msgs.pc'
[1.292s] Level 1:colcon.colcon_core.environment:checking '/home/aakashraawat/colcon_ws/install/unity_robotics_msgs/lib/python3.8/site-packages'
[1.292s] Level 1:colcon.colcon_core.shell:create_environment_hook('unity_robotics_msgs', 'pythonpath')
[1.292s] INFO:colcon.colcon_core.shell:Creating environment hook '/home/aakashraawat/colcon_ws/install/unity_robotics_msgs/share/unity_robotics_msgs/hook/pythonpath.ps1'
[1.292s] INFO:colcon.colcon_core.shell:Creating environment descriptor '/home/aakashraawat/colcon_ws/install/unity_robotics_msgs/share/unity_robotics_msgs/hook/pythonpath.dsv'
[1.292s] INFO:colcon.colcon_core.shell:Creating environment hook '/home/aakashraawat/colcon_ws/install/unity_robotics_msgs/share/unity_robotics_msgs/hook/pythonpath.sh'
[1.293s] Level 1:colcon.colcon_core.environment:checking '/home/aakashraawat/colcon_ws/install/unity_robotics_msgs/bin'
[1.293s] INFO:colcon.colcon_core.shell:Creating package script '/home/aakashraawat/colcon_ws/install/unity_robotics_msgs/share/unity_robotics_msgs/package.ps1'
[1.294s] INFO:colcon.colcon_core.shell:Creating package descriptor '/home/aakashraawat/colcon_ws/install/unity_robotics_msgs/share/unity_robotics_msgs/package.dsv'
[1.294s] INFO:colcon.colcon_core.shell:Creating package script '/home/aakashraawat/colcon_ws/install/unity_robotics_msgs/share/unity_robotics_msgs/package.sh'
[1.294s] INFO:colcon.colcon_core.shell:Creating package script '/home/aakashraawat/colcon_ws/install/unity_robotics_msgs/share/unity_robotics_msgs/package.bash'
[1.295s] INFO:colcon.colcon_core.shell:Creating package script '/home/aakashraawat/colcon_ws/install/unity_robotics_msgs/share/unity_robotics_msgs/package.zsh'
[1.295s] Level 1:colcon.colcon_core.environment:create_file_with_runtime_dependencies(/home/aakashraawat/colcon_ws/install/unity_robotics_msgs/share/colcon-core/packages/unity_robotics_msgs)
[1.295s] INFO:colcon.colcon_ros.task.ament_python.build:Building ROS package in '/home/aakashraawat/colcon_ws/src/simulink_subscriber' with build type 'ament_python'
[1.296s] Level 1:colcon.colcon_core.shell:create_environment_hook('simulink_subscriber', 'ament_prefix_path')
[1.296s] INFO:colcon.colcon_core.shell:Creating environment hook '/home/aakashraawat/colcon_ws/install/simulink_subscriber/share/simulink_subscriber/hook/ament_prefix_path.ps1'
[1.297s] INFO:colcon.colcon_core.shell:Creating environment descriptor '/home/aakashraawat/colcon_ws/install/simulink_subscriber/share/simulink_subscriber/hook/ament_prefix_path.dsv'
[1.298s] INFO:colcon.colcon_core.shell:Creating environment hook '/home/aakashraawat/colcon_ws/install/simulink_subscriber/share/simulink_subscriber/hook/ament_prefix_path.sh'
[1.298s] INFO:colcon.colcon_core.shell:Skip shell extension 'powershell' for command environment: Not usable outside of PowerShell
[1.298s] DEBUG:colcon.colcon_core.shell:Skip shell extension 'dsv' for command environment
[1.393s] DEBUG:colcon.colcon_core.event_handler.log_command:Invoking command in '/home/aakashraawat/colcon_ws/src/unity_robotics_demo': PYTHONPATH=/home/aakashraawat/colcon_ws/build/unity_robotics_demo/prefix_override:/home/aakashraawat/colcon_ws/install/unity_robotics_demo/lib/python3.8/site-packages:${PYTHONPATH} /usr/bin/python3 -W ignore:setup.py install is deprecated setup.py egg_info --egg-base ../../build/unity_robotics_demo build --build-base /home/aakashraawat/colcon_ws/build/unity_robotics_demo/build install --record /home/aakashraawat/colcon_ws/build/unity_robotics_demo/install.log --install-scripts $base/lib/unity_robotics_demo --single-version-externally-managed install_data
[1.599s] INFO:colcon.colcon_core.task.python.build:Building Python package in '/home/aakashraawat/colcon_ws/src/simulink_subscriber'
[1.600s] INFO:colcon.colcon_core.shell:Skip shell extension 'powershell' for command environment: Not usable outside of PowerShell
[1.600s] DEBUG:colcon.colcon_core.shell:Skip shell extension 'dsv' for command environment
[1.615s] DEBUG:colcon.colcon_core.event_handler.log_command:Invoking command in '/home/aakashraawat/colcon_ws/src/ROS-TCP-Endpoint': PYTHONPATH=/home/aakashraawat/colcon_ws/build/ros_tcp_endpoint/prefix_override:/home/aakashraawat/colcon_ws/install/ros_tcp_endpoint/lib/python3.8/site-packages:${PYTHONPATH} /usr/bin/python3 -W ignore:setup.py install is deprecated setup.py egg_info --egg-base ../../build/ros_tcp_endpoint build --build-base /home/aakashraawat/colcon_ws/build/ros_tcp_endpoint/build install --record /home/aakashraawat/colcon_ws/build/ros_tcp_endpoint/install.log --install-scripts $base/lib/ros_tcp_endpoint --single-version-externally-managed install_data
[1.616s] DEBUG:colcon.colcon_core.event_handler.log_command:Invoking command in '/home/aakashraawat/colcon_ws/src/py_pubsub': PYTHONPATH=/home/aakashraawat/colcon_ws/build/py_pubsub/prefix_override:/home/aakashraawat/colcon_ws/install/py_pubsub/lib/python3.8/site-packages:${PYTHONPATH} /usr/bin/python3 -W ignore:setup.py install is deprecated setup.py egg_info --egg-base ../../build/py_pubsub build --build-base /home/aakashraawat/colcon_ws/build/py_pubsub/build install --record /home/aakashraawat/colcon_ws/build/py_pubsub/install.log --install-scripts $base/lib/py_pubsub --single-version-externally-managed install_data
[1.633s] Level 1:colcon.colcon_core.environment:checking '/home/aakashraawat/colcon_ws/install/unity_robotics_demo' for CMake module files
[1.633s] DEBUG:colcon.colcon_core.event_handler.log_command:Invoked command in '/home/aakashraawat/colcon_ws/src/unity_robotics_demo' returned '0': PYTHONPATH=/home/aakashraawat/colcon_ws/build/unity_robotics_demo/prefix_override:/home/aakashraawat/colcon_ws/install/unity_robotics_demo/lib/python3.8/site-packages:${PYTHONPATH} /usr/bin/python3 -W ignore:setup.py install is deprecated setup.py egg_info --egg-base ../../build/unity_robotics_demo build --build-base /home/aakashraawat/colcon_ws/build/unity_robotics_demo/build install --record /home/aakashraawat/colcon_ws/build/unity_robotics_demo/install.log --install-scripts $base/lib/unity_robotics_demo --single-version-externally-managed install_data
[1.634s] Level 1:colcon.colcon_core.environment:checking '/home/aakashraawat/colcon_ws/install/unity_robotics_demo' for CMake config files
[1.635s] Level 1:colcon.colcon_core.environment:checking '/home/aakashraawat/colcon_ws/install/unity_robotics_demo/lib'
[1.635s] Level 1:colcon.colcon_core.environment:checking '/home/aakashraawat/colcon_ws/install/unity_robotics_demo/bin'
[1.635s] Level 1:colcon.colcon_core.environment:checking '/home/aakashraawat/colcon_ws/install/unity_robotics_demo/lib/pkgconfig/unity_robotics_demo.pc'
[1.635s] Level 1:colcon.colcon_core.environment:checking '/home/aakashraawat/colcon_ws/install/unity_robotics_demo/lib/python3.8/site-packages'
[1.635s] Level 1:colcon.colcon_core.shell:create_environment_hook('unity_robotics_demo', 'pythonpath')
[1.636s] INFO:colcon.colcon_core.shell:Creating environment hook '/home/aakashraawat/colcon_ws/install/unity_robotics_demo/share/unity_robotics_demo/hook/pythonpath.ps1'
[1.637s] INFO:colcon.colcon_core.shell:Creating environment descriptor '/home/aakashraawat/colcon_ws/install/unity_robotics_demo/share/unity_robotics_demo/hook/pythonpath.dsv'
[1.637s] INFO:colcon.colcon_core.shell:Creating environment hook '/home/aakashraawat/colcon_ws/install/unity_robotics_demo/share/unity_robotics_demo/hook/pythonpath.sh'
[1.638s] Level 1:colcon.colcon_core.environment:checking '/home/aakashraawat/colcon_ws/install/unity_robotics_demo/bin'
[1.638s] Level 1:colcon.colcon_core.environment:create_environment_scripts_only(unity_robotics_demo)
[1.638s] INFO:colcon.colcon_core.shell:Creating package script '/home/aakashraawat/colcon_ws/install/unity_robotics_demo/share/unity_robotics_demo/package.ps1'
[1.639s] INFO:colcon.colcon_core.shell:Creating package descriptor '/home/aakashraawat/colcon_ws/install/unity_robotics_demo/share/unity_robotics_demo/package.dsv'
[1.640s] INFO:colcon.colcon_core.shell:Creating package script '/home/aakashraawat/colcon_ws/install/unity_robotics_demo/share/unity_robotics_demo/package.sh'
[1.640s] INFO:colcon.colcon_core.shell:Creating package script '/home/aakashraawat/colcon_ws/install/unity_robotics_demo/share/unity_robotics_demo/package.bash'
[1.640s] INFO:colcon.colcon_core.shell:Creating package script '/home/aakashraawat/colcon_ws/install/unity_robotics_demo/share/unity_robotics_demo/package.zsh'
[1.641s] Level 1:colcon.colcon_core.environment:create_file_with_runtime_dependencies(/home/aakashraawat/colcon_ws/install/unity_robotics_demo/share/colcon-core/packages/unity_robotics_demo)
[1.945s] Level 1:colcon.colcon_core.environment:checking '/home/aakashraawat/colcon_ws/install/py_pubsub' for CMake module files
[1.946s] DEBUG:colcon.colcon_core.event_handler.log_command:Invoked command in '/home/aakashraawat/colcon_ws/src/py_pubsub' returned '0': PYTHONPATH=/home/aakashraawat/colcon_ws/build/py_pubsub/prefix_override:/home/aakashraawat/colcon_ws/install/py_pubsub/lib/python3.8/site-packages:${PYTHONPATH} /usr/bin/python3 -W ignore:setup.py install is deprecated setup.py egg_info --egg-base ../../build/py_pubsub build --build-base /home/aakashraawat/colcon_ws/build/py_pubsub/build install --record /home/aakashraawat/colcon_ws/build/py_pubsub/install.log --install-scripts $base/lib/py_pubsub --single-version-externally-managed install_data
[1.946s] Level 1:colcon.colcon_core.environment:checking '/home/aakashraawat/colcon_ws/install/py_pubsub' for CMake config files
[1.947s] Level 1:colcon.colcon_core.environment:checking '/home/aakashraawat/colcon_ws/install/py_pubsub/lib'
[1.947s] Level 1:colcon.colcon_core.environment:checking '/home/aakashraawat/colcon_ws/install/py_pubsub/bin'
[1.947s] Level 1:colcon.colcon_core.environment:checking '/home/aakashraawat/colcon_ws/install/py_pubsub/lib/pkgconfig/py_pubsub.pc'
[1.947s] Level 1:colcon.colcon_core.environment:checking '/home/aakashraawat/colcon_ws/install/py_pubsub/lib/python3.8/site-packages'
[1.947s] Level 1:colcon.colcon_core.shell:create_environment_hook('py_pubsub', 'pythonpath')
[1.948s] INFO:colcon.colcon_core.shell:Creating environment hook '/home/aakashraawat/colcon_ws/install/py_pubsub/share/py_pubsub/hook/pythonpath.ps1'
[1.948s] INFO:colcon.colcon_core.shell:Creating environment descriptor '/home/aakashraawat/colcon_ws/install/py_pubsub/share/py_pubsub/hook/pythonpath.dsv'
[1.949s] INFO:colcon.colcon_core.shell:Creating environment hook '/home/aakashraawat/colcon_ws/install/py_pubsub/share/py_pubsub/hook/pythonpath.sh'
[1.949s] Level 1:colcon.colcon_core.environment:checking '/home/aakashraawat/colcon_ws/install/py_pubsub/bin'
[1.949s] Level 1:colcon.colcon_core.environment:create_environment_scripts_only(py_pubsub)
[1.950s] INFO:colcon.colcon_core.shell:Creating package script '/home/aakashraawat/colcon_ws/install/py_pubsub/share/py_pubsub/package.ps1'
[1.950s] INFO:colcon.colcon_core.shell:Creating package descriptor '/home/aakashraawat/colcon_ws/install/py_pubsub/share/py_pubsub/package.dsv'
[1.950s] INFO:colcon.colcon_core.shell:Creating package script '/home/aakashraawat/colcon_ws/install/py_pubsub/share/py_pubsub/package.sh'
[1.951s] INFO:colcon.colcon_core.shell:Creating package script '/home/aakashraawat/colcon_ws/install/py_pubsub/share/py_pubsub/package.bash'
[1.951s] INFO:colcon.colcon_core.shell:Creating package script '/home/aakashraawat/colcon_ws/install/py_pubsub/share/py_pubsub/package.zsh'
[1.951s] Level 1:colcon.colcon_core.environment:create_file_with_runtime_dependencies(/home/aakashraawat/colcon_ws/install/py_pubsub/share/colcon-core/packages/py_pubsub)
[1.953s] Level 1:colcon.colcon_core.environment:checking '/home/aakashraawat/colcon_ws/install/ros_tcp_endpoint' for CMake module files
[1.954s] DEBUG:colcon.colcon_core.event_handler.log_command:Invoked command in '/home/aakashraawat/colcon_ws/src/ROS-TCP-Endpoint' returned '0': PYTHONPATH=/home/aakashraawat/colcon_ws/build/ros_tcp_endpoint/prefix_override:/home/aakashraawat/colcon_ws/install/ros_tcp_endpoint/lib/python3.8/site-packages:${PYTHONPATH} /usr/bin/python3 -W ignore:setup.py install is deprecated setup.py egg_info --egg-base ../../build/ros_tcp_endpoint build --build-base /home/aakashraawat/colcon_ws/build/ros_tcp_endpoint/build install --record /home/aakashraawat/colcon_ws/build/ros_tcp_endpoint/install.log --install-scripts $base/lib/ros_tcp_endpoint --single-version-externally-managed install_data
[1.954s] Level 1:colcon.colcon_core.environment:checking '/home/aakashraawat/colcon_ws/install/ros_tcp_endpoint' for CMake config files
[1.955s] Level 1:colcon.colcon_core.environment:checking '/home/aakashraawat/colcon_ws/install/ros_tcp_endpoint/lib'
[1.955s] Level 1:colcon.colcon_core.environment:checking '/home/aakashraawat/colcon_ws/install/ros_tcp_endpoint/bin'
[1.955s] Level 1:colcon.colcon_core.environment:checking '/home/aakashraawat/colcon_ws/install/ros_tcp_endpoint/lib/pkgconfig/ros_tcp_endpoint.pc'
[1.955s] Level 1:colcon.colcon_core.environment:checking '/home/aakashraawat/colcon_ws/install/ros_tcp_endpoint/lib/python3.8/site-packages'
[1.955s] Level 1:colcon.colcon_core.shell:create_environment_hook('ros_tcp_endpoint', 'pythonpath')
[1.956s] INFO:colcon.colcon_core.shell:Creating environment hook '/home/aakashraawat/colcon_ws/install/ros_tcp_endpoint/share/ros_tcp_endpoint/hook/pythonpath.ps1'
[1.956s] INFO:colcon.colcon_core.shell:Creating environment descriptor '/home/aakashraawat/colcon_ws/install/ros_tcp_endpoint/share/ros_tcp_endpoint/hook/pythonpath.dsv'
[1.956s] INFO:colcon.colcon_core.shell:Creating environment hook '/home/aakashraawat/colcon_ws/install/ros_tcp_endpoint/share/ros_tcp_endpoint/hook/pythonpath.sh'
[1.957s] Level 1:colcon.colcon_core.environment:checking '/home/aakashraawat/colcon_ws/install/ros_tcp_endpoint/bin'
[1.957s] Level 1:colcon.colcon_core.environment:create_environment_scripts_only(ros_tcp_endpoint)
[1.957s] INFO:colcon.colcon_core.shell:Creating package script '/home/aakashraawat/colcon_ws/install/ros_tcp_endpoint/share/ros_tcp_endpoint/package.ps1'
[1.957s] INFO:colcon.colcon_core.shell:Creating package descriptor '/home/aakashraawat/colcon_ws/install/ros_tcp_endpoint/share/ros_tcp_endpoint/package.dsv'
[1.958s] INFO:colcon.colcon_core.shell:Creating package script '/home/aakashraawat/colcon_ws/install/ros_tcp_endpoint/share/ros_tcp_endpoint/package.sh'
[1.958s] INFO:colcon.colcon_core.shell:Creating package script '/home/aakashraawat/colcon_ws/install/ros_tcp_endpoint/share/ros_tcp_endpoint/package.bash'
[1.959s] INFO:colcon.colcon_core.shell:Creating package script '/home/aakashraawat/colcon_ws/install/ros_tcp_endpoint/share/ros_tcp_endpoint/package.zsh'
[1.959s] Level 1:colcon.colcon_core.environment:create_file_with_runtime_dependencies(/home/aakashraawat/colcon_ws/install/ros_tcp_endpoint/share/colcon-core/packages/ros_tcp_endpoint)
[2.056s] DEBUG:colcon.colcon_core.event_handler.log_command:Invoking command in '/home/aakashraawat/colcon_ws/src/simulink_subscriber': PYTHONPATH=/home/aakashraawat/colcon_ws/build/simulink_subscriber/prefix_override:/home/aakashraawat/colcon_ws/install/simulink_subscriber/lib/python3.8/site-packages:/home/aakashraawat/colcon_ws/install/unity_robotics_msgs/lib/python3.8/site-packages:/home/aakashraawat/colcon_ws/install/simulink_subscriber/lib/python3.8/site-packages:/home/aakashraawat/colcon_ws/install/unity_robotics_demo/lib/python3.8/site-packages:/home/aakashraawat/colcon_ws/install/ros_tcp_endpoint/lib/python3.8/site-packages:/home/aakashraawat/colcon_ws/install/py_pubsub/lib/python3.8/site-packages:/opt/ros/foxy/lib/python3.8/site-packages /usr/bin/python3 -W ignore:setup.py install is deprecated setup.py egg_info --egg-base ../../build/simulink_subscriber build --build-base /home/aakashraawat/colcon_ws/build/simulink_subscriber/build install --record /home/aakashraawat/colcon_ws/build/simulink_subscriber/install.log --install-scripts $base/lib/simulink_subscriber --single-version-externally-managed install_data
[2.289s] Level 1:colcon.colcon_core.environment:checking '/home/aakashraawat/colcon_ws/install/simulink_subscriber' for CMake module files
[2.290s] Level 1:colcon.colcon_core.environment:checking '/home/aakashraawat/colcon_ws/install/simulink_subscriber' for CMake config files
[2.290s] DEBUG:colcon.colcon_core.event_handler.log_command:Invoked command in '/home/aakashraawat/colcon_ws/src/simulink_subscriber' returned '0': PYTHONPATH=/home/aakashraawat/colcon_ws/build/simulink_subscriber/prefix_override:/home/aakashraawat/colcon_ws/install/simulink_subscriber/lib/python3.8/site-packages:/home/aakashraawat/colcon_ws/install/unity_robotics_msgs/lib/python3.8/site-packages:/home/aakashraawat/colcon_ws/install/simulink_subscriber/lib/python3.8/site-packages:/home/aakashraawat/colcon_ws/install/unity_robotics_demo/lib/python3.8/site-packages:/home/aakashraawat/colcon_ws/install/ros_tcp_endpoint/lib/python3.8/site-packages:/home/aakashraawat/colcon_ws/install/py_pubsub/lib/python3.8/site-packages:/opt/ros/foxy/lib/python3.8/site-packages /usr/bin/python3 -W ignore:setup.py install is deprecated setup.py egg_info --egg-base ../../build/simulink_subscriber build --build-base /home/aakashraawat/colcon_ws/build/simulink_subscriber/build install --record /home/aakashraawat/colcon_ws/build/simulink_subscriber/install.log --install-scripts $base/lib/simulink_subscriber --single-version-externally-managed install_data
[2.291s] Level 1:colcon.colcon_core.environment:checking '/home/aakashraawat/colcon_ws/install/simulink_subscriber/lib'
[2.291s] Level 1:colcon.colcon_core.environment:checking '/home/aakashraawat/colcon_ws/install/simulink_subscriber/bin'
[2.291s] Level 1:colcon.colcon_core.environment:checking '/home/aakashraawat/colcon_ws/install/simulink_subscriber/lib/pkgconfig/simulink_subscriber.pc'
[2.292s] Level 1:colcon.colcon_core.environment:checking '/home/aakashraawat/colcon_ws/install/simulink_subscriber/lib/python3.8/site-packages'
[2.292s] Level 1:colcon.colcon_core.shell:create_environment_hook('simulink_subscriber', 'pythonpath')
[2.292s] INFO:colcon.colcon_core.shell:Creating environment hook '/home/aakashraawat/colcon_ws/install/simulink_subscriber/share/simulink_subscriber/hook/pythonpath.ps1'
[2.292s] INFO:colcon.colcon_core.shell:Creating environment descriptor '/home/aakashraawat/colcon_ws/install/simulink_subscriber/share/simulink_subscriber/hook/pythonpath.dsv'
[2.293s] INFO:colcon.colcon_core.shell:Creating environment hook '/home/aakashraawat/colcon_ws/install/simulink_subscriber/share/simulink_subscriber/hook/pythonpath.sh'
[2.293s] Level 1:colcon.colcon_core.environment:checking '/home/aakashraawat/colcon_ws/install/simulink_subscriber/bin'
[2.293s] Level 1:colcon.colcon_core.environment:create_environment_scripts_only(simulink_subscriber)
[2.293s] INFO:colcon.colcon_core.shell:Creating package script '/home/aakashraawat/colcon_ws/install/simulink_subscriber/share/simulink_subscriber/package.ps1'
[2.294s] INFO:colcon.colcon_core.shell:Creating package descriptor '/home/aakashraawat/colcon_ws/install/simulink_subscriber/share/simulink_subscriber/package.dsv'
[2.294s] INFO:colcon.colcon_core.shell:Creating package script '/home/aakashraawat/colcon_ws/install/simulink_subscriber/share/simulink_subscriber/package.sh'
[2.295s] INFO:colcon.colcon_core.shell:Creating package script '/home/aakashraawat/colcon_ws/install/simulink_subscriber/share/simulink_subscriber/package.bash'
[2.295s] INFO:colcon.colcon_core.shell:Creating package script '/home/aakashraawat/colcon_ws/install/simulink_subscriber/share/simulink_subscriber/package.zsh'
[2.295s] Level 1:colcon.colcon_core.environment:create_file_with_runtime_dependencies(/home/aakashraawat/colcon_ws/install/simulink_subscriber/share/colcon-core/packages/simulink_subscriber)
[2.295s] DEBUG:colcon.colcon_parallel_executor.executor.parallel:closing loop
[2.296s] DEBUG:colcon.colcon_parallel_executor.executor.parallel:loop closed
[2.296s] DEBUG:colcon.colcon_parallel_executor.executor.parallel:run_until_complete finished with '0'
[2.296s] DEBUG:colcon.colcon_core.event_reactor:joining thread
[2.337s] INFO:colcon.colcon_core.plugin_system:Skipping extension 'colcon_notification.desktop_notification.notify_send': Could not find 'notify-send'
[2.338s] INFO:colcon.colcon_core.plugin_system:Skipping extension 'colcon_notification.desktop_notification.terminal_notifier': Not used on non-Darwin systems
[2.338s] INFO:colcon.colcon_core.plugin_system:Skipping extension 'colcon_notification.desktop_notification.win32': Not used on non-Windows systems
[2.338s] INFO:colcon.colcon_notification.desktop_notification:Sending desktop notification using 'notify2'
[2.339s] DEBUG:colcon.colcon_notification.desktop_notification.notify2:Failed to initialize notify2: org.freedesktop.DBus.Error.ServiceUnknown: The name org.freedesktop.Notifications was not provided by any .service files
[2.339s] DEBUG:colcon.colcon_core.event_reactor:joined thread
[2.340s] INFO:colcon.colcon_core.shell:Creating prefix script '/home/aakashraawat/colcon_ws/install/local_setup.ps1'
[2.341s] INFO:colcon.colcon_core.shell:Creating prefix util module '/home/aakashraawat/colcon_ws/install/_local_setup_util_ps1.py'
[2.342s] INFO:colcon.colcon_core.shell:Creating prefix chain script '/home/aakashraawat/colcon_ws/install/setup.ps1'
[2.343s] INFO:colcon.colcon_core.shell:Creating prefix script '/home/aakashraawat/colcon_ws/install/local_setup.sh'
[2.343s] INFO:colcon.colcon_core.shell:Creating prefix util module '/home/aakashraawat/colcon_ws/install/_local_setup_util_sh.py'
[2.344s] INFO:colcon.colcon_core.shell:Creating prefix chain script '/home/aakashraawat/colcon_ws/install/setup.sh'
[2.344s] INFO:colcon.colcon_core.shell:Creating prefix script '/home/aakashraawat/colcon_ws/install/local_setup.bash'
[2.345s] INFO:colcon.colcon_core.shell:Creating prefix chain script '/home/aakashraawat/colcon_ws/install/setup.bash'
[2.346s] INFO:colcon.colcon_core.shell:Creating prefix script '/home/aakashraawat/colcon_ws/install/local_setup.zsh'
[2.346s] INFO:colcon.colcon_core.shell:Creating prefix chain script '/home/aakashraawat/colcon_ws/install/setup.zsh'
